[0.029s] Invoking command in '/home/einstein/Desktop/slambot_ros2/build/slambot_firmware': CMAKE_PREFIX_PATH=${CMAKE_PREFIX_PATH}:/opt/ros/humble /usr/bin/cmake --build /home/einstein/Desktop/slambot_ros2/build/slambot_firmware -- -j8 -l8
[0.057s] [35m[1mConsolidate compiler generated dependencies of target slambot_firmware[0m
[0.069s] [ 50%] [32mBuilding CXX object CMakeFiles/slambot_firmware.dir/src/slambot_interface.cpp.o[0m
[0.069s] [ 50%] Built target ament_cmake_python_copy_slambot_firmware
[0.245s] running egg_info
[0.246s] writing slambot_firmware.egg-info/PKG-INFO
[0.246s] writing dependency_links to slambot_firmware.egg-info/dependency_links.txt
[0.256s] writing top-level names to slambot_firmware.egg-info/top_level.txt
[0.258s] reading manifest file 'slambot_firmware.egg-info/SOURCES.txt'
[0.258s] writing manifest file 'slambot_firmware.egg-info/SOURCES.txt'
[0.282s] [ 50%] Built target ament_cmake_python_build_slambot_firmware_egg
[2.703s] [100%] [32m[1mLinking CXX shared library libslambot_firmware.so[0m
[2.837s] [100%] Built target slambot_firmware
[2.849s] Invoked command in '/home/einstein/Desktop/slambot_ros2/build/slambot_firmware' returned '0': CMAKE_PREFIX_PATH=${CMAKE_PREFIX_PATH}:/opt/ros/humble /usr/bin/cmake --build /home/einstein/Desktop/slambot_ros2/build/slambot_firmware -- -j8 -l8
[2.870s] Invoking command in '/home/einstein/Desktop/slambot_ros2/build/slambot_firmware': CMAKE_PREFIX_PATH=${CMAKE_PREFIX_PATH}:/opt/ros/humble /usr/bin/cmake --install /home/einstein/Desktop/slambot_ros2/build/slambot_firmware
[2.876s] -- Install configuration: ""
[2.876s] -- Up-to-date: /home/einstein/Desktop/slambot_ros2/install/slambot_firmware/share/slambot_firmware/environment/pythonpath.sh
[2.876s] -- Up-to-date: /home/einstein/Desktop/slambot_ros2/install/slambot_firmware/share/slambot_firmware/environment/pythonpath.dsv
[2.876s] -- Up-to-date: /home/einstein/Desktop/slambot_ros2/install/slambot_firmware/local/lib/python3.10/dist-packages/slambot_firmware-0.0.0-py3.10.egg-info
[2.876s] -- Installing: /home/einstein/Desktop/slambot_ros2/install/slambot_firmware/local/lib/python3.10/dist-packages/slambot_firmware-0.0.0-py3.10.egg-info/dependency_links.txt
[2.876s] -- Installing: /home/einstein/Desktop/slambot_ros2/install/slambot_firmware/local/lib/python3.10/dist-packages/slambot_firmware-0.0.0-py3.10.egg-info/PKG-INFO
[2.876s] -- Installing: /home/einstein/Desktop/slambot_ros2/install/slambot_firmware/local/lib/python3.10/dist-packages/slambot_firmware-0.0.0-py3.10.egg-info/top_level.txt
[2.876s] -- Installing: /home/einstein/Desktop/slambot_ros2/install/slambot_firmware/local/lib/python3.10/dist-packages/slambot_firmware-0.0.0-py3.10.egg-info/SOURCES.txt
[2.876s] -- Up-to-date: /home/einstein/Desktop/slambot_ros2/install/slambot_firmware/local/lib/python3.10/dist-packages/slambot_firmware
[2.876s] -- Up-to-date: /home/einstein/Desktop/slambot_ros2/install/slambot_firmware/local/lib/python3.10/dist-packages/slambot_firmware/__init__.py
[2.900s] Listing '/home/einstein/Desktop/slambot_ros2/install/slambot_firmware/local/lib/python3.10/dist-packages/slambot_firmware'...
[2.903s] -- Up-to-date: /home/einstein/Desktop/slambot_ros2/install/slambot_firmware/share/slambot_firmware/slambot_interface.xml
[2.903s] -- Installing: /home/einstein/Desktop/slambot_ros2/install/slambot_firmware/lib/libslambot_firmware.so
[2.904s] -- Set runtime path of "/home/einstein/Desktop/slambot_ros2/install/slambot_firmware/lib/libslambot_firmware.so" to ""
[2.904s] -- Up-to-date: /home/einstein/Desktop/slambot_ros2/install/slambot_firmware/include/include
[2.904s] -- Up-to-date: /home/einstein/Desktop/slambot_ros2/install/slambot_firmware/include/include/slambot_firmware
[2.904s] -- Up-to-date: /home/einstein/Desktop/slambot_ros2/install/slambot_firmware/include/include/slambot_firmware/diffdrive_stm.hpp
[2.904s] -- Up-to-date: /home/einstein/Desktop/slambot_ros2/install/slambot_firmware/share/slambot_firmware/launch
[2.904s] -- Up-to-date: /home/einstein/Desktop/slambot_ros2/install/slambot_firmware/share/slambot_firmware/launch/hardware_interface.launch.py
[2.904s] -- Up-to-date: /home/einstein/Desktop/slambot_ros2/install/slambot_firmware/share/slambot_firmware/environment/library_path.sh
[2.904s] -- Up-to-date: /home/einstein/Desktop/slambot_ros2/install/slambot_firmware/share/slambot_firmware/environment/library_path.dsv
[2.904s] -- Up-to-date: /home/einstein/Desktop/slambot_ros2/install/slambot_firmware/share/ament_index/resource_index/package_run_dependencies/slambot_firmware
[2.905s] -- Up-to-date: /home/einstein/Desktop/slambot_ros2/install/slambot_firmware/share/ament_index/resource_index/parent_prefix_path/slambot_firmware
[2.905s] -- Up-to-date: /home/einstein/Desktop/slambot_ros2/install/slambot_firmware/share/slambot_firmware/environment/ament_prefix_path.sh
[2.905s] -- Up-to-date: /home/einstein/Desktop/slambot_ros2/install/slambot_firmware/share/slambot_firmware/environment/ament_prefix_path.dsv
[2.905s] -- Up-to-date: /home/einstein/Desktop/slambot_ros2/install/slambot_firmware/share/slambot_firmware/environment/path.sh
[2.905s] -- Up-to-date: /home/einstein/Desktop/slambot_ros2/install/slambot_firmware/share/slambot_firmware/environment/path.dsv
[2.905s] -- Up-to-date: /home/einstein/Desktop/slambot_ros2/install/slambot_firmware/share/slambot_firmware/local_setup.bash
[2.905s] -- Up-to-date: /home/einstein/Desktop/slambot_ros2/install/slambot_firmware/share/slambot_firmware/local_setup.sh
[2.905s] -- Up-to-date: /home/einstein/Desktop/slambot_ros2/install/slambot_firmware/share/slambot_firmware/local_setup.zsh
[2.905s] -- Up-to-date: /home/einstein/Desktop/slambot_ros2/install/slambot_firmware/share/slambot_firmware/local_setup.dsv
[2.905s] -- Installing: /home/einstein/Desktop/slambot_ros2/install/slambot_firmware/share/slambot_firmware/package.dsv
[2.905s] -- Up-to-date: /home/einstein/Desktop/slambot_ros2/install/slambot_firmware/share/ament_index/resource_index/packages/slambot_firmware
[2.905s] -- Up-to-date: /home/einstein/Desktop/slambot_ros2/install/slambot_firmware/share/ament_index/resource_index/hardware_interface__pluginlib__plugin/slambot_firmware
[2.905s] -- Up-to-date: /home/einstein/Desktop/slambot_ros2/install/slambot_firmware/share/slambot_firmware/cmake/ament_cmake_export_include_directories-extras.cmake
[2.905s] -- Up-to-date: /home/einstein/Desktop/slambot_ros2/install/slambot_firmware/share/slambot_firmware/cmake/ament_cmake_export_libraries-extras.cmake
[2.905s] -- Up-to-date: /home/einstein/Desktop/slambot_ros2/install/slambot_firmware/share/slambot_firmware/cmake/ament_cmake_export_dependencies-extras.cmake
[2.906s] -- Up-to-date: /home/einstein/Desktop/slambot_ros2/install/slambot_firmware/share/slambot_firmware/cmake/slambot_firmwareConfig.cmake
[2.906s] -- Up-to-date: /home/einstein/Desktop/slambot_ros2/install/slambot_firmware/share/slambot_firmware/cmake/slambot_firmwareConfig-version.cmake
[2.906s] -- Up-to-date: /home/einstein/Desktop/slambot_ros2/install/slambot_firmware/share/slambot_firmware/package.xml
[2.907s] Invoked command in '/home/einstein/Desktop/slambot_ros2/build/slambot_firmware' returned '0': CMAKE_PREFIX_PATH=${CMAKE_PREFIX_PATH}:/opt/ros/humble /usr/bin/cmake --install /home/einstein/Desktop/slambot_ros2/build/slambot_firmware
