[0.028s] Invoking command in '/home/einstein/Desktop/slambot_ros2/build/slambot_firmware': CMAKE_PREFIX_PATH=${CMAKE_PREFIX_PATH}:/opt/ros/humble /usr/bin/cmake /home/einstein/Desktop/slambot_ros2/src/slambot_firmware -DCMAKE_INSTALL_PREFIX=/home/einstein/Desktop/slambot_ros2/install/slambot_firmware
[0.775s] -- The C compiler identification is GNU 11.4.0
[1.251s] -- The CXX compiler identification is GNU 11.4.0
[1.275s] -- Detecting C compiler ABI info
[1.430s] -- Detecting C compiler ABI info - done
[1.435s] -- Check for working C compiler: /usr/bin/cc - skipped
[1.446s] -- Detecting C compile features
[1.447s] -- Detecting C compile features - done
[1.496s] -- Detecting CXX compiler ABI info
[1.655s] -- Detecting CXX compiler ABI info - done
[1.661s] -- Check for working CXX compiler: /usr/bin/c++ - skipped
[1.661s] -- Detecting CXX compile features
[1.662s] -- Detecting CXX compile features - done
[1.694s] -- Found ament_cmake: 1.3.10 (/opt/ros/humble/share/ament_cmake/cmake)
[1.983s] -- Found Python3: /usr/bin/python3 (found version "3.10.12") found components: Interpreter 
[2.474s] -- Found rclcpp: 16.0.10 (/opt/ros/humble/share/rclcpp/cmake)
[3.068s] -- Found rosidl_generator_c: 3.1.5 (/opt/ros/humble/share/rosidl_generator_c/cmake)
[3.173s] -- Found rosidl_adapter: 3.1.5 (/opt/ros/humble/share/rosidl_adapter/cmake)
[3.279s] -- Found rosidl_generator_cpp: 3.1.5 (/opt/ros/humble/share/rosidl_generator_cpp/cmake)
[3.481s] -- Using all available rosidl_typesupport_c: rosidl_typesupport_fastrtps_c;rosidl_typesupport_introspection_c
[3.767s] -- Using all available rosidl_typesupport_cpp: rosidl_typesupport_fastrtps_cpp;rosidl_typesupport_introspection_cpp
[4.507s] -- Found rmw_implementation_cmake: 6.1.2 (/opt/ros/humble/share/rmw_implementation_cmake/cmake)
[4.541s] -- Found rmw_fastrtps_cpp: 6.2.7 (/opt/ros/humble/share/rmw_fastrtps_cpp/cmake)
[5.315s] -- Found OpenSSL: /usr/lib/x86_64-linux-gnu/libcrypto.so (found version "3.0.2")  
[5.423s] -- Found FastRTPS: /opt/ros/humble/include  
[5.463s] -- Using RMW implementation 'rmw_fastrtps_cpp' as default
[5.597s] -- Looking for pthread.h
[5.714s] -- Looking for pthread.h - found
[5.715s] -- Performing Test CMAKE_HAVE_LIBC_PTHREAD
[5.781s] -- Performing Test CMAKE_HAVE_LIBC_PTHREAD - Success
[5.782s] -- Found Threads: TRUE  
[6.514s] -- Found rclpy: 3.3.14 (/opt/ros/humble/share/rclpy/cmake)
[6.529s] -- Found hardware_interface: 2.42.0 (/opt/ros/humble/share/hardware_interface/cmake)
[7.031s] -- Found PkgConfig: /usr/bin/pkg-config (found version "0.29.2") 
[7.031s] -- Checking for module 'libserial'
[7.044s] --   Found libserial, version 1.0.0
[7.154s] -- Found ament_lint_auto: 0.12.11 (/opt/ros/humble/share/ament_lint_auto/cmake)
[7.231s] -- Added test 'cppcheck' to perform static code analysis on C / C++ code
[7.231s] -- Configured cppcheck include dirs: /home/einstein/Desktop/slambot_ros2/src/slambot_firmware/include;/home/einstein/Desktop/slambot_ros2/src/slambot_firmware/
[7.231s] -- Configured cppcheck exclude dirs and/or files: 
[7.232s] -- Added test 'flake8' to check Python code syntax and style conventions
[7.233s] -- Added test 'lint_cmake' to check CMake code style
[7.234s] -- Added test 'pep257' to check Python code against some of the docstring style conventions in PEP 257
[7.239s] -- Added test 'uncrustify' to check C / C++ code style
[7.239s] -- Configured uncrustify additional arguments: 
[7.240s] -- Added test 'xmllint' to check XML markup files
[7.241s] -- Configuring done
[7.401s] -- Generating done
[7.403s] -- Build files have been written to: /home/einstein/Desktop/slambot_ros2/build/slambot_firmware
[7.411s] Invoked command in '/home/einstein/Desktop/slambot_ros2/build/slambot_firmware' returned '0': CMAKE_PREFIX_PATH=${CMAKE_PREFIX_PATH}:/opt/ros/humble /usr/bin/cmake /home/einstein/Desktop/slambot_ros2/src/slambot_firmware -DCMAKE_INSTALL_PREFIX=/home/einstein/Desktop/slambot_ros2/install/slambot_firmware
[7.413s] Invoking command in '/home/einstein/Desktop/slambot_ros2/build/slambot_firmware': CMAKE_PREFIX_PATH=${CMAKE_PREFIX_PATH}:/opt/ros/humble /usr/bin/cmake --build /home/einstein/Desktop/slambot_ros2/build/slambot_firmware -- -j8 -l8
[7.455s] [ 50%] [32mBuilding CXX object CMakeFiles/slambot_firmware.dir/src/slambot_interface.cpp.o[0m
[7.458s] [ 50%] Built target ament_cmake_python_copy_slambot_firmware
[7.657s] running egg_info
[7.658s] creating slambot_firmware.egg-info
[7.658s] writing slambot_firmware.egg-info/PKG-INFO
[7.658s] writing dependency_links to slambot_firmware.egg-info/dependency_links.txt
[7.658s] writing top-level names to slambot_firmware.egg-info/top_level.txt
[7.658s] writing manifest file 'slambot_firmware.egg-info/SOURCES.txt'
[7.660s] reading manifest file 'slambot_firmware.egg-info/SOURCES.txt'
[7.660s] writing manifest file 'slambot_firmware.egg-info/SOURCES.txt'
[7.685s] [ 50%] Built target ament_cmake_python_build_slambot_firmware_egg
[10.497s] [100%] [32m[1mLinking CXX shared library libslambot_firmware.so[0m
[11.033s] [100%] Built target slambot_firmware
[11.046s] Invoked command in '/home/einstein/Desktop/slambot_ros2/build/slambot_firmware' returned '0': CMAKE_PREFIX_PATH=${CMAKE_PREFIX_PATH}:/opt/ros/humble /usr/bin/cmake --build /home/einstein/Desktop/slambot_ros2/build/slambot_firmware -- -j8 -l8
[11.065s] Invoking command in '/home/einstein/Desktop/slambot_ros2/build/slambot_firmware': CMAKE_PREFIX_PATH=${CMAKE_PREFIX_PATH}:/opt/ros/humble /usr/bin/cmake --install /home/einstein/Desktop/slambot_ros2/build/slambot_firmware
[11.070s] -- Install configuration: ""
[11.070s] -- Installing: /home/einstein/Desktop/slambot_ros2/install/slambot_firmware/share/slambot_firmware/environment/pythonpath.sh
[11.070s] -- Installing: /home/einstein/Desktop/slambot_ros2/install/slambot_firmware/share/slambot_firmware/environment/pythonpath.dsv
[11.071s] -- Installing: /home/einstein/Desktop/slambot_ros2/install/slambot_firmware/local/lib/python3.10/dist-packages/slambot_firmware-0.0.0-py3.10.egg-info
[11.071s] -- Installing: /home/einstein/Desktop/slambot_ros2/install/slambot_firmware/local/lib/python3.10/dist-packages/slambot_firmware-0.0.0-py3.10.egg-info/dependency_links.txt
[11.071s] -- Installing: /home/einstein/Desktop/slambot_ros2/install/slambot_firmware/local/lib/python3.10/dist-packages/slambot_firmware-0.0.0-py3.10.egg-info/PKG-INFO
[11.071s] -- Installing: /home/einstein/Desktop/slambot_ros2/install/slambot_firmware/local/lib/python3.10/dist-packages/slambot_firmware-0.0.0-py3.10.egg-info/top_level.txt
[11.071s] -- Installing: /home/einstein/Desktop/slambot_ros2/install/slambot_firmware/local/lib/python3.10/dist-packages/slambot_firmware-0.0.0-py3.10.egg-info/SOURCES.txt
[11.071s] -- Installing: /home/einstein/Desktop/slambot_ros2/install/slambot_firmware/local/lib/python3.10/dist-packages/slambot_firmware
[11.071s] -- Installing: /home/einstein/Desktop/slambot_ros2/install/slambot_firmware/local/lib/python3.10/dist-packages/slambot_firmware/__init__.py
[11.116s] Listing '/home/einstein/Desktop/slambot_ros2/install/slambot_firmware/local/lib/python3.10/dist-packages/slambot_firmware'...
[11.116s] Compiling '/home/einstein/Desktop/slambot_ros2/install/slambot_firmware/local/lib/python3.10/dist-packages/slambot_firmware/__init__.py'...
[11.120s] -- Installing: /home/einstein/Desktop/slambot_ros2/install/slambot_firmware/share/slambot_firmware/slambot_interface.xml
[11.120s] -- Installing: /home/einstein/Desktop/slambot_ros2/install/slambot_firmware/lib/libslambot_firmware.so
[11.121s] -- Set runtime path of "/home/einstein/Desktop/slambot_ros2/install/slambot_firmware/lib/libslambot_firmware.so" to ""
[11.121s] -- Installing: /home/einstein/Desktop/slambot_ros2/install/slambot_firmware/include/include
[11.121s] -- Installing: /home/einstein/Desktop/slambot_ros2/install/slambot_firmware/include/include/slambot_firmware
[11.121s] -- Installing: /home/einstein/Desktop/slambot_ros2/install/slambot_firmware/include/include/slambot_firmware/diffdrive_stm.hpp
[11.121s] -- Installing: /home/einstein/Desktop/slambot_ros2/install/slambot_firmware/share/slambot_firmware/launch
[11.121s] -- Installing: /home/einstein/Desktop/slambot_ros2/install/slambot_firmware/share/slambot_firmware/launch/hardware_interface.launch.py
[11.121s] -- Installing: /home/einstein/Desktop/slambot_ros2/install/slambot_firmware/share/slambot_firmware/environment/library_path.sh
[11.122s] -- Installing: /home/einstein/Desktop/slambot_ros2/install/slambot_firmware/share/slambot_firmware/environment/library_path.dsv
[11.122s] -- Installing: /home/einstein/Desktop/slambot_ros2/install/slambot_firmware/share/ament_index/resource_index/package_run_dependencies/slambot_firmware
[11.122s] -- Installing: /home/einstein/Desktop/slambot_ros2/install/slambot_firmware/share/ament_index/resource_index/parent_prefix_path/slambot_firmware
[11.122s] -- Installing: /home/einstein/Desktop/slambot_ros2/install/slambot_firmware/share/slambot_firmware/environment/ament_prefix_path.sh
[11.122s] -- Installing: /home/einstein/Desktop/slambot_ros2/install/slambot_firmware/share/slambot_firmware/environment/ament_prefix_path.dsv
[11.122s] -- Installing: /home/einstein/Desktop/slambot_ros2/install/slambot_firmware/share/slambot_firmware/environment/path.sh
[11.122s] -- Installing: /home/einstein/Desktop/slambot_ros2/install/slambot_firmware/share/slambot_firmware/environment/path.dsv
[11.122s] -- Installing: /home/einstein/Desktop/slambot_ros2/install/slambot_firmware/share/slambot_firmware/local_setup.bash
[11.122s] -- Installing: /home/einstein/Desktop/slambot_ros2/install/slambot_firmware/share/slambot_firmware/local_setup.sh
[11.122s] -- Installing: /home/einstein/Desktop/slambot_ros2/install/slambot_firmware/share/slambot_firmware/local_setup.zsh
[11.122s] -- Installing: /home/einstein/Desktop/slambot_ros2/install/slambot_firmware/share/slambot_firmware/local_setup.dsv
[11.122s] -- Installing: /home/einstein/Desktop/slambot_ros2/install/slambot_firmware/share/slambot_firmware/package.dsv
[11.123s] -- Installing: /home/einstein/Desktop/slambot_ros2/install/slambot_firmware/share/ament_index/resource_index/packages/slambot_firmware
[11.123s] -- Installing: /home/einstein/Desktop/slambot_ros2/install/slambot_firmware/share/ament_index/resource_index/hardware_interface__pluginlib__plugin/slambot_firmware
[11.123s] -- Installing: /home/einstein/Desktop/slambot_ros2/install/slambot_firmware/share/slambot_firmware/cmake/ament_cmake_export_include_directories-extras.cmake
[11.123s] -- Installing: /home/einstein/Desktop/slambot_ros2/install/slambot_firmware/share/slambot_firmware/cmake/ament_cmake_export_libraries-extras.cmake
[11.123s] -- Installing: /home/einstein/Desktop/slambot_ros2/install/slambot_firmware/share/slambot_firmware/cmake/ament_cmake_export_dependencies-extras.cmake
[11.123s] -- Installing: /home/einstein/Desktop/slambot_ros2/install/slambot_firmware/share/slambot_firmware/cmake/slambot_firmwareConfig.cmake
[11.123s] -- Installing: /home/einstein/Desktop/slambot_ros2/install/slambot_firmware/share/slambot_firmware/cmake/slambot_firmwareConfig-version.cmake
[11.123s] -- Installing: /home/einstein/Desktop/slambot_ros2/install/slambot_firmware/share/slambot_firmware/package.xml
[11.125s] Invoked command in '/home/einstein/Desktop/slambot_ros2/build/slambot_firmware' returned '0': CMAKE_PREFIX_PATH=${CMAKE_PREFIX_PATH}:/opt/ros/humble /usr/bin/cmake --install /home/einstein/Desktop/slambot_ros2/build/slambot_firmware
