[0.011s] Invoking command in '/home/einstein/Desktop/slambot_ros2/build/slambot_description': CMAKE_PREFIX_PATH=${CMAKE_PREFIX_PATH}:/opt/ros/humble /usr/bin/cmake /home/einstein/Desktop/slambot_ros2/src/slambot_description -DCMAKE_INSTALL_PREFIX=/home/einstein/Desktop/slambot_ros2/install/slambot_description
[0.048s] -- The C compiler identification is GNU 11.4.0
[0.092s] -- The CXX compiler identification is GNU 11.4.0
[0.097s] -- Detecting C compiler ABI info
[0.156s] -- Detecting C compiler ABI info - done
[0.166s] -- Check for working C compiler: /usr/bin/cc - skipped
[0.166s] -- Detecting C compile features
[0.167s] -- Detecting C compile features - done
[0.170s] -- Detecting CXX compiler ABI info
[0.230s] -- Detecting CXX compiler ABI info - done
[0.236s] -- Check for working CXX compiler: /usr/bin/c++ - skipped
[0.236s] -- Detecting CXX compile features
[0.236s] -- Detecting CXX compile features - done
[0.238s] -- Found ament_cmake: 1.3.10 (/opt/ros/humble/share/ament_cmake/cmake)
[0.352s] -- Found Python3: /usr/bin/python3 (found version "3.10.12") found components: Interpreter 
[0.436s] -- Found ament_lint_auto: 0.12.11 (/opt/ros/humble/share/ament_lint_auto/cmake)
[0.504s] -- Added test 'flake8' to check Python code syntax and style conventions
[0.505s] -- Added test 'lint_cmake' to check CMake code style
[0.505s] -- Added test 'pep257' to check Python code against some of the docstring style conventions in PEP 257
[0.506s] -- Added test 'xmllint' to check XML markup files
[0.507s] -- Configuring done
[0.510s] -- Generating done
[0.511s] -- Build files have been written to: /home/einstein/Desktop/slambot_ros2/build/slambot_description
[0.515s] Invoked command in '/home/einstein/Desktop/slambot_ros2/build/slambot_description' returned '0': CMAKE_PREFIX_PATH=${CMAKE_PREFIX_PATH}:/opt/ros/humble /usr/bin/cmake /home/einstein/Desktop/slambot_ros2/src/slambot_description -DCMAKE_INSTALL_PREFIX=/home/einstein/Desktop/slambot_ros2/install/slambot_description
[0.518s] Invoking command in '/home/einstein/Desktop/slambot_ros2/build/slambot_description': CMAKE_PREFIX_PATH=${CMAKE_PREFIX_PATH}:/opt/ros/humble /usr/bin/cmake --build /home/einstein/Desktop/slambot_ros2/build/slambot_description -- -j8 -l8
[0.548s] Invoked command in '/home/einstein/Desktop/slambot_ros2/build/slambot_description' returned '0': CMAKE_PREFIX_PATH=${CMAKE_PREFIX_PATH}:/opt/ros/humble /usr/bin/cmake --build /home/einstein/Desktop/slambot_ros2/build/slambot_description -- -j8 -l8
[0.569s] Invoking command in '/home/einstein/Desktop/slambot_ros2/build/slambot_description': CMAKE_PREFIX_PATH=${CMAKE_PREFIX_PATH}:/opt/ros/humble /usr/bin/cmake --install /home/einstein/Desktop/slambot_ros2/build/slambot_description
[0.574s] -- Install configuration: ""
[0.574s] -- Installing: /home/einstein/Desktop/slambot_ros2/install/slambot_description/share/slambot_description/urdf
[0.574s] -- Installing: /home/einstein/Desktop/slambot_ros2/install/slambot_description/share/slambot_description/urdf/bot.urdf.xacro
[0.574s] -- Installing: /home/einstein/Desktop/slambot_ros2/install/slambot_description/share/slambot_description/urdf/gazebo_control.xacro
[0.574s] -- Installing: /home/einstein/Desktop/slambot_ros2/install/slambot_description/share/slambot_description/urdf/lidar.xacro
[0.574s] -- Installing: /home/einstein/Desktop/slambot_ros2/install/slambot_description/share/slambot_description/urdf/ros2_control.xacro
[0.574s] -- Installing: /home/einstein/Desktop/slambot_ros2/install/slambot_description/share/slambot_description/urdf/inertial_macros.xacro
[0.575s] -- Installing: /home/einstein/Desktop/slambot_ros2/install/slambot_description/share/slambot_description/launch
[0.575s] -- Installing: /home/einstein/Desktop/slambot_ros2/install/slambot_description/share/slambot_description/launch/robot_description.launch.py
[0.575s] -- Installing: /home/einstein/Desktop/slambot_ros2/install/slambot_description/share/slambot_description/launch/sim.launch.py
[0.575s] -- Installing: /home/einstein/Desktop/slambot_ros2/install/slambot_description/share/ament_index/resource_index/package_run_dependencies/slambot_description
[0.575s] -- Installing: /home/einstein/Desktop/slambot_ros2/install/slambot_description/share/ament_index/resource_index/parent_prefix_path/slambot_description
[0.575s] -- Installing: /home/einstein/Desktop/slambot_ros2/install/slambot_description/share/slambot_description/environment/ament_prefix_path.sh
[0.575s] -- Installing: /home/einstein/Desktop/slambot_ros2/install/slambot_description/share/slambot_description/environment/ament_prefix_path.dsv
[0.575s] -- Installing: /home/einstein/Desktop/slambot_ros2/install/slambot_description/share/slambot_description/environment/path.sh
[0.575s] -- Installing: /home/einstein/Desktop/slambot_ros2/install/slambot_description/share/slambot_description/environment/path.dsv
[0.575s] -- Installing: /home/einstein/Desktop/slambot_ros2/install/slambot_description/share/slambot_description/local_setup.bash
[0.575s] -- Installing: /home/einstein/Desktop/slambot_ros2/install/slambot_description/share/slambot_description/local_setup.sh
[0.575s] -- Installing: /home/einstein/Desktop/slambot_ros2/install/slambot_description/share/slambot_description/local_setup.zsh
[0.575s] -- Installing: /home/einstein/Desktop/slambot_ros2/install/slambot_description/share/slambot_description/local_setup.dsv
[0.575s] -- Installing: /home/einstein/Desktop/slambot_ros2/install/slambot_description/share/slambot_description/package.dsv
[0.576s] -- Installing: /home/einstein/Desktop/slambot_ros2/install/slambot_description/share/ament_index/resource_index/packages/slambot_description
[0.576s] -- Installing: /home/einstein/Desktop/slambot_ros2/install/slambot_description/share/slambot_description/cmake/slambot_descriptionConfig.cmake
[0.576s] -- Installing: /home/einstein/Desktop/slambot_ros2/install/slambot_description/share/slambot_description/cmake/slambot_descriptionConfig-version.cmake
[0.576s] -- Installing: /home/einstein/Desktop/slambot_ros2/install/slambot_description/share/slambot_description/package.xml
[0.578s] Invoked command in '/home/einstein/Desktop/slambot_ros2/build/slambot_description' returned '0': CMAKE_PREFIX_PATH=${CMAKE_PREFIX_PATH}:/opt/ros/humble /usr/bin/cmake --install /home/einstein/Desktop/slambot_ros2/build/slambot_description
