[0.014s] Invoking command in '/home/einstein/Desktop/slambot_ros2/build/slambot_bringup': CMAKE_PREFIX_PATH=${CMAKE_PREFIX_PATH}:/opt/ros/humble /usr/bin/cmake --build /home/einstein/Desktop/slambot_ros2/build/slambot_bringup -- -j8 -l8
[0.043s] Invoked command in '/home/einstein/Desktop/slambot_ros2/build/slambot_bringup' returned '0': CMAKE_PREFIX_PATH=${CMAKE_PREFIX_PATH}:/opt/ros/humble /usr/bin/cmake --build /home/einstein/Desktop/slambot_ros2/build/slambot_bringup -- -j8 -l8
[0.058s] Invoking command in '/home/einstein/Desktop/slambot_ros2/build/slambot_bringup': CMAKE_PREFIX_PATH=${CMAKE_PREFIX_PATH}:/opt/ros/humble /usr/bin/cmake --install /home/einstein/Desktop/slambot_ros2/build/slambot_bringup
[0.063s] -- Install configuration: ""
[0.063s] -- Up-to-date: /home/einstein/Desktop/slambot_ros2/install/slambot_bringup/share/slambot_bringup/config
[0.063s] -- Up-to-date: /home/einstein/Desktop/slambot_ros2/install/slambot_bringup/share/slambot_bringup/config/rplidar_a1.yaml
[0.063s] -- Up-to-date: /home/einstein/Desktop/slambot_ros2/install/slambot_bringup/share/slambot_bringup/launch
[0.063s] -- Up-to-date: /home/einstein/Desktop/slambot_ros2/install/slambot_bringup/share/slambot_bringup/launch/slambot_real.launch.py
[0.063s] -- Up-to-date: /home/einstein/Desktop/slambot_ros2/install/slambot_bringup/share/ament_index/resource_index/package_run_dependencies/slambot_bringup
[0.063s] -- Up-to-date: /home/einstein/Desktop/slambot_ros2/install/slambot_bringup/share/ament_index/resource_index/parent_prefix_path/slambot_bringup
[0.064s] -- Up-to-date: /home/einstein/Desktop/slambot_ros2/install/slambot_bringup/share/slambot_bringup/environment/ament_prefix_path.sh
[0.064s] -- Up-to-date: /home/einstein/Desktop/slambot_ros2/install/slambot_bringup/share/slambot_bringup/environment/ament_prefix_path.dsv
[0.064s] -- Up-to-date: /home/einstein/Desktop/slambot_ros2/install/slambot_bringup/share/slambot_bringup/environment/path.sh
[0.064s] -- Up-to-date: /home/einstein/Desktop/slambot_ros2/install/slambot_bringup/share/slambot_bringup/environment/path.dsv
[0.064s] -- Up-to-date: /home/einstein/Desktop/slambot_ros2/install/slambot_bringup/share/slambot_bringup/local_setup.bash
[0.064s] -- Up-to-date: /home/einstein/Desktop/slambot_ros2/install/slambot_bringup/share/slambot_bringup/local_setup.sh
[0.064s] -- Up-to-date: /home/einstein/Desktop/slambot_ros2/install/slambot_bringup/share/slambot_bringup/local_setup.zsh
[0.064s] -- Up-to-date: /home/einstein/Desktop/slambot_ros2/install/slambot_bringup/share/slambot_bringup/local_setup.dsv
[0.064s] -- Up-to-date: /home/einstein/Desktop/slambot_ros2/install/slambot_bringup/share/slambot_bringup/package.dsv
[0.064s] -- Up-to-date: /home/einstein/Desktop/slambot_ros2/install/slambot_bringup/share/ament_index/resource_index/packages/slambot_bringup
[0.064s] -- Up-to-date: /home/einstein/Desktop/slambot_ros2/install/slambot_bringup/share/slambot_bringup/cmake/slambot_bringupConfig.cmake
[0.064s] -- Up-to-date: /home/einstein/Desktop/slambot_ros2/install/slambot_bringup/share/slambot_bringup/cmake/slambot_bringupConfig-version.cmake
[0.064s] -- Up-to-date: /home/einstein/Desktop/slambot_ros2/install/slambot_bringup/share/slambot_bringup/package.xml
[0.065s] Invoked command in '/home/einstein/Desktop/slambot_ros2/build/slambot_bringup' returned '0': CMAKE_PREFIX_PATH=${CMAKE_PREFIX_PATH}:/opt/ros/humble /usr/bin/cmake --install /home/einstein/Desktop/slambot_ros2/build/slambot_bringup
