[0.066s] DEBUG:colcon:Command line arguments: ['/usr/bin/colcon', 'build']
[0.067s] DEBUG:colcon:Parsed command line arguments: Namespace(log_base=None, log_level=None, verb_name='build', build_base='build', install_base='install', merge_install=False, symlink_install=False, test_result_base=None, continue_on_error=False, executor='parallel', parallel_workers=8, event_handlers=None, ignore_user_meta=False, metas=['./colcon.meta'], base_paths=['.'], packages_ignore=None, packages_ignore_regex=None, paths=None, packages_up_to=None, packages_up_to_regex=None, packages_above=None, packages_above_and_dependencies=None, packages_above_depth=None, packages_select_by_dep=None, packages_skip_by_dep=None, packages_skip_up_to=None, packages_select_build_failed=False, packages_skip_build_finished=False, packages_select_test_failures=False, packages_skip_test_passed=False, packages_select=None, packages_skip=None, packages_select_regex=None, packages_skip_regex=None, packages_start=None, packages_end=None, allow_overriding=[], cmake_args=None, cmake_target=None, cmake_target_skip_unavailable=False, cmake_clean_cache=False, cmake_clean_first=False, cmake_force_configure=False, ament_cmake_args=None, catkin_cmake_args=None, catkin_skip_building_tests=False, verb_parser=<colcon_defaults.argument_parser.defaults.DefaultArgumentsDecorator object at 0x75fbf164c820>, verb_extension=<colcon_core.verb.build.BuildVerb object at 0x75fbf164c2b0>, main=<bound method BuildVerb.main of <colcon_core.verb.build.BuildVerb object at 0x75fbf164c2b0>>)
[0.168s] Level 1:colcon.colcon_core.package_discovery:discover_packages(colcon_meta) check parameters
[0.168s] Level 1:colcon.colcon_core.package_discovery:discover_packages(recursive) check parameters
[0.168s] Level 1:colcon.colcon_core.package_discovery:discover_packages(ignore) check parameters
[0.168s] Level 1:colcon.colcon_core.package_discovery:discover_packages(path) check parameters
[0.168s] Level 1:colcon.colcon_core.package_discovery:discover_packages(colcon_meta) discover
[0.168s] Level 1:colcon.colcon_core.package_discovery:discover_packages(recursive) discover
[0.168s] INFO:colcon.colcon_core.package_discovery:Crawling recursively for packages in '/home/einstein/Desktop/slambot_ros2'
[0.168s] Level 1:colcon.colcon_core.package_identification:_identify(.) by extensions ['ignore', 'ignore_ament_install']
[0.168s] Level 1:colcon.colcon_core.package_identification:_identify(.) by extension 'ignore'
[0.168s] Level 1:colcon.colcon_core.package_identification:_identify(.) by extension 'ignore_ament_install'
[0.168s] Level 1:colcon.colcon_core.package_identification:_identify(.) by extensions ['colcon_pkg']
[0.168s] Level 1:colcon.colcon_core.package_identification:_identify(.) by extension 'colcon_pkg'
[0.168s] Level 1:colcon.colcon_core.package_identification:_identify(.) by extensions ['colcon_meta']
[0.168s] Level 1:colcon.colcon_core.package_identification:_identify(.) by extension 'colcon_meta'
[0.169s] Level 1:colcon.colcon_core.package_identification:_identify(.) by extensions ['ros']
[0.169s] Level 1:colcon.colcon_core.package_identification:_identify(.) by extension 'ros'
[0.176s] Level 1:colcon.colcon_core.package_identification:_identify(.) by extensions ['cmake', 'python']
[0.176s] Level 1:colcon.colcon_core.package_identification:_identify(.) by extension 'cmake'
[0.176s] Level 1:colcon.colcon_core.package_identification:_identify(.) by extension 'python'
[0.176s] Level 1:colcon.colcon_core.package_identification:_identify(.) by extensions ['python_setup_py']
[0.177s] Level 1:colcon.colcon_core.package_identification:_identify(.) by extension 'python_setup_py'
[0.177s] Level 1:colcon.colcon_core.package_identification:_identify(build) by extensions ['ignore', 'ignore_ament_install']
[0.177s] Level 1:colcon.colcon_core.package_identification:_identify(build) by extension 'ignore'
[0.177s] Level 1:colcon.colcon_core.package_identification:_identify(build) ignored
[0.177s] Level 1:colcon.colcon_core.package_identification:_identify(install) by extensions ['ignore', 'ignore_ament_install']
[0.177s] Level 1:colcon.colcon_core.package_identification:_identify(install) by extension 'ignore'
[0.177s] Level 1:colcon.colcon_core.package_identification:_identify(install) ignored
[0.177s] Level 1:colcon.colcon_core.package_identification:_identify(log) by extensions ['ignore', 'ignore_ament_install']
[0.177s] Level 1:colcon.colcon_core.package_identification:_identify(log) by extension 'ignore'
[0.177s] Level 1:colcon.colcon_core.package_identification:_identify(log) ignored
[0.177s] Level 1:colcon.colcon_core.package_identification:_identify(src) by extensions ['ignore', 'ignore_ament_install']
[0.177s] Level 1:colcon.colcon_core.package_identification:_identify(src) by extension 'ignore'
[0.177s] Level 1:colcon.colcon_core.package_identification:_identify(src) by extension 'ignore_ament_install'
[0.177s] Level 1:colcon.colcon_core.package_identification:_identify(src) by extensions ['colcon_pkg']
[0.177s] Level 1:colcon.colcon_core.package_identification:_identify(src) by extension 'colcon_pkg'
[0.178s] Level 1:colcon.colcon_core.package_identification:_identify(src) by extensions ['colcon_meta']
[0.178s] Level 1:colcon.colcon_core.package_identification:_identify(src) by extension 'colcon_meta'
[0.178s] Level 1:colcon.colcon_core.package_identification:_identify(src) by extensions ['ros']
[0.178s] Level 1:colcon.colcon_core.package_identification:_identify(src) by extension 'ros'
[0.178s] Level 1:colcon.colcon_core.package_identification:_identify(src) by extensions ['cmake', 'python']
[0.178s] Level 1:colcon.colcon_core.package_identification:_identify(src) by extension 'cmake'
[0.178s] Level 1:colcon.colcon_core.package_identification:_identify(src) by extension 'python'
[0.178s] Level 1:colcon.colcon_core.package_identification:_identify(src) by extensions ['python_setup_py']
[0.178s] Level 1:colcon.colcon_core.package_identification:_identify(src) by extension 'python_setup_py'
[0.178s] Level 1:colcon.colcon_core.package_identification:_identify(src/slambot_bringup) by extensions ['ignore', 'ignore_ament_install']
[0.178s] Level 1:colcon.colcon_core.package_identification:_identify(src/slambot_bringup) by extension 'ignore'
[0.178s] Level 1:colcon.colcon_core.package_identification:_identify(src/slambot_bringup) by extension 'ignore_ament_install'
[0.178s] Level 1:colcon.colcon_core.package_identification:_identify(src/slambot_bringup) by extensions ['colcon_pkg']
[0.178s] Level 1:colcon.colcon_core.package_identification:_identify(src/slambot_bringup) by extension 'colcon_pkg'
[0.178s] Level 1:colcon.colcon_core.package_identification:_identify(src/slambot_bringup) by extensions ['colcon_meta']
[0.178s] Level 1:colcon.colcon_core.package_identification:_identify(src/slambot_bringup) by extension 'colcon_meta'
[0.178s] Level 1:colcon.colcon_core.package_identification:_identify(src/slambot_bringup) by extensions ['ros']
[0.178s] Level 1:colcon.colcon_core.package_identification:_identify(src/slambot_bringup) by extension 'ros'
[0.180s] DEBUG:colcon.colcon_core.package_identification:Package 'src/slambot_bringup' with type 'ros.ament_cmake' and name 'slambot_bringup'
[0.180s] Level 1:colcon.colcon_core.package_identification:_identify(src/slambot_controllers) by extensions ['ignore', 'ignore_ament_install']
[0.180s] Level 1:colcon.colcon_core.package_identification:_identify(src/slambot_controllers) by extension 'ignore'
[0.180s] Level 1:colcon.colcon_core.package_identification:_identify(src/slambot_controllers) by extension 'ignore_ament_install'
[0.180s] Level 1:colcon.colcon_core.package_identification:_identify(src/slambot_controllers) by extensions ['colcon_pkg']
[0.180s] Level 1:colcon.colcon_core.package_identification:_identify(src/slambot_controllers) by extension 'colcon_pkg'
[0.180s] Level 1:colcon.colcon_core.package_identification:_identify(src/slambot_controllers) by extensions ['colcon_meta']
[0.180s] Level 1:colcon.colcon_core.package_identification:_identify(src/slambot_controllers) by extension 'colcon_meta'
[0.180s] Level 1:colcon.colcon_core.package_identification:_identify(src/slambot_controllers) by extensions ['ros']
[0.180s] Level 1:colcon.colcon_core.package_identification:_identify(src/slambot_controllers) by extension 'ros'
[0.181s] DEBUG:colcon.colcon_core.package_identification:Package 'src/slambot_controllers' with type 'ros.ament_cmake' and name 'slambot_controllers'
[0.182s] Level 1:colcon.colcon_core.package_identification:_identify(src/slambot_description) by extensions ['ignore', 'ignore_ament_install']
[0.182s] Level 1:colcon.colcon_core.package_identification:_identify(src/slambot_description) by extension 'ignore'
[0.182s] Level 1:colcon.colcon_core.package_identification:_identify(src/slambot_description) by extension 'ignore_ament_install'
[0.182s] Level 1:colcon.colcon_core.package_identification:_identify(src/slambot_description) by extensions ['colcon_pkg']
[0.182s] Level 1:colcon.colcon_core.package_identification:_identify(src/slambot_description) by extension 'colcon_pkg'
[0.182s] Level 1:colcon.colcon_core.package_identification:_identify(src/slambot_description) by extensions ['colcon_meta']
[0.182s] Level 1:colcon.colcon_core.package_identification:_identify(src/slambot_description) by extension 'colcon_meta'
[0.182s] Level 1:colcon.colcon_core.package_identification:_identify(src/slambot_description) by extensions ['ros']
[0.182s] Level 1:colcon.colcon_core.package_identification:_identify(src/slambot_description) by extension 'ros'
[0.182s] DEBUG:colcon.colcon_core.package_identification:Package 'src/slambot_description' with type 'ros.ament_cmake' and name 'slambot_description'
[0.182s] Level 1:colcon.colcon_core.package_identification:_identify(src/slambot_firmware) by extensions ['ignore', 'ignore_ament_install']
[0.183s] Level 1:colcon.colcon_core.package_identification:_identify(src/slambot_firmware) by extension 'ignore'
[0.183s] Level 1:colcon.colcon_core.package_identification:_identify(src/slambot_firmware) by extension 'ignore_ament_install'
[0.183s] Level 1:colcon.colcon_core.package_identification:_identify(src/slambot_firmware) by extensions ['colcon_pkg']
[0.183s] Level 1:colcon.colcon_core.package_identification:_identify(src/slambot_firmware) by extension 'colcon_pkg'
[0.183s] Level 1:colcon.colcon_core.package_identification:_identify(src/slambot_firmware) by extensions ['colcon_meta']
[0.183s] Level 1:colcon.colcon_core.package_identification:_identify(src/slambot_firmware) by extension 'colcon_meta'
[0.183s] Level 1:colcon.colcon_core.package_identification:_identify(src/slambot_firmware) by extensions ['ros']
[0.183s] Level 1:colcon.colcon_core.package_identification:_identify(src/slambot_firmware) by extension 'ros'
[0.183s] DEBUG:colcon.colcon_core.package_identification:Package 'src/slambot_firmware' with type 'ros.ament_cmake' and name 'slambot_firmware'
[0.183s] Level 1:colcon.colcon_core.package_discovery:discover_packages(recursive) using defaults
[0.184s] Level 1:colcon.colcon_core.package_discovery:discover_packages(ignore) discover
[0.184s] Level 1:colcon.colcon_core.package_discovery:discover_packages(ignore) using defaults
[0.184s] Level 1:colcon.colcon_core.package_discovery:discover_packages(path) discover
[0.184s] Level 1:colcon.colcon_core.package_discovery:discover_packages(path) using defaults
[0.197s] Level 1:colcon.colcon_core.package_discovery:discover_packages(prefix_path) check parameters
[0.197s] Level 1:colcon.colcon_core.package_discovery:discover_packages(prefix_path) discover
[0.199s] DEBUG:colcon.colcon_installed_package_information.package_discovery:Found 3 installed packages in /home/einstein/Desktop/slambot_ros2/install
[0.199s] DEBUG:colcon.colcon_installed_package_information.package_discovery:Found 1 installed packages in /home/einstein/Documents/gamepad_ws/install
[0.199s] DEBUG:colcon.colcon_installed_package_information.package_discovery:Found 2 installed packages in /home/einstein/Documents/SLAM_WS/install
[0.199s] DEBUG:colcon.colcon_installed_package_information.package_discovery:Found 3 installed packages in /home/einstein/Documents/serial_ws/install
[0.201s] DEBUG:colcon.colcon_installed_package_information.package_discovery:Found 387 installed packages in /opt/ros/humble
[0.202s] Level 1:colcon.colcon_core.package_discovery:discover_packages(prefix_path) using defaults
[0.240s] Level 5:colcon.colcon_core.verb:set package 'slambot_controllers' build argument 'cmake_args' from command line to 'None'
[0.240s] Level 5:colcon.colcon_core.verb:set package 'slambot_controllers' build argument 'cmake_target' from command line to 'None'
[0.240s] Level 5:colcon.colcon_core.verb:set package 'slambot_controllers' build argument 'cmake_target_skip_unavailable' from command line to 'False'
[0.240s] Level 5:colcon.colcon_core.verb:set package 'slambot_controllers' build argument 'cmake_clean_cache' from command line to 'False'
[0.240s] Level 5:colcon.colcon_core.verb:set package 'slambot_controllers' build argument 'cmake_clean_first' from command line to 'False'
[0.240s] Level 5:colcon.colcon_core.verb:set package 'slambot_controllers' build argument 'cmake_force_configure' from command line to 'False'
[0.240s] Level 5:colcon.colcon_core.verb:set package 'slambot_controllers' build argument 'ament_cmake_args' from command line to 'None'
[0.240s] Level 5:colcon.colcon_core.verb:set package 'slambot_controllers' build argument 'catkin_cmake_args' from command line to 'None'
[0.240s] Level 5:colcon.colcon_core.verb:set package 'slambot_controllers' build argument 'catkin_skip_building_tests' from command line to 'False'
[0.240s] DEBUG:colcon.colcon_core.verb:Building package 'slambot_controllers' with the following arguments: {'ament_cmake_args': None, 'build_base': '/home/einstein/Desktop/slambot_ros2/build/slambot_controllers', 'catkin_cmake_args': None, 'catkin_skip_building_tests': False, 'cmake_args': None, 'cmake_clean_cache': False, 'cmake_clean_first': False, 'cmake_force_configure': False, 'cmake_target': None, 'cmake_target_skip_unavailable': False, 'install_base': '/home/einstein/Desktop/slambot_ros2/install/slambot_controllers', 'merge_install': False, 'path': '/home/einstein/Desktop/slambot_ros2/src/slambot_controllers', 'symlink_install': False, 'test_result_base': None}
[0.241s] Level 5:colcon.colcon_core.verb:set package 'slambot_description' build argument 'cmake_args' from command line to 'None'
[0.241s] Level 5:colcon.colcon_core.verb:set package 'slambot_description' build argument 'cmake_target' from command line to 'None'
[0.241s] Level 5:colcon.colcon_core.verb:set package 'slambot_description' build argument 'cmake_target_skip_unavailable' from command line to 'False'
[0.241s] Level 5:colcon.colcon_core.verb:set package 'slambot_description' build argument 'cmake_clean_cache' from command line to 'False'
[0.241s] Level 5:colcon.colcon_core.verb:set package 'slambot_description' build argument 'cmake_clean_first' from command line to 'False'
[0.241s] Level 5:colcon.colcon_core.verb:set package 'slambot_description' build argument 'cmake_force_configure' from command line to 'False'
[0.241s] Level 5:colcon.colcon_core.verb:set package 'slambot_description' build argument 'ament_cmake_args' from command line to 'None'
[0.241s] Level 5:colcon.colcon_core.verb:set package 'slambot_description' build argument 'catkin_cmake_args' from command line to 'None'
[0.241s] Level 5:colcon.colcon_core.verb:set package 'slambot_description' build argument 'catkin_skip_building_tests' from command line to 'False'
[0.241s] DEBUG:colcon.colcon_core.verb:Building package 'slambot_description' with the following arguments: {'ament_cmake_args': None, 'build_base': '/home/einstein/Desktop/slambot_ros2/build/slambot_description', 'catkin_cmake_args': None, 'catkin_skip_building_tests': False, 'cmake_args': None, 'cmake_clean_cache': False, 'cmake_clean_first': False, 'cmake_force_configure': False, 'cmake_target': None, 'cmake_target_skip_unavailable': False, 'install_base': '/home/einstein/Desktop/slambot_ros2/install/slambot_description', 'merge_install': False, 'path': '/home/einstein/Desktop/slambot_ros2/src/slambot_description', 'symlink_install': False, 'test_result_base': None}
[0.241s] Level 5:colcon.colcon_core.verb:set package 'slambot_firmware' build argument 'cmake_args' from command line to 'None'
[0.241s] Level 5:colcon.colcon_core.verb:set package 'slambot_firmware' build argument 'cmake_target' from command line to 'None'
[0.241s] Level 5:colcon.colcon_core.verb:set package 'slambot_firmware' build argument 'cmake_target_skip_unavailable' from command line to 'False'
[0.241s] Level 5:colcon.colcon_core.verb:set package 'slambot_firmware' build argument 'cmake_clean_cache' from command line to 'False'
[0.241s] Level 5:colcon.colcon_core.verb:set package 'slambot_firmware' build argument 'cmake_clean_first' from command line to 'False'
[0.241s] Level 5:colcon.colcon_core.verb:set package 'slambot_firmware' build argument 'cmake_force_configure' from command line to 'False'
[0.241s] Level 5:colcon.colcon_core.verb:set package 'slambot_firmware' build argument 'ament_cmake_args' from command line to 'None'
[0.241s] Level 5:colcon.colcon_core.verb:set package 'slambot_firmware' build argument 'catkin_cmake_args' from command line to 'None'
[0.241s] Level 5:colcon.colcon_core.verb:set package 'slambot_firmware' build argument 'catkin_skip_building_tests' from command line to 'False'
[0.241s] DEBUG:colcon.colcon_core.verb:Building package 'slambot_firmware' with the following arguments: {'ament_cmake_args': None, 'build_base': '/home/einstein/Desktop/slambot_ros2/build/slambot_firmware', 'catkin_cmake_args': None, 'catkin_skip_building_tests': False, 'cmake_args': None, 'cmake_clean_cache': False, 'cmake_clean_first': False, 'cmake_force_configure': False, 'cmake_target': None, 'cmake_target_skip_unavailable': False, 'install_base': '/home/einstein/Desktop/slambot_ros2/install/slambot_firmware', 'merge_install': False, 'path': '/home/einstein/Desktop/slambot_ros2/src/slambot_firmware', 'symlink_install': False, 'test_result_base': None}
[0.242s] Level 5:colcon.colcon_core.verb:set package 'slambot_bringup' build argument 'cmake_args' from command line to 'None'
[0.242s] Level 5:colcon.colcon_core.verb:set package 'slambot_bringup' build argument 'cmake_target' from command line to 'None'
[0.242s] Level 5:colcon.colcon_core.verb:set package 'slambot_bringup' build argument 'cmake_target_skip_unavailable' from command line to 'False'
[0.242s] Level 5:colcon.colcon_core.verb:set package 'slambot_bringup' build argument 'cmake_clean_cache' from command line to 'False'
[0.242s] Level 5:colcon.colcon_core.verb:set package 'slambot_bringup' build argument 'cmake_clean_first' from command line to 'False'
[0.242s] Level 5:colcon.colcon_core.verb:set package 'slambot_bringup' build argument 'cmake_force_configure' from command line to 'False'
[0.242s] Level 5:colcon.colcon_core.verb:set package 'slambot_bringup' build argument 'ament_cmake_args' from command line to 'None'
[0.242s] Level 5:colcon.colcon_core.verb:set package 'slambot_bringup' build argument 'catkin_cmake_args' from command line to 'None'
[0.242s] Level 5:colcon.colcon_core.verb:set package 'slambot_bringup' build argument 'catkin_skip_building_tests' from command line to 'False'
[0.242s] DEBUG:colcon.colcon_core.verb:Building package 'slambot_bringup' with the following arguments: {'ament_cmake_args': None, 'build_base': '/home/einstein/Desktop/slambot_ros2/build/slambot_bringup', 'catkin_cmake_args': None, 'catkin_skip_building_tests': False, 'cmake_args': None, 'cmake_clean_cache': False, 'cmake_clean_first': False, 'cmake_force_configure': False, 'cmake_target': None, 'cmake_target_skip_unavailable': False, 'install_base': '/home/einstein/Desktop/slambot_ros2/install/slambot_bringup', 'merge_install': False, 'path': '/home/einstein/Desktop/slambot_ros2/src/slambot_bringup', 'symlink_install': False, 'test_result_base': None}
[0.242s] INFO:colcon.colcon_core.executor:Executing jobs using 'parallel' executor
[0.243s] DEBUG:colcon.colcon_parallel_executor.executor.parallel:run_until_complete
[0.243s] INFO:colcon.colcon_ros.task.ament_cmake.build:Building ROS package in '/home/einstein/Desktop/slambot_ros2/src/slambot_description' with build type 'ament_cmake'
[0.243s] INFO:colcon.colcon_cmake.task.cmake.build:Building CMake package in '/home/einstein/Desktop/slambot_ros2/src/slambot_description'
[0.245s] INFO:colcon.colcon_core.plugin_system:Skipping extension 'colcon_core.shell.bat': Not used on non-Windows systems
[0.245s] INFO:colcon.colcon_core.shell:Skip shell extension 'powershell' for command environment: Not usable outside of PowerShell
[0.245s] DEBUG:colcon.colcon_core.shell:Skip shell extension 'dsv' for command environment
[0.248s] INFO:colcon.colcon_ros.task.ament_cmake.build:Building ROS package in '/home/einstein/Desktop/slambot_ros2/src/slambot_firmware' with build type 'ament_cmake'
[0.248s] INFO:colcon.colcon_cmake.task.cmake.build:Building CMake package in '/home/einstein/Desktop/slambot_ros2/src/slambot_firmware'
[0.249s] INFO:colcon.colcon_core.shell:Skip shell extension 'powershell' for command environment: Not usable outside of PowerShell
[0.249s] DEBUG:colcon.colcon_core.shell:Skip shell extension 'dsv' for command environment
[0.252s] INFO:colcon.colcon_ros.task.ament_cmake.build:Building ROS package in '/home/einstein/Desktop/slambot_ros2/src/slambot_controllers' with build type 'ament_cmake'
[0.252s] INFO:colcon.colcon_cmake.task.cmake.build:Building CMake package in '/home/einstein/Desktop/slambot_ros2/src/slambot_controllers'
[0.252s] INFO:colcon.colcon_core.shell:Skip shell extension 'powershell' for command environment: Not usable outside of PowerShell
[0.252s] DEBUG:colcon.colcon_core.shell:Skip shell extension 'dsv' for command environment
[0.267s] DEBUG:colcon.colcon_core.event_handler.log_command:Invoking command in '/home/einstein/Desktop/slambot_ros2/build/slambot_controllers': CMAKE_PREFIX_PATH=${CMAKE_PREFIX_PATH}:/opt/ros/humble /usr/bin/cmake --build /home/einstein/Desktop/slambot_ros2/build/slambot_controllers -- -j8 -l8
[0.269s] DEBUG:colcon.colcon_core.event_handler.log_command:Invoking command in '/home/einstein/Desktop/slambot_ros2/build/slambot_description': CMAKE_PREFIX_PATH=${CMAKE_PREFIX_PATH}:/opt/ros/humble /usr/bin/cmake --build /home/einstein/Desktop/slambot_ros2/build/slambot_description -- -j8 -l8
[0.278s] DEBUG:colcon.colcon_core.event_handler.log_command:Invoking command in '/home/einstein/Desktop/slambot_ros2/build/slambot_firmware': CMAKE_PREFIX_PATH=${CMAKE_PREFIX_PATH}:/opt/ros/humble /usr/bin/cmake --build /home/einstein/Desktop/slambot_ros2/build/slambot_firmware -- -j8 -l8
[0.297s] DEBUG:colcon.colcon_core.event_handler.log_command:Invoked command in '/home/einstein/Desktop/slambot_ros2/build/slambot_description' returned '0': CMAKE_PREFIX_PATH=${CMAKE_PREFIX_PATH}:/opt/ros/humble /usr/bin/cmake --build /home/einstein/Desktop/slambot_ros2/build/slambot_description -- -j8 -l8
[0.320s] DEBUG:colcon.colcon_core.event_handler.log_command:Invoking command in '/home/einstein/Desktop/slambot_ros2/build/slambot_description': CMAKE_PREFIX_PATH=${CMAKE_PREFIX_PATH}:/opt/ros/humble /usr/bin/cmake --install /home/einstein/Desktop/slambot_ros2/build/slambot_description
[0.329s] Level 1:colcon.colcon_core.environment:create_environment_scripts_only(slambot_description)
[0.330s] DEBUG:colcon.colcon_core.event_handler.log_command:Invoked command in '/home/einstein/Desktop/slambot_ros2/build/slambot_description' returned '0': CMAKE_PREFIX_PATH=${CMAKE_PREFIX_PATH}:/opt/ros/humble /usr/bin/cmake --install /home/einstein/Desktop/slambot_ros2/build/slambot_description
[0.331s] Level 1:colcon.colcon_core.environment:checking '/home/einstein/Desktop/slambot_ros2/install/slambot_description' for CMake module files
[0.331s] Level 1:colcon.colcon_core.environment:checking '/home/einstein/Desktop/slambot_ros2/install/slambot_description' for CMake config files
[0.331s] Level 1:colcon.colcon_core.shell:create_environment_hook('slambot_description', 'cmake_prefix_path')
[0.332s] INFO:colcon.colcon_core.shell:Creating environment hook '/home/einstein/Desktop/slambot_ros2/install/slambot_description/share/slambot_description/hook/cmake_prefix_path.ps1'
[0.332s] INFO:colcon.colcon_core.shell:Creating environment descriptor '/home/einstein/Desktop/slambot_ros2/install/slambot_description/share/slambot_description/hook/cmake_prefix_path.dsv'
[0.332s] INFO:colcon.colcon_core.shell:Creating environment hook '/home/einstein/Desktop/slambot_ros2/install/slambot_description/share/slambot_description/hook/cmake_prefix_path.sh'
[0.333s] Level 1:colcon.colcon_core.environment:checking '/home/einstein/Desktop/slambot_ros2/install/slambot_description/bin'
[0.333s] Level 1:colcon.colcon_core.environment:checking '/home/einstein/Desktop/slambot_ros2/install/slambot_description/lib/pkgconfig/slambot_description.pc'
[0.333s] Level 1:colcon.colcon_core.environment:checking '/home/einstein/Desktop/slambot_ros2/install/slambot_description/lib/python3.10/site-packages'
[0.333s] Level 1:colcon.colcon_core.environment:checking '/home/einstein/Desktop/slambot_ros2/install/slambot_description/bin'
[0.334s] INFO:colcon.colcon_core.shell:Creating package script '/home/einstein/Desktop/slambot_ros2/install/slambot_description/share/slambot_description/package.ps1'
[0.338s] INFO:colcon.colcon_core.shell:Creating package descriptor '/home/einstein/Desktop/slambot_ros2/install/slambot_description/share/slambot_description/package.dsv'
[0.339s] INFO:colcon.colcon_core.shell:Creating package script '/home/einstein/Desktop/slambot_ros2/install/slambot_description/share/slambot_description/package.sh'
[0.340s] INFO:colcon.colcon_core.shell:Creating package script '/home/einstein/Desktop/slambot_ros2/install/slambot_description/share/slambot_description/package.bash'
[0.341s] INFO:colcon.colcon_core.shell:Creating package script '/home/einstein/Desktop/slambot_ros2/install/slambot_description/share/slambot_description/package.zsh'
[0.342s] Level 1:colcon.colcon_core.environment:create_file_with_runtime_dependencies(/home/einstein/Desktop/slambot_ros2/install/slambot_description/share/colcon-core/packages/slambot_description)
[0.357s] Level 1:colcon.colcon_core.environment:create_environment_scripts_only(slambot_description)
[0.357s] Level 1:colcon.colcon_core.environment:checking '/home/einstein/Desktop/slambot_ros2/install/slambot_description' for CMake module files
[0.358s] Level 1:colcon.colcon_core.environment:checking '/home/einstein/Desktop/slambot_ros2/install/slambot_description' for CMake config files
[0.358s] Level 1:colcon.colcon_core.shell:create_environment_hook('slambot_description', 'cmake_prefix_path')
[0.358s] INFO:colcon.colcon_core.shell:Creating environment hook '/home/einstein/Desktop/slambot_ros2/install/slambot_description/share/slambot_description/hook/cmake_prefix_path.ps1'
[0.359s] INFO:colcon.colcon_core.shell:Creating environment descriptor '/home/einstein/Desktop/slambot_ros2/install/slambot_description/share/slambot_description/hook/cmake_prefix_path.dsv'
[0.359s] INFO:colcon.colcon_core.shell:Creating environment hook '/home/einstein/Desktop/slambot_ros2/install/slambot_description/share/slambot_description/hook/cmake_prefix_path.sh'
[0.370s] Level 1:colcon.colcon_core.environment:checking '/home/einstein/Desktop/slambot_ros2/install/slambot_description/bin'
[0.370s] Level 1:colcon.colcon_core.environment:checking '/home/einstein/Desktop/slambot_ros2/install/slambot_description/lib/pkgconfig/slambot_description.pc'
[0.370s] Level 1:colcon.colcon_core.environment:checking '/home/einstein/Desktop/slambot_ros2/install/slambot_description/lib/python3.10/site-packages'
[0.370s] Level 1:colcon.colcon_core.environment:checking '/home/einstein/Desktop/slambot_ros2/install/slambot_description/bin'
[0.370s] INFO:colcon.colcon_core.shell:Creating package script '/home/einstein/Desktop/slambot_ros2/install/slambot_description/share/slambot_description/package.ps1'
[0.371s] INFO:colcon.colcon_core.shell:Creating package descriptor '/home/einstein/Desktop/slambot_ros2/install/slambot_description/share/slambot_description/package.dsv'
[0.371s] INFO:colcon.colcon_core.shell:Creating package script '/home/einstein/Desktop/slambot_ros2/install/slambot_description/share/slambot_description/package.sh'
[0.371s] INFO:colcon.colcon_core.shell:Creating package script '/home/einstein/Desktop/slambot_ros2/install/slambot_description/share/slambot_description/package.bash'
[0.372s] INFO:colcon.colcon_core.shell:Creating package script '/home/einstein/Desktop/slambot_ros2/install/slambot_description/share/slambot_description/package.zsh'
[0.382s] Level 1:colcon.colcon_core.environment:create_file_with_runtime_dependencies(/home/einstein/Desktop/slambot_ros2/install/slambot_description/share/colcon-core/packages/slambot_description)
[3.098s] DEBUG:colcon.colcon_core.event_handler.log_command:Invoked command in '/home/einstein/Desktop/slambot_ros2/build/slambot_firmware' returned '0': CMAKE_PREFIX_PATH=${CMAKE_PREFIX_PATH}:/opt/ros/humble /usr/bin/cmake --build /home/einstein/Desktop/slambot_ros2/build/slambot_firmware -- -j8 -l8
[3.119s] DEBUG:colcon.colcon_core.event_handler.log_command:Invoking command in '/home/einstein/Desktop/slambot_ros2/build/slambot_firmware': CMAKE_PREFIX_PATH=${CMAKE_PREFIX_PATH}:/opt/ros/humble /usr/bin/cmake --install /home/einstein/Desktop/slambot_ros2/build/slambot_firmware
[3.155s] Level 1:colcon.colcon_core.environment:create_environment_scripts_only(slambot_firmware)
[3.155s] Level 1:colcon.colcon_core.environment:checking '/home/einstein/Desktop/slambot_ros2/install/slambot_firmware' for CMake module files
[3.156s] DEBUG:colcon.colcon_core.event_handler.log_command:Invoked command in '/home/einstein/Desktop/slambot_ros2/build/slambot_firmware' returned '0': CMAKE_PREFIX_PATH=${CMAKE_PREFIX_PATH}:/opt/ros/humble /usr/bin/cmake --install /home/einstein/Desktop/slambot_ros2/build/slambot_firmware
[3.156s] Level 1:colcon.colcon_core.environment:checking '/home/einstein/Desktop/slambot_ros2/install/slambot_firmware' for CMake config files
[3.157s] Level 1:colcon.colcon_core.shell:create_environment_hook('slambot_firmware', 'cmake_prefix_path')
[3.157s] INFO:colcon.colcon_core.shell:Creating environment hook '/home/einstein/Desktop/slambot_ros2/install/slambot_firmware/share/slambot_firmware/hook/cmake_prefix_path.ps1'
[3.157s] INFO:colcon.colcon_core.shell:Creating environment descriptor '/home/einstein/Desktop/slambot_ros2/install/slambot_firmware/share/slambot_firmware/hook/cmake_prefix_path.dsv'
[3.158s] INFO:colcon.colcon_core.shell:Creating environment hook '/home/einstein/Desktop/slambot_ros2/install/slambot_firmware/share/slambot_firmware/hook/cmake_prefix_path.sh'
[3.158s] Level 1:colcon.colcon_core.environment:checking '/home/einstein/Desktop/slambot_ros2/install/slambot_firmware/lib'
[3.158s] Level 1:colcon.colcon_core.shell:create_environment_hook('slambot_firmware', 'ld_library_path_lib')
[3.159s] INFO:colcon.colcon_core.shell:Creating environment hook '/home/einstein/Desktop/slambot_ros2/install/slambot_firmware/share/slambot_firmware/hook/ld_library_path_lib.ps1'
[3.159s] INFO:colcon.colcon_core.shell:Creating environment descriptor '/home/einstein/Desktop/slambot_ros2/install/slambot_firmware/share/slambot_firmware/hook/ld_library_path_lib.dsv'
[3.159s] INFO:colcon.colcon_core.shell:Creating environment hook '/home/einstein/Desktop/slambot_ros2/install/slambot_firmware/share/slambot_firmware/hook/ld_library_path_lib.sh'
[3.159s] Level 1:colcon.colcon_core.environment:checking '/home/einstein/Desktop/slambot_ros2/install/slambot_firmware/bin'
[3.160s] Level 1:colcon.colcon_core.environment:checking '/home/einstein/Desktop/slambot_ros2/install/slambot_firmware/lib/pkgconfig/slambot_firmware.pc'
[3.160s] Level 1:colcon.colcon_core.environment:checking '/home/einstein/Desktop/slambot_ros2/install/slambot_firmware/lib/python3.10/site-packages'
[3.160s] Level 1:colcon.colcon_core.environment:checking '/home/einstein/Desktop/slambot_ros2/install/slambot_firmware/bin'
[3.160s] INFO:colcon.colcon_core.shell:Creating package script '/home/einstein/Desktop/slambot_ros2/install/slambot_firmware/share/slambot_firmware/package.ps1'
[3.161s] INFO:colcon.colcon_core.shell:Creating package descriptor '/home/einstein/Desktop/slambot_ros2/install/slambot_firmware/share/slambot_firmware/package.dsv'
[3.161s] INFO:colcon.colcon_core.shell:Creating package script '/home/einstein/Desktop/slambot_ros2/install/slambot_firmware/share/slambot_firmware/package.sh'
[3.161s] INFO:colcon.colcon_core.shell:Creating package script '/home/einstein/Desktop/slambot_ros2/install/slambot_firmware/share/slambot_firmware/package.bash'
[3.162s] INFO:colcon.colcon_core.shell:Creating package script '/home/einstein/Desktop/slambot_ros2/install/slambot_firmware/share/slambot_firmware/package.zsh'
[3.165s] Level 1:colcon.colcon_core.environment:create_file_with_runtime_dependencies(/home/einstein/Desktop/slambot_ros2/install/slambot_firmware/share/colcon-core/packages/slambot_firmware)
[3.185s] Level 1:colcon.colcon_core.environment:create_environment_scripts_only(slambot_firmware)
[3.185s] Level 1:colcon.colcon_core.environment:checking '/home/einstein/Desktop/slambot_ros2/install/slambot_firmware' for CMake module files
[3.186s] Level 1:colcon.colcon_core.environment:checking '/home/einstein/Desktop/slambot_ros2/install/slambot_firmware' for CMake config files
[3.186s] Level 1:colcon.colcon_core.shell:create_environment_hook('slambot_firmware', 'cmake_prefix_path')
[3.186s] INFO:colcon.colcon_core.shell:Creating environment hook '/home/einstein/Desktop/slambot_ros2/install/slambot_firmware/share/slambot_firmware/hook/cmake_prefix_path.ps1'
[3.187s] INFO:colcon.colcon_core.shell:Creating environment descriptor '/home/einstein/Desktop/slambot_ros2/install/slambot_firmware/share/slambot_firmware/hook/cmake_prefix_path.dsv'
[3.187s] INFO:colcon.colcon_core.shell:Creating environment hook '/home/einstein/Desktop/slambot_ros2/install/slambot_firmware/share/slambot_firmware/hook/cmake_prefix_path.sh'
[3.188s] Level 1:colcon.colcon_core.environment:checking '/home/einstein/Desktop/slambot_ros2/install/slambot_firmware/lib'
[3.188s] Level 1:colcon.colcon_core.shell:create_environment_hook('slambot_firmware', 'ld_library_path_lib')
[3.188s] INFO:colcon.colcon_core.shell:Creating environment hook '/home/einstein/Desktop/slambot_ros2/install/slambot_firmware/share/slambot_firmware/hook/ld_library_path_lib.ps1'
[3.189s] INFO:colcon.colcon_core.shell:Creating environment descriptor '/home/einstein/Desktop/slambot_ros2/install/slambot_firmware/share/slambot_firmware/hook/ld_library_path_lib.dsv'
[3.189s] INFO:colcon.colcon_core.shell:Creating environment hook '/home/einstein/Desktop/slambot_ros2/install/slambot_firmware/share/slambot_firmware/hook/ld_library_path_lib.sh'
[3.189s] Level 1:colcon.colcon_core.environment:checking '/home/einstein/Desktop/slambot_ros2/install/slambot_firmware/bin'
[3.189s] Level 1:colcon.colcon_core.environment:checking '/home/einstein/Desktop/slambot_ros2/install/slambot_firmware/lib/pkgconfig/slambot_firmware.pc'
[3.190s] Level 1:colcon.colcon_core.environment:checking '/home/einstein/Desktop/slambot_ros2/install/slambot_firmware/lib/python3.10/site-packages'
[3.190s] Level 1:colcon.colcon_core.environment:checking '/home/einstein/Desktop/slambot_ros2/install/slambot_firmware/bin'
[3.190s] INFO:colcon.colcon_core.shell:Creating package script '/home/einstein/Desktop/slambot_ros2/install/slambot_firmware/share/slambot_firmware/package.ps1'
[3.191s] INFO:colcon.colcon_core.shell:Creating package descriptor '/home/einstein/Desktop/slambot_ros2/install/slambot_firmware/share/slambot_firmware/package.dsv'
[3.191s] INFO:colcon.colcon_core.shell:Creating package script '/home/einstein/Desktop/slambot_ros2/install/slambot_firmware/share/slambot_firmware/package.sh'
[3.192s] INFO:colcon.colcon_core.shell:Creating package script '/home/einstein/Desktop/slambot_ros2/install/slambot_firmware/share/slambot_firmware/package.bash'
[3.192s] INFO:colcon.colcon_core.shell:Creating package script '/home/einstein/Desktop/slambot_ros2/install/slambot_firmware/share/slambot_firmware/package.zsh'
[3.193s] Level 1:colcon.colcon_core.environment:create_file_with_runtime_dependencies(/home/einstein/Desktop/slambot_ros2/install/slambot_firmware/share/colcon-core/packages/slambot_firmware)
[3.199s] INFO:colcon.colcon_ros.task.ament_cmake.build:Building ROS package in '/home/einstein/Desktop/slambot_ros2/src/slambot_bringup' with build type 'ament_cmake'
[3.200s] INFO:colcon.colcon_cmake.task.cmake.build:Building CMake package in '/home/einstein/Desktop/slambot_ros2/src/slambot_bringup'
[3.200s] INFO:colcon.colcon_core.shell:Skip shell extension 'powershell' for command environment: Not usable outside of PowerShell
[3.200s] DEBUG:colcon.colcon_core.shell:Skip shell extension 'dsv' for command environment
[3.212s] DEBUG:colcon.colcon_core.event_handler.log_command:Invoking command in '/home/einstein/Desktop/slambot_ros2/build/slambot_bringup': CMAKE_PREFIX_PATH=${CMAKE_PREFIX_PATH}:/opt/ros/humble /usr/bin/cmake /home/einstein/Desktop/slambot_ros2/src/slambot_bringup -DCMAKE_INSTALL_PREFIX=/home/einstein/Desktop/slambot_ros2/install/slambot_bringup
[3.734s] DEBUG:colcon.colcon_core.event_handler.log_command:Invoked command in '/home/einstein/Desktop/slambot_ros2/build/slambot_bringup' returned '0': CMAKE_PREFIX_PATH=${CMAKE_PREFIX_PATH}:/opt/ros/humble /usr/bin/cmake /home/einstein/Desktop/slambot_ros2/src/slambot_bringup -DCMAKE_INSTALL_PREFIX=/home/einstein/Desktop/slambot_ros2/install/slambot_bringup
[3.735s] DEBUG:colcon.colcon_core.event_handler.log_command:Invoking command in '/home/einstein/Desktop/slambot_ros2/build/slambot_bringup': CMAKE_PREFIX_PATH=${CMAKE_PREFIX_PATH}:/opt/ros/humble /usr/bin/cmake --build /home/einstein/Desktop/slambot_ros2/build/slambot_bringup -- -j8 -l8
[3.764s] DEBUG:colcon.colcon_core.event_handler.log_command:Invoked command in '/home/einstein/Desktop/slambot_ros2/build/slambot_bringup' returned '0': CMAKE_PREFIX_PATH=${CMAKE_PREFIX_PATH}:/opt/ros/humble /usr/bin/cmake --build /home/einstein/Desktop/slambot_ros2/build/slambot_bringup -- -j8 -l8
[3.780s] DEBUG:colcon.colcon_core.event_handler.log_command:Invoking command in '/home/einstein/Desktop/slambot_ros2/build/slambot_bringup': CMAKE_PREFIX_PATH=${CMAKE_PREFIX_PATH}:/opt/ros/humble /usr/bin/cmake --install /home/einstein/Desktop/slambot_ros2/build/slambot_bringup
[3.788s] Level 1:colcon.colcon_core.environment:create_environment_scripts_only(slambot_bringup)
[3.788s] Level 1:colcon.colcon_core.environment:checking '/home/einstein/Desktop/slambot_ros2/install/slambot_bringup' for CMake module files
[3.789s] DEBUG:colcon.colcon_core.event_handler.log_command:Invoked command in '/home/einstein/Desktop/slambot_ros2/build/slambot_bringup' returned '0': CMAKE_PREFIX_PATH=${CMAKE_PREFIX_PATH}:/opt/ros/humble /usr/bin/cmake --install /home/einstein/Desktop/slambot_ros2/build/slambot_bringup
[3.789s] Level 1:colcon.colcon_core.environment:checking '/home/einstein/Desktop/slambot_ros2/install/slambot_bringup' for CMake config files
[3.789s] Level 1:colcon.colcon_core.shell:create_environment_hook('slambot_bringup', 'cmake_prefix_path')
[3.789s] INFO:colcon.colcon_core.shell:Creating environment hook '/home/einstein/Desktop/slambot_ros2/install/slambot_bringup/share/slambot_bringup/hook/cmake_prefix_path.ps1'
[3.790s] INFO:colcon.colcon_core.shell:Creating environment descriptor '/home/einstein/Desktop/slambot_ros2/install/slambot_bringup/share/slambot_bringup/hook/cmake_prefix_path.dsv'
[3.790s] INFO:colcon.colcon_core.shell:Creating environment hook '/home/einstein/Desktop/slambot_ros2/install/slambot_bringup/share/slambot_bringup/hook/cmake_prefix_path.sh'
[3.790s] Level 1:colcon.colcon_core.environment:checking '/home/einstein/Desktop/slambot_ros2/install/slambot_bringup/bin'
[3.790s] Level 1:colcon.colcon_core.environment:checking '/home/einstein/Desktop/slambot_ros2/install/slambot_bringup/lib/pkgconfig/slambot_bringup.pc'
[3.790s] Level 1:colcon.colcon_core.environment:checking '/home/einstein/Desktop/slambot_ros2/install/slambot_bringup/lib/python3.10/site-packages'
[3.790s] Level 1:colcon.colcon_core.environment:checking '/home/einstein/Desktop/slambot_ros2/install/slambot_bringup/bin'
[3.791s] INFO:colcon.colcon_core.shell:Creating package script '/home/einstein/Desktop/slambot_ros2/install/slambot_bringup/share/slambot_bringup/package.ps1'
[3.791s] INFO:colcon.colcon_core.shell:Creating package descriptor '/home/einstein/Desktop/slambot_ros2/install/slambot_bringup/share/slambot_bringup/package.dsv'
[3.791s] INFO:colcon.colcon_core.shell:Creating package script '/home/einstein/Desktop/slambot_ros2/install/slambot_bringup/share/slambot_bringup/package.sh'
[3.791s] INFO:colcon.colcon_core.shell:Creating package script '/home/einstein/Desktop/slambot_ros2/install/slambot_bringup/share/slambot_bringup/package.bash'
[3.792s] INFO:colcon.colcon_core.shell:Creating package script '/home/einstein/Desktop/slambot_ros2/install/slambot_bringup/share/slambot_bringup/package.zsh'
[3.792s] Level 1:colcon.colcon_core.environment:create_file_with_runtime_dependencies(/home/einstein/Desktop/slambot_ros2/install/slambot_bringup/share/colcon-core/packages/slambot_bringup)
[3.807s] Level 1:colcon.colcon_core.environment:create_environment_scripts_only(slambot_bringup)
[3.807s] Level 1:colcon.colcon_core.environment:checking '/home/einstein/Desktop/slambot_ros2/install/slambot_bringup' for CMake module files
[3.807s] Level 1:colcon.colcon_core.environment:checking '/home/einstein/Desktop/slambot_ros2/install/slambot_bringup' for CMake config files
[3.807s] Level 1:colcon.colcon_core.shell:create_environment_hook('slambot_bringup', 'cmake_prefix_path')
[3.808s] INFO:colcon.colcon_core.shell:Creating environment hook '/home/einstein/Desktop/slambot_ros2/install/slambot_bringup/share/slambot_bringup/hook/cmake_prefix_path.ps1'
[3.808s] INFO:colcon.colcon_core.shell:Creating environment descriptor '/home/einstein/Desktop/slambot_ros2/install/slambot_bringup/share/slambot_bringup/hook/cmake_prefix_path.dsv'
[3.808s] INFO:colcon.colcon_core.shell:Creating environment hook '/home/einstein/Desktop/slambot_ros2/install/slambot_bringup/share/slambot_bringup/hook/cmake_prefix_path.sh'
[3.809s] Level 1:colcon.colcon_core.environment:checking '/home/einstein/Desktop/slambot_ros2/install/slambot_bringup/bin'
[3.809s] Level 1:colcon.colcon_core.environment:checking '/home/einstein/Desktop/slambot_ros2/install/slambot_bringup/lib/pkgconfig/slambot_bringup.pc'
[3.809s] Level 1:colcon.colcon_core.environment:checking '/home/einstein/Desktop/slambot_ros2/install/slambot_bringup/lib/python3.10/site-packages'
[3.809s] Level 1:colcon.colcon_core.environment:checking '/home/einstein/Desktop/slambot_ros2/install/slambot_bringup/bin'
[3.809s] INFO:colcon.colcon_core.shell:Creating package script '/home/einstein/Desktop/slambot_ros2/install/slambot_bringup/share/slambot_bringup/package.ps1'
[3.810s] INFO:colcon.colcon_core.shell:Creating package descriptor '/home/einstein/Desktop/slambot_ros2/install/slambot_bringup/share/slambot_bringup/package.dsv'
[3.810s] INFO:colcon.colcon_core.shell:Creating package script '/home/einstein/Desktop/slambot_ros2/install/slambot_bringup/share/slambot_bringup/package.sh'
[3.810s] INFO:colcon.colcon_core.shell:Creating package script '/home/einstein/Desktop/slambot_ros2/install/slambot_bringup/share/slambot_bringup/package.bash'
[3.819s] INFO:colcon.colcon_core.shell:Creating package script '/home/einstein/Desktop/slambot_ros2/install/slambot_bringup/share/slambot_bringup/package.zsh'
[3.820s] Level 1:colcon.colcon_core.environment:create_file_with_runtime_dependencies(/home/einstein/Desktop/slambot_ros2/install/slambot_bringup/share/colcon-core/packages/slambot_bringup)
[12.381s] DEBUG:colcon.colcon_core.event_handler.log_command:Invoked command in '/home/einstein/Desktop/slambot_ros2/build/slambot_controllers' returned '0': CMAKE_PREFIX_PATH=${CMAKE_PREFIX_PATH}:/opt/ros/humble /usr/bin/cmake --build /home/einstein/Desktop/slambot_ros2/build/slambot_controllers -- -j8 -l8
[12.403s] DEBUG:colcon.colcon_core.event_handler.log_command:Invoking command in '/home/einstein/Desktop/slambot_ros2/build/slambot_controllers': CMAKE_PREFIX_PATH=${CMAKE_PREFIX_PATH}:/opt/ros/humble /usr/bin/cmake --install /home/einstein/Desktop/slambot_ros2/build/slambot_controllers
[12.832s] Level 1:colcon.colcon_core.environment:create_environment_scripts_only(slambot_controllers)
[12.832s] Level 1:colcon.colcon_core.environment:checking '/home/einstein/Desktop/slambot_ros2/install/slambot_controllers' for CMake module files
[12.833s] DEBUG:colcon.colcon_core.event_handler.log_command:Invoked command in '/home/einstein/Desktop/slambot_ros2/build/slambot_controllers' returned '0': CMAKE_PREFIX_PATH=${CMAKE_PREFIX_PATH}:/opt/ros/humble /usr/bin/cmake --install /home/einstein/Desktop/slambot_ros2/build/slambot_controllers
[12.833s] Level 1:colcon.colcon_core.environment:checking '/home/einstein/Desktop/slambot_ros2/install/slambot_controllers' for CMake config files
[12.834s] Level 1:colcon.colcon_core.shell:create_environment_hook('slambot_controllers', 'cmake_prefix_path')
[12.834s] INFO:colcon.colcon_core.shell:Creating environment hook '/home/einstein/Desktop/slambot_ros2/install/slambot_controllers/share/slambot_controllers/hook/cmake_prefix_path.ps1'
[12.834s] INFO:colcon.colcon_core.shell:Creating environment descriptor '/home/einstein/Desktop/slambot_ros2/install/slambot_controllers/share/slambot_controllers/hook/cmake_prefix_path.dsv'
[12.835s] INFO:colcon.colcon_core.shell:Creating environment hook '/home/einstein/Desktop/slambot_ros2/install/slambot_controllers/share/slambot_controllers/hook/cmake_prefix_path.sh'
[12.835s] Level 1:colcon.colcon_core.environment:checking '/home/einstein/Desktop/slambot_ros2/install/slambot_controllers/lib'
[12.835s] Level 1:colcon.colcon_core.environment:checking '/home/einstein/Desktop/slambot_ros2/install/slambot_controllers/bin'
[12.835s] Level 1:colcon.colcon_core.environment:checking '/home/einstein/Desktop/slambot_ros2/install/slambot_controllers/lib/pkgconfig/slambot_controllers.pc'
[12.836s] Level 1:colcon.colcon_core.environment:checking '/home/einstein/Desktop/slambot_ros2/install/slambot_controllers/lib/python3.10/site-packages'
[12.836s] Level 1:colcon.colcon_core.environment:checking '/home/einstein/Desktop/slambot_ros2/install/slambot_controllers/bin'
[12.836s] INFO:colcon.colcon_core.shell:Creating package script '/home/einstein/Desktop/slambot_ros2/install/slambot_controllers/share/slambot_controllers/package.ps1'
[12.837s] INFO:colcon.colcon_core.shell:Creating package descriptor '/home/einstein/Desktop/slambot_ros2/install/slambot_controllers/share/slambot_controllers/package.dsv'
[12.837s] INFO:colcon.colcon_core.shell:Creating package script '/home/einstein/Desktop/slambot_ros2/install/slambot_controllers/share/slambot_controllers/package.sh'
[12.841s] INFO:colcon.colcon_core.shell:Creating package script '/home/einstein/Desktop/slambot_ros2/install/slambot_controllers/share/slambot_controllers/package.bash'
[12.841s] INFO:colcon.colcon_core.shell:Creating package script '/home/einstein/Desktop/slambot_ros2/install/slambot_controllers/share/slambot_controllers/package.zsh'
[12.842s] Level 1:colcon.colcon_core.environment:create_file_with_runtime_dependencies(/home/einstein/Desktop/slambot_ros2/install/slambot_controllers/share/colcon-core/packages/slambot_controllers)
[12.879s] Level 1:colcon.colcon_core.environment:create_environment_scripts_only(slambot_controllers)
[12.879s] Level 1:colcon.colcon_core.environment:checking '/home/einstein/Desktop/slambot_ros2/install/slambot_controllers' for CMake module files
[12.880s] Level 1:colcon.colcon_core.environment:checking '/home/einstein/Desktop/slambot_ros2/install/slambot_controllers' for CMake config files
[12.881s] Level 1:colcon.colcon_core.shell:create_environment_hook('slambot_controllers', 'cmake_prefix_path')
[12.881s] INFO:colcon.colcon_core.shell:Creating environment hook '/home/einstein/Desktop/slambot_ros2/install/slambot_controllers/share/slambot_controllers/hook/cmake_prefix_path.ps1'
[12.882s] INFO:colcon.colcon_core.shell:Creating environment descriptor '/home/einstein/Desktop/slambot_ros2/install/slambot_controllers/share/slambot_controllers/hook/cmake_prefix_path.dsv'
[12.882s] INFO:colcon.colcon_core.shell:Creating environment hook '/home/einstein/Desktop/slambot_ros2/install/slambot_controllers/share/slambot_controllers/hook/cmake_prefix_path.sh'
[12.883s] Level 1:colcon.colcon_core.environment:checking '/home/einstein/Desktop/slambot_ros2/install/slambot_controllers/lib'
[12.883s] Level 1:colcon.colcon_core.environment:checking '/home/einstein/Desktop/slambot_ros2/install/slambot_controllers/bin'
[12.883s] Level 1:colcon.colcon_core.environment:checking '/home/einstein/Desktop/slambot_ros2/install/slambot_controllers/lib/pkgconfig/slambot_controllers.pc'
[12.883s] Level 1:colcon.colcon_core.environment:checking '/home/einstein/Desktop/slambot_ros2/install/slambot_controllers/lib/python3.10/site-packages'
[12.884s] Level 1:colcon.colcon_core.environment:checking '/home/einstein/Desktop/slambot_ros2/install/slambot_controllers/bin'
[12.884s] INFO:colcon.colcon_core.shell:Creating package script '/home/einstein/Desktop/slambot_ros2/install/slambot_controllers/share/slambot_controllers/package.ps1'
[12.884s] INFO:colcon.colcon_core.shell:Creating package descriptor '/home/einstein/Desktop/slambot_ros2/install/slambot_controllers/share/slambot_controllers/package.dsv'
[12.892s] INFO:colcon.colcon_core.shell:Creating package script '/home/einstein/Desktop/slambot_ros2/install/slambot_controllers/share/slambot_controllers/package.sh'
[12.893s] INFO:colcon.colcon_core.shell:Creating package script '/home/einstein/Desktop/slambot_ros2/install/slambot_controllers/share/slambot_controllers/package.bash'
[12.894s] INFO:colcon.colcon_core.shell:Creating package script '/home/einstein/Desktop/slambot_ros2/install/slambot_controllers/share/slambot_controllers/package.zsh'
[12.894s] Level 1:colcon.colcon_core.environment:create_file_with_runtime_dependencies(/home/einstein/Desktop/slambot_ros2/install/slambot_controllers/share/colcon-core/packages/slambot_controllers)
[12.895s] DEBUG:colcon.colcon_parallel_executor.executor.parallel:closing loop
[12.895s] DEBUG:colcon.colcon_parallel_executor.executor.parallel:loop closed
[12.895s] DEBUG:colcon.colcon_parallel_executor.executor.parallel:run_until_complete finished with '0'
[12.895s] DEBUG:colcon.colcon_core.event_reactor:joining thread
[12.916s] INFO:colcon.colcon_core.plugin_system:Skipping extension 'colcon_notification.desktop_notification.terminal_notifier': Not used on non-Darwin systems
[12.916s] INFO:colcon.colcon_core.plugin_system:Skipping extension 'colcon_notification.desktop_notification.win32': Not used on non-Windows systems
[12.916s] INFO:colcon.colcon_notification.desktop_notification:Sending desktop notification using 'notify2'
[12.935s] DEBUG:colcon.colcon_core.event_reactor:joined thread
[12.935s] INFO:colcon.colcon_core.shell:Creating prefix script '/home/einstein/Desktop/slambot_ros2/install/local_setup.ps1'
[12.936s] INFO:colcon.colcon_core.shell:Creating prefix util module '/home/einstein/Desktop/slambot_ros2/install/_local_setup_util_ps1.py'
[12.938s] INFO:colcon.colcon_core.shell:Creating prefix chain script '/home/einstein/Desktop/slambot_ros2/install/setup.ps1'
[12.940s] INFO:colcon.colcon_core.shell:Creating prefix script '/home/einstein/Desktop/slambot_ros2/install/local_setup.sh'
[12.940s] INFO:colcon.colcon_core.shell:Creating prefix util module '/home/einstein/Desktop/slambot_ros2/install/_local_setup_util_sh.py'
[12.948s] INFO:colcon.colcon_core.shell:Creating prefix chain script '/home/einstein/Desktop/slambot_ros2/install/setup.sh'
[12.949s] INFO:colcon.colcon_core.shell:Creating prefix script '/home/einstein/Desktop/slambot_ros2/install/local_setup.bash'
[12.950s] INFO:colcon.colcon_core.shell:Creating prefix chain script '/home/einstein/Desktop/slambot_ros2/install/setup.bash'
[12.951s] INFO:colcon.colcon_core.shell:Creating prefix script '/home/einstein/Desktop/slambot_ros2/install/local_setup.zsh'
[12.952s] INFO:colcon.colcon_core.shell:Creating prefix chain script '/home/einstein/Desktop/slambot_ros2/install/setup.zsh'
