[  0%] Built target ament_cmake_python_copy_slambot_controllers
[ 50%] Built target noisy_controller
[100%] Built target simple_controller
running egg_info
writing slambot_controllers.egg-info/PKG-INFO
writing dependency_links to slambot_controllers.egg-info/dependency_links.txt
writing top-level names to slambot_controllers.egg-info/top_level.txt
reading manifest file 'slambot_controllers.egg-info/SOURCES.txt'
writing manifest file 'slambot_controllers.egg-info/SOURCES.txt'
[100%] Built target ament_cmake_python_build_slambot_controllers_egg
-- Install configuration: ""
-- Up-to-date: /home/einstein/Desktop/slambot_ros2/install/slambot_controllers/share/slambot_controllers/environment/pythonpath.sh
-- Up-to-date: /home/einstein/Desktop/slambot_ros2/install/slambot_controllers/share/slambot_controllers/environment/pythonpath.dsv
-- Up-to-date: /home/einstein/Desktop/slambot_ros2/install/slambot_controllers/local/lib/python3.10/dist-packages/slambot_controllers-0.0.0-py3.10.egg-info
-- Installing: /home/einstein/Desktop/slambot_ros2/install/slambot_controllers/local/lib/python3.10/dist-packages/slambot_controllers-0.0.0-py3.10.egg-info/dependency_links.txt
-- Installing: /home/einstein/Desktop/slambot_ros2/install/slambot_controllers/local/lib/python3.10/dist-packages/slambot_controllers-0.0.0-py3.10.egg-info/PKG-INFO
-- Installing: /home/einstein/Desktop/slambot_ros2/install/slambot_controllers/local/lib/python3.10/dist-packages/slambot_controllers-0.0.0-py3.10.egg-info/top_level.txt
-- Installing: /home/einstein/Desktop/slambot_ros2/install/slambot_controllers/local/lib/python3.10/dist-packages/slambot_controllers-0.0.0-py3.10.egg-info/SOURCES.txt
-- Up-to-date: /home/einstein/Desktop/slambot_ros2/install/slambot_controllers/local/lib/python3.10/dist-packages/slambot_controllers
-- Up-to-date: /home/einstein/Desktop/slambot_ros2/install/slambot_controllers/local/lib/python3.10/dist-packages/slambot_controllers/noisy_controller.py
-- Up-to-date: /home/einstein/Desktop/slambot_ros2/install/slambot_controllers/local/lib/python3.10/dist-packages/slambot_controllers/simple_controller.py
-- Up-to-date: /home/einstein/Desktop/slambot_ros2/install/slambot_controllers/local/lib/python3.10/dist-packages/slambot_controllers/__init__.py
Listing '/home/einstein/Desktop/slambot_ros2/install/slambot_controllers/local/lib/python3.10/dist-packages/slambot_controllers'...
-- Up-to-date: /home/einstein/Desktop/slambot_ros2/install/slambot_controllers/include/include
-- Up-to-date: /home/einstein/Desktop/slambot_ros2/install/slambot_controllers/include/include/slambot_controllers
-- Up-to-date: /home/einstein/Desktop/slambot_ros2/install/slambot_controllers/include/include/slambot_controllers/noisy_controller.hpp
-- Up-to-date: /home/einstein/Desktop/slambot_ros2/install/slambot_controllers/include/include/slambot_controllers/simple_controller.hpp
-- Up-to-date: /home/einstein/Desktop/slambot_ros2/install/slambot_controllers/lib/slambot_controllers/simple_controller
-- Up-to-date: /home/einstein/Desktop/slambot_ros2/install/slambot_controllers/lib/slambot_controllers/noisy_controller
-- Up-to-date: /home/einstein/Desktop/slambot_ros2/install/slambot_controllers/share/slambot_controllers/launch
-- Up-to-date: /home/einstein/Desktop/slambot_ros2/install/slambot_controllers/share/slambot_controllers/launch/joystick_teleop.launch.py
-- Up-to-date: /home/einstein/Desktop/slambot_ros2/install/slambot_controllers/share/slambot_controllers/launch/controller.launch.py
-- Up-to-date: /home/einstein/Desktop/slambot_ros2/install/slambot_controllers/share/slambot_controllers/config
-- Up-to-date: /home/einstein/Desktop/slambot_ros2/install/slambot_controllers/share/slambot_controllers/config/slambot_controllers.yaml
-- Up-to-date: /home/einstein/Desktop/slambot_ros2/install/slambot_controllers/share/slambot_controllers/config/gazebo_params.yaml
-- Up-to-date: /home/einstein/Desktop/slambot_ros2/install/slambot_controllers/lib/slambot_controllers/simple_controller.py
-- Up-to-date: /home/einstein/Desktop/slambot_ros2/install/slambot_controllers/lib/slambot_controllers/noisy_controller.py
-- Up-to-date: /home/einstein/Desktop/slambot_ros2/install/slambot_controllers/share/ament_index/resource_index/package_run_dependencies/slambot_controllers
-- Up-to-date: /home/einstein/Desktop/slambot_ros2/install/slambot_controllers/share/ament_index/resource_index/parent_prefix_path/slambot_controllers
-- Up-to-date: /home/einstein/Desktop/slambot_ros2/install/slambot_controllers/share/slambot_controllers/environment/ament_prefix_path.sh
-- Up-to-date: /home/einstein/Desktop/slambot_ros2/install/slambot_controllers/share/slambot_controllers/environment/ament_prefix_path.dsv
-- Up-to-date: /home/einstein/Desktop/slambot_ros2/install/slambot_controllers/share/slambot_controllers/environment/path.sh
-- Up-to-date: /home/einstein/Desktop/slambot_ros2/install/slambot_controllers/share/slambot_controllers/environment/path.dsv
-- Up-to-date: /home/einstein/Desktop/slambot_ros2/install/slambot_controllers/share/slambot_controllers/local_setup.bash
-- Up-to-date: /home/einstein/Desktop/slambot_ros2/install/slambot_controllers/share/slambot_controllers/local_setup.sh
-- Up-to-date: /home/einstein/Desktop/slambot_ros2/install/slambot_controllers/share/slambot_controllers/local_setup.zsh
-- Up-to-date: /home/einstein/Desktop/slambot_ros2/install/slambot_controllers/share/slambot_controllers/local_setup.dsv
-- Installing: /home/einstein/Desktop/slambot_ros2/install/slambot_controllers/share/slambot_controllers/package.dsv
-- Up-to-date: /home/einstein/Desktop/slambot_ros2/install/slambot_controllers/share/ament_index/resource_index/packages/slambot_controllers
-- Up-to-date: /home/einstein/Desktop/slambot_ros2/install/slambot_controllers/share/slambot_controllers/cmake/slambot_controllersConfig.cmake
-- Up-to-date: /home/einstein/Desktop/slambot_ros2/install/slambot_controllers/share/slambot_controllers/cmake/slambot_controllersConfig-version.cmake
-- Up-to-date: /home/einstein/Desktop/slambot_ros2/install/slambot_controllers/share/slambot_controllers/package.xml
