[0.008s] Invoking command in '/home/einstein/Desktop/slambot_ros2/build/slambot_bringup': AMENT_PREFIX_PATH=/home/einstein/Desktop/slambot_ros2/install/slambot_firmware:/home/einstein/Desktop/slambot_ros2/install/slambot_description:${AMENT_PREFIX_PATH} CMAKE_PREFIX_PATH=/home/einstein/Desktop/slambot_ros2/install/slambot_firmware:/home/einstein/Desktop/slambot_ros2/install/slambot_description:/home/einstein/Documents/serial_ws/install/serial_launch_file:/home/einstein/Documents/serial_ws/install/serial_cpp_pkg:/home/einstein/Documents/serial_ws/install/odometry_estimator:/home/einstein/Documents/gamepad_ws/install/gamepad_bringup:/home/einstein/Documents/SLAM_WS/install/slambot_description:/home/einstein/Documents/SLAM_WS/install/cpp_code_pkg:/opt/ros/humble LD_LIBRARY_PATH=/home/einstein/Desktop/slambot_ros2/install/slambot_firmware/lib:${LD_LIBRARY_PATH} PYTHONPATH=/home/einstein/Desktop/slambot_ros2/install/slambot_firmware/local/lib/python3.10/dist-packages:${PYTHONPATH} /usr/bin/cmake /home/einstein/Desktop/slambot_ros2/src/slambot_bringup -DCMAKE_INSTALL_PREFIX=/home/einstein/Desktop/slambot_ros2/install/slambot_bringup
[0.049s] -- The C compiler identification is GNU 11.4.0
[0.090s] -- The CXX compiler identification is GNU 11.4.0
[0.095s] -- Detecting C compiler ABI info
[0.153s] -- Detecting C compiler ABI info - done
[0.158s] -- Check for working C compiler: /usr/bin/cc - skipped
[0.158s] -- Detecting C compile features
[0.159s] -- Detecting C compile features - done
[0.161s] -- Detecting CXX compiler ABI info
[0.228s] -- Detecting CXX compiler ABI info - done
[0.234s] -- Check for working CXX compiler: /usr/bin/c++ - skipped
[0.234s] -- Detecting CXX compile features
[0.234s] -- Detecting CXX compile features - done
[0.236s] -- Found ament_cmake: 1.3.10 (/opt/ros/humble/share/ament_cmake/cmake)
[0.352s] -- Found Python3: /usr/bin/python3 (found version "3.10.12") found components: Interpreter 
[0.426s] -- Found ament_lint_auto: 0.12.11 (/opt/ros/humble/share/ament_lint_auto/cmake)
[0.489s] -- Added test 'flake8' to check Python code syntax and style conventions
[0.489s] -- Added test 'lint_cmake' to check CMake code style
[0.489s] -- Added test 'pep257' to check Python code against some of the docstring style conventions in PEP 257
[0.490s] -- Added test 'xmllint' to check XML markup files
[0.491s] -- Configuring done
[0.492s] -- Generating done
[0.493s] -- Build files have been written to: /home/einstein/Desktop/slambot_ros2/build/slambot_bringup
[0.496s] Invoked command in '/home/einstein/Desktop/slambot_ros2/build/slambot_bringup' returned '0': AMENT_PREFIX_PATH=/home/einstein/Desktop/slambot_ros2/install/slambot_firmware:/home/einstein/Desktop/slambot_ros2/install/slambot_description:${AMENT_PREFIX_PATH} CMAKE_PREFIX_PATH=/home/einstein/Desktop/slambot_ros2/install/slambot_firmware:/home/einstein/Desktop/slambot_ros2/install/slambot_description:/home/einstein/Documents/serial_ws/install/serial_launch_file:/home/einstein/Documents/serial_ws/install/serial_cpp_pkg:/home/einstein/Documents/serial_ws/install/odometry_estimator:/home/einstein/Documents/gamepad_ws/install/gamepad_bringup:/home/einstein/Documents/SLAM_WS/install/slambot_description:/home/einstein/Documents/SLAM_WS/install/cpp_code_pkg:/opt/ros/humble LD_LIBRARY_PATH=/home/einstein/Desktop/slambot_ros2/install/slambot_firmware/lib:${LD_LIBRARY_PATH} PYTHONPATH=/home/einstein/Desktop/slambot_ros2/install/slambot_firmware/local/lib/python3.10/dist-packages:${PYTHONPATH} /usr/bin/cmake /home/einstein/Desktop/slambot_ros2/src/slambot_bringup -DCMAKE_INSTALL_PREFIX=/home/einstein/Desktop/slambot_ros2/install/slambot_bringup
[0.498s] Invoking command in '/home/einstein/Desktop/slambot_ros2/build/slambot_bringup': AMENT_PREFIX_PATH=/home/einstein/Desktop/slambot_ros2/install/slambot_firmware:/home/einstein/Desktop/slambot_ros2/install/slambot_description:${AMENT_PREFIX_PATH} CMAKE_PREFIX_PATH=/home/einstein/Desktop/slambot_ros2/install/slambot_firmware:/home/einstein/Desktop/slambot_ros2/install/slambot_description:/home/einstein/Documents/serial_ws/install/serial_launch_file:/home/einstein/Documents/serial_ws/install/serial_cpp_pkg:/home/einstein/Documents/serial_ws/install/odometry_estimator:/home/einstein/Documents/gamepad_ws/install/gamepad_bringup:/home/einstein/Documents/SLAM_WS/install/slambot_description:/home/einstein/Documents/SLAM_WS/install/cpp_code_pkg:/opt/ros/humble LD_LIBRARY_PATH=/home/einstein/Desktop/slambot_ros2/install/slambot_firmware/lib:${LD_LIBRARY_PATH} PYTHONPATH=/home/einstein/Desktop/slambot_ros2/install/slambot_firmware/local/lib/python3.10/dist-packages:${PYTHONPATH} /usr/bin/cmake --build /home/einstein/Desktop/slambot_ros2/build/slambot_bringup -- -j8 -l8
[0.525s] Invoked command in '/home/einstein/Desktop/slambot_ros2/build/slambot_bringup' returned '0': AMENT_PREFIX_PATH=/home/einstein/Desktop/slambot_ros2/install/slambot_firmware:/home/einstein/Desktop/slambot_ros2/install/slambot_description:${AMENT_PREFIX_PATH} CMAKE_PREFIX_PATH=/home/einstein/Desktop/slambot_ros2/install/slambot_firmware:/home/einstein/Desktop/slambot_ros2/install/slambot_description:/home/einstein/Documents/serial_ws/install/serial_launch_file:/home/einstein/Documents/serial_ws/install/serial_cpp_pkg:/home/einstein/Documents/serial_ws/install/odometry_estimator:/home/einstein/Documents/gamepad_ws/install/gamepad_bringup:/home/einstein/Documents/SLAM_WS/install/slambot_description:/home/einstein/Documents/SLAM_WS/install/cpp_code_pkg:/opt/ros/humble LD_LIBRARY_PATH=/home/einstein/Desktop/slambot_ros2/install/slambot_firmware/lib:${LD_LIBRARY_PATH} PYTHONPATH=/home/einstein/Desktop/slambot_ros2/install/slambot_firmware/local/lib/python3.10/dist-packages:${PYTHONPATH} /usr/bin/cmake --build /home/einstein/Desktop/slambot_ros2/build/slambot_bringup -- -j8 -l8
[0.541s] Invoking command in '/home/einstein/Desktop/slambot_ros2/build/slambot_bringup': AMENT_PREFIX_PATH=/home/einstein/Desktop/slambot_ros2/install/slambot_firmware:/home/einstein/Desktop/slambot_ros2/install/slambot_description:${AMENT_PREFIX_PATH} CMAKE_PREFIX_PATH=/home/einstein/Desktop/slambot_ros2/install/slambot_firmware:/home/einstein/Desktop/slambot_ros2/install/slambot_description:/home/einstein/Documents/serial_ws/install/serial_launch_file:/home/einstein/Documents/serial_ws/install/serial_cpp_pkg:/home/einstein/Documents/serial_ws/install/odometry_estimator:/home/einstein/Documents/gamepad_ws/install/gamepad_bringup:/home/einstein/Documents/SLAM_WS/install/slambot_description:/home/einstein/Documents/SLAM_WS/install/cpp_code_pkg:/opt/ros/humble LD_LIBRARY_PATH=/home/einstein/Desktop/slambot_ros2/install/slambot_firmware/lib:${LD_LIBRARY_PATH} PYTHONPATH=/home/einstein/Desktop/slambot_ros2/install/slambot_firmware/local/lib/python3.10/dist-packages:${PYTHONPATH} /usr/bin/cmake --install /home/einstein/Desktop/slambot_ros2/build/slambot_bringup
[0.547s] -- Install configuration: ""
[0.547s] -- Installing: /home/einstein/Desktop/slambot_ros2/install/slambot_bringup/share/slambot_bringup/config
[0.547s] -- Installing: /home/einstein/Desktop/slambot_ros2/install/slambot_bringup/share/slambot_bringup/config/rplidar_a1.yaml
[0.547s] -- Installing: /home/einstein/Desktop/slambot_ros2/install/slambot_bringup/share/slambot_bringup/launch
[0.547s] -- Installing: /home/einstein/Desktop/slambot_ros2/install/slambot_bringup/share/slambot_bringup/launch/slambot_real.launch.py
[0.547s] -- Installing: /home/einstein/Desktop/slambot_ros2/install/slambot_bringup/share/ament_index/resource_index/package_run_dependencies/slambot_bringup
[0.547s] -- Installing: /home/einstein/Desktop/slambot_ros2/install/slambot_bringup/share/ament_index/resource_index/parent_prefix_path/slambot_bringup
[0.547s] -- Installing: /home/einstein/Desktop/slambot_ros2/install/slambot_bringup/share/slambot_bringup/environment/ament_prefix_path.sh
[0.547s] -- Installing: /home/einstein/Desktop/slambot_ros2/install/slambot_bringup/share/slambot_bringup/environment/ament_prefix_path.dsv
[0.547s] -- Installing: /home/einstein/Desktop/slambot_ros2/install/slambot_bringup/share/slambot_bringup/environment/path.sh
[0.548s] -- Installing: /home/einstein/Desktop/slambot_ros2/install/slambot_bringup/share/slambot_bringup/environment/path.dsv
[0.548s] -- Installing: /home/einstein/Desktop/slambot_ros2/install/slambot_bringup/share/slambot_bringup/local_setup.bash
[0.548s] -- Installing: /home/einstein/Desktop/slambot_ros2/install/slambot_bringup/share/slambot_bringup/local_setup.sh
[0.548s] -- Installing: /home/einstein/Desktop/slambot_ros2/install/slambot_bringup/share/slambot_bringup/local_setup.zsh
[0.548s] -- Installing: /home/einstein/Desktop/slambot_ros2/install/slambot_bringup/share/slambot_bringup/local_setup.dsv
[0.548s] -- Installing: /home/einstein/Desktop/slambot_ros2/install/slambot_bringup/share/slambot_bringup/package.dsv
[0.548s] -- Installing: /home/einstein/Desktop/slambot_ros2/install/slambot_bringup/share/ament_index/resource_index/packages/slambot_bringup
[0.548s] -- Installing: /home/einstein/Desktop/slambot_ros2/install/slambot_bringup/share/slambot_bringup/cmake/slambot_bringupConfig.cmake
[0.548s] -- Installing: /home/einstein/Desktop/slambot_ros2/install/slambot_bringup/share/slambot_bringup/cmake/slambot_bringupConfig-version.cmake
[0.548s] -- Installing: /home/einstein/Desktop/slambot_ros2/install/slambot_bringup/share/slambot_bringup/package.xml
[0.550s] Invoked command in '/home/einstein/Desktop/slambot_ros2/build/slambot_bringup' returned '0': AMENT_PREFIX_PATH=/home/einstein/Desktop/slambot_ros2/install/slambot_firmware:/home/einstein/Desktop/slambot_ros2/install/slambot_description:${AMENT_PREFIX_PATH} CMAKE_PREFIX_PATH=/home/einstein/Desktop/slambot_ros2/install/slambot_firmware:/home/einstein/Desktop/slambot_ros2/install/slambot_description:/home/einstein/Documents/serial_ws/install/serial_launch_file:/home/einstein/Documents/serial_ws/install/serial_cpp_pkg:/home/einstein/Documents/serial_ws/install/odometry_estimator:/home/einstein/Documents/gamepad_ws/install/gamepad_bringup:/home/einstein/Documents/SLAM_WS/install/slambot_description:/home/einstein/Documents/SLAM_WS/install/cpp_code_pkg:/opt/ros/humble LD_LIBRARY_PATH=/home/einstein/Desktop/slambot_ros2/install/slambot_firmware/lib:${LD_LIBRARY_PATH} PYTHONPATH=/home/einstein/Desktop/slambot_ros2/install/slambot_firmware/local/lib/python3.10/dist-packages:${PYTHONPATH} /usr/bin/cmake --install /home/einstein/Desktop/slambot_ros2/build/slambot_bringup
