[0.068s] DEBUG:colcon:Command line arguments: ['/usr/bin/colcon', 'build']
[0.068s] DEBUG:colcon:Parsed command line arguments: Namespace(log_base=None, log_level=None, verb_name='build', build_base='build', install_base='install', merge_install=False, symlink_install=False, test_result_base=None, continue_on_error=False, executor='parallel', parallel_workers=8, event_handlers=None, ignore_user_meta=False, metas=['./colcon.meta'], base_paths=['.'], packages_ignore=None, packages_ignore_regex=None, paths=None, packages_up_to=None, packages_up_to_regex=None, packages_above=None, packages_above_and_dependencies=None, packages_above_depth=None, packages_select_by_dep=None, packages_skip_by_dep=None, packages_skip_up_to=None, packages_select_build_failed=False, packages_skip_build_finished=False, packages_select_test_failures=False, packages_skip_test_passed=False, packages_select=None, packages_skip=None, packages_select_regex=None, packages_skip_regex=None, packages_start=None, packages_end=None, allow_overriding=[], cmake_args=None, cmake_target=None, cmake_target_skip_unavailable=False, cmake_clean_cache=False, cmake_clean_first=False, cmake_force_configure=False, ament_cmake_args=None, catkin_cmake_args=None, catkin_skip_building_tests=False, verb_parser=<colcon_defaults.argument_parser.defaults.DefaultArgumentsDecorator object at 0x756e7fb545b0>, verb_extension=<colcon_core.verb.build.BuildVerb object at 0x756e7fb1ff70>, main=<bound method BuildVerb.main of <colcon_core.verb.build.BuildVerb object at 0x756e7fb1ff70>>)
[0.179s] Level 1:colcon.colcon_core.package_discovery:discover_packages(colcon_meta) check parameters
[0.179s] Level 1:colcon.colcon_core.package_discovery:discover_packages(recursive) check parameters
[0.179s] Level 1:colcon.colcon_core.package_discovery:discover_packages(ignore) check parameters
[0.179s] Level 1:colcon.colcon_core.package_discovery:discover_packages(path) check parameters
[0.179s] Level 1:colcon.colcon_core.package_discovery:discover_packages(colcon_meta) discover
[0.179s] Level 1:colcon.colcon_core.package_discovery:discover_packages(recursive) discover
[0.179s] INFO:colcon.colcon_core.package_discovery:Crawling recursively for packages in '/home/einstein/Desktop/slambot_ros2'
[0.179s] Level 1:colcon.colcon_core.package_identification:_identify(.) by extensions ['ignore', 'ignore_ament_install']
[0.179s] Level 1:colcon.colcon_core.package_identification:_identify(.) by extension 'ignore'
[0.179s] Level 1:colcon.colcon_core.package_identification:_identify(.) by extension 'ignore_ament_install'
[0.179s] Level 1:colcon.colcon_core.package_identification:_identify(.) by extensions ['colcon_pkg']
[0.179s] Level 1:colcon.colcon_core.package_identification:_identify(.) by extension 'colcon_pkg'
[0.179s] Level 1:colcon.colcon_core.package_identification:_identify(.) by extensions ['colcon_meta']
[0.179s] Level 1:colcon.colcon_core.package_identification:_identify(.) by extension 'colcon_meta'
[0.179s] Level 1:colcon.colcon_core.package_identification:_identify(.) by extensions ['ros']
[0.179s] Level 1:colcon.colcon_core.package_identification:_identify(.) by extension 'ros'
[0.188s] Level 1:colcon.colcon_core.package_identification:_identify(.) by extensions ['cmake', 'python']
[0.188s] Level 1:colcon.colcon_core.package_identification:_identify(.) by extension 'cmake'
[0.188s] Level 1:colcon.colcon_core.package_identification:_identify(.) by extension 'python'
[0.188s] Level 1:colcon.colcon_core.package_identification:_identify(.) by extensions ['python_setup_py']
[0.188s] Level 1:colcon.colcon_core.package_identification:_identify(.) by extension 'python_setup_py'
[0.188s] Level 1:colcon.colcon_core.package_identification:_identify(build) by extensions ['ignore', 'ignore_ament_install']
[0.188s] Level 1:colcon.colcon_core.package_identification:_identify(build) by extension 'ignore'
[0.188s] Level 1:colcon.colcon_core.package_identification:_identify(build) ignored
[0.188s] Level 1:colcon.colcon_core.package_identification:_identify(install) by extensions ['ignore', 'ignore_ament_install']
[0.188s] Level 1:colcon.colcon_core.package_identification:_identify(install) by extension 'ignore'
[0.188s] Level 1:colcon.colcon_core.package_identification:_identify(install) ignored
[0.188s] Level 1:colcon.colcon_core.package_identification:_identify(log) by extensions ['ignore', 'ignore_ament_install']
[0.188s] Level 1:colcon.colcon_core.package_identification:_identify(log) by extension 'ignore'
[0.188s] Level 1:colcon.colcon_core.package_identification:_identify(log) ignored
[0.188s] Level 1:colcon.colcon_core.package_identification:_identify(src) by extensions ['ignore', 'ignore_ament_install']
[0.188s] Level 1:colcon.colcon_core.package_identification:_identify(src) by extension 'ignore'
[0.188s] Level 1:colcon.colcon_core.package_identification:_identify(src) by extension 'ignore_ament_install'
[0.188s] Level 1:colcon.colcon_core.package_identification:_identify(src) by extensions ['colcon_pkg']
[0.188s] Level 1:colcon.colcon_core.package_identification:_identify(src) by extension 'colcon_pkg'
[0.189s] Level 1:colcon.colcon_core.package_identification:_identify(src) by extensions ['colcon_meta']
[0.189s] Level 1:colcon.colcon_core.package_identification:_identify(src) by extension 'colcon_meta'
[0.189s] Level 1:colcon.colcon_core.package_identification:_identify(src) by extensions ['ros']
[0.189s] Level 1:colcon.colcon_core.package_identification:_identify(src) by extension 'ros'
[0.189s] Level 1:colcon.colcon_core.package_identification:_identify(src) by extensions ['cmake', 'python']
[0.189s] Level 1:colcon.colcon_core.package_identification:_identify(src) by extension 'cmake'
[0.189s] Level 1:colcon.colcon_core.package_identification:_identify(src) by extension 'python'
[0.189s] Level 1:colcon.colcon_core.package_identification:_identify(src) by extensions ['python_setup_py']
[0.189s] Level 1:colcon.colcon_core.package_identification:_identify(src) by extension 'python_setup_py'
[0.189s] Level 1:colcon.colcon_core.package_identification:_identify(src/slambot_controllers) by extensions ['ignore', 'ignore_ament_install']
[0.189s] Level 1:colcon.colcon_core.package_identification:_identify(src/slambot_controllers) by extension 'ignore'
[0.189s] Level 1:colcon.colcon_core.package_identification:_identify(src/slambot_controllers) by extension 'ignore_ament_install'
[0.189s] Level 1:colcon.colcon_core.package_identification:_identify(src/slambot_controllers) by extensions ['colcon_pkg']
[0.189s] Level 1:colcon.colcon_core.package_identification:_identify(src/slambot_controllers) by extension 'colcon_pkg'
[0.189s] Level 1:colcon.colcon_core.package_identification:_identify(src/slambot_controllers) by extensions ['colcon_meta']
[0.189s] Level 1:colcon.colcon_core.package_identification:_identify(src/slambot_controllers) by extension 'colcon_meta'
[0.189s] Level 1:colcon.colcon_core.package_identification:_identify(src/slambot_controllers) by extensions ['ros']
[0.189s] Level 1:colcon.colcon_core.package_identification:_identify(src/slambot_controllers) by extension 'ros'
[0.191s] DEBUG:colcon.colcon_core.package_identification:Package 'src/slambot_controllers' with type 'ros.ament_cmake' and name 'slambot_controllers'
[0.191s] Level 1:colcon.colcon_core.package_identification:_identify(src/slambot_description) by extensions ['ignore', 'ignore_ament_install']
[0.191s] Level 1:colcon.colcon_core.package_identification:_identify(src/slambot_description) by extension 'ignore'
[0.191s] Level 1:colcon.colcon_core.package_identification:_identify(src/slambot_description) by extension 'ignore_ament_install'
[0.191s] Level 1:colcon.colcon_core.package_identification:_identify(src/slambot_description) by extensions ['colcon_pkg']
[0.191s] Level 1:colcon.colcon_core.package_identification:_identify(src/slambot_description) by extension 'colcon_pkg'
[0.191s] Level 1:colcon.colcon_core.package_identification:_identify(src/slambot_description) by extensions ['colcon_meta']
[0.191s] Level 1:colcon.colcon_core.package_identification:_identify(src/slambot_description) by extension 'colcon_meta'
[0.191s] Level 1:colcon.colcon_core.package_identification:_identify(src/slambot_description) by extensions ['ros']
[0.191s] Level 1:colcon.colcon_core.package_identification:_identify(src/slambot_description) by extension 'ros'
[0.191s] DEBUG:colcon.colcon_core.package_identification:Package 'src/slambot_description' with type 'ros.ament_cmake' and name 'slambot_description'
[0.191s] Level 1:colcon.colcon_core.package_identification:_identify(src/slambot_firmware) by extensions ['ignore', 'ignore_ament_install']
[0.191s] Level 1:colcon.colcon_core.package_identification:_identify(src/slambot_firmware) by extension 'ignore'
[0.191s] Level 1:colcon.colcon_core.package_identification:_identify(src/slambot_firmware) by extension 'ignore_ament_install'
[0.192s] Level 1:colcon.colcon_core.package_identification:_identify(src/slambot_firmware) by extensions ['colcon_pkg']
[0.192s] Level 1:colcon.colcon_core.package_identification:_identify(src/slambot_firmware) by extension 'colcon_pkg'
[0.192s] Level 1:colcon.colcon_core.package_identification:_identify(src/slambot_firmware) by extensions ['colcon_meta']
[0.192s] Level 1:colcon.colcon_core.package_identification:_identify(src/slambot_firmware) by extension 'colcon_meta'
[0.192s] Level 1:colcon.colcon_core.package_identification:_identify(src/slambot_firmware) by extensions ['ros']
[0.192s] Level 1:colcon.colcon_core.package_identification:_identify(src/slambot_firmware) by extension 'ros'
[0.192s] DEBUG:colcon.colcon_core.package_identification:Package 'src/slambot_firmware' with type 'ros.ament_cmake' and name 'slambot_firmware'
[0.192s] Level 1:colcon.colcon_core.package_discovery:discover_packages(recursive) using defaults
[0.192s] Level 1:colcon.colcon_core.package_discovery:discover_packages(ignore) discover
[0.192s] Level 1:colcon.colcon_core.package_discovery:discover_packages(ignore) using defaults
[0.193s] Level 1:colcon.colcon_core.package_discovery:discover_packages(path) discover
[0.193s] Level 1:colcon.colcon_core.package_discovery:discover_packages(path) using defaults
[0.206s] Level 1:colcon.colcon_core.package_discovery:discover_packages(prefix_path) check parameters
[0.206s] Level 1:colcon.colcon_core.package_discovery:discover_packages(prefix_path) discover
[0.207s] DEBUG:colcon.colcon_installed_package_information.package_discovery:Found 1 installed packages in /home/einstein/Documents/gamepad_ws/install
[0.207s] DEBUG:colcon.colcon_installed_package_information.package_discovery:Found 2 installed packages in /home/einstein/Documents/SLAM_WS/install
[0.208s] DEBUG:colcon.colcon_installed_package_information.package_discovery:Found 3 installed packages in /home/einstein/Documents/serial_ws/install
[0.209s] DEBUG:colcon.colcon_installed_package_information.package_discovery:Found 387 installed packages in /opt/ros/humble
[0.210s] Level 1:colcon.colcon_core.package_discovery:discover_packages(prefix_path) using defaults
[0.248s] Level 5:colcon.colcon_core.verb:set package 'slambot_controllers' build argument 'cmake_args' from command line to 'None'
[0.248s] Level 5:colcon.colcon_core.verb:set package 'slambot_controllers' build argument 'cmake_target' from command line to 'None'
[0.248s] Level 5:colcon.colcon_core.verb:set package 'slambot_controllers' build argument 'cmake_target_skip_unavailable' from command line to 'False'
[0.248s] Level 5:colcon.colcon_core.verb:set package 'slambot_controllers' build argument 'cmake_clean_cache' from command line to 'False'
[0.249s] Level 5:colcon.colcon_core.verb:set package 'slambot_controllers' build argument 'cmake_clean_first' from command line to 'False'
[0.249s] Level 5:colcon.colcon_core.verb:set package 'slambot_controllers' build argument 'cmake_force_configure' from command line to 'False'
[0.249s] Level 5:colcon.colcon_core.verb:set package 'slambot_controllers' build argument 'ament_cmake_args' from command line to 'None'
[0.249s] Level 5:colcon.colcon_core.verb:set package 'slambot_controllers' build argument 'catkin_cmake_args' from command line to 'None'
[0.249s] Level 5:colcon.colcon_core.verb:set package 'slambot_controllers' build argument 'catkin_skip_building_tests' from command line to 'False'
[0.249s] DEBUG:colcon.colcon_core.verb:Building package 'slambot_controllers' with the following arguments: {'ament_cmake_args': None, 'build_base': '/home/einstein/Desktop/slambot_ros2/build/slambot_controllers', 'catkin_cmake_args': None, 'catkin_skip_building_tests': False, 'cmake_args': None, 'cmake_clean_cache': False, 'cmake_clean_first': False, 'cmake_force_configure': False, 'cmake_target': None, 'cmake_target_skip_unavailable': False, 'install_base': '/home/einstein/Desktop/slambot_ros2/install/slambot_controllers', 'merge_install': False, 'path': '/home/einstein/Desktop/slambot_ros2/src/slambot_controllers', 'symlink_install': False, 'test_result_base': None}
[0.249s] Level 5:colcon.colcon_core.verb:set package 'slambot_description' build argument 'cmake_args' from command line to 'None'
[0.249s] Level 5:colcon.colcon_core.verb:set package 'slambot_description' build argument 'cmake_target' from command line to 'None'
[0.249s] Level 5:colcon.colcon_core.verb:set package 'slambot_description' build argument 'cmake_target_skip_unavailable' from command line to 'False'
[0.249s] Level 5:colcon.colcon_core.verb:set package 'slambot_description' build argument 'cmake_clean_cache' from command line to 'False'
[0.249s] Level 5:colcon.colcon_core.verb:set package 'slambot_description' build argument 'cmake_clean_first' from command line to 'False'
[0.249s] Level 5:colcon.colcon_core.verb:set package 'slambot_description' build argument 'cmake_force_configure' from command line to 'False'
[0.249s] Level 5:colcon.colcon_core.verb:set package 'slambot_description' build argument 'ament_cmake_args' from command line to 'None'
[0.249s] Level 5:colcon.colcon_core.verb:set package 'slambot_description' build argument 'catkin_cmake_args' from command line to 'None'
[0.249s] Level 5:colcon.colcon_core.verb:set package 'slambot_description' build argument 'catkin_skip_building_tests' from command line to 'False'
[0.249s] DEBUG:colcon.colcon_core.verb:Building package 'slambot_description' with the following arguments: {'ament_cmake_args': None, 'build_base': '/home/einstein/Desktop/slambot_ros2/build/slambot_description', 'catkin_cmake_args': None, 'catkin_skip_building_tests': False, 'cmake_args': None, 'cmake_clean_cache': False, 'cmake_clean_first': False, 'cmake_force_configure': False, 'cmake_target': None, 'cmake_target_skip_unavailable': False, 'install_base': '/home/einstein/Desktop/slambot_ros2/install/slambot_description', 'merge_install': False, 'path': '/home/einstein/Desktop/slambot_ros2/src/slambot_description', 'symlink_install': False, 'test_result_base': None}
[0.249s] Level 5:colcon.colcon_core.verb:set package 'slambot_firmware' build argument 'cmake_args' from command line to 'None'
[0.249s] Level 5:colcon.colcon_core.verb:set package 'slambot_firmware' build argument 'cmake_target' from command line to 'None'
[0.249s] Level 5:colcon.colcon_core.verb:set package 'slambot_firmware' build argument 'cmake_target_skip_unavailable' from command line to 'False'
[0.249s] Level 5:colcon.colcon_core.verb:set package 'slambot_firmware' build argument 'cmake_clean_cache' from command line to 'False'
[0.249s] Level 5:colcon.colcon_core.verb:set package 'slambot_firmware' build argument 'cmake_clean_first' from command line to 'False'
[0.249s] Level 5:colcon.colcon_core.verb:set package 'slambot_firmware' build argument 'cmake_force_configure' from command line to 'False'
[0.249s] Level 5:colcon.colcon_core.verb:set package 'slambot_firmware' build argument 'ament_cmake_args' from command line to 'None'
[0.249s] Level 5:colcon.colcon_core.verb:set package 'slambot_firmware' build argument 'catkin_cmake_args' from command line to 'None'
[0.249s] Level 5:colcon.colcon_core.verb:set package 'slambot_firmware' build argument 'catkin_skip_building_tests' from command line to 'False'
[0.249s] DEBUG:colcon.colcon_core.verb:Building package 'slambot_firmware' with the following arguments: {'ament_cmake_args': None, 'build_base': '/home/einstein/Desktop/slambot_ros2/build/slambot_firmware', 'catkin_cmake_args': None, 'catkin_skip_building_tests': False, 'cmake_args': None, 'cmake_clean_cache': False, 'cmake_clean_first': False, 'cmake_force_configure': False, 'cmake_target': None, 'cmake_target_skip_unavailable': False, 'install_base': '/home/einstein/Desktop/slambot_ros2/install/slambot_firmware', 'merge_install': False, 'path': '/home/einstein/Desktop/slambot_ros2/src/slambot_firmware', 'symlink_install': False, 'test_result_base': None}
[0.249s] INFO:colcon.colcon_core.executor:Executing jobs using 'parallel' executor
[0.250s] DEBUG:colcon.colcon_parallel_executor.executor.parallel:run_until_complete
[0.250s] INFO:colcon.colcon_ros.task.ament_cmake.build:Building ROS package in '/home/einstein/Desktop/slambot_ros2/src/slambot_controllers' with build type 'ament_cmake'
[0.251s] INFO:colcon.colcon_cmake.task.cmake.build:Building CMake package in '/home/einstein/Desktop/slambot_ros2/src/slambot_controllers'
[0.252s] INFO:colcon.colcon_core.plugin_system:Skipping extension 'colcon_core.shell.bat': Not used on non-Windows systems
[0.252s] INFO:colcon.colcon_core.shell:Skip shell extension 'powershell' for command environment: Not usable outside of PowerShell
[0.252s] DEBUG:colcon.colcon_core.shell:Skip shell extension 'dsv' for command environment
[0.255s] INFO:colcon.colcon_ros.task.ament_cmake.build:Building ROS package in '/home/einstein/Desktop/slambot_ros2/src/slambot_description' with build type 'ament_cmake'
[0.255s] INFO:colcon.colcon_cmake.task.cmake.build:Building CMake package in '/home/einstein/Desktop/slambot_ros2/src/slambot_description'
[0.255s] INFO:colcon.colcon_core.shell:Skip shell extension 'powershell' for command environment: Not usable outside of PowerShell
[0.255s] DEBUG:colcon.colcon_core.shell:Skip shell extension 'dsv' for command environment
[0.258s] INFO:colcon.colcon_ros.task.ament_cmake.build:Building ROS package in '/home/einstein/Desktop/slambot_ros2/src/slambot_firmware' with build type 'ament_cmake'
[0.258s] INFO:colcon.colcon_cmake.task.cmake.build:Building CMake package in '/home/einstein/Desktop/slambot_ros2/src/slambot_firmware'
[0.258s] INFO:colcon.colcon_core.shell:Skip shell extension 'powershell' for command environment: Not usable outside of PowerShell
[0.258s] DEBUG:colcon.colcon_core.shell:Skip shell extension 'dsv' for command environment
[0.264s] DEBUG:colcon.colcon_core.event_handler.log_command:Invoking command in '/home/einstein/Desktop/slambot_ros2/build/slambot_controllers': CMAKE_PREFIX_PATH=${CMAKE_PREFIX_PATH}:/opt/ros/humble /usr/bin/cmake /home/einstein/Desktop/slambot_ros2/src/slambot_controllers -DCMAKE_INSTALL_PREFIX=/home/einstein/Desktop/slambot_ros2/install/slambot_controllers
[0.266s] DEBUG:colcon.colcon_core.event_handler.log_command:Invoking command in '/home/einstein/Desktop/slambot_ros2/build/slambot_description': CMAKE_PREFIX_PATH=${CMAKE_PREFIX_PATH}:/opt/ros/humble /usr/bin/cmake /home/einstein/Desktop/slambot_ros2/src/slambot_description -DCMAKE_INSTALL_PREFIX=/home/einstein/Desktop/slambot_ros2/install/slambot_description
[0.268s] DEBUG:colcon.colcon_core.event_handler.log_command:Invoking command in '/home/einstein/Desktop/slambot_ros2/build/slambot_firmware': CMAKE_PREFIX_PATH=${CMAKE_PREFIX_PATH}:/opt/ros/humble /usr/bin/cmake /home/einstein/Desktop/slambot_ros2/src/slambot_firmware -DCMAKE_INSTALL_PREFIX=/home/einstein/Desktop/slambot_ros2/install/slambot_firmware
[0.771s] DEBUG:colcon.colcon_core.event_handler.log_command:Invoked command in '/home/einstein/Desktop/slambot_ros2/build/slambot_description' returned '0': CMAKE_PREFIX_PATH=${CMAKE_PREFIX_PATH}:/opt/ros/humble /usr/bin/cmake /home/einstein/Desktop/slambot_ros2/src/slambot_description -DCMAKE_INSTALL_PREFIX=/home/einstein/Desktop/slambot_ros2/install/slambot_description
[0.774s] DEBUG:colcon.colcon_core.event_handler.log_command:Invoking command in '/home/einstein/Desktop/slambot_ros2/build/slambot_description': CMAKE_PREFIX_PATH=${CMAKE_PREFIX_PATH}:/opt/ros/humble /usr/bin/cmake --build /home/einstein/Desktop/slambot_ros2/build/slambot_description -- -j8 -l8
[0.782s] DEBUG:colcon.colcon_core.event_handler.log_command:Invoked command in '/home/einstein/Desktop/slambot_ros2/build/slambot_controllers' returned '0': CMAKE_PREFIX_PATH=${CMAKE_PREFIX_PATH}:/opt/ros/humble /usr/bin/cmake /home/einstein/Desktop/slambot_ros2/src/slambot_controllers -DCMAKE_INSTALL_PREFIX=/home/einstein/Desktop/slambot_ros2/install/slambot_controllers
[0.784s] DEBUG:colcon.colcon_core.event_handler.log_command:Invoking command in '/home/einstein/Desktop/slambot_ros2/build/slambot_controllers': CMAKE_PREFIX_PATH=${CMAKE_PREFIX_PATH}:/opt/ros/humble /usr/bin/cmake --build /home/einstein/Desktop/slambot_ros2/build/slambot_controllers -- -j8 -l8
[0.803s] DEBUG:colcon.colcon_core.event_handler.log_command:Invoked command in '/home/einstein/Desktop/slambot_ros2/build/slambot_description' returned '0': CMAKE_PREFIX_PATH=${CMAKE_PREFIX_PATH}:/opt/ros/humble /usr/bin/cmake --build /home/einstein/Desktop/slambot_ros2/build/slambot_description -- -j8 -l8
[0.811s] DEBUG:colcon.colcon_core.event_handler.log_command:Invoked command in '/home/einstein/Desktop/slambot_ros2/build/slambot_controllers' returned '0': CMAKE_PREFIX_PATH=${CMAKE_PREFIX_PATH}:/opt/ros/humble /usr/bin/cmake --build /home/einstein/Desktop/slambot_ros2/build/slambot_controllers -- -j8 -l8
[0.824s] DEBUG:colcon.colcon_core.event_handler.log_command:Invoking command in '/home/einstein/Desktop/slambot_ros2/build/slambot_description': CMAKE_PREFIX_PATH=${CMAKE_PREFIX_PATH}:/opt/ros/humble /usr/bin/cmake --install /home/einstein/Desktop/slambot_ros2/build/slambot_description
[0.827s] DEBUG:colcon.colcon_core.event_handler.log_command:Invoking command in '/home/einstein/Desktop/slambot_ros2/build/slambot_controllers': CMAKE_PREFIX_PATH=${CMAKE_PREFIX_PATH}:/opt/ros/humble /usr/bin/cmake --install /home/einstein/Desktop/slambot_ros2/build/slambot_controllers
[0.833s] Level 1:colcon.colcon_core.environment:create_environment_scripts_only(slambot_description)
[0.834s] DEBUG:colcon.colcon_core.event_handler.log_command:Invoked command in '/home/einstein/Desktop/slambot_ros2/build/slambot_description' returned '0': CMAKE_PREFIX_PATH=${CMAKE_PREFIX_PATH}:/opt/ros/humble /usr/bin/cmake --install /home/einstein/Desktop/slambot_ros2/build/slambot_description
[0.835s] Level 1:colcon.colcon_core.environment:checking '/home/einstein/Desktop/slambot_ros2/install/slambot_description' for CMake module files
[0.836s] Level 1:colcon.colcon_core.environment:checking '/home/einstein/Desktop/slambot_ros2/install/slambot_description' for CMake config files
[0.836s] Level 1:colcon.colcon_core.shell:create_environment_hook('slambot_description', 'cmake_prefix_path')
[0.836s] INFO:colcon.colcon_core.shell:Creating environment hook '/home/einstein/Desktop/slambot_ros2/install/slambot_description/share/slambot_description/hook/cmake_prefix_path.ps1'
[0.836s] INFO:colcon.colcon_core.shell:Creating environment descriptor '/home/einstein/Desktop/slambot_ros2/install/slambot_description/share/slambot_description/hook/cmake_prefix_path.dsv'
[0.837s] INFO:colcon.colcon_core.shell:Creating environment hook '/home/einstein/Desktop/slambot_ros2/install/slambot_description/share/slambot_description/hook/cmake_prefix_path.sh'
[0.837s] Level 1:colcon.colcon_core.environment:checking '/home/einstein/Desktop/slambot_ros2/install/slambot_description/bin'
[0.837s] Level 1:colcon.colcon_core.environment:checking '/home/einstein/Desktop/slambot_ros2/install/slambot_description/lib/pkgconfig/slambot_description.pc'
[0.838s] Level 1:colcon.colcon_core.environment:checking '/home/einstein/Desktop/slambot_ros2/install/slambot_description/lib/python3.10/site-packages'
[0.838s] Level 1:colcon.colcon_core.environment:checking '/home/einstein/Desktop/slambot_ros2/install/slambot_description/bin'
[0.838s] INFO:colcon.colcon_core.shell:Creating package script '/home/einstein/Desktop/slambot_ros2/install/slambot_description/share/slambot_description/package.ps1'
[0.838s] INFO:colcon.colcon_core.shell:Creating package descriptor '/home/einstein/Desktop/slambot_ros2/install/slambot_description/share/slambot_description/package.dsv'
[0.839s] INFO:colcon.colcon_core.shell:Creating package script '/home/einstein/Desktop/slambot_ros2/install/slambot_description/share/slambot_description/package.sh'
[0.839s] INFO:colcon.colcon_core.shell:Creating package script '/home/einstein/Desktop/slambot_ros2/install/slambot_description/share/slambot_description/package.bash'
[0.840s] INFO:colcon.colcon_core.shell:Creating package script '/home/einstein/Desktop/slambot_ros2/install/slambot_description/share/slambot_description/package.zsh'
[0.840s] Level 1:colcon.colcon_core.environment:create_file_with_runtime_dependencies(/home/einstein/Desktop/slambot_ros2/install/slambot_description/share/colcon-core/packages/slambot_description)
[0.841s] Level 1:colcon.colcon_core.environment:create_environment_scripts_only(slambot_controllers)
[0.841s] Level 1:colcon.colcon_core.environment:checking '/home/einstein/Desktop/slambot_ros2/install/slambot_controllers' for CMake module files
[0.842s] DEBUG:colcon.colcon_core.event_handler.log_command:Invoked command in '/home/einstein/Desktop/slambot_ros2/build/slambot_controllers' returned '0': CMAKE_PREFIX_PATH=${CMAKE_PREFIX_PATH}:/opt/ros/humble /usr/bin/cmake --install /home/einstein/Desktop/slambot_ros2/build/slambot_controllers
[0.842s] Level 1:colcon.colcon_core.environment:checking '/home/einstein/Desktop/slambot_ros2/install/slambot_controllers' for CMake config files
[0.842s] Level 1:colcon.colcon_core.shell:create_environment_hook('slambot_controllers', 'cmake_prefix_path')
[0.842s] INFO:colcon.colcon_core.shell:Creating environment hook '/home/einstein/Desktop/slambot_ros2/install/slambot_controllers/share/slambot_controllers/hook/cmake_prefix_path.ps1'
[0.842s] INFO:colcon.colcon_core.shell:Creating environment descriptor '/home/einstein/Desktop/slambot_ros2/install/slambot_controllers/share/slambot_controllers/hook/cmake_prefix_path.dsv'
[0.843s] INFO:colcon.colcon_core.shell:Creating environment hook '/home/einstein/Desktop/slambot_ros2/install/slambot_controllers/share/slambot_controllers/hook/cmake_prefix_path.sh'
[0.843s] Level 1:colcon.colcon_core.environment:checking '/home/einstein/Desktop/slambot_ros2/install/slambot_controllers/bin'
[0.843s] Level 1:colcon.colcon_core.environment:checking '/home/einstein/Desktop/slambot_ros2/install/slambot_controllers/lib/pkgconfig/slambot_controllers.pc'
[0.843s] Level 1:colcon.colcon_core.environment:checking '/home/einstein/Desktop/slambot_ros2/install/slambot_controllers/lib/python3.10/site-packages'
[0.843s] Level 1:colcon.colcon_core.environment:checking '/home/einstein/Desktop/slambot_ros2/install/slambot_controllers/bin'
[0.844s] INFO:colcon.colcon_core.shell:Creating package script '/home/einstein/Desktop/slambot_ros2/install/slambot_controllers/share/slambot_controllers/package.ps1'
[0.844s] INFO:colcon.colcon_core.shell:Creating package descriptor '/home/einstein/Desktop/slambot_ros2/install/slambot_controllers/share/slambot_controllers/package.dsv'
[0.844s] INFO:colcon.colcon_core.shell:Creating package script '/home/einstein/Desktop/slambot_ros2/install/slambot_controllers/share/slambot_controllers/package.sh'
[0.844s] INFO:colcon.colcon_core.shell:Creating package script '/home/einstein/Desktop/slambot_ros2/install/slambot_controllers/share/slambot_controllers/package.bash'
[0.845s] INFO:colcon.colcon_core.shell:Creating package script '/home/einstein/Desktop/slambot_ros2/install/slambot_controllers/share/slambot_controllers/package.zsh'
[0.845s] Level 1:colcon.colcon_core.environment:create_file_with_runtime_dependencies(/home/einstein/Desktop/slambot_ros2/install/slambot_controllers/share/colcon-core/packages/slambot_controllers)
[0.855s] Level 1:colcon.colcon_core.environment:create_environment_scripts_only(slambot_description)
[0.855s] Level 1:colcon.colcon_core.environment:checking '/home/einstein/Desktop/slambot_ros2/install/slambot_description' for CMake module files
[0.856s] Level 1:colcon.colcon_core.environment:checking '/home/einstein/Desktop/slambot_ros2/install/slambot_description' for CMake config files
[0.856s] Level 1:colcon.colcon_core.shell:create_environment_hook('slambot_description', 'cmake_prefix_path')
[0.856s] INFO:colcon.colcon_core.shell:Creating environment hook '/home/einstein/Desktop/slambot_ros2/install/slambot_description/share/slambot_description/hook/cmake_prefix_path.ps1'
[0.856s] INFO:colcon.colcon_core.shell:Creating environment descriptor '/home/einstein/Desktop/slambot_ros2/install/slambot_description/share/slambot_description/hook/cmake_prefix_path.dsv'
[0.857s] INFO:colcon.colcon_core.shell:Creating environment hook '/home/einstein/Desktop/slambot_ros2/install/slambot_description/share/slambot_description/hook/cmake_prefix_path.sh'
[0.857s] Level 1:colcon.colcon_core.environment:checking '/home/einstein/Desktop/slambot_ros2/install/slambot_description/bin'
[0.857s] Level 1:colcon.colcon_core.environment:checking '/home/einstein/Desktop/slambot_ros2/install/slambot_description/lib/pkgconfig/slambot_description.pc'
[0.857s] Level 1:colcon.colcon_core.environment:checking '/home/einstein/Desktop/slambot_ros2/install/slambot_description/lib/python3.10/site-packages'
[0.857s] Level 1:colcon.colcon_core.environment:checking '/home/einstein/Desktop/slambot_ros2/install/slambot_description/bin'
[0.858s] INFO:colcon.colcon_core.shell:Creating package script '/home/einstein/Desktop/slambot_ros2/install/slambot_description/share/slambot_description/package.ps1'
[0.858s] INFO:colcon.colcon_core.shell:Creating package descriptor '/home/einstein/Desktop/slambot_ros2/install/slambot_description/share/slambot_description/package.dsv'
[0.858s] INFO:colcon.colcon_core.shell:Creating package script '/home/einstein/Desktop/slambot_ros2/install/slambot_description/share/slambot_description/package.sh'
[0.859s] INFO:colcon.colcon_core.shell:Creating package script '/home/einstein/Desktop/slambot_ros2/install/slambot_description/share/slambot_description/package.bash'
[0.859s] INFO:colcon.colcon_core.shell:Creating package script '/home/einstein/Desktop/slambot_ros2/install/slambot_description/share/slambot_description/package.zsh'
[0.859s] Level 1:colcon.colcon_core.environment:create_file_with_runtime_dependencies(/home/einstein/Desktop/slambot_ros2/install/slambot_description/share/colcon-core/packages/slambot_description)
[0.860s] Level 1:colcon.colcon_core.environment:create_environment_scripts_only(slambot_controllers)
[0.860s] Level 1:colcon.colcon_core.environment:checking '/home/einstein/Desktop/slambot_ros2/install/slambot_controllers' for CMake module files
[0.861s] Level 1:colcon.colcon_core.environment:checking '/home/einstein/Desktop/slambot_ros2/install/slambot_controllers' for CMake config files
[0.861s] Level 1:colcon.colcon_core.shell:create_environment_hook('slambot_controllers', 'cmake_prefix_path')
[0.861s] INFO:colcon.colcon_core.shell:Creating environment hook '/home/einstein/Desktop/slambot_ros2/install/slambot_controllers/share/slambot_controllers/hook/cmake_prefix_path.ps1'
[0.868s] INFO:colcon.colcon_core.shell:Creating environment descriptor '/home/einstein/Desktop/slambot_ros2/install/slambot_controllers/share/slambot_controllers/hook/cmake_prefix_path.dsv'
[0.868s] INFO:colcon.colcon_core.shell:Creating environment hook '/home/einstein/Desktop/slambot_ros2/install/slambot_controllers/share/slambot_controllers/hook/cmake_prefix_path.sh'
[0.869s] Level 1:colcon.colcon_core.environment:checking '/home/einstein/Desktop/slambot_ros2/install/slambot_controllers/bin'
[0.869s] Level 1:colcon.colcon_core.environment:checking '/home/einstein/Desktop/slambot_ros2/install/slambot_controllers/lib/pkgconfig/slambot_controllers.pc'
[0.869s] Level 1:colcon.colcon_core.environment:checking '/home/einstein/Desktop/slambot_ros2/install/slambot_controllers/lib/python3.10/site-packages'
[0.869s] Level 1:colcon.colcon_core.environment:checking '/home/einstein/Desktop/slambot_ros2/install/slambot_controllers/bin'
[0.869s] INFO:colcon.colcon_core.shell:Creating package script '/home/einstein/Desktop/slambot_ros2/install/slambot_controllers/share/slambot_controllers/package.ps1'
[0.870s] INFO:colcon.colcon_core.shell:Creating package descriptor '/home/einstein/Desktop/slambot_ros2/install/slambot_controllers/share/slambot_controllers/package.dsv'
[0.870s] INFO:colcon.colcon_core.shell:Creating package script '/home/einstein/Desktop/slambot_ros2/install/slambot_controllers/share/slambot_controllers/package.sh'
[0.870s] INFO:colcon.colcon_core.shell:Creating package script '/home/einstein/Desktop/slambot_ros2/install/slambot_controllers/share/slambot_controllers/package.bash'
[0.870s] INFO:colcon.colcon_core.shell:Creating package script '/home/einstein/Desktop/slambot_ros2/install/slambot_controllers/share/slambot_controllers/package.zsh'
[0.871s] Level 1:colcon.colcon_core.environment:create_file_with_runtime_dependencies(/home/einstein/Desktop/slambot_ros2/install/slambot_controllers/share/colcon-core/packages/slambot_controllers)
[1.390s] DEBUG:colcon.colcon_core.event_handler.log_command:Invoked command in '/home/einstein/Desktop/slambot_ros2/build/slambot_firmware' returned '0': CMAKE_PREFIX_PATH=${CMAKE_PREFIX_PATH}:/opt/ros/humble /usr/bin/cmake /home/einstein/Desktop/slambot_ros2/src/slambot_firmware -DCMAKE_INSTALL_PREFIX=/home/einstein/Desktop/slambot_ros2/install/slambot_firmware
[1.391s] DEBUG:colcon.colcon_core.event_handler.log_command:Invoking command in '/home/einstein/Desktop/slambot_ros2/build/slambot_firmware': CMAKE_PREFIX_PATH=${CMAKE_PREFIX_PATH}:/opt/ros/humble /usr/bin/cmake --build /home/einstein/Desktop/slambot_ros2/build/slambot_firmware -- -j8 -l8
[3.996s] DEBUG:colcon.colcon_core.event_handler.log_command:Invoked command in '/home/einstein/Desktop/slambot_ros2/build/slambot_firmware' returned '0': CMAKE_PREFIX_PATH=${CMAKE_PREFIX_PATH}:/opt/ros/humble /usr/bin/cmake --build /home/einstein/Desktop/slambot_ros2/build/slambot_firmware -- -j8 -l8
[4.012s] DEBUG:colcon.colcon_core.event_handler.log_command:Invoking command in '/home/einstein/Desktop/slambot_ros2/build/slambot_firmware': CMAKE_PREFIX_PATH=${CMAKE_PREFIX_PATH}:/opt/ros/humble /usr/bin/cmake --install /home/einstein/Desktop/slambot_ros2/build/slambot_firmware
[4.046s] Level 1:colcon.colcon_core.environment:create_environment_scripts_only(slambot_firmware)
[4.046s] Level 1:colcon.colcon_core.environment:checking '/home/einstein/Desktop/slambot_ros2/install/slambot_firmware' for CMake module files
[4.047s] DEBUG:colcon.colcon_core.event_handler.log_command:Invoked command in '/home/einstein/Desktop/slambot_ros2/build/slambot_firmware' returned '0': CMAKE_PREFIX_PATH=${CMAKE_PREFIX_PATH}:/opt/ros/humble /usr/bin/cmake --install /home/einstein/Desktop/slambot_ros2/build/slambot_firmware
[4.047s] Level 1:colcon.colcon_core.environment:checking '/home/einstein/Desktop/slambot_ros2/install/slambot_firmware' for CMake config files
[4.047s] Level 1:colcon.colcon_core.shell:create_environment_hook('slambot_firmware', 'cmake_prefix_path')
[4.047s] INFO:colcon.colcon_core.shell:Creating environment hook '/home/einstein/Desktop/slambot_ros2/install/slambot_firmware/share/slambot_firmware/hook/cmake_prefix_path.ps1'
[4.048s] INFO:colcon.colcon_core.shell:Creating environment descriptor '/home/einstein/Desktop/slambot_ros2/install/slambot_firmware/share/slambot_firmware/hook/cmake_prefix_path.dsv'
[4.048s] INFO:colcon.colcon_core.shell:Creating environment hook '/home/einstein/Desktop/slambot_ros2/install/slambot_firmware/share/slambot_firmware/hook/cmake_prefix_path.sh'
[4.048s] Level 1:colcon.colcon_core.environment:checking '/home/einstein/Desktop/slambot_ros2/install/slambot_firmware/lib'
[4.048s] Level 1:colcon.colcon_core.shell:create_environment_hook('slambot_firmware', 'ld_library_path_lib')
[4.048s] INFO:colcon.colcon_core.shell:Creating environment hook '/home/einstein/Desktop/slambot_ros2/install/slambot_firmware/share/slambot_firmware/hook/ld_library_path_lib.ps1'
[4.049s] INFO:colcon.colcon_core.shell:Creating environment descriptor '/home/einstein/Desktop/slambot_ros2/install/slambot_firmware/share/slambot_firmware/hook/ld_library_path_lib.dsv'
[4.049s] INFO:colcon.colcon_core.shell:Creating environment hook '/home/einstein/Desktop/slambot_ros2/install/slambot_firmware/share/slambot_firmware/hook/ld_library_path_lib.sh'
[4.049s] Level 1:colcon.colcon_core.environment:checking '/home/einstein/Desktop/slambot_ros2/install/slambot_firmware/bin'
[4.049s] Level 1:colcon.colcon_core.environment:checking '/home/einstein/Desktop/slambot_ros2/install/slambot_firmware/lib/pkgconfig/slambot_firmware.pc'
[4.049s] Level 1:colcon.colcon_core.environment:checking '/home/einstein/Desktop/slambot_ros2/install/slambot_firmware/lib/python3.10/site-packages'
[4.049s] Level 1:colcon.colcon_core.environment:checking '/home/einstein/Desktop/slambot_ros2/install/slambot_firmware/bin'
[4.050s] INFO:colcon.colcon_core.shell:Creating package script '/home/einstein/Desktop/slambot_ros2/install/slambot_firmware/share/slambot_firmware/package.ps1'
[4.050s] INFO:colcon.colcon_core.shell:Creating package descriptor '/home/einstein/Desktop/slambot_ros2/install/slambot_firmware/share/slambot_firmware/package.dsv'
[4.050s] INFO:colcon.colcon_core.shell:Creating package script '/home/einstein/Desktop/slambot_ros2/install/slambot_firmware/share/slambot_firmware/package.sh'
[4.050s] INFO:colcon.colcon_core.shell:Creating package script '/home/einstein/Desktop/slambot_ros2/install/slambot_firmware/share/slambot_firmware/package.bash'
[4.050s] INFO:colcon.colcon_core.shell:Creating package script '/home/einstein/Desktop/slambot_ros2/install/slambot_firmware/share/slambot_firmware/package.zsh'
[4.051s] Level 1:colcon.colcon_core.environment:create_file_with_runtime_dependencies(/home/einstein/Desktop/slambot_ros2/install/slambot_firmware/share/colcon-core/packages/slambot_firmware)
[4.068s] Level 1:colcon.colcon_core.environment:create_environment_scripts_only(slambot_firmware)
[4.068s] Level 1:colcon.colcon_core.environment:checking '/home/einstein/Desktop/slambot_ros2/install/slambot_firmware' for CMake module files
[4.069s] Level 1:colcon.colcon_core.environment:checking '/home/einstein/Desktop/slambot_ros2/install/slambot_firmware' for CMake config files
[4.069s] Level 1:colcon.colcon_core.shell:create_environment_hook('slambot_firmware', 'cmake_prefix_path')
[4.069s] INFO:colcon.colcon_core.shell:Creating environment hook '/home/einstein/Desktop/slambot_ros2/install/slambot_firmware/share/slambot_firmware/hook/cmake_prefix_path.ps1'
[4.069s] INFO:colcon.colcon_core.shell:Creating environment descriptor '/home/einstein/Desktop/slambot_ros2/install/slambot_firmware/share/slambot_firmware/hook/cmake_prefix_path.dsv'
[4.069s] INFO:colcon.colcon_core.shell:Creating environment hook '/home/einstein/Desktop/slambot_ros2/install/slambot_firmware/share/slambot_firmware/hook/cmake_prefix_path.sh'
[4.070s] Level 1:colcon.colcon_core.environment:checking '/home/einstein/Desktop/slambot_ros2/install/slambot_firmware/lib'
[4.070s] Level 1:colcon.colcon_core.shell:create_environment_hook('slambot_firmware', 'ld_library_path_lib')
[4.070s] INFO:colcon.colcon_core.shell:Creating environment hook '/home/einstein/Desktop/slambot_ros2/install/slambot_firmware/share/slambot_firmware/hook/ld_library_path_lib.ps1'
[4.070s] INFO:colcon.colcon_core.shell:Creating environment descriptor '/home/einstein/Desktop/slambot_ros2/install/slambot_firmware/share/slambot_firmware/hook/ld_library_path_lib.dsv'
[4.070s] INFO:colcon.colcon_core.shell:Creating environment hook '/home/einstein/Desktop/slambot_ros2/install/slambot_firmware/share/slambot_firmware/hook/ld_library_path_lib.sh'
[4.071s] Level 1:colcon.colcon_core.environment:checking '/home/einstein/Desktop/slambot_ros2/install/slambot_firmware/bin'
[4.071s] Level 1:colcon.colcon_core.environment:checking '/home/einstein/Desktop/slambot_ros2/install/slambot_firmware/lib/pkgconfig/slambot_firmware.pc'
[4.071s] Level 1:colcon.colcon_core.environment:checking '/home/einstein/Desktop/slambot_ros2/install/slambot_firmware/lib/python3.10/site-packages'
[4.071s] Level 1:colcon.colcon_core.environment:checking '/home/einstein/Desktop/slambot_ros2/install/slambot_firmware/bin'
[4.071s] INFO:colcon.colcon_core.shell:Creating package script '/home/einstein/Desktop/slambot_ros2/install/slambot_firmware/share/slambot_firmware/package.ps1'
[4.072s] INFO:colcon.colcon_core.shell:Creating package descriptor '/home/einstein/Desktop/slambot_ros2/install/slambot_firmware/share/slambot_firmware/package.dsv'
[4.072s] INFO:colcon.colcon_core.shell:Creating package script '/home/einstein/Desktop/slambot_ros2/install/slambot_firmware/share/slambot_firmware/package.sh'
[4.072s] INFO:colcon.colcon_core.shell:Creating package script '/home/einstein/Desktop/slambot_ros2/install/slambot_firmware/share/slambot_firmware/package.bash'
[4.072s] INFO:colcon.colcon_core.shell:Creating package script '/home/einstein/Desktop/slambot_ros2/install/slambot_firmware/share/slambot_firmware/package.zsh'
[4.073s] Level 1:colcon.colcon_core.environment:create_file_with_runtime_dependencies(/home/einstein/Desktop/slambot_ros2/install/slambot_firmware/share/colcon-core/packages/slambot_firmware)
[4.082s] DEBUG:colcon.colcon_parallel_executor.executor.parallel:closing loop
[4.082s] DEBUG:colcon.colcon_parallel_executor.executor.parallel:loop closed
[4.082s] DEBUG:colcon.colcon_parallel_executor.executor.parallel:run_until_complete finished with '0'
[4.082s] DEBUG:colcon.colcon_core.event_reactor:joining thread
[4.086s] INFO:colcon.colcon_core.plugin_system:Skipping extension 'colcon_notification.desktop_notification.terminal_notifier': Not used on non-Darwin systems
[4.086s] INFO:colcon.colcon_core.plugin_system:Skipping extension 'colcon_notification.desktop_notification.win32': Not used on non-Windows systems
[4.086s] INFO:colcon.colcon_notification.desktop_notification:Sending desktop notification using 'notify2'
[4.094s] DEBUG:colcon.colcon_core.event_reactor:joined thread
[4.095s] INFO:colcon.colcon_core.shell:Creating prefix script '/home/einstein/Desktop/slambot_ros2/install/local_setup.ps1'
[4.095s] INFO:colcon.colcon_core.shell:Creating prefix util module '/home/einstein/Desktop/slambot_ros2/install/_local_setup_util_ps1.py'
[4.096s] INFO:colcon.colcon_core.shell:Creating prefix chain script '/home/einstein/Desktop/slambot_ros2/install/setup.ps1'
[4.097s] INFO:colcon.colcon_core.shell:Creating prefix script '/home/einstein/Desktop/slambot_ros2/install/local_setup.sh'
[4.097s] INFO:colcon.colcon_core.shell:Creating prefix util module '/home/einstein/Desktop/slambot_ros2/install/_local_setup_util_sh.py'
[4.098s] INFO:colcon.colcon_core.shell:Creating prefix chain script '/home/einstein/Desktop/slambot_ros2/install/setup.sh'
[4.098s] INFO:colcon.colcon_core.shell:Creating prefix script '/home/einstein/Desktop/slambot_ros2/install/local_setup.bash'
[4.099s] INFO:colcon.colcon_core.shell:Creating prefix chain script '/home/einstein/Desktop/slambot_ros2/install/setup.bash'
[4.099s] INFO:colcon.colcon_core.shell:Creating prefix script '/home/einstein/Desktop/slambot_ros2/install/local_setup.zsh'
[4.100s] INFO:colcon.colcon_core.shell:Creating prefix chain script '/home/einstein/Desktop/slambot_ros2/install/setup.zsh'
