[2.356s] DEBUG:colcon:Command line arguments: ['/usr/bin/colcon', 'build']
[2.356s] DEBUG:colcon:Parsed command line arguments: Namespace(log_base=None, log_level=None, verb_name='build', build_base='build', install_base='install', merge_install=False, symlink_install=False, test_result_base=None, continue_on_error=False, executor='parallel', parallel_workers=8, event_handlers=None, ignore_user_meta=False, metas=['./colcon.meta'], base_paths=['.'], packages_ignore=None, packages_ignore_regex=None, paths=None, packages_up_to=None, packages_up_to_regex=None, packages_above=None, packages_above_and_dependencies=None, packages_above_depth=None, packages_select_by_dep=None, packages_skip_by_dep=None, packages_skip_up_to=None, packages_select_build_failed=False, packages_skip_build_finished=False, packages_select_test_failures=False, packages_skip_test_passed=False, packages_select=None, packages_skip=None, packages_select_regex=None, packages_skip_regex=None, packages_start=None, packages_end=None, allow_overriding=[], cmake_args=None, cmake_target=None, cmake_target_skip_unavailable=False, cmake_clean_cache=False, cmake_clean_first=False, cmake_force_configure=False, ament_cmake_args=None, catkin_cmake_args=None, catkin_skip_building_tests=False, verb_parser=<colcon_defaults.argument_parser.defaults.DefaultArgumentsDecorator object at 0x7ca91c34c5b0>, verb_extension=<colcon_core.verb.build.BuildVerb object at 0x7ca91c317f70>, main=<bound method BuildVerb.main of <colcon_core.verb.build.BuildVerb object at 0x7ca91c317f70>>)
[4.281s] Level 1:colcon.colcon_core.package_discovery:discover_packages(colcon_meta) check parameters
[4.281s] Level 1:colcon.colcon_core.package_discovery:discover_packages(recursive) check parameters
[4.281s] Level 1:colcon.colcon_core.package_discovery:discover_packages(ignore) check parameters
[4.281s] Level 1:colcon.colcon_core.package_discovery:discover_packages(path) check parameters
[4.282s] Level 1:colcon.colcon_core.package_discovery:discover_packages(colcon_meta) discover
[4.282s] Level 1:colcon.colcon_core.package_discovery:discover_packages(recursive) discover
[4.282s] INFO:colcon.colcon_core.package_discovery:Crawling recursively for packages in '/home/einstein/Desktop/slambot_ros2'
[4.282s] Level 1:colcon.colcon_core.package_identification:_identify(.) by extensions ['ignore', 'ignore_ament_install']
[4.282s] Level 1:colcon.colcon_core.package_identification:_identify(.) by extension 'ignore'
[4.282s] Level 1:colcon.colcon_core.package_identification:_identify(.) by extension 'ignore_ament_install'
[4.282s] Level 1:colcon.colcon_core.package_identification:_identify(.) by extensions ['colcon_pkg']
[4.283s] Level 1:colcon.colcon_core.package_identification:_identify(.) by extension 'colcon_pkg'
[4.283s] Level 1:colcon.colcon_core.package_identification:_identify(.) by extensions ['colcon_meta']
[4.283s] Level 1:colcon.colcon_core.package_identification:_identify(.) by extension 'colcon_meta'
[4.283s] Level 1:colcon.colcon_core.package_identification:_identify(.) by extensions ['ros']
[4.283s] Level 1:colcon.colcon_core.package_identification:_identify(.) by extension 'ros'
[4.374s] Level 1:colcon.colcon_core.package_identification:_identify(.) by extensions ['cmake', 'python']
[4.374s] Level 1:colcon.colcon_core.package_identification:_identify(.) by extension 'cmake'
[4.374s] Level 1:colcon.colcon_core.package_identification:_identify(.) by extension 'python'
[4.374s] Level 1:colcon.colcon_core.package_identification:_identify(.) by extensions ['python_setup_py']
[4.374s] Level 1:colcon.colcon_core.package_identification:_identify(.) by extension 'python_setup_py'
[4.374s] Level 1:colcon.colcon_core.package_identification:_identify(build) by extensions ['ignore', 'ignore_ament_install']
[4.375s] Level 1:colcon.colcon_core.package_identification:_identify(build) by extension 'ignore'
[4.375s] Level 1:colcon.colcon_core.package_identification:_identify(build) ignored
[4.375s] Level 1:colcon.colcon_core.package_identification:_identify(install) by extensions ['ignore', 'ignore_ament_install']
[4.375s] Level 1:colcon.colcon_core.package_identification:_identify(install) by extension 'ignore'
[4.375s] Level 1:colcon.colcon_core.package_identification:_identify(install) ignored
[4.375s] Level 1:colcon.colcon_core.package_identification:_identify(log) by extensions ['ignore', 'ignore_ament_install']
[4.375s] Level 1:colcon.colcon_core.package_identification:_identify(log) by extension 'ignore'
[4.375s] Level 1:colcon.colcon_core.package_identification:_identify(log) ignored
[4.375s] Level 1:colcon.colcon_core.package_identification:_identify(src) by extensions ['ignore', 'ignore_ament_install']
[4.376s] Level 1:colcon.colcon_core.package_identification:_identify(src) by extension 'ignore'
[4.376s] Level 1:colcon.colcon_core.package_identification:_identify(src) by extension 'ignore_ament_install'
[4.376s] Level 1:colcon.colcon_core.package_identification:_identify(src) by extensions ['colcon_pkg']
[4.376s] Level 1:colcon.colcon_core.package_identification:_identify(src) by extension 'colcon_pkg'
[4.376s] Level 1:colcon.colcon_core.package_identification:_identify(src) by extensions ['colcon_meta']
[4.376s] Level 1:colcon.colcon_core.package_identification:_identify(src) by extension 'colcon_meta'
[4.376s] Level 1:colcon.colcon_core.package_identification:_identify(src) by extensions ['ros']
[4.376s] Level 1:colcon.colcon_core.package_identification:_identify(src) by extension 'ros'
[4.376s] Level 1:colcon.colcon_core.package_identification:_identify(src) by extensions ['cmake', 'python']
[4.376s] Level 1:colcon.colcon_core.package_identification:_identify(src) by extension 'cmake'
[4.376s] Level 1:colcon.colcon_core.package_identification:_identify(src) by extension 'python'
[4.376s] Level 1:colcon.colcon_core.package_identification:_identify(src) by extensions ['python_setup_py']
[4.376s] Level 1:colcon.colcon_core.package_identification:_identify(src) by extension 'python_setup_py'
[4.376s] Level 1:colcon.colcon_core.package_identification:_identify(src/slambot_bringup) by extensions ['ignore', 'ignore_ament_install']
[4.376s] Level 1:colcon.colcon_core.package_identification:_identify(src/slambot_bringup) by extension 'ignore'
[4.376s] Level 1:colcon.colcon_core.package_identification:_identify(src/slambot_bringup) by extension 'ignore_ament_install'
[4.377s] Level 1:colcon.colcon_core.package_identification:_identify(src/slambot_bringup) by extensions ['colcon_pkg']
[4.377s] Level 1:colcon.colcon_core.package_identification:_identify(src/slambot_bringup) by extension 'colcon_pkg'
[4.377s] Level 1:colcon.colcon_core.package_identification:_identify(src/slambot_bringup) by extensions ['colcon_meta']
[4.377s] Level 1:colcon.colcon_core.package_identification:_identify(src/slambot_bringup) by extension 'colcon_meta'
[4.377s] Level 1:colcon.colcon_core.package_identification:_identify(src/slambot_bringup) by extensions ['ros']
[4.377s] Level 1:colcon.colcon_core.package_identification:_identify(src/slambot_bringup) by extension 'ros'
[4.425s] DEBUG:colcon.colcon_core.package_identification:Package 'src/slambot_bringup' with type 'ros.ament_cmake' and name 'slambot_bringup'
[4.426s] Level 1:colcon.colcon_core.package_identification:_identify(src/slambot_controllers) by extensions ['ignore', 'ignore_ament_install']
[4.426s] Level 1:colcon.colcon_core.package_identification:_identify(src/slambot_controllers) by extension 'ignore'
[4.426s] Level 1:colcon.colcon_core.package_identification:_identify(src/slambot_controllers) by extension 'ignore_ament_install'
[4.426s] Level 1:colcon.colcon_core.package_identification:_identify(src/slambot_controllers) by extensions ['colcon_pkg']
[4.426s] Level 1:colcon.colcon_core.package_identification:_identify(src/slambot_controllers) by extension 'colcon_pkg'
[4.426s] Level 1:colcon.colcon_core.package_identification:_identify(src/slambot_controllers) by extensions ['colcon_meta']
[4.426s] Level 1:colcon.colcon_core.package_identification:_identify(src/slambot_controllers) by extension 'colcon_meta'
[4.426s] Level 1:colcon.colcon_core.package_identification:_identify(src/slambot_controllers) by extensions ['ros']
[4.426s] Level 1:colcon.colcon_core.package_identification:_identify(src/slambot_controllers) by extension 'ros'
[4.440s] DEBUG:colcon.colcon_core.package_identification:Package 'src/slambot_controllers' with type 'ros.ament_cmake' and name 'slambot_controllers'
[4.441s] Level 1:colcon.colcon_core.package_identification:_identify(src/slambot_description) by extensions ['ignore', 'ignore_ament_install']
[4.441s] Level 1:colcon.colcon_core.package_identification:_identify(src/slambot_description) by extension 'ignore'
[4.441s] Level 1:colcon.colcon_core.package_identification:_identify(src/slambot_description) by extension 'ignore_ament_install'
[4.441s] Level 1:colcon.colcon_core.package_identification:_identify(src/slambot_description) by extensions ['colcon_pkg']
[4.441s] Level 1:colcon.colcon_core.package_identification:_identify(src/slambot_description) by extension 'colcon_pkg'
[4.441s] Level 1:colcon.colcon_core.package_identification:_identify(src/slambot_description) by extensions ['colcon_meta']
[4.441s] Level 1:colcon.colcon_core.package_identification:_identify(src/slambot_description) by extension 'colcon_meta'
[4.442s] Level 1:colcon.colcon_core.package_identification:_identify(src/slambot_description) by extensions ['ros']
[4.442s] Level 1:colcon.colcon_core.package_identification:_identify(src/slambot_description) by extension 'ros'
[4.443s] DEBUG:colcon.colcon_core.package_identification:Package 'src/slambot_description' with type 'ros.ament_cmake' and name 'slambot_description'
[4.443s] Level 1:colcon.colcon_core.package_identification:_identify(src/slambot_firmware) by extensions ['ignore', 'ignore_ament_install']
[4.443s] Level 1:colcon.colcon_core.package_identification:_identify(src/slambot_firmware) by extension 'ignore'
[4.443s] Level 1:colcon.colcon_core.package_identification:_identify(src/slambot_firmware) by extension 'ignore_ament_install'
[4.443s] Level 1:colcon.colcon_core.package_identification:_identify(src/slambot_firmware) by extensions ['colcon_pkg']
[4.443s] Level 1:colcon.colcon_core.package_identification:_identify(src/slambot_firmware) by extension 'colcon_pkg'
[4.443s] Level 1:colcon.colcon_core.package_identification:_identify(src/slambot_firmware) by extensions ['colcon_meta']
[4.443s] Level 1:colcon.colcon_core.package_identification:_identify(src/slambot_firmware) by extension 'colcon_meta'
[4.444s] Level 1:colcon.colcon_core.package_identification:_identify(src/slambot_firmware) by extensions ['ros']
[4.444s] Level 1:colcon.colcon_core.package_identification:_identify(src/slambot_firmware) by extension 'ros'
[4.456s] DEBUG:colcon.colcon_core.package_identification:Package 'src/slambot_firmware' with type 'ros.ament_cmake' and name 'slambot_firmware'
[4.457s] Level 1:colcon.colcon_core.package_discovery:discover_packages(recursive) using defaults
[4.457s] Level 1:colcon.colcon_core.package_discovery:discover_packages(ignore) discover
[4.457s] Level 1:colcon.colcon_core.package_discovery:discover_packages(ignore) using defaults
[4.457s] Level 1:colcon.colcon_core.package_discovery:discover_packages(path) discover
[4.457s] Level 1:colcon.colcon_core.package_discovery:discover_packages(path) using defaults
[4.762s] Level 1:colcon.colcon_core.package_discovery:discover_packages(prefix_path) check parameters
[4.763s] Level 1:colcon.colcon_core.package_discovery:discover_packages(prefix_path) discover
[4.854s] DEBUG:colcon.colcon_installed_package_information.package_discovery:Found 1 installed packages in /home/einstein/Documents/gamepad_ws/install
[4.855s] DEBUG:colcon.colcon_installed_package_information.package_discovery:Found 2 installed packages in /home/einstein/Documents/SLAM_WS/install
[4.856s] DEBUG:colcon.colcon_installed_package_information.package_discovery:Found 3 installed packages in /home/einstein/Documents/serial_ws/install
[4.859s] DEBUG:colcon.colcon_installed_package_information.package_discovery:Found 387 installed packages in /opt/ros/humble
[4.865s] Level 1:colcon.colcon_core.package_discovery:discover_packages(prefix_path) using defaults
[5.049s] Level 5:colcon.colcon_core.verb:set package 'slambot_controllers' build argument 'cmake_args' from command line to 'None'
[5.049s] Level 5:colcon.colcon_core.verb:set package 'slambot_controllers' build argument 'cmake_target' from command line to 'None'
[5.049s] Level 5:colcon.colcon_core.verb:set package 'slambot_controllers' build argument 'cmake_target_skip_unavailable' from command line to 'False'
[5.049s] Level 5:colcon.colcon_core.verb:set package 'slambot_controllers' build argument 'cmake_clean_cache' from command line to 'False'
[5.049s] Level 5:colcon.colcon_core.verb:set package 'slambot_controllers' build argument 'cmake_clean_first' from command line to 'False'
[5.049s] Level 5:colcon.colcon_core.verb:set package 'slambot_controllers' build argument 'cmake_force_configure' from command line to 'False'
[5.049s] Level 5:colcon.colcon_core.verb:set package 'slambot_controllers' build argument 'ament_cmake_args' from command line to 'None'
[5.049s] Level 5:colcon.colcon_core.verb:set package 'slambot_controllers' build argument 'catkin_cmake_args' from command line to 'None'
[5.049s] Level 5:colcon.colcon_core.verb:set package 'slambot_controllers' build argument 'catkin_skip_building_tests' from command line to 'False'
[5.049s] DEBUG:colcon.colcon_core.verb:Building package 'slambot_controllers' with the following arguments: {'ament_cmake_args': None, 'build_base': '/home/einstein/Desktop/slambot_ros2/build/slambot_controllers', 'catkin_cmake_args': None, 'catkin_skip_building_tests': False, 'cmake_args': None, 'cmake_clean_cache': False, 'cmake_clean_first': False, 'cmake_force_configure': False, 'cmake_target': None, 'cmake_target_skip_unavailable': False, 'install_base': '/home/einstein/Desktop/slambot_ros2/install/slambot_controllers', 'merge_install': False, 'path': '/home/einstein/Desktop/slambot_ros2/src/slambot_controllers', 'symlink_install': False, 'test_result_base': None}
[5.049s] Level 5:colcon.colcon_core.verb:set package 'slambot_description' build argument 'cmake_args' from command line to 'None'
[5.049s] Level 5:colcon.colcon_core.verb:set package 'slambot_description' build argument 'cmake_target' from command line to 'None'
[5.049s] Level 5:colcon.colcon_core.verb:set package 'slambot_description' build argument 'cmake_target_skip_unavailable' from command line to 'False'
[5.049s] Level 5:colcon.colcon_core.verb:set package 'slambot_description' build argument 'cmake_clean_cache' from command line to 'False'
[5.049s] Level 5:colcon.colcon_core.verb:set package 'slambot_description' build argument 'cmake_clean_first' from command line to 'False'
[5.049s] Level 5:colcon.colcon_core.verb:set package 'slambot_description' build argument 'cmake_force_configure' from command line to 'False'
[5.049s] Level 5:colcon.colcon_core.verb:set package 'slambot_description' build argument 'ament_cmake_args' from command line to 'None'
[5.049s] Level 5:colcon.colcon_core.verb:set package 'slambot_description' build argument 'catkin_cmake_args' from command line to 'None'
[5.049s] Level 5:colcon.colcon_core.verb:set package 'slambot_description' build argument 'catkin_skip_building_tests' from command line to 'False'
[5.049s] DEBUG:colcon.colcon_core.verb:Building package 'slambot_description' with the following arguments: {'ament_cmake_args': None, 'build_base': '/home/einstein/Desktop/slambot_ros2/build/slambot_description', 'catkin_cmake_args': None, 'catkin_skip_building_tests': False, 'cmake_args': None, 'cmake_clean_cache': False, 'cmake_clean_first': False, 'cmake_force_configure': False, 'cmake_target': None, 'cmake_target_skip_unavailable': False, 'install_base': '/home/einstein/Desktop/slambot_ros2/install/slambot_description', 'merge_install': False, 'path': '/home/einstein/Desktop/slambot_ros2/src/slambot_description', 'symlink_install': False, 'test_result_base': None}
[5.049s] Level 5:colcon.colcon_core.verb:set package 'slambot_firmware' build argument 'cmake_args' from command line to 'None'
[5.049s] Level 5:colcon.colcon_core.verb:set package 'slambot_firmware' build argument 'cmake_target' from command line to 'None'
[5.049s] Level 5:colcon.colcon_core.verb:set package 'slambot_firmware' build argument 'cmake_target_skip_unavailable' from command line to 'False'
[5.049s] Level 5:colcon.colcon_core.verb:set package 'slambot_firmware' build argument 'cmake_clean_cache' from command line to 'False'
[5.049s] Level 5:colcon.colcon_core.verb:set package 'slambot_firmware' build argument 'cmake_clean_first' from command line to 'False'
[5.049s] Level 5:colcon.colcon_core.verb:set package 'slambot_firmware' build argument 'cmake_force_configure' from command line to 'False'
[5.050s] Level 5:colcon.colcon_core.verb:set package 'slambot_firmware' build argument 'ament_cmake_args' from command line to 'None'
[5.050s] Level 5:colcon.colcon_core.verb:set package 'slambot_firmware' build argument 'catkin_cmake_args' from command line to 'None'
[5.050s] Level 5:colcon.colcon_core.verb:set package 'slambot_firmware' build argument 'catkin_skip_building_tests' from command line to 'False'
[5.050s] DEBUG:colcon.colcon_core.verb:Building package 'slambot_firmware' with the following arguments: {'ament_cmake_args': None, 'build_base': '/home/einstein/Desktop/slambot_ros2/build/slambot_firmware', 'catkin_cmake_args': None, 'catkin_skip_building_tests': False, 'cmake_args': None, 'cmake_clean_cache': False, 'cmake_clean_first': False, 'cmake_force_configure': False, 'cmake_target': None, 'cmake_target_skip_unavailable': False, 'install_base': '/home/einstein/Desktop/slambot_ros2/install/slambot_firmware', 'merge_install': False, 'path': '/home/einstein/Desktop/slambot_ros2/src/slambot_firmware', 'symlink_install': False, 'test_result_base': None}
[5.050s] Level 5:colcon.colcon_core.verb:set package 'slambot_bringup' build argument 'cmake_args' from command line to 'None'
[5.050s] Level 5:colcon.colcon_core.verb:set package 'slambot_bringup' build argument 'cmake_target' from command line to 'None'
[5.050s] Level 5:colcon.colcon_core.verb:set package 'slambot_bringup' build argument 'cmake_target_skip_unavailable' from command line to 'False'
[5.050s] Level 5:colcon.colcon_core.verb:set package 'slambot_bringup' build argument 'cmake_clean_cache' from command line to 'False'
[5.050s] Level 5:colcon.colcon_core.verb:set package 'slambot_bringup' build argument 'cmake_clean_first' from command line to 'False'
[5.050s] Level 5:colcon.colcon_core.verb:set package 'slambot_bringup' build argument 'cmake_force_configure' from command line to 'False'
[5.050s] Level 5:colcon.colcon_core.verb:set package 'slambot_bringup' build argument 'ament_cmake_args' from command line to 'None'
[5.050s] Level 5:colcon.colcon_core.verb:set package 'slambot_bringup' build argument 'catkin_cmake_args' from command line to 'None'
[5.050s] Level 5:colcon.colcon_core.verb:set package 'slambot_bringup' build argument 'catkin_skip_building_tests' from command line to 'False'
[5.050s] DEBUG:colcon.colcon_core.verb:Building package 'slambot_bringup' with the following arguments: {'ament_cmake_args': None, 'build_base': '/home/einstein/Desktop/slambot_ros2/build/slambot_bringup', 'catkin_cmake_args': None, 'catkin_skip_building_tests': False, 'cmake_args': None, 'cmake_clean_cache': False, 'cmake_clean_first': False, 'cmake_force_configure': False, 'cmake_target': None, 'cmake_target_skip_unavailable': False, 'install_base': '/home/einstein/Desktop/slambot_ros2/install/slambot_bringup', 'merge_install': False, 'path': '/home/einstein/Desktop/slambot_ros2/src/slambot_bringup', 'symlink_install': False, 'test_result_base': None}
[5.050s] INFO:colcon.colcon_core.executor:Executing jobs using 'parallel' executor
[5.051s] DEBUG:colcon.colcon_parallel_executor.executor.parallel:run_until_complete
[5.051s] INFO:colcon.colcon_ros.task.ament_cmake.build:Building ROS package in '/home/einstein/Desktop/slambot_ros2/src/slambot_description' with build type 'ament_cmake'
[5.051s] INFO:colcon.colcon_cmake.task.cmake.build:Building CMake package in '/home/einstein/Desktop/slambot_ros2/src/slambot_description'
[5.067s] INFO:colcon.colcon_core.plugin_system:Skipping extension 'colcon_core.shell.bat': Not used on non-Windows systems
[5.067s] INFO:colcon.colcon_core.shell:Skip shell extension 'powershell' for command environment: Not usable outside of PowerShell
[5.067s] DEBUG:colcon.colcon_core.shell:Skip shell extension 'dsv' for command environment
[5.081s] INFO:colcon.colcon_ros.task.ament_cmake.build:Building ROS package in '/home/einstein/Desktop/slambot_ros2/src/slambot_firmware' with build type 'ament_cmake'
[5.081s] INFO:colcon.colcon_cmake.task.cmake.build:Building CMake package in '/home/einstein/Desktop/slambot_ros2/src/slambot_firmware'
[5.082s] INFO:colcon.colcon_core.shell:Skip shell extension 'powershell' for command environment: Not usable outside of PowerShell
[5.082s] DEBUG:colcon.colcon_core.shell:Skip shell extension 'dsv' for command environment
[5.086s] INFO:colcon.colcon_ros.task.ament_cmake.build:Building ROS package in '/home/einstein/Desktop/slambot_ros2/src/slambot_controllers' with build type 'ament_cmake'
[5.087s] INFO:colcon.colcon_cmake.task.cmake.build:Building CMake package in '/home/einstein/Desktop/slambot_ros2/src/slambot_controllers'
[5.087s] INFO:colcon.colcon_core.shell:Skip shell extension 'powershell' for command environment: Not usable outside of PowerShell
[5.087s] DEBUG:colcon.colcon_core.shell:Skip shell extension 'dsv' for command environment
[5.095s] DEBUG:colcon.colcon_core.event_handler.log_command:Invoking command in '/home/einstein/Desktop/slambot_ros2/build/slambot_description': CMAKE_PREFIX_PATH=${CMAKE_PREFIX_PATH}:/opt/ros/humble /usr/bin/cmake --build /home/einstein/Desktop/slambot_ros2/build/slambot_description -- -j8 -l8
[5.117s] DEBUG:colcon.colcon_core.event_handler.log_command:Invoking command in '/home/einstein/Desktop/slambot_ros2/build/slambot_firmware': CMAKE_PREFIX_PATH=${CMAKE_PREFIX_PATH}:/opt/ros/humble /usr/bin/cmake --build /home/einstein/Desktop/slambot_ros2/build/slambot_firmware -- -j8 -l8
[5.124s] DEBUG:colcon.colcon_core.event_handler.log_command:Invoking command in '/home/einstein/Desktop/slambot_ros2/build/slambot_controllers': CMAKE_PREFIX_PATH=${CMAKE_PREFIX_PATH}:/opt/ros/humble /usr/bin/cmake --build /home/einstein/Desktop/slambot_ros2/build/slambot_controllers -- -j8 -l8
[5.178s] DEBUG:colcon.colcon_core.event_handler.log_command:Invoked command in '/home/einstein/Desktop/slambot_ros2/build/slambot_description' returned '0': CMAKE_PREFIX_PATH=${CMAKE_PREFIX_PATH}:/opt/ros/humble /usr/bin/cmake --build /home/einstein/Desktop/slambot_ros2/build/slambot_description -- -j8 -l8
[5.201s] DEBUG:colcon.colcon_core.event_handler.log_command:Invoking command in '/home/einstein/Desktop/slambot_ros2/build/slambot_description': CMAKE_PREFIX_PATH=${CMAKE_PREFIX_PATH}:/opt/ros/humble /usr/bin/cmake --install /home/einstein/Desktop/slambot_ros2/build/slambot_description
[5.226s] Level 1:colcon.colcon_core.environment:create_environment_scripts_only(slambot_description)
[5.226s] DEBUG:colcon.colcon_core.event_handler.log_command:Invoked command in '/home/einstein/Desktop/slambot_ros2/build/slambot_description' returned '0': CMAKE_PREFIX_PATH=${CMAKE_PREFIX_PATH}:/opt/ros/humble /usr/bin/cmake --install /home/einstein/Desktop/slambot_ros2/build/slambot_description
[5.256s] Level 1:colcon.colcon_core.environment:checking '/home/einstein/Desktop/slambot_ros2/install/slambot_description' for CMake module files
[5.256s] Level 1:colcon.colcon_core.environment:checking '/home/einstein/Desktop/slambot_ros2/install/slambot_description' for CMake config files
[5.256s] Level 1:colcon.colcon_core.shell:create_environment_hook('slambot_description', 'cmake_prefix_path')
[5.257s] INFO:colcon.colcon_core.shell:Creating environment hook '/home/einstein/Desktop/slambot_ros2/install/slambot_description/share/slambot_description/hook/cmake_prefix_path.ps1'
[5.268s] INFO:colcon.colcon_core.shell:Creating environment descriptor '/home/einstein/Desktop/slambot_ros2/install/slambot_description/share/slambot_description/hook/cmake_prefix_path.dsv'
[5.268s] INFO:colcon.colcon_core.shell:Creating environment hook '/home/einstein/Desktop/slambot_ros2/install/slambot_description/share/slambot_description/hook/cmake_prefix_path.sh'
[5.269s] Level 1:colcon.colcon_core.environment:checking '/home/einstein/Desktop/slambot_ros2/install/slambot_description/bin'
[5.269s] Level 1:colcon.colcon_core.environment:checking '/home/einstein/Desktop/slambot_ros2/install/slambot_description/lib/pkgconfig/slambot_description.pc'
[5.270s] Level 1:colcon.colcon_core.environment:checking '/home/einstein/Desktop/slambot_ros2/install/slambot_description/lib/python3.10/site-packages'
[5.270s] Level 1:colcon.colcon_core.environment:checking '/home/einstein/Desktop/slambot_ros2/install/slambot_description/bin'
[5.270s] INFO:colcon.colcon_core.shell:Creating package script '/home/einstein/Desktop/slambot_ros2/install/slambot_description/share/slambot_description/package.ps1'
[5.281s] INFO:colcon.colcon_core.shell:Creating package descriptor '/home/einstein/Desktop/slambot_ros2/install/slambot_description/share/slambot_description/package.dsv'
[5.292s] INFO:colcon.colcon_core.shell:Creating package script '/home/einstein/Desktop/slambot_ros2/install/slambot_description/share/slambot_description/package.sh'
[5.293s] INFO:colcon.colcon_core.shell:Creating package script '/home/einstein/Desktop/slambot_ros2/install/slambot_description/share/slambot_description/package.bash'
[5.294s] INFO:colcon.colcon_core.shell:Creating package script '/home/einstein/Desktop/slambot_ros2/install/slambot_description/share/slambot_description/package.zsh'
[5.295s] Level 1:colcon.colcon_core.environment:create_file_with_runtime_dependencies(/home/einstein/Desktop/slambot_ros2/install/slambot_description/share/colcon-core/packages/slambot_description)
[5.309s] Level 1:colcon.colcon_core.environment:create_environment_scripts_only(slambot_description)
[5.310s] Level 1:colcon.colcon_core.environment:checking '/home/einstein/Desktop/slambot_ros2/install/slambot_description' for CMake module files
[5.310s] Level 1:colcon.colcon_core.environment:checking '/home/einstein/Desktop/slambot_ros2/install/slambot_description' for CMake config files
[5.310s] Level 1:colcon.colcon_core.shell:create_environment_hook('slambot_description', 'cmake_prefix_path')
[5.311s] INFO:colcon.colcon_core.shell:Creating environment hook '/home/einstein/Desktop/slambot_ros2/install/slambot_description/share/slambot_description/hook/cmake_prefix_path.ps1'
[5.311s] INFO:colcon.colcon_core.shell:Creating environment descriptor '/home/einstein/Desktop/slambot_ros2/install/slambot_description/share/slambot_description/hook/cmake_prefix_path.dsv'
[5.311s] INFO:colcon.colcon_core.shell:Creating environment hook '/home/einstein/Desktop/slambot_ros2/install/slambot_description/share/slambot_description/hook/cmake_prefix_path.sh'
[5.312s] Level 1:colcon.colcon_core.environment:checking '/home/einstein/Desktop/slambot_ros2/install/slambot_description/bin'
[5.312s] Level 1:colcon.colcon_core.environment:checking '/home/einstein/Desktop/slambot_ros2/install/slambot_description/lib/pkgconfig/slambot_description.pc'
[5.312s] Level 1:colcon.colcon_core.environment:checking '/home/einstein/Desktop/slambot_ros2/install/slambot_description/lib/python3.10/site-packages'
[5.312s] Level 1:colcon.colcon_core.environment:checking '/home/einstein/Desktop/slambot_ros2/install/slambot_description/bin'
[5.313s] INFO:colcon.colcon_core.shell:Creating package script '/home/einstein/Desktop/slambot_ros2/install/slambot_description/share/slambot_description/package.ps1'
[5.313s] INFO:colcon.colcon_core.shell:Creating package descriptor '/home/einstein/Desktop/slambot_ros2/install/slambot_description/share/slambot_description/package.dsv'
[5.314s] INFO:colcon.colcon_core.shell:Creating package script '/home/einstein/Desktop/slambot_ros2/install/slambot_description/share/slambot_description/package.sh'
[5.314s] INFO:colcon.colcon_core.shell:Creating package script '/home/einstein/Desktop/slambot_ros2/install/slambot_description/share/slambot_description/package.bash'
[5.322s] INFO:colcon.colcon_core.shell:Creating package script '/home/einstein/Desktop/slambot_ros2/install/slambot_description/share/slambot_description/package.zsh'
[5.323s] Level 1:colcon.colcon_core.environment:create_file_with_runtime_dependencies(/home/einstein/Desktop/slambot_ros2/install/slambot_description/share/colcon-core/packages/slambot_description)
[5.494s] DEBUG:colcon.colcon_core.event_handler.log_command:Invoked command in '/home/einstein/Desktop/slambot_ros2/build/slambot_controllers' returned '0': CMAKE_PREFIX_PATH=${CMAKE_PREFIX_PATH}:/opt/ros/humble /usr/bin/cmake --build /home/einstein/Desktop/slambot_ros2/build/slambot_controllers -- -j8 -l8
[5.495s] DEBUG:colcon.colcon_core.event_handler.log_command:Invoked command in '/home/einstein/Desktop/slambot_ros2/build/slambot_firmware' returned '0': CMAKE_PREFIX_PATH=${CMAKE_PREFIX_PATH}:/opt/ros/humble /usr/bin/cmake --build /home/einstein/Desktop/slambot_ros2/build/slambot_firmware -- -j8 -l8
[5.512s] DEBUG:colcon.colcon_core.event_handler.log_command:Invoking command in '/home/einstein/Desktop/slambot_ros2/build/slambot_firmware': CMAKE_PREFIX_PATH=${CMAKE_PREFIX_PATH}:/opt/ros/humble /usr/bin/cmake --install /home/einstein/Desktop/slambot_ros2/build/slambot_firmware
[5.514s] DEBUG:colcon.colcon_core.event_handler.log_command:Invoking command in '/home/einstein/Desktop/slambot_ros2/build/slambot_controllers': CMAKE_PREFIX_PATH=${CMAKE_PREFIX_PATH}:/opt/ros/humble /usr/bin/cmake --install /home/einstein/Desktop/slambot_ros2/build/slambot_controllers
[5.613s] Level 1:colcon.colcon_core.environment:create_environment_scripts_only(slambot_firmware)
[5.613s] DEBUG:colcon.colcon_core.event_handler.log_command:Invoked command in '/home/einstein/Desktop/slambot_ros2/build/slambot_firmware' returned '0': CMAKE_PREFIX_PATH=${CMAKE_PREFIX_PATH}:/opt/ros/humble /usr/bin/cmake --install /home/einstein/Desktop/slambot_ros2/build/slambot_firmware
[5.613s] Level 1:colcon.colcon_core.environment:checking '/home/einstein/Desktop/slambot_ros2/install/slambot_firmware' for CMake module files
[5.614s] Level 1:colcon.colcon_core.environment:checking '/home/einstein/Desktop/slambot_ros2/install/slambot_firmware' for CMake config files
[5.614s] Level 1:colcon.colcon_core.shell:create_environment_hook('slambot_firmware', 'cmake_prefix_path')
[5.615s] INFO:colcon.colcon_core.shell:Creating environment hook '/home/einstein/Desktop/slambot_ros2/install/slambot_firmware/share/slambot_firmware/hook/cmake_prefix_path.ps1'
[5.615s] INFO:colcon.colcon_core.shell:Creating environment descriptor '/home/einstein/Desktop/slambot_ros2/install/slambot_firmware/share/slambot_firmware/hook/cmake_prefix_path.dsv'
[5.615s] INFO:colcon.colcon_core.shell:Creating environment hook '/home/einstein/Desktop/slambot_ros2/install/slambot_firmware/share/slambot_firmware/hook/cmake_prefix_path.sh'
[5.616s] Level 1:colcon.colcon_core.environment:checking '/home/einstein/Desktop/slambot_ros2/install/slambot_firmware/lib'
[5.616s] Level 1:colcon.colcon_core.shell:create_environment_hook('slambot_firmware', 'ld_library_path_lib')
[5.616s] INFO:colcon.colcon_core.shell:Creating environment hook '/home/einstein/Desktop/slambot_ros2/install/slambot_firmware/share/slambot_firmware/hook/ld_library_path_lib.ps1'
[5.617s] INFO:colcon.colcon_core.shell:Creating environment descriptor '/home/einstein/Desktop/slambot_ros2/install/slambot_firmware/share/slambot_firmware/hook/ld_library_path_lib.dsv'
[5.617s] INFO:colcon.colcon_core.shell:Creating environment hook '/home/einstein/Desktop/slambot_ros2/install/slambot_firmware/share/slambot_firmware/hook/ld_library_path_lib.sh'
[5.622s] Level 1:colcon.colcon_core.environment:checking '/home/einstein/Desktop/slambot_ros2/install/slambot_firmware/bin'
[5.622s] Level 1:colcon.colcon_core.environment:checking '/home/einstein/Desktop/slambot_ros2/install/slambot_firmware/lib/pkgconfig/slambot_firmware.pc'
[5.623s] Level 1:colcon.colcon_core.environment:checking '/home/einstein/Desktop/slambot_ros2/install/slambot_firmware/lib/python3.10/site-packages'
[5.623s] Level 1:colcon.colcon_core.environment:checking '/home/einstein/Desktop/slambot_ros2/install/slambot_firmware/bin'
[5.623s] INFO:colcon.colcon_core.shell:Creating package script '/home/einstein/Desktop/slambot_ros2/install/slambot_firmware/share/slambot_firmware/package.ps1'
[5.624s] INFO:colcon.colcon_core.shell:Creating package descriptor '/home/einstein/Desktop/slambot_ros2/install/slambot_firmware/share/slambot_firmware/package.dsv'
[5.629s] INFO:colcon.colcon_core.shell:Creating package script '/home/einstein/Desktop/slambot_ros2/install/slambot_firmware/share/slambot_firmware/package.sh'
[5.629s] INFO:colcon.colcon_core.shell:Creating package script '/home/einstein/Desktop/slambot_ros2/install/slambot_firmware/share/slambot_firmware/package.bash'
[5.629s] INFO:colcon.colcon_core.shell:Creating package script '/home/einstein/Desktop/slambot_ros2/install/slambot_firmware/share/slambot_firmware/package.zsh'
[5.630s] Level 1:colcon.colcon_core.environment:create_file_with_runtime_dependencies(/home/einstein/Desktop/slambot_ros2/install/slambot_firmware/share/colcon-core/packages/slambot_firmware)
[5.631s] Level 1:colcon.colcon_core.environment:create_environment_scripts_only(slambot_controllers)
[5.631s] Level 1:colcon.colcon_core.environment:checking '/home/einstein/Desktop/slambot_ros2/install/slambot_controllers' for CMake module files
[5.631s] DEBUG:colcon.colcon_core.event_handler.log_command:Invoked command in '/home/einstein/Desktop/slambot_ros2/build/slambot_controllers' returned '0': CMAKE_PREFIX_PATH=${CMAKE_PREFIX_PATH}:/opt/ros/humble /usr/bin/cmake --install /home/einstein/Desktop/slambot_ros2/build/slambot_controllers
[5.632s] Level 1:colcon.colcon_core.environment:checking '/home/einstein/Desktop/slambot_ros2/install/slambot_controllers' for CMake config files
[5.632s] Level 1:colcon.colcon_core.shell:create_environment_hook('slambot_controllers', 'cmake_prefix_path')
[5.632s] INFO:colcon.colcon_core.shell:Creating environment hook '/home/einstein/Desktop/slambot_ros2/install/slambot_controllers/share/slambot_controllers/hook/cmake_prefix_path.ps1'
[5.632s] INFO:colcon.colcon_core.shell:Creating environment descriptor '/home/einstein/Desktop/slambot_ros2/install/slambot_controllers/share/slambot_controllers/hook/cmake_prefix_path.dsv'
[5.633s] INFO:colcon.colcon_core.shell:Creating environment hook '/home/einstein/Desktop/slambot_ros2/install/slambot_controllers/share/slambot_controllers/hook/cmake_prefix_path.sh'
[5.633s] Level 1:colcon.colcon_core.environment:checking '/home/einstein/Desktop/slambot_ros2/install/slambot_controllers/lib'
[5.633s] Level 1:colcon.colcon_core.environment:checking '/home/einstein/Desktop/slambot_ros2/install/slambot_controllers/bin'
[5.633s] Level 1:colcon.colcon_core.environment:checking '/home/einstein/Desktop/slambot_ros2/install/slambot_controllers/lib/pkgconfig/slambot_controllers.pc'
[5.634s] Level 1:colcon.colcon_core.environment:checking '/home/einstein/Desktop/slambot_ros2/install/slambot_controllers/lib/python3.10/site-packages'
[5.634s] Level 1:colcon.colcon_core.environment:checking '/home/einstein/Desktop/slambot_ros2/install/slambot_controllers/bin'
[5.634s] INFO:colcon.colcon_core.shell:Creating package script '/home/einstein/Desktop/slambot_ros2/install/slambot_controllers/share/slambot_controllers/package.ps1'
[5.634s] INFO:colcon.colcon_core.shell:Creating package descriptor '/home/einstein/Desktop/slambot_ros2/install/slambot_controllers/share/slambot_controllers/package.dsv'
[5.635s] INFO:colcon.colcon_core.shell:Creating package script '/home/einstein/Desktop/slambot_ros2/install/slambot_controllers/share/slambot_controllers/package.sh'
[5.635s] INFO:colcon.colcon_core.shell:Creating package script '/home/einstein/Desktop/slambot_ros2/install/slambot_controllers/share/slambot_controllers/package.bash'
[5.644s] INFO:colcon.colcon_core.shell:Creating package script '/home/einstein/Desktop/slambot_ros2/install/slambot_controllers/share/slambot_controllers/package.zsh'
[5.644s] Level 1:colcon.colcon_core.environment:create_file_with_runtime_dependencies(/home/einstein/Desktop/slambot_ros2/install/slambot_controllers/share/colcon-core/packages/slambot_controllers)
[5.646s] Level 1:colcon.colcon_core.environment:create_environment_scripts_only(slambot_firmware)
[5.647s] Level 1:colcon.colcon_core.environment:checking '/home/einstein/Desktop/slambot_ros2/install/slambot_firmware' for CMake module files
[5.647s] Level 1:colcon.colcon_core.environment:checking '/home/einstein/Desktop/slambot_ros2/install/slambot_firmware' for CMake config files
[5.647s] Level 1:colcon.colcon_core.shell:create_environment_hook('slambot_firmware', 'cmake_prefix_path')
[5.647s] INFO:colcon.colcon_core.shell:Creating environment hook '/home/einstein/Desktop/slambot_ros2/install/slambot_firmware/share/slambot_firmware/hook/cmake_prefix_path.ps1'
[5.648s] INFO:colcon.colcon_core.shell:Creating environment descriptor '/home/einstein/Desktop/slambot_ros2/install/slambot_firmware/share/slambot_firmware/hook/cmake_prefix_path.dsv'
[5.648s] INFO:colcon.colcon_core.shell:Creating environment hook '/home/einstein/Desktop/slambot_ros2/install/slambot_firmware/share/slambot_firmware/hook/cmake_prefix_path.sh'
[5.648s] Level 1:colcon.colcon_core.environment:checking '/home/einstein/Desktop/slambot_ros2/install/slambot_firmware/lib'
[5.648s] Level 1:colcon.colcon_core.shell:create_environment_hook('slambot_firmware', 'ld_library_path_lib')
[5.649s] INFO:colcon.colcon_core.shell:Creating environment hook '/home/einstein/Desktop/slambot_ros2/install/slambot_firmware/share/slambot_firmware/hook/ld_library_path_lib.ps1'
[5.649s] INFO:colcon.colcon_core.shell:Creating environment descriptor '/home/einstein/Desktop/slambot_ros2/install/slambot_firmware/share/slambot_firmware/hook/ld_library_path_lib.dsv'
[5.649s] INFO:colcon.colcon_core.shell:Creating environment hook '/home/einstein/Desktop/slambot_ros2/install/slambot_firmware/share/slambot_firmware/hook/ld_library_path_lib.sh'
[5.649s] Level 1:colcon.colcon_core.environment:checking '/home/einstein/Desktop/slambot_ros2/install/slambot_firmware/bin'
[5.649s] Level 1:colcon.colcon_core.environment:checking '/home/einstein/Desktop/slambot_ros2/install/slambot_firmware/lib/pkgconfig/slambot_firmware.pc'
[5.649s] Level 1:colcon.colcon_core.environment:checking '/home/einstein/Desktop/slambot_ros2/install/slambot_firmware/lib/python3.10/site-packages'
[5.649s] Level 1:colcon.colcon_core.environment:checking '/home/einstein/Desktop/slambot_ros2/install/slambot_firmware/bin'
[5.650s] INFO:colcon.colcon_core.shell:Creating package script '/home/einstein/Desktop/slambot_ros2/install/slambot_firmware/share/slambot_firmware/package.ps1'
[5.659s] INFO:colcon.colcon_core.shell:Creating package descriptor '/home/einstein/Desktop/slambot_ros2/install/slambot_firmware/share/slambot_firmware/package.dsv'
[5.659s] INFO:colcon.colcon_core.shell:Creating package script '/home/einstein/Desktop/slambot_ros2/install/slambot_firmware/share/slambot_firmware/package.sh'
[5.659s] INFO:colcon.colcon_core.shell:Creating package script '/home/einstein/Desktop/slambot_ros2/install/slambot_firmware/share/slambot_firmware/package.bash'
[5.660s] INFO:colcon.colcon_core.shell:Creating package script '/home/einstein/Desktop/slambot_ros2/install/slambot_firmware/share/slambot_firmware/package.zsh'
[5.660s] Level 1:colcon.colcon_core.environment:create_file_with_runtime_dependencies(/home/einstein/Desktop/slambot_ros2/install/slambot_firmware/share/colcon-core/packages/slambot_firmware)
[5.660s] INFO:colcon.colcon_ros.task.ament_cmake.build:Building ROS package in '/home/einstein/Desktop/slambot_ros2/src/slambot_bringup' with build type 'ament_cmake'
[5.660s] INFO:colcon.colcon_cmake.task.cmake.build:Building CMake package in '/home/einstein/Desktop/slambot_ros2/src/slambot_bringup'
[5.661s] INFO:colcon.colcon_core.shell:Skip shell extension 'powershell' for command environment: Not usable outside of PowerShell
[5.661s] DEBUG:colcon.colcon_core.shell:Skip shell extension 'dsv' for command environment
[5.665s] Level 1:colcon.colcon_core.environment:create_environment_scripts_only(slambot_controllers)
[5.665s] Level 1:colcon.colcon_core.environment:checking '/home/einstein/Desktop/slambot_ros2/install/slambot_controllers' for CMake module files
[5.666s] Level 1:colcon.colcon_core.environment:checking '/home/einstein/Desktop/slambot_ros2/install/slambot_controllers' for CMake config files
[5.666s] Level 1:colcon.colcon_core.shell:create_environment_hook('slambot_controllers', 'cmake_prefix_path')
[5.666s] INFO:colcon.colcon_core.shell:Creating environment hook '/home/einstein/Desktop/slambot_ros2/install/slambot_controllers/share/slambot_controllers/hook/cmake_prefix_path.ps1'
[5.666s] INFO:colcon.colcon_core.shell:Creating environment descriptor '/home/einstein/Desktop/slambot_ros2/install/slambot_controllers/share/slambot_controllers/hook/cmake_prefix_path.dsv'
[5.667s] INFO:colcon.colcon_core.shell:Creating environment hook '/home/einstein/Desktop/slambot_ros2/install/slambot_controllers/share/slambot_controllers/hook/cmake_prefix_path.sh'
[5.667s] Level 1:colcon.colcon_core.environment:checking '/home/einstein/Desktop/slambot_ros2/install/slambot_controllers/lib'
[5.667s] Level 1:colcon.colcon_core.environment:checking '/home/einstein/Desktop/slambot_ros2/install/slambot_controllers/bin'
[5.667s] Level 1:colcon.colcon_core.environment:checking '/home/einstein/Desktop/slambot_ros2/install/slambot_controllers/lib/pkgconfig/slambot_controllers.pc'
[5.667s] Level 1:colcon.colcon_core.environment:checking '/home/einstein/Desktop/slambot_ros2/install/slambot_controllers/lib/python3.10/site-packages'
[5.667s] Level 1:colcon.colcon_core.environment:checking '/home/einstein/Desktop/slambot_ros2/install/slambot_controllers/bin'
[5.668s] INFO:colcon.colcon_core.shell:Creating package script '/home/einstein/Desktop/slambot_ros2/install/slambot_controllers/share/slambot_controllers/package.ps1'
[5.668s] INFO:colcon.colcon_core.shell:Creating package descriptor '/home/einstein/Desktop/slambot_ros2/install/slambot_controllers/share/slambot_controllers/package.dsv'
[5.673s] INFO:colcon.colcon_core.shell:Creating package script '/home/einstein/Desktop/slambot_ros2/install/slambot_controllers/share/slambot_controllers/package.sh'
[5.673s] INFO:colcon.colcon_core.shell:Creating package script '/home/einstein/Desktop/slambot_ros2/install/slambot_controllers/share/slambot_controllers/package.bash'
[5.673s] INFO:colcon.colcon_core.shell:Creating package script '/home/einstein/Desktop/slambot_ros2/install/slambot_controllers/share/slambot_controllers/package.zsh'
[5.674s] Level 1:colcon.colcon_core.environment:create_file_with_runtime_dependencies(/home/einstein/Desktop/slambot_ros2/install/slambot_controllers/share/colcon-core/packages/slambot_controllers)
[5.703s] DEBUG:colcon.colcon_core.event_handler.log_command:Invoking command in '/home/einstein/Desktop/slambot_ros2/build/slambot_bringup': AMENT_PREFIX_PATH=/home/einstein/Desktop/slambot_ros2/install/slambot_firmware:/home/einstein/Desktop/slambot_ros2/install/slambot_description:${AMENT_PREFIX_PATH} CMAKE_PREFIX_PATH=/home/einstein/Desktop/slambot_ros2/install/slambot_firmware:/home/einstein/Desktop/slambot_ros2/install/slambot_description:/home/einstein/Documents/serial_ws/install/serial_launch_file:/home/einstein/Documents/serial_ws/install/serial_cpp_pkg:/home/einstein/Documents/serial_ws/install/odometry_estimator:/home/einstein/Documents/gamepad_ws/install/gamepad_bringup:/home/einstein/Documents/SLAM_WS/install/slambot_description:/home/einstein/Documents/SLAM_WS/install/cpp_code_pkg:/opt/ros/humble LD_LIBRARY_PATH=/home/einstein/Desktop/slambot_ros2/install/slambot_firmware/lib:${LD_LIBRARY_PATH} PYTHONPATH=/home/einstein/Desktop/slambot_ros2/install/slambot_firmware/local/lib/python3.10/dist-packages:${PYTHONPATH} /usr/bin/cmake --build /home/einstein/Desktop/slambot_ros2/build/slambot_bringup -- -j8 -l8
[5.794s] DEBUG:colcon.colcon_core.event_handler.log_command:Invoked command in '/home/einstein/Desktop/slambot_ros2/build/slambot_bringup' returned '0': AMENT_PREFIX_PATH=/home/einstein/Desktop/slambot_ros2/install/slambot_firmware:/home/einstein/Desktop/slambot_ros2/install/slambot_description:${AMENT_PREFIX_PATH} CMAKE_PREFIX_PATH=/home/einstein/Desktop/slambot_ros2/install/slambot_firmware:/home/einstein/Desktop/slambot_ros2/install/slambot_description:/home/einstein/Documents/serial_ws/install/serial_launch_file:/home/einstein/Documents/serial_ws/install/serial_cpp_pkg:/home/einstein/Documents/serial_ws/install/odometry_estimator:/home/einstein/Documents/gamepad_ws/install/gamepad_bringup:/home/einstein/Documents/SLAM_WS/install/slambot_description:/home/einstein/Documents/SLAM_WS/install/cpp_code_pkg:/opt/ros/humble LD_LIBRARY_PATH=/home/einstein/Desktop/slambot_ros2/install/slambot_firmware/lib:${LD_LIBRARY_PATH} PYTHONPATH=/home/einstein/Desktop/slambot_ros2/install/slambot_firmware/local/lib/python3.10/dist-packages:${PYTHONPATH} /usr/bin/cmake --build /home/einstein/Desktop/slambot_ros2/build/slambot_bringup -- -j8 -l8
[5.811s] DEBUG:colcon.colcon_core.event_handler.log_command:Invoking command in '/home/einstein/Desktop/slambot_ros2/build/slambot_bringup': AMENT_PREFIX_PATH=/home/einstein/Desktop/slambot_ros2/install/slambot_firmware:/home/einstein/Desktop/slambot_ros2/install/slambot_description:${AMENT_PREFIX_PATH} CMAKE_PREFIX_PATH=/home/einstein/Desktop/slambot_ros2/install/slambot_firmware:/home/einstein/Desktop/slambot_ros2/install/slambot_description:/home/einstein/Documents/serial_ws/install/serial_launch_file:/home/einstein/Documents/serial_ws/install/serial_cpp_pkg:/home/einstein/Documents/serial_ws/install/odometry_estimator:/home/einstein/Documents/gamepad_ws/install/gamepad_bringup:/home/einstein/Documents/SLAM_WS/install/slambot_description:/home/einstein/Documents/SLAM_WS/install/cpp_code_pkg:/opt/ros/humble LD_LIBRARY_PATH=/home/einstein/Desktop/slambot_ros2/install/slambot_firmware/lib:${LD_LIBRARY_PATH} PYTHONPATH=/home/einstein/Desktop/slambot_ros2/install/slambot_firmware/local/lib/python3.10/dist-packages:${PYTHONPATH} /usr/bin/cmake --install /home/einstein/Desktop/slambot_ros2/build/slambot_bringup
[5.840s] Level 1:colcon.colcon_core.environment:create_environment_scripts_only(slambot_bringup)
[5.840s] Level 1:colcon.colcon_core.environment:checking '/home/einstein/Desktop/slambot_ros2/install/slambot_bringup' for CMake module files
[5.841s] DEBUG:colcon.colcon_core.event_handler.log_command:Invoked command in '/home/einstein/Desktop/slambot_ros2/build/slambot_bringup' returned '0': AMENT_PREFIX_PATH=/home/einstein/Desktop/slambot_ros2/install/slambot_firmware:/home/einstein/Desktop/slambot_ros2/install/slambot_description:${AMENT_PREFIX_PATH} CMAKE_PREFIX_PATH=/home/einstein/Desktop/slambot_ros2/install/slambot_firmware:/home/einstein/Desktop/slambot_ros2/install/slambot_description:/home/einstein/Documents/serial_ws/install/serial_launch_file:/home/einstein/Documents/serial_ws/install/serial_cpp_pkg:/home/einstein/Documents/serial_ws/install/odometry_estimator:/home/einstein/Documents/gamepad_ws/install/gamepad_bringup:/home/einstein/Documents/SLAM_WS/install/slambot_description:/home/einstein/Documents/SLAM_WS/install/cpp_code_pkg:/opt/ros/humble LD_LIBRARY_PATH=/home/einstein/Desktop/slambot_ros2/install/slambot_firmware/lib:${LD_LIBRARY_PATH} PYTHONPATH=/home/einstein/Desktop/slambot_ros2/install/slambot_firmware/local/lib/python3.10/dist-packages:${PYTHONPATH} /usr/bin/cmake --install /home/einstein/Desktop/slambot_ros2/build/slambot_bringup
[5.841s] Level 1:colcon.colcon_core.environment:checking '/home/einstein/Desktop/slambot_ros2/install/slambot_bringup' for CMake config files
[5.841s] Level 1:colcon.colcon_core.shell:create_environment_hook('slambot_bringup', 'cmake_prefix_path')
[5.841s] INFO:colcon.colcon_core.shell:Creating environment hook '/home/einstein/Desktop/slambot_ros2/install/slambot_bringup/share/slambot_bringup/hook/cmake_prefix_path.ps1'
[5.842s] INFO:colcon.colcon_core.shell:Creating environment descriptor '/home/einstein/Desktop/slambot_ros2/install/slambot_bringup/share/slambot_bringup/hook/cmake_prefix_path.dsv'
[5.842s] INFO:colcon.colcon_core.shell:Creating environment hook '/home/einstein/Desktop/slambot_ros2/install/slambot_bringup/share/slambot_bringup/hook/cmake_prefix_path.sh'
[5.843s] Level 1:colcon.colcon_core.environment:checking '/home/einstein/Desktop/slambot_ros2/install/slambot_bringup/bin'
[5.843s] Level 1:colcon.colcon_core.environment:checking '/home/einstein/Desktop/slambot_ros2/install/slambot_bringup/lib/pkgconfig/slambot_bringup.pc'
[5.843s] Level 1:colcon.colcon_core.environment:checking '/home/einstein/Desktop/slambot_ros2/install/slambot_bringup/lib/python3.10/site-packages'
[5.843s] Level 1:colcon.colcon_core.environment:checking '/home/einstein/Desktop/slambot_ros2/install/slambot_bringup/bin'
[5.844s] INFO:colcon.colcon_core.shell:Creating package script '/home/einstein/Desktop/slambot_ros2/install/slambot_bringup/share/slambot_bringup/package.ps1'
[5.844s] INFO:colcon.colcon_core.shell:Creating package descriptor '/home/einstein/Desktop/slambot_ros2/install/slambot_bringup/share/slambot_bringup/package.dsv'
[5.845s] INFO:colcon.colcon_core.shell:Creating package script '/home/einstein/Desktop/slambot_ros2/install/slambot_bringup/share/slambot_bringup/package.sh'
[5.845s] INFO:colcon.colcon_core.shell:Creating package script '/home/einstein/Desktop/slambot_ros2/install/slambot_bringup/share/slambot_bringup/package.bash'
[5.853s] INFO:colcon.colcon_core.shell:Creating package script '/home/einstein/Desktop/slambot_ros2/install/slambot_bringup/share/slambot_bringup/package.zsh'
[5.853s] Level 1:colcon.colcon_core.environment:create_file_with_runtime_dependencies(/home/einstein/Desktop/slambot_ros2/install/slambot_bringup/share/colcon-core/packages/slambot_bringup)
[5.870s] Level 1:colcon.colcon_core.environment:create_environment_scripts_only(slambot_bringup)
[5.870s] Level 1:colcon.colcon_core.environment:checking '/home/einstein/Desktop/slambot_ros2/install/slambot_bringup' for CMake module files
[5.871s] Level 1:colcon.colcon_core.environment:checking '/home/einstein/Desktop/slambot_ros2/install/slambot_bringup' for CMake config files
[5.871s] Level 1:colcon.colcon_core.shell:create_environment_hook('slambot_bringup', 'cmake_prefix_path')
[5.871s] INFO:colcon.colcon_core.shell:Creating environment hook '/home/einstein/Desktop/slambot_ros2/install/slambot_bringup/share/slambot_bringup/hook/cmake_prefix_path.ps1'
[5.872s] INFO:colcon.colcon_core.shell:Creating environment descriptor '/home/einstein/Desktop/slambot_ros2/install/slambot_bringup/share/slambot_bringup/hook/cmake_prefix_path.dsv'
[5.872s] INFO:colcon.colcon_core.shell:Creating environment hook '/home/einstein/Desktop/slambot_ros2/install/slambot_bringup/share/slambot_bringup/hook/cmake_prefix_path.sh'
[5.873s] Level 1:colcon.colcon_core.environment:checking '/home/einstein/Desktop/slambot_ros2/install/slambot_bringup/bin'
[5.873s] Level 1:colcon.colcon_core.environment:checking '/home/einstein/Desktop/slambot_ros2/install/slambot_bringup/lib/pkgconfig/slambot_bringup.pc'
[5.873s] Level 1:colcon.colcon_core.environment:checking '/home/einstein/Desktop/slambot_ros2/install/slambot_bringup/lib/python3.10/site-packages'
[5.873s] Level 1:colcon.colcon_core.environment:checking '/home/einstein/Desktop/slambot_ros2/install/slambot_bringup/bin'
[5.874s] INFO:colcon.colcon_core.shell:Creating package script '/home/einstein/Desktop/slambot_ros2/install/slambot_bringup/share/slambot_bringup/package.ps1'
[5.874s] INFO:colcon.colcon_core.shell:Creating package descriptor '/home/einstein/Desktop/slambot_ros2/install/slambot_bringup/share/slambot_bringup/package.dsv'
[5.875s] INFO:colcon.colcon_core.shell:Creating package script '/home/einstein/Desktop/slambot_ros2/install/slambot_bringup/share/slambot_bringup/package.sh'
[5.875s] INFO:colcon.colcon_core.shell:Creating package script '/home/einstein/Desktop/slambot_ros2/install/slambot_bringup/share/slambot_bringup/package.bash'
[5.883s] INFO:colcon.colcon_core.shell:Creating package script '/home/einstein/Desktop/slambot_ros2/install/slambot_bringup/share/slambot_bringup/package.zsh'
[5.884s] Level 1:colcon.colcon_core.environment:create_file_with_runtime_dependencies(/home/einstein/Desktop/slambot_ros2/install/slambot_bringup/share/colcon-core/packages/slambot_bringup)
[5.884s] DEBUG:colcon.colcon_parallel_executor.executor.parallel:closing loop
[5.884s] DEBUG:colcon.colcon_parallel_executor.executor.parallel:loop closed
[5.884s] DEBUG:colcon.colcon_parallel_executor.executor.parallel:run_until_complete finished with '0'
[5.885s] DEBUG:colcon.colcon_core.event_reactor:joining thread
[5.938s] INFO:colcon.colcon_core.plugin_system:Skipping extension 'colcon_notification.desktop_notification.terminal_notifier': Not used on non-Darwin systems
[5.938s] INFO:colcon.colcon_core.plugin_system:Skipping extension 'colcon_notification.desktop_notification.win32': Not used on non-Windows systems
[5.938s] INFO:colcon.colcon_notification.desktop_notification:Sending desktop notification using 'notify2'
[5.951s] DEBUG:colcon.colcon_core.event_reactor:joined thread
[5.952s] INFO:colcon.colcon_core.shell:Creating prefix script '/home/einstein/Desktop/slambot_ros2/install/local_setup.ps1'
[5.963s] INFO:colcon.colcon_core.shell:Creating prefix util module '/home/einstein/Desktop/slambot_ros2/install/_local_setup_util_ps1.py'
[5.976s] INFO:colcon.colcon_core.shell:Creating prefix chain script '/home/einstein/Desktop/slambot_ros2/install/setup.ps1'
[5.978s] INFO:colcon.colcon_core.shell:Creating prefix script '/home/einstein/Desktop/slambot_ros2/install/local_setup.sh'
[5.979s] INFO:colcon.colcon_core.shell:Creating prefix util module '/home/einstein/Desktop/slambot_ros2/install/_local_setup_util_sh.py'
[5.980s] INFO:colcon.colcon_core.shell:Creating prefix chain script '/home/einstein/Desktop/slambot_ros2/install/setup.sh'
[5.992s] INFO:colcon.colcon_core.shell:Creating prefix script '/home/einstein/Desktop/slambot_ros2/install/local_setup.bash'
[6.003s] INFO:colcon.colcon_core.shell:Creating prefix chain script '/home/einstein/Desktop/slambot_ros2/install/setup.bash'
[6.015s] INFO:colcon.colcon_core.shell:Creating prefix script '/home/einstein/Desktop/slambot_ros2/install/local_setup.zsh'
[6.026s] INFO:colcon.colcon_core.shell:Creating prefix chain script '/home/einstein/Desktop/slambot_ros2/install/setup.zsh'
