[0.042s] Invoking command in '/home/einstein/Desktop/slambot_ros2/build/slambot_bringup': AMENT_PREFIX_PATH=/home/einstein/Desktop/slambot_ros2/install/slambot_firmware:/home/einstein/Desktop/slambot_ros2/install/slambot_description:${AMENT_PREFIX_PATH} CMAKE_PREFIX_PATH=/home/einstein/Desktop/slambot_ros2/install/slambot_firmware:/home/einstein/Desktop/slambot_ros2/install/slambot_description:/home/einstein/Documents/serial_ws/install/serial_launch_file:/home/einstein/Documents/serial_ws/install/serial_cpp_pkg:/home/einstein/Documents/serial_ws/install/odometry_estimator:/home/einstein/Documents/gamepad_ws/install/gamepad_bringup:/home/einstein/Documents/SLAM_WS/install/slambot_description:/home/einstein/Documents/SLAM_WS/install/cpp_code_pkg:/opt/ros/humble LD_LIBRARY_PATH=/home/einstein/Desktop/slambot_ros2/install/slambot_firmware/lib:${LD_LIBRARY_PATH} PYTHONPATH=/home/einstein/Desktop/slambot_ros2/install/slambot_firmware/local/lib/python3.10/dist-packages:${PYTHONPATH} /usr/bin/cmake --build /home/einstein/Desktop/slambot_ros2/build/slambot_bringup -- -j8 -l8
[0.132s] Invoked command in '/home/einstein/Desktop/slambot_ros2/build/slambot_bringup' returned '0': AMENT_PREFIX_PATH=/home/einstein/Desktop/slambot_ros2/install/slambot_firmware:/home/einstein/Desktop/slambot_ros2/install/slambot_description:${AMENT_PREFIX_PATH} CMAKE_PREFIX_PATH=/home/einstein/Desktop/slambot_ros2/install/slambot_firmware:/home/einstein/Desktop/slambot_ros2/install/slambot_description:/home/einstein/Documents/serial_ws/install/serial_launch_file:/home/einstein/Documents/serial_ws/install/serial_cpp_pkg:/home/einstein/Documents/serial_ws/install/odometry_estimator:/home/einstein/Documents/gamepad_ws/install/gamepad_bringup:/home/einstein/Documents/SLAM_WS/install/slambot_description:/home/einstein/Documents/SLAM_WS/install/cpp_code_pkg:/opt/ros/humble LD_LIBRARY_PATH=/home/einstein/Desktop/slambot_ros2/install/slambot_firmware/lib:${LD_LIBRARY_PATH} PYTHONPATH=/home/einstein/Desktop/slambot_ros2/install/slambot_firmware/local/lib/python3.10/dist-packages:${PYTHONPATH} /usr/bin/cmake --build /home/einstein/Desktop/slambot_ros2/build/slambot_bringup -- -j8 -l8
[0.150s] Invoking command in '/home/einstein/Desktop/slambot_ros2/build/slambot_bringup': AMENT_PREFIX_PATH=/home/einstein/Desktop/slambot_ros2/install/slambot_firmware:/home/einstein/Desktop/slambot_ros2/install/slambot_description:${AMENT_PREFIX_PATH} CMAKE_PREFIX_PATH=/home/einstein/Desktop/slambot_ros2/install/slambot_firmware:/home/einstein/Desktop/slambot_ros2/install/slambot_description:/home/einstein/Documents/serial_ws/install/serial_launch_file:/home/einstein/Documents/serial_ws/install/serial_cpp_pkg:/home/einstein/Documents/serial_ws/install/odometry_estimator:/home/einstein/Documents/gamepad_ws/install/gamepad_bringup:/home/einstein/Documents/SLAM_WS/install/slambot_description:/home/einstein/Documents/SLAM_WS/install/cpp_code_pkg:/opt/ros/humble LD_LIBRARY_PATH=/home/einstein/Desktop/slambot_ros2/install/slambot_firmware/lib:${LD_LIBRARY_PATH} PYTHONPATH=/home/einstein/Desktop/slambot_ros2/install/slambot_firmware/local/lib/python3.10/dist-packages:${PYTHONPATH} /usr/bin/cmake --install /home/einstein/Desktop/slambot_ros2/build/slambot_bringup
[0.166s] -- Install configuration: ""
[0.166s] -- Up-to-date: /home/einstein/Desktop/slambot_ros2/install/slambot_bringup/share/slambot_bringup/config
[0.166s] -- Up-to-date: /home/einstein/Desktop/slambot_ros2/install/slambot_bringup/share/slambot_bringup/config/rplidar_a1.yaml
[0.166s] -- Up-to-date: /home/einstein/Desktop/slambot_ros2/install/slambot_bringup/share/slambot_bringup/launch
[0.167s] -- Installing: /home/einstein/Desktop/slambot_ros2/install/slambot_bringup/share/slambot_bringup/launch/slambot_real.launch.py
[0.167s] -- Up-to-date: /home/einstein/Desktop/slambot_ros2/install/slambot_bringup/share/ament_index/resource_index/package_run_dependencies/slambot_bringup
[0.167s] -- Up-to-date: /home/einstein/Desktop/slambot_ros2/install/slambot_bringup/share/ament_index/resource_index/parent_prefix_path/slambot_bringup
[0.167s] -- Up-to-date: /home/einstein/Desktop/slambot_ros2/install/slambot_bringup/share/slambot_bringup/environment/ament_prefix_path.sh
[0.167s] -- Up-to-date: /home/einstein/Desktop/slambot_ros2/install/slambot_bringup/share/slambot_bringup/environment/ament_prefix_path.dsv
[0.167s] -- Up-to-date: /home/einstein/Desktop/slambot_ros2/install/slambot_bringup/share/slambot_bringup/environment/path.sh
[0.167s] -- Up-to-date: /home/einstein/Desktop/slambot_ros2/install/slambot_bringup/share/slambot_bringup/environment/path.dsv
[0.167s] -- Up-to-date: /home/einstein/Desktop/slambot_ros2/install/slambot_bringup/share/slambot_bringup/local_setup.bash
[0.167s] -- Up-to-date: /home/einstein/Desktop/slambot_ros2/install/slambot_bringup/share/slambot_bringup/local_setup.sh
[0.167s] -- Up-to-date: /home/einstein/Desktop/slambot_ros2/install/slambot_bringup/share/slambot_bringup/local_setup.zsh
[0.167s] -- Up-to-date: /home/einstein/Desktop/slambot_ros2/install/slambot_bringup/share/slambot_bringup/local_setup.dsv
[0.167s] -- Installing: /home/einstein/Desktop/slambot_ros2/install/slambot_bringup/share/slambot_bringup/package.dsv
[0.177s] -- Up-to-date: /home/einstein/Desktop/slambot_ros2/install/slambot_bringup/share/ament_index/resource_index/packages/slambot_bringup
[0.177s] -- Up-to-date: /home/einstein/Desktop/slambot_ros2/install/slambot_bringup/share/slambot_bringup/cmake/slambot_bringupConfig.cmake
[0.177s] -- Up-to-date: /home/einstein/Desktop/slambot_ros2/install/slambot_bringup/share/slambot_bringup/cmake/slambot_bringupConfig-version.cmake
[0.177s] -- Up-to-date: /home/einstein/Desktop/slambot_ros2/install/slambot_bringup/share/slambot_bringup/package.xml
[0.179s] Invoked command in '/home/einstein/Desktop/slambot_ros2/build/slambot_bringup' returned '0': AMENT_PREFIX_PATH=/home/einstein/Desktop/slambot_ros2/install/slambot_firmware:/home/einstein/Desktop/slambot_ros2/install/slambot_description:${AMENT_PREFIX_PATH} CMAKE_PREFIX_PATH=/home/einstein/Desktop/slambot_ros2/install/slambot_firmware:/home/einstein/Desktop/slambot_ros2/install/slambot_description:/home/einstein/Documents/serial_ws/install/serial_launch_file:/home/einstein/Documents/serial_ws/install/serial_cpp_pkg:/home/einstein/Documents/serial_ws/install/odometry_estimator:/home/einstein/Documents/gamepad_ws/install/gamepad_bringup:/home/einstein/Documents/SLAM_WS/install/slambot_description:/home/einstein/Documents/SLAM_WS/install/cpp_code_pkg:/opt/ros/humble LD_LIBRARY_PATH=/home/einstein/Desktop/slambot_ros2/install/slambot_firmware/lib:${LD_LIBRARY_PATH} PYTHONPATH=/home/einstein/Desktop/slambot_ros2/install/slambot_firmware/local/lib/python3.10/dist-packages:${PYTHONPATH} /usr/bin/cmake --install /home/einstein/Desktop/slambot_ros2/build/slambot_bringup
