[0.026s] Invoking command in '/home/einstein/Desktop/slambot_ros2/build/slambot_description': CMAKE_PREFIX_PATH=${CMAKE_PREFIX_PATH}:/opt/ros/humble /usr/bin/cmake --build /home/einstein/Desktop/slambot_ros2/build/slambot_description -- -j8 -l8
[0.053s] Invoked command in '/home/einstein/Desktop/slambot_ros2/build/slambot_description' returned '0': CMAKE_PREFIX_PATH=${CMAKE_PREFIX_PATH}:/opt/ros/humble /usr/bin/cmake --build /home/einstein/Desktop/slambot_ros2/build/slambot_description -- -j8 -l8
[0.076s] Invoking command in '/home/einstein/Desktop/slambot_ros2/build/slambot_description': CMAKE_PREFIX_PATH=${CMAKE_PREFIX_PATH}:/opt/ros/humble /usr/bin/cmake --install /home/einstein/Desktop/slambot_ros2/build/slambot_description
[0.083s] -- Install configuration: ""
[0.083s] -- Up-to-date: /home/einstein/Desktop/slambot_ros2/install/slambot_description/share/slambot_description/urdf
[0.083s] -- Up-to-date: /home/einstein/Desktop/slambot_ros2/install/slambot_description/share/slambot_description/urdf/bot.urdf.xacro
[0.083s] -- Up-to-date: /home/einstein/Desktop/slambot_ros2/install/slambot_description/share/slambot_description/urdf/gazebo_control.xacro
[0.084s] -- Up-to-date: /home/einstein/Desktop/slambot_ros2/install/slambot_description/share/slambot_description/urdf/lidar.xacro
[0.084s] -- Up-to-date: /home/einstein/Desktop/slambot_ros2/install/slambot_description/share/slambot_description/urdf/ros2_control.xacro
[0.084s] -- Up-to-date: /home/einstein/Desktop/slambot_ros2/install/slambot_description/share/slambot_description/urdf/inertial_macros.xacro
[0.084s] -- Up-to-date: /home/einstein/Desktop/slambot_ros2/install/slambot_description/share/slambot_description/launch
[0.084s] -- Up-to-date: /home/einstein/Desktop/slambot_ros2/install/slambot_description/share/slambot_description/launch/robot_description.launch.py
[0.084s] -- Up-to-date: /home/einstein/Desktop/slambot_ros2/install/slambot_description/share/slambot_description/launch/sim.launch.py
[0.084s] -- Up-to-date: /home/einstein/Desktop/slambot_ros2/install/slambot_description/share/ament_index/resource_index/package_run_dependencies/slambot_description
[0.084s] -- Up-to-date: /home/einstein/Desktop/slambot_ros2/install/slambot_description/share/ament_index/resource_index/parent_prefix_path/slambot_description
[0.084s] -- Up-to-date: /home/einstein/Desktop/slambot_ros2/install/slambot_description/share/slambot_description/environment/ament_prefix_path.sh
[0.084s] -- Up-to-date: /home/einstein/Desktop/slambot_ros2/install/slambot_description/share/slambot_description/environment/ament_prefix_path.dsv
[0.084s] -- Up-to-date: /home/einstein/Desktop/slambot_ros2/install/slambot_description/share/slambot_description/environment/path.sh
[0.084s] -- Up-to-date: /home/einstein/Desktop/slambot_ros2/install/slambot_description/share/slambot_description/environment/path.dsv
[0.084s] -- Up-to-date: /home/einstein/Desktop/slambot_ros2/install/slambot_description/share/slambot_description/local_setup.bash
[0.085s] -- Up-to-date: /home/einstein/Desktop/slambot_ros2/install/slambot_description/share/slambot_description/local_setup.sh
[0.085s] -- Up-to-date: /home/einstein/Desktop/slambot_ros2/install/slambot_description/share/slambot_description/local_setup.zsh
[0.085s] -- Up-to-date: /home/einstein/Desktop/slambot_ros2/install/slambot_description/share/slambot_description/local_setup.dsv
[0.085s] -- Up-to-date: /home/einstein/Desktop/slambot_ros2/install/slambot_description/share/slambot_description/package.dsv
[0.085s] -- Up-to-date: /home/einstein/Desktop/slambot_ros2/install/slambot_description/share/ament_index/resource_index/packages/slambot_description
[0.085s] -- Up-to-date: /home/einstein/Desktop/slambot_ros2/install/slambot_description/share/slambot_description/cmake/slambot_descriptionConfig.cmake
[0.085s] -- Up-to-date: /home/einstein/Desktop/slambot_ros2/install/slambot_description/share/slambot_description/cmake/slambot_descriptionConfig-version.cmake
[0.085s] -- Up-to-date: /home/einstein/Desktop/slambot_ros2/install/slambot_description/share/slambot_description/package.xml
[0.086s] Invoked command in '/home/einstein/Desktop/slambot_ros2/build/slambot_description' returned '0': CMAKE_PREFIX_PATH=${CMAKE_PREFIX_PATH}:/opt/ros/humble /usr/bin/cmake --install /home/einstein/Desktop/slambot_ros2/build/slambot_description
