[0.013s] Invoking command in '/home/einstein/Desktop/slambot_ros2/build/slambot_controllers': CMAKE_PREFIX_PATH=${CMAKE_PREFIX_PATH}:/opt/ros/humble /usr/bin/cmake /home/einstein/Desktop/slambot_ros2/src/slambot_controllers -DCMAKE_INSTALL_PREFIX=/home/einstein/Desktop/slambot_ros2/install/slambot_controllers
[0.053s] -- The C compiler identification is GNU 11.4.0
[0.094s] -- The CXX compiler identification is GNU 11.4.0
[0.101s] -- Detecting C compiler ABI info
[0.160s] -- Detecting C compiler ABI info - done
[0.165s] -- Check for working C compiler: /usr/bin/cc - skipped
[0.165s] -- Detecting C compile features
[0.166s] -- Detecting C compile features - done
[0.168s] -- Detecting CXX compiler ABI info
[0.235s] -- Detecting CXX compiler ABI info - done
[0.245s] -- Check for working CXX compiler: /usr/bin/c++ - skipped
[0.245s] -- Detecting CXX compile features
[0.245s] -- Detecting CXX compile features - done
[0.248s] -- Found ament_cmake: 1.3.10 (/opt/ros/humble/share/ament_cmake/cmake)
[0.366s] -- Found Python3: /usr/bin/python3 (found version "3.10.12") found components: Interpreter 
[0.456s] -- Found ament_lint_auto: 0.12.11 (/opt/ros/humble/share/ament_lint_auto/cmake)
[0.524s] -- Added test 'lint_cmake' to check CMake code style
[0.524s] -- Added test 'xmllint' to check XML markup files
[0.525s] -- Configuring done
[0.527s] -- Generating done
[0.528s] -- Build files have been written to: /home/einstein/Desktop/slambot_ros2/build/slambot_controllers
[0.531s] Invoked command in '/home/einstein/Desktop/slambot_ros2/build/slambot_controllers' returned '0': CMAKE_PREFIX_PATH=${CMAKE_PREFIX_PATH}:/opt/ros/humble /usr/bin/cmake /home/einstein/Desktop/slambot_ros2/src/slambot_controllers -DCMAKE_INSTALL_PREFIX=/home/einstein/Desktop/slambot_ros2/install/slambot_controllers
[0.533s] Invoking command in '/home/einstein/Desktop/slambot_ros2/build/slambot_controllers': CMAKE_PREFIX_PATH=${CMAKE_PREFIX_PATH}:/opt/ros/humble /usr/bin/cmake --build /home/einstein/Desktop/slambot_ros2/build/slambot_controllers -- -j8 -l8
[0.561s] Invoked command in '/home/einstein/Desktop/slambot_ros2/build/slambot_controllers' returned '0': CMAKE_PREFIX_PATH=${CMAKE_PREFIX_PATH}:/opt/ros/humble /usr/bin/cmake --build /home/einstein/Desktop/slambot_ros2/build/slambot_controllers -- -j8 -l8
[0.576s] Invoking command in '/home/einstein/Desktop/slambot_ros2/build/slambot_controllers': CMAKE_PREFIX_PATH=${CMAKE_PREFIX_PATH}:/opt/ros/humble /usr/bin/cmake --install /home/einstein/Desktop/slambot_ros2/build/slambot_controllers
[0.581s] -- Install configuration: ""
[0.581s] -- Installing: /home/einstein/Desktop/slambot_ros2/install/slambot_controllers/share/slambot_controllers/config
[0.581s] -- Installing: /home/einstein/Desktop/slambot_ros2/install/slambot_controllers/share/slambot_controllers/config/slambot_controllers.yaml
[0.581s] -- Installing: /home/einstein/Desktop/slambot_ros2/install/slambot_controllers/share/slambot_controllers/config/gazebo_params.yaml
[0.581s] -- Installing: /home/einstein/Desktop/slambot_ros2/install/slambot_controllers/share/ament_index/resource_index/package_run_dependencies/slambot_controllers
[0.581s] -- Installing: /home/einstein/Desktop/slambot_ros2/install/slambot_controllers/share/ament_index/resource_index/parent_prefix_path/slambot_controllers
[0.581s] -- Installing: /home/einstein/Desktop/slambot_ros2/install/slambot_controllers/share/slambot_controllers/environment/ament_prefix_path.sh
[0.581s] -- Installing: /home/einstein/Desktop/slambot_ros2/install/slambot_controllers/share/slambot_controllers/environment/ament_prefix_path.dsv
[0.582s] -- Installing: /home/einstein/Desktop/slambot_ros2/install/slambot_controllers/share/slambot_controllers/environment/path.sh
[0.582s] -- Installing: /home/einstein/Desktop/slambot_ros2/install/slambot_controllers/share/slambot_controllers/environment/path.dsv
[0.582s] -- Installing: /home/einstein/Desktop/slambot_ros2/install/slambot_controllers/share/slambot_controllers/local_setup.bash
[0.582s] -- Installing: /home/einstein/Desktop/slambot_ros2/install/slambot_controllers/share/slambot_controllers/local_setup.sh
[0.582s] -- Installing: /home/einstein/Desktop/slambot_ros2/install/slambot_controllers/share/slambot_controllers/local_setup.zsh
[0.582s] -- Installing: /home/einstein/Desktop/slambot_ros2/install/slambot_controllers/share/slambot_controllers/local_setup.dsv
[0.582s] -- Installing: /home/einstein/Desktop/slambot_ros2/install/slambot_controllers/share/slambot_controllers/package.dsv
[0.583s] -- Installing: /home/einstein/Desktop/slambot_ros2/install/slambot_controllers/share/ament_index/resource_index/packages/slambot_controllers
[0.583s] -- Installing: /home/einstein/Desktop/slambot_ros2/install/slambot_controllers/share/slambot_controllers/cmake/slambot_controllersConfig.cmake
[0.584s] -- Installing: /home/einstein/Desktop/slambot_ros2/install/slambot_controllers/share/slambot_controllers/cmake/slambot_controllersConfig-version.cmake
[0.584s] -- Installing: /home/einstein/Desktop/slambot_ros2/install/slambot_controllers/share/slambot_controllers/package.xml
[0.591s] Invoked command in '/home/einstein/Desktop/slambot_ros2/build/slambot_controllers' returned '0': CMAKE_PREFIX_PATH=${CMAKE_PREFIX_PATH}:/opt/ros/humble /usr/bin/cmake --install /home/einstein/Desktop/slambot_ros2/build/slambot_controllers
