[0.042s] Invoking command in '/home/einstein/Desktop/slambot_ros2/build/slambot_description': CMAKE_PREFIX_PATH=${CMAKE_PREFIX_PATH}:/opt/ros/humble /usr/bin/cmake /home/einstein/Desktop/slambot_ros2/src/slambot_description -DCMAKE_INSTALL_PREFIX=/home/einstein/Desktop/slambot_ros2/install/slambot_description
[0.806s] -- The C compiler identification is GNU 11.4.0
[1.281s] -- The CXX compiler identification is GNU 11.4.0
[1.307s] -- Detecting C compiler ABI info
[1.462s] -- Detecting C compiler ABI info - done
[1.467s] -- Check for working C compiler: /usr/bin/cc - skipped
[1.477s] -- Detecting C compile features
[1.478s] -- Detecting C compile features - done
[1.527s] -- Detecting CXX compiler ABI info
[1.688s] -- Detecting CXX compiler ABI info - done
[1.694s] -- Check for working CXX compiler: /usr/bin/c++ - skipped
[1.694s] -- Detecting CXX compile features
[1.694s] -- Detecting CXX compile features - done
[1.726s] -- Found ament_cmake: 1.3.10 (/opt/ros/humble/share/ament_cmake/cmake)
[2.015s] -- Found Python3: /usr/bin/python3 (found version "3.10.12") found components: Interpreter 
[2.504s] -- Found ament_lint_auto: 0.12.11 (/opt/ros/humble/share/ament_lint_auto/cmake)
[2.743s] -- Added test 'flake8' to check Python code syntax and style conventions
[2.744s] -- Added test 'lint_cmake' to check CMake code style
[2.748s] -- Added test 'pep257' to check Python code against some of the docstring style conventions in PEP 257
[2.756s] -- Added test 'xmllint' to check XML markup files
[2.767s] -- Configuring done
[2.769s] -- Generating done
[2.770s] -- Build files have been written to: /home/einstein/Desktop/slambot_ros2/build/slambot_description
[2.773s] Invoked command in '/home/einstein/Desktop/slambot_ros2/build/slambot_description' returned '0': CMAKE_PREFIX_PATH=${CMAKE_PREFIX_PATH}:/opt/ros/humble /usr/bin/cmake /home/einstein/Desktop/slambot_ros2/src/slambot_description -DCMAKE_INSTALL_PREFIX=/home/einstein/Desktop/slambot_ros2/install/slambot_description
[2.774s] Invoking command in '/home/einstein/Desktop/slambot_ros2/build/slambot_description': CMAKE_PREFIX_PATH=${CMAKE_PREFIX_PATH}:/opt/ros/humble /usr/bin/cmake --build /home/einstein/Desktop/slambot_ros2/build/slambot_description -- -j8 -l8
[2.799s] Invoked command in '/home/einstein/Desktop/slambot_ros2/build/slambot_description' returned '0': CMAKE_PREFIX_PATH=${CMAKE_PREFIX_PATH}:/opt/ros/humble /usr/bin/cmake --build /home/einstein/Desktop/slambot_ros2/build/slambot_description -- -j8 -l8
[2.819s] Invoking command in '/home/einstein/Desktop/slambot_ros2/build/slambot_description': CMAKE_PREFIX_PATH=${CMAKE_PREFIX_PATH}:/opt/ros/humble /usr/bin/cmake --install /home/einstein/Desktop/slambot_ros2/build/slambot_description
[2.824s] -- Install configuration: ""
[2.824s] -- Installing: /home/einstein/Desktop/slambot_ros2/install/slambot_description/share/slambot_description/urdf
[2.824s] -- Installing: /home/einstein/Desktop/slambot_ros2/install/slambot_description/share/slambot_description/urdf/bot.urdf.xacro
[2.824s] -- Installing: /home/einstein/Desktop/slambot_ros2/install/slambot_description/share/slambot_description/urdf/gazebo_control.xacro
[2.824s] -- Installing: /home/einstein/Desktop/slambot_ros2/install/slambot_description/share/slambot_description/urdf/lidar.xacro
[2.824s] -- Installing: /home/einstein/Desktop/slambot_ros2/install/slambot_description/share/slambot_description/urdf/ros2_control.xacro
[2.824s] -- Installing: /home/einstein/Desktop/slambot_ros2/install/slambot_description/share/slambot_description/urdf/inertial_macros.xacro
[2.824s] -- Installing: /home/einstein/Desktop/slambot_ros2/install/slambot_description/share/slambot_description/launch
[2.824s] -- Installing: /home/einstein/Desktop/slambot_ros2/install/slambot_description/share/slambot_description/launch/robot_description.launch.py
[2.824s] -- Installing: /home/einstein/Desktop/slambot_ros2/install/slambot_description/share/slambot_description/launch/sim.launch.py
[2.824s] -- Installing: /home/einstein/Desktop/slambot_ros2/install/slambot_description/share/ament_index/resource_index/package_run_dependencies/slambot_description
[2.825s] -- Installing: /home/einstein/Desktop/slambot_ros2/install/slambot_description/share/ament_index/resource_index/parent_prefix_path/slambot_description
[2.825s] -- Installing: /home/einstein/Desktop/slambot_ros2/install/slambot_description/share/slambot_description/environment/ament_prefix_path.sh
[2.825s] -- Installing: /home/einstein/Desktop/slambot_ros2/install/slambot_description/share/slambot_description/environment/ament_prefix_path.dsv
[2.825s] -- Installing: /home/einstein/Desktop/slambot_ros2/install/slambot_description/share/slambot_description/environment/path.sh
[2.825s] -- Installing: /home/einstein/Desktop/slambot_ros2/install/slambot_description/share/slambot_description/environment/path.dsv
[2.825s] -- Installing: /home/einstein/Desktop/slambot_ros2/install/slambot_description/share/slambot_description/local_setup.bash
[2.825s] -- Installing: /home/einstein/Desktop/slambot_ros2/install/slambot_description/share/slambot_description/local_setup.sh
[2.825s] -- Installing: /home/einstein/Desktop/slambot_ros2/install/slambot_description/share/slambot_description/local_setup.zsh
[2.825s] -- Installing: /home/einstein/Desktop/slambot_ros2/install/slambot_description/share/slambot_description/local_setup.dsv
[2.825s] -- Installing: /home/einstein/Desktop/slambot_ros2/install/slambot_description/share/slambot_description/package.dsv
[2.825s] -- Installing: /home/einstein/Desktop/slambot_ros2/install/slambot_description/share/ament_index/resource_index/packages/slambot_description
[2.825s] -- Installing: /home/einstein/Desktop/slambot_ros2/install/slambot_description/share/slambot_description/cmake/slambot_descriptionConfig.cmake
[2.825s] -- Installing: /home/einstein/Desktop/slambot_ros2/install/slambot_description/share/slambot_description/cmake/slambot_descriptionConfig-version.cmake
[2.826s] -- Installing: /home/einstein/Desktop/slambot_ros2/install/slambot_description/share/slambot_description/package.xml
[2.827s] Invoked command in '/home/einstein/Desktop/slambot_ros2/build/slambot_description' returned '0': CMAKE_PREFIX_PATH=${CMAKE_PREFIX_PATH}:/opt/ros/humble /usr/bin/cmake --install /home/einstein/Desktop/slambot_ros2/build/slambot_description
