-- Found ament_cmake: 1.3.10 (/opt/ros/humble/share/ament_cmake/cmake)
-- Found rclcpp: 16.0.10 (/opt/ros/humble/share/rclcpp/cmake)
-- Found rosidl_generator_c: 3.1.5 (/opt/ros/humble/share/rosidl_generator_c/cmake)
-- Found rosidl_adapter: 3.1.5 (/opt/ros/humble/share/rosidl_adapter/cmake)
-- Found rosidl_generator_cpp: 3.1.5 (/opt/ros/humble/share/rosidl_generator_cpp/cmake)
-- Using all available rosidl_typesupport_c: rosidl_typesupport_fastrtps_c;rosidl_typesupport_introspection_c
-- Using all available rosidl_typesupport_cpp: rosidl_typesupport_fastrtps_cpp;rosidl_typesupport_introspection_cpp
-- Found rmw_implementation_cmake: 6.1.2 (/opt/ros/humble/share/rmw_implementation_cmake/cmake)
-- Found rmw_fastrtps_cpp: 6.2.7 (/opt/ros/humble/share/rmw_fastrtps_cpp/cmake)
-- Found OpenSSL: /usr/lib/x86_64-linux-gnu/libcrypto.so (found version "3.0.2")  
-- Found FastRTPS: /opt/ros/humble/include  
-- Using RMW implementation 'rmw_fastrtps_cpp' as default
-- Looking for pthread.h
-- Looking for pthread.h - found
-- Performing Test CMAKE_HAVE_LIBC_PTHREAD
-- Performing Test CMAKE_HAVE_LIBC_PTHREAD - Success
-- Found Threads: TRUE  
-- Found rclpy: 3.3.14 (/opt/ros/humble/share/rclpy/cmake)
-- Found geometry_msgs: 4.2.4 (/opt/ros/humble/share/geometry_msgs/cmake)
-- Found sensor_msgs: 4.2.4 (/opt/ros/humble/share/sensor_msgs/cmake)
-- Found nav_msgs: 4.2.4 (/opt/ros/humble/share/nav_msgs/cmake)
-- Found tf2_ros: 0.25.7 (/opt/ros/humble/share/tf2_ros/cmake)
-- Found ament_lint_auto: 0.12.11 (/opt/ros/humble/share/ament_lint_auto/cmake)
-- Added test 'cppcheck' to perform static code analysis on C / C++ code
-- Configured cppcheck include dirs: /home/einstein/Desktop/slambot_ros2/src/slambot_controllers/include
-- Configured cppcheck exclude dirs and/or files: 
-- Added test 'flake8' to check Python code syntax and style conventions
-- Added test 'lint_cmake' to check CMake code style
-- Added test 'pep257' to check Python code against some of the docstring style conventions in PEP 257
-- Added test 'uncrustify' to check C / C++ code style
-- Configured uncrustify additional arguments: 
-- Added test 'xmllint' to check XML markup files
-- Configuring done
-- Generating done
-- Build files have been written to: /home/einstein/Desktop/slambot_ros2/build/slambot_controllers
[ 50%] [32mBuilding CXX object CMakeFiles/simple_controller.dir/src/simple_controller.cpp.o[0m
[ 50%] [32mBuilding CXX object CMakeFiles/noisy_controller.dir/src/noisy_controller.cpp.o[0m
[ 50%] Built target ament_cmake_python_copy_slambot_controllers
running egg_info
creating slambot_controllers.egg-info
writing slambot_controllers.egg-info/PKG-INFO
writing dependency_links to slambot_controllers.egg-info/dependency_links.txt
writing top-level names to slambot_controllers.egg-info/top_level.txt
writing manifest file 'slambot_controllers.egg-info/SOURCES.txt'
reading manifest file 'slambot_controllers.egg-info/SOURCES.txt'
writing manifest file 'slambot_controllers.egg-info/SOURCES.txt'
[ 50%] Built target ament_cmake_python_build_slambot_controllers_egg
[ 75%] [32m[1mLinking CXX executable noisy_controller[0m
[ 75%] Built target noisy_controller
[100%] [32m[1mLinking CXX executable simple_controller[0m
[100%] Built target simple_controller
-- Install configuration: ""
-- Installing: /home/einstein/Desktop/slambot_ros2/install/slambot_controllers/share/slambot_controllers/environment/pythonpath.sh
-- Installing: /home/einstein/Desktop/slambot_ros2/install/slambot_controllers/share/slambot_controllers/environment/pythonpath.dsv
-- Installing: /home/einstein/Desktop/slambot_ros2/install/slambot_controllers/local/lib/python3.10/dist-packages/slambot_controllers-0.0.0-py3.10.egg-info
-- Installing: /home/einstein/Desktop/slambot_ros2/install/slambot_controllers/local/lib/python3.10/dist-packages/slambot_controllers-0.0.0-py3.10.egg-info/dependency_links.txt
-- Installing: /home/einstein/Desktop/slambot_ros2/install/slambot_controllers/local/lib/python3.10/dist-packages/slambot_controllers-0.0.0-py3.10.egg-info/PKG-INFO
-- Installing: /home/einstein/Desktop/slambot_ros2/install/slambot_controllers/local/lib/python3.10/dist-packages/slambot_controllers-0.0.0-py3.10.egg-info/top_level.txt
-- Installing: /home/einstein/Desktop/slambot_ros2/install/slambot_controllers/local/lib/python3.10/dist-packages/slambot_controllers-0.0.0-py3.10.egg-info/SOURCES.txt
-- Installing: /home/einstein/Desktop/slambot_ros2/install/slambot_controllers/local/lib/python3.10/dist-packages/slambot_controllers
-- Installing: /home/einstein/Desktop/slambot_ros2/install/slambot_controllers/local/lib/python3.10/dist-packages/slambot_controllers/noisy_controller.py
-- Installing: /home/einstein/Desktop/slambot_ros2/install/slambot_controllers/local/lib/python3.10/dist-packages/slambot_controllers/simple_controller.py
-- Installing: /home/einstein/Desktop/slambot_ros2/install/slambot_controllers/local/lib/python3.10/dist-packages/slambot_controllers/__init__.py
Listing '/home/einstein/Desktop/slambot_ros2/install/slambot_controllers/local/lib/python3.10/dist-packages/slambot_controllers'...
Compiling '/home/einstein/Desktop/slambot_ros2/install/slambot_controllers/local/lib/python3.10/dist-packages/slambot_controllers/__init__.py'...
Compiling '/home/einstein/Desktop/slambot_ros2/install/slambot_controllers/local/lib/python3.10/dist-packages/slambot_controllers/noisy_controller.py'...
Compiling '/home/einstein/Desktop/slambot_ros2/install/slambot_controllers/local/lib/python3.10/dist-packages/slambot_controllers/simple_controller.py'...
-- Installing: /home/einstein/Desktop/slambot_ros2/install/slambot_controllers/include/include
-- Installing: /home/einstein/Desktop/slambot_ros2/install/slambot_controllers/include/include/slambot_controllers
-- Installing: /home/einstein/Desktop/slambot_ros2/install/slambot_controllers/include/include/slambot_controllers/noisy_controller.hpp
-- Installing: /home/einstein/Desktop/slambot_ros2/install/slambot_controllers/include/include/slambot_controllers/simple_controller.hpp
-- Installing: /home/einstein/Desktop/slambot_ros2/install/slambot_controllers/lib/slambot_controllers/simple_controller
-- Set runtime path of "/home/einstein/Desktop/slambot_ros2/install/slambot_controllers/lib/slambot_controllers/simple_controller" to ""
-- Installing: /home/einstein/Desktop/slambot_ros2/install/slambot_controllers/lib/slambot_controllers/noisy_controller
-- Set runtime path of "/home/einstein/Desktop/slambot_ros2/install/slambot_controllers/lib/slambot_controllers/noisy_controller" to ""
-- Installing: /home/einstein/Desktop/slambot_ros2/install/slambot_controllers/share/slambot_controllers/launch
-- Installing: /home/einstein/Desktop/slambot_ros2/install/slambot_controllers/share/slambot_controllers/launch/joystick_teleop.launch.py
-- Installing: /home/einstein/Desktop/slambot_ros2/install/slambot_controllers/share/slambot_controllers/launch/controller.launch.py
-- Up-to-date: /home/einstein/Desktop/slambot_ros2/install/slambot_controllers/share/slambot_controllers/config
-- Up-to-date: /home/einstein/Desktop/slambot_ros2/install/slambot_controllers/share/slambot_controllers/config/slambot_controllers.yaml
-- Up-to-date: /home/einstein/Desktop/slambot_ros2/install/slambot_controllers/share/slambot_controllers/config/gazebo_params.yaml
-- Installing: /home/einstein/Desktop/slambot_ros2/install/slambot_controllers/lib/slambot_controllers/simple_controller.py
-- Installing: /home/einstein/Desktop/slambot_ros2/install/slambot_controllers/lib/slambot_controllers/noisy_controller.py
-- Installing: /home/einstein/Desktop/slambot_ros2/install/slambot_controllers/share/ament_index/resource_index/package_run_dependencies/slambot_controllers
-- Installing: /home/einstein/Desktop/slambot_ros2/install/slambot_controllers/share/ament_index/resource_index/parent_prefix_path/slambot_controllers
-- Up-to-date: /home/einstein/Desktop/slambot_ros2/install/slambot_controllers/share/slambot_controllers/environment/ament_prefix_path.sh
-- Installing: /home/einstein/Desktop/slambot_ros2/install/slambot_controllers/share/slambot_controllers/environment/ament_prefix_path.dsv
-- Up-to-date: /home/einstein/Desktop/slambot_ros2/install/slambot_controllers/share/slambot_controllers/environment/path.sh
-- Installing: /home/einstein/Desktop/slambot_ros2/install/slambot_controllers/share/slambot_controllers/environment/path.dsv
-- Up-to-date: /home/einstein/Desktop/slambot_ros2/install/slambot_controllers/share/slambot_controllers/local_setup.bash
-- Installing: /home/einstein/Desktop/slambot_ros2/install/slambot_controllers/share/slambot_controllers/local_setup.sh
-- Up-to-date: /home/einstein/Desktop/slambot_ros2/install/slambot_controllers/share/slambot_controllers/local_setup.zsh
-- Installing: /home/einstein/Desktop/slambot_ros2/install/slambot_controllers/share/slambot_controllers/local_setup.dsv
-- Installing: /home/einstein/Desktop/slambot_ros2/install/slambot_controllers/share/slambot_controllers/package.dsv
-- Up-to-date: /home/einstein/Desktop/slambot_ros2/install/slambot_controllers/share/ament_index/resource_index/packages/slambot_controllers
-- Up-to-date: /home/einstein/Desktop/slambot_ros2/install/slambot_controllers/share/slambot_controllers/cmake/slambot_controllersConfig.cmake
-- Up-to-date: /home/einstein/Desktop/slambot_ros2/install/slambot_controllers/share/slambot_controllers/cmake/slambot_controllersConfig-version.cmake
-- Installing: /home/einstein/Desktop/slambot_ros2/install/slambot_controllers/share/slambot_controllers/package.xml
