[0.011s] Invoking command in '/home/einstein/Desktop/slambot_ros2/build/slambot_bringup': CMAKE_PREFIX_PATH=${CMAKE_PREFIX_PATH}:/opt/ros/humble /usr/bin/cmake /home/einstein/Desktop/slambot_ros2/src/slambot_bringup -DCMAKE_INSTALL_PREFIX=/home/einstein/Desktop/slambot_ros2/install/slambot_bringup
[0.056s] -- The C compiler identification is GNU 11.4.0
[0.102s] -- The CXX compiler identification is GNU 11.4.0
[0.108s] -- Detecting C compiler ABI info
[0.166s] -- Detecting C compiler ABI info - done
[0.171s] -- Check for working C compiler: /usr/bin/cc - skipped
[0.172s] -- Detecting C compile features
[0.172s] -- Detecting C compile features - done
[0.174s] -- Detecting CXX compiler ABI info
[0.241s] -- Detecting CXX compiler ABI info - done
[0.246s] -- Check for working CXX compiler: /usr/bin/c++ - skipped
[0.246s] -- Detecting CXX compile features
[0.246s] -- Detecting CXX compile features - done
[0.249s] -- Found ament_cmake: 1.3.10 (/opt/ros/humble/share/ament_cmake/cmake)
[0.365s] -- Found Python3: /usr/bin/python3 (found version "3.10.12") found components: Interpreter 
[0.440s] -- Found ament_lint_auto: 0.12.11 (/opt/ros/humble/share/ament_lint_auto/cmake)
[0.514s] -- Added test 'flake8' to check Python code syntax and style conventions
[0.515s] -- Added test 'lint_cmake' to check CMake code style
[0.526s] -- Added test 'pep257' to check Python code against some of the docstring style conventions in PEP 257
[0.526s] -- Added test 'xmllint' to check XML markup files
[0.528s] -- Configuring done
[0.529s] -- Generating done
[0.530s] -- Build files have been written to: /home/einstein/Desktop/slambot_ros2/build/slambot_bringup
[0.533s] Invoked command in '/home/einstein/Desktop/slambot_ros2/build/slambot_bringup' returned '0': CMAKE_PREFIX_PATH=${CMAKE_PREFIX_PATH}:/opt/ros/humble /usr/bin/cmake /home/einstein/Desktop/slambot_ros2/src/slambot_bringup -DCMAKE_INSTALL_PREFIX=/home/einstein/Desktop/slambot_ros2/install/slambot_bringup
[0.534s] Invoking command in '/home/einstein/Desktop/slambot_ros2/build/slambot_bringup': CMAKE_PREFIX_PATH=${CMAKE_PREFIX_PATH}:/opt/ros/humble /usr/bin/cmake --build /home/einstein/Desktop/slambot_ros2/build/slambot_bringup -- -j8 -l8
[0.563s] Invoked command in '/home/einstein/Desktop/slambot_ros2/build/slambot_bringup' returned '0': CMAKE_PREFIX_PATH=${CMAKE_PREFIX_PATH}:/opt/ros/humble /usr/bin/cmake --build /home/einstein/Desktop/slambot_ros2/build/slambot_bringup -- -j8 -l8
[0.579s] Invoking command in '/home/einstein/Desktop/slambot_ros2/build/slambot_bringup': CMAKE_PREFIX_PATH=${CMAKE_PREFIX_PATH}:/opt/ros/humble /usr/bin/cmake --install /home/einstein/Desktop/slambot_ros2/build/slambot_bringup
[0.585s] -- Install configuration: ""
[0.585s] -- Installing: /home/einstein/Desktop/slambot_ros2/install/slambot_bringup/share/slambot_bringup/config
[0.585s] -- Installing: /home/einstein/Desktop/slambot_ros2/install/slambot_bringup/share/slambot_bringup/config/rplidar_a1.yaml
[0.585s] -- Installing: /home/einstein/Desktop/slambot_ros2/install/slambot_bringup/share/slambot_bringup/launch
[0.585s] -- Installing: /home/einstein/Desktop/slambot_ros2/install/slambot_bringup/share/slambot_bringup/launch/slambot_real.launch.py
[0.585s] -- Installing: /home/einstein/Desktop/slambot_ros2/install/slambot_bringup/share/ament_index/resource_index/package_run_dependencies/slambot_bringup
[0.585s] -- Installing: /home/einstein/Desktop/slambot_ros2/install/slambot_bringup/share/ament_index/resource_index/parent_prefix_path/slambot_bringup
[0.585s] -- Installing: /home/einstein/Desktop/slambot_ros2/install/slambot_bringup/share/slambot_bringup/environment/ament_prefix_path.sh
[0.585s] -- Installing: /home/einstein/Desktop/slambot_ros2/install/slambot_bringup/share/slambot_bringup/environment/ament_prefix_path.dsv
[0.585s] -- Installing: /home/einstein/Desktop/slambot_ros2/install/slambot_bringup/share/slambot_bringup/environment/path.sh
[0.586s] -- Installing: /home/einstein/Desktop/slambot_ros2/install/slambot_bringup/share/slambot_bringup/environment/path.dsv
[0.586s] -- Installing: /home/einstein/Desktop/slambot_ros2/install/slambot_bringup/share/slambot_bringup/local_setup.bash
[0.586s] -- Installing: /home/einstein/Desktop/slambot_ros2/install/slambot_bringup/share/slambot_bringup/local_setup.sh
[0.586s] -- Installing: /home/einstein/Desktop/slambot_ros2/install/slambot_bringup/share/slambot_bringup/local_setup.zsh
[0.586s] -- Installing: /home/einstein/Desktop/slambot_ros2/install/slambot_bringup/share/slambot_bringup/local_setup.dsv
[0.586s] -- Installing: /home/einstein/Desktop/slambot_ros2/install/slambot_bringup/share/slambot_bringup/package.dsv
[0.586s] -- Installing: /home/einstein/Desktop/slambot_ros2/install/slambot_bringup/share/ament_index/resource_index/packages/slambot_bringup
[0.586s] -- Installing: /home/einstein/Desktop/slambot_ros2/install/slambot_bringup/share/slambot_bringup/cmake/slambot_bringupConfig.cmake
[0.586s] -- Installing: /home/einstein/Desktop/slambot_ros2/install/slambot_bringup/share/slambot_bringup/cmake/slambot_bringupConfig-version.cmake
[0.586s] -- Installing: /home/einstein/Desktop/slambot_ros2/install/slambot_bringup/share/slambot_bringup/package.xml
[0.588s] Invoked command in '/home/einstein/Desktop/slambot_ros2/build/slambot_bringup' returned '0': CMAKE_PREFIX_PATH=${CMAKE_PREFIX_PATH}:/opt/ros/humble /usr/bin/cmake --install /home/einstein/Desktop/slambot_ros2/build/slambot_bringup
