[35m[1mConsolidate compiler generated dependencies of target slambot_firmware[0m
[  0%] Built target ament_cmake_python_copy_slambot_firmware
[100%] Built target slambot_firmware
running egg_info
writing slambot_firmware.egg-info/PKG-INFO
writing dependency_links to slambot_firmware.egg-info/dependency_links.txt
writing top-level names to slambot_firmware.egg-info/top_level.txt
reading manifest file 'slambot_firmware.egg-info/SOURCES.txt'
writing manifest file 'slambot_firmware.egg-info/SOURCES.txt'
[100%] Built target ament_cmake_python_build_slambot_firmware_egg
-- Install configuration: ""
-- Up-to-date: /home/einstein/Desktop/slambot_ros2/install/slambot_firmware/share/slambot_firmware/environment/pythonpath.sh
-- Up-to-date: /home/einstein/Desktop/slambot_ros2/install/slambot_firmware/share/slambot_firmware/environment/pythonpath.dsv
-- Up-to-date: /home/einstein/Desktop/slambot_ros2/install/slambot_firmware/local/lib/python3.10/dist-packages/slambot_firmware-0.0.0-py3.10.egg-info
-- Installing: /home/einstein/Desktop/slambot_ros2/install/slambot_firmware/local/lib/python3.10/dist-packages/slambot_firmware-0.0.0-py3.10.egg-info/dependency_links.txt
-- Installing: /home/einstein/Desktop/slambot_ros2/install/slambot_firmware/local/lib/python3.10/dist-packages/slambot_firmware-0.0.0-py3.10.egg-info/PKG-INFO
-- Installing: /home/einstein/Desktop/slambot_ros2/install/slambot_firmware/local/lib/python3.10/dist-packages/slambot_firmware-0.0.0-py3.10.egg-info/top_level.txt
-- Installing: /home/einstein/Desktop/slambot_ros2/install/slambot_firmware/local/lib/python3.10/dist-packages/slambot_firmware-0.0.0-py3.10.egg-info/SOURCES.txt
-- Up-to-date: /home/einstein/Desktop/slambot_ros2/install/slambot_firmware/local/lib/python3.10/dist-packages/slambot_firmware
-- Up-to-date: /home/einstein/Desktop/slambot_ros2/install/slambot_firmware/local/lib/python3.10/dist-packages/slambot_firmware/__init__.py
Listing '/home/einstein/Desktop/slambot_ros2/install/slambot_firmware/local/lib/python3.10/dist-packages/slambot_firmware'...
-- Up-to-date: /home/einstein/Desktop/slambot_ros2/install/slambot_firmware/share/slambot_firmware/slambot_interface.xml
-- Up-to-date: /home/einstein/Desktop/slambot_ros2/install/slambot_firmware/lib/libslambot_firmware.so
-- Up-to-date: /home/einstein/Desktop/slambot_ros2/install/slambot_firmware/include/include
-- Up-to-date: /home/einstein/Desktop/slambot_ros2/install/slambot_firmware/include/include/slambot_firmware
-- Up-to-date: /home/einstein/Desktop/slambot_ros2/install/slambot_firmware/include/include/slambot_firmware/diffdrive_stm.hpp
-- Up-to-date: /home/einstein/Desktop/slambot_ros2/install/slambot_firmware/share/slambot_firmware/launch
-- Up-to-date: /home/einstein/Desktop/slambot_ros2/install/slambot_firmware/share/slambot_firmware/launch/hardware_interface.launch.py
-- Up-to-date: /home/einstein/Desktop/slambot_ros2/install/slambot_firmware/share/slambot_firmware/environment/library_path.sh
-- Up-to-date: /home/einstein/Desktop/slambot_ros2/install/slambot_firmware/share/slambot_firmware/environment/library_path.dsv
-- Up-to-date: /home/einstein/Desktop/slambot_ros2/install/slambot_firmware/share/ament_index/resource_index/package_run_dependencies/slambot_firmware
-- Up-to-date: /home/einstein/Desktop/slambot_ros2/install/slambot_firmware/share/ament_index/resource_index/parent_prefix_path/slambot_firmware
-- Up-to-date: /home/einstein/Desktop/slambot_ros2/install/slambot_firmware/share/slambot_firmware/environment/ament_prefix_path.sh
-- Up-to-date: /home/einstein/Desktop/slambot_ros2/install/slambot_firmware/share/slambot_firmware/environment/ament_prefix_path.dsv
-- Up-to-date: /home/einstein/Desktop/slambot_ros2/install/slambot_firmware/share/slambot_firmware/environment/path.sh
-- Up-to-date: /home/einstein/Desktop/slambot_ros2/install/slambot_firmware/share/slambot_firmware/environment/path.dsv
-- Up-to-date: /home/einstein/Desktop/slambot_ros2/install/slambot_firmware/share/slambot_firmware/local_setup.bash
-- Up-to-date: /home/einstein/Desktop/slambot_ros2/install/slambot_firmware/share/slambot_firmware/local_setup.sh
-- Up-to-date: /home/einstein/Desktop/slambot_ros2/install/slambot_firmware/share/slambot_firmware/local_setup.zsh
-- Up-to-date: /home/einstein/Desktop/slambot_ros2/install/slambot_firmware/share/slambot_firmware/local_setup.dsv
-- Installing: /home/einstein/Desktop/slambot_ros2/install/slambot_firmware/share/slambot_firmware/package.dsv
-- Up-to-date: /home/einstein/Desktop/slambot_ros2/install/slambot_firmware/share/ament_index/resource_index/packages/slambot_firmware
-- Up-to-date: /home/einstein/Desktop/slambot_ros2/install/slambot_firmware/share/ament_index/resource_index/hardware_interface__pluginlib__plugin/slambot_firmware
-- Up-to-date: /home/einstein/Desktop/slambot_ros2/install/slambot_firmware/share/slambot_firmware/cmake/ament_cmake_export_include_directories-extras.cmake
-- Up-to-date: /home/einstein/Desktop/slambot_ros2/install/slambot_firmware/share/slambot_firmware/cmake/ament_cmake_export_libraries-extras.cmake
-- Up-to-date: /home/einstein/Desktop/slambot_ros2/install/slambot_firmware/share/slambot_firmware/cmake/ament_cmake_export_dependencies-extras.cmake
-- Up-to-date: /home/einstein/Desktop/slambot_ros2/install/slambot_firmware/share/slambot_firmware/cmake/slambot_firmwareConfig.cmake
-- Up-to-date: /home/einstein/Desktop/slambot_ros2/install/slambot_firmware/share/slambot_firmware/cmake/slambot_firmwareConfig-version.cmake
-- Up-to-date: /home/einstein/Desktop/slambot_ros2/install/slambot_firmware/share/slambot_firmware/package.xml
