[0.014s] Invoking command in '/home/einstein/Desktop/slambot_ros2/build/slambot_bringup': CMAKE_PREFIX_PATH=/home/einstein/Desktop/slambot_ros2/install/slambot_firmware:/home/einstein/Desktop/slambot_ros2/install/slambot_description:/home/einstein/Desktop/slambot_ros2/install/slambot_bringup:/home/einstein/Desktop/slambot_ros2/install/slambot_controllers:/home/einstein/Documents/serial_ws/install/serial_launch_file:/home/einstein/Documents/serial_ws/install/serial_cpp_pkg:/home/einstein/Documents/serial_ws/install/odometry_estimator:/home/einstein/Documents/gamepad_ws/install/gamepad_bringup:/home/einstein/Documents/SLAM_WS/install/slambot_description:/home/einstein/Documents/SLAM_WS/install/cpp_code_pkg:/opt/ros/humble /usr/bin/cmake --build /home/einstein/Desktop/slambot_ros2/build/slambot_bringup -- -j8 -l8
[0.044s] Invoked command in '/home/einstein/Desktop/slambot_ros2/build/slambot_bringup' returned '0': CMAKE_PREFIX_PATH=/home/einstein/Desktop/slambot_ros2/install/slambot_firmware:/home/einstein/Desktop/slambot_ros2/install/slambot_description:/home/einstein/Desktop/slambot_ros2/install/slambot_bringup:/home/einstein/Desktop/slambot_ros2/install/slambot_controllers:/home/einstein/Documents/serial_ws/install/serial_launch_file:/home/einstein/Documents/serial_ws/install/serial_cpp_pkg:/home/einstein/Documents/serial_ws/install/odometry_estimator:/home/einstein/Documents/gamepad_ws/install/gamepad_bringup:/home/einstein/Documents/SLAM_WS/install/slambot_description:/home/einstein/Documents/SLAM_WS/install/cpp_code_pkg:/opt/ros/humble /usr/bin/cmake --build /home/einstein/Desktop/slambot_ros2/build/slambot_bringup -- -j8 -l8
[0.061s] Invoking command in '/home/einstein/Desktop/slambot_ros2/build/slambot_bringup': CMAKE_PREFIX_PATH=/home/einstein/Desktop/slambot_ros2/install/slambot_firmware:/home/einstein/Desktop/slambot_ros2/install/slambot_description:/home/einstein/Desktop/slambot_ros2/install/slambot_bringup:/home/einstein/Desktop/slambot_ros2/install/slambot_controllers:/home/einstein/Documents/serial_ws/install/serial_launch_file:/home/einstein/Documents/serial_ws/install/serial_cpp_pkg:/home/einstein/Documents/serial_ws/install/odometry_estimator:/home/einstein/Documents/gamepad_ws/install/gamepad_bringup:/home/einstein/Documents/SLAM_WS/install/slambot_description:/home/einstein/Documents/SLAM_WS/install/cpp_code_pkg:/opt/ros/humble /usr/bin/cmake --install /home/einstein/Desktop/slambot_ros2/build/slambot_bringup
[0.066s] -- Install configuration: ""
[0.066s] -- Up-to-date: /home/einstein/Desktop/slambot_ros2/install/slambot_bringup/share/slambot_bringup/config
[0.066s] -- Up-to-date: /home/einstein/Desktop/slambot_ros2/install/slambot_bringup/share/slambot_bringup/config/rplidar_a1.yaml
[0.066s] -- Up-to-date: /home/einstein/Desktop/slambot_ros2/install/slambot_bringup/share/slambot_bringup/launch
[0.066s] -- Installing: /home/einstein/Desktop/slambot_ros2/install/slambot_bringup/share/slambot_bringup/launch/slambot_real.launch.py
[0.066s] -- Up-to-date: /home/einstein/Desktop/slambot_ros2/install/slambot_bringup/share/ament_index/resource_index/package_run_dependencies/slambot_bringup
[0.066s] -- Up-to-date: /home/einstein/Desktop/slambot_ros2/install/slambot_bringup/share/ament_index/resource_index/parent_prefix_path/slambot_bringup
[0.066s] -- Up-to-date: /home/einstein/Desktop/slambot_ros2/install/slambot_bringup/share/slambot_bringup/environment/ament_prefix_path.sh
[0.067s] -- Up-to-date: /home/einstein/Desktop/slambot_ros2/install/slambot_bringup/share/slambot_bringup/environment/ament_prefix_path.dsv
[0.067s] -- Up-to-date: /home/einstein/Desktop/slambot_ros2/install/slambot_bringup/share/slambot_bringup/environment/path.sh
[0.067s] -- Up-to-date: /home/einstein/Desktop/slambot_ros2/install/slambot_bringup/share/slambot_bringup/environment/path.dsv
[0.067s] -- Up-to-date: /home/einstein/Desktop/slambot_ros2/install/slambot_bringup/share/slambot_bringup/local_setup.bash
[0.067s] -- Up-to-date: /home/einstein/Desktop/slambot_ros2/install/slambot_bringup/share/slambot_bringup/local_setup.sh
[0.067s] -- Up-to-date: /home/einstein/Desktop/slambot_ros2/install/slambot_bringup/share/slambot_bringup/local_setup.zsh
[0.067s] -- Up-to-date: /home/einstein/Desktop/slambot_ros2/install/slambot_bringup/share/slambot_bringup/local_setup.dsv
[0.067s] -- Installing: /home/einstein/Desktop/slambot_ros2/install/slambot_bringup/share/slambot_bringup/package.dsv
[0.067s] -- Up-to-date: /home/einstein/Desktop/slambot_ros2/install/slambot_bringup/share/ament_index/resource_index/packages/slambot_bringup
[0.067s] -- Up-to-date: /home/einstein/Desktop/slambot_ros2/install/slambot_bringup/share/slambot_bringup/cmake/slambot_bringupConfig.cmake
[0.067s] -- Up-to-date: /home/einstein/Desktop/slambot_ros2/install/slambot_bringup/share/slambot_bringup/cmake/slambot_bringupConfig-version.cmake
[0.067s] -- Up-to-date: /home/einstein/Desktop/slambot_ros2/install/slambot_bringup/share/slambot_bringup/package.xml
[0.068s] Invoked command in '/home/einstein/Desktop/slambot_ros2/build/slambot_bringup' returned '0': CMAKE_PREFIX_PATH=/home/einstein/Desktop/slambot_ros2/install/slambot_firmware:/home/einstein/Desktop/slambot_ros2/install/slambot_description:/home/einstein/Desktop/slambot_ros2/install/slambot_bringup:/home/einstein/Desktop/slambot_ros2/install/slambot_controllers:/home/einstein/Documents/serial_ws/install/serial_launch_file:/home/einstein/Documents/serial_ws/install/serial_cpp_pkg:/home/einstein/Documents/serial_ws/install/odometry_estimator:/home/einstein/Documents/gamepad_ws/install/gamepad_bringup:/home/einstein/Documents/SLAM_WS/install/slambot_description:/home/einstein/Documents/SLAM_WS/install/cpp_code_pkg:/opt/ros/humble /usr/bin/cmake --install /home/einstein/Desktop/slambot_ros2/build/slambot_bringup
