[1.837s] DEBUG:colcon:Command line arguments: ['/usr/bin/colcon', 'build']
[1.837s] DEBUG:colcon:Parsed command line arguments: Namespace(log_base=None, log_level=None, verb_name='build', build_base='build', install_base='install', merge_install=False, symlink_install=False, test_result_base=None, continue_on_error=False, executor='parallel', parallel_workers=8, event_handlers=None, ignore_user_meta=False, metas=['./colcon.meta'], base_paths=['.'], packages_ignore=None, packages_ignore_regex=None, paths=None, packages_up_to=None, packages_up_to_regex=None, packages_above=None, packages_above_and_dependencies=None, packages_above_depth=None, packages_select_by_dep=None, packages_skip_by_dep=None, packages_skip_up_to=None, packages_select_build_failed=False, packages_skip_build_finished=False, packages_select_test_failures=False, packages_skip_test_passed=False, packages_select=None, packages_skip=None, packages_select_regex=None, packages_skip_regex=None, packages_start=None, packages_end=None, allow_overriding=[], cmake_args=None, cmake_target=None, cmake_target_skip_unavailable=False, cmake_clean_cache=False, cmake_clean_first=False, cmake_force_configure=False, ament_cmake_args=None, catkin_cmake_args=None, catkin_skip_building_tests=False, verb_parser=<colcon_defaults.argument_parser.defaults.DefaultArgumentsDecorator object at 0x76b481f486d0>, verb_extension=<colcon_core.verb.build.BuildVerb object at 0x76b481f480d0>, main=<bound method BuildVerb.main of <colcon_core.verb.build.BuildVerb object at 0x76b481f480d0>>)
[5.850s] Level 1:colcon.colcon_core.package_discovery:discover_packages(colcon_meta) check parameters
[5.850s] Level 1:colcon.colcon_core.package_discovery:discover_packages(recursive) check parameters
[5.850s] Level 1:colcon.colcon_core.package_discovery:discover_packages(ignore) check parameters
[5.850s] Level 1:colcon.colcon_core.package_discovery:discover_packages(path) check parameters
[5.850s] Level 1:colcon.colcon_core.package_discovery:discover_packages(colcon_meta) discover
[5.850s] Level 1:colcon.colcon_core.package_discovery:discover_packages(recursive) discover
[5.850s] INFO:colcon.colcon_core.package_discovery:Crawling recursively for packages in '/home/einstein/Desktop/slambot_ros2'
[5.851s] Level 1:colcon.colcon_core.package_identification:_identify(.) by extensions ['ignore', 'ignore_ament_install']
[5.851s] Level 1:colcon.colcon_core.package_identification:_identify(.) by extension 'ignore'
[5.851s] Level 1:colcon.colcon_core.package_identification:_identify(.) by extension 'ignore_ament_install'
[5.851s] Level 1:colcon.colcon_core.package_identification:_identify(.) by extensions ['colcon_pkg']
[5.851s] Level 1:colcon.colcon_core.package_identification:_identify(.) by extension 'colcon_pkg'
[5.851s] Level 1:colcon.colcon_core.package_identification:_identify(.) by extensions ['colcon_meta']
[5.851s] Level 1:colcon.colcon_core.package_identification:_identify(.) by extension 'colcon_meta'
[5.851s] Level 1:colcon.colcon_core.package_identification:_identify(.) by extensions ['ros']
[5.851s] Level 1:colcon.colcon_core.package_identification:_identify(.) by extension 'ros'
[5.943s] Level 1:colcon.colcon_core.package_identification:_identify(.) by extensions ['cmake', 'python']
[5.943s] Level 1:colcon.colcon_core.package_identification:_identify(.) by extension 'cmake'
[5.943s] Level 1:colcon.colcon_core.package_identification:_identify(.) by extension 'python'
[5.943s] Level 1:colcon.colcon_core.package_identification:_identify(.) by extensions ['python_setup_py']
[5.943s] Level 1:colcon.colcon_core.package_identification:_identify(.) by extension 'python_setup_py'
[5.943s] Level 1:colcon.colcon_core.package_identification:_identify(build) by extensions ['ignore', 'ignore_ament_install']
[5.944s] Level 1:colcon.colcon_core.package_identification:_identify(build) by extension 'ignore'
[5.944s] Level 1:colcon.colcon_core.package_identification:_identify(build) ignored
[5.944s] Level 1:colcon.colcon_core.package_identification:_identify(install) by extensions ['ignore', 'ignore_ament_install']
[5.944s] Level 1:colcon.colcon_core.package_identification:_identify(install) by extension 'ignore'
[5.944s] Level 1:colcon.colcon_core.package_identification:_identify(install) ignored
[5.944s] Level 1:colcon.colcon_core.package_identification:_identify(log) by extensions ['ignore', 'ignore_ament_install']
[5.944s] Level 1:colcon.colcon_core.package_identification:_identify(log) by extension 'ignore'
[5.944s] Level 1:colcon.colcon_core.package_identification:_identify(log) ignored
[5.944s] Level 1:colcon.colcon_core.package_identification:_identify(src) by extensions ['ignore', 'ignore_ament_install']
[5.944s] Level 1:colcon.colcon_core.package_identification:_identify(src) by extension 'ignore'
[5.944s] Level 1:colcon.colcon_core.package_identification:_identify(src) by extension 'ignore_ament_install'
[5.945s] Level 1:colcon.colcon_core.package_identification:_identify(src) by extensions ['colcon_pkg']
[5.945s] Level 1:colcon.colcon_core.package_identification:_identify(src) by extension 'colcon_pkg'
[5.945s] Level 1:colcon.colcon_core.package_identification:_identify(src) by extensions ['colcon_meta']
[5.945s] Level 1:colcon.colcon_core.package_identification:_identify(src) by extension 'colcon_meta'
[5.945s] Level 1:colcon.colcon_core.package_identification:_identify(src) by extensions ['ros']
[5.945s] Level 1:colcon.colcon_core.package_identification:_identify(src) by extension 'ros'
[5.945s] Level 1:colcon.colcon_core.package_identification:_identify(src) by extensions ['cmake', 'python']
[5.945s] Level 1:colcon.colcon_core.package_identification:_identify(src) by extension 'cmake'
[5.945s] Level 1:colcon.colcon_core.package_identification:_identify(src) by extension 'python'
[5.945s] Level 1:colcon.colcon_core.package_identification:_identify(src) by extensions ['python_setup_py']
[5.945s] Level 1:colcon.colcon_core.package_identification:_identify(src) by extension 'python_setup_py'
[5.945s] Level 1:colcon.colcon_core.package_identification:_identify(src/slambot_bringup) by extensions ['ignore', 'ignore_ament_install']
[5.945s] Level 1:colcon.colcon_core.package_identification:_identify(src/slambot_bringup) by extension 'ignore'
[5.945s] Level 1:colcon.colcon_core.package_identification:_identify(src/slambot_bringup) by extension 'ignore_ament_install'
[5.945s] Level 1:colcon.colcon_core.package_identification:_identify(src/slambot_bringup) by extensions ['colcon_pkg']
[5.945s] Level 1:colcon.colcon_core.package_identification:_identify(src/slambot_bringup) by extension 'colcon_pkg'
[5.945s] Level 1:colcon.colcon_core.package_identification:_identify(src/slambot_bringup) by extensions ['colcon_meta']
[5.945s] Level 1:colcon.colcon_core.package_identification:_identify(src/slambot_bringup) by extension 'colcon_meta'
[5.946s] Level 1:colcon.colcon_core.package_identification:_identify(src/slambot_bringup) by extensions ['ros']
[5.946s] Level 1:colcon.colcon_core.package_identification:_identify(src/slambot_bringup) by extension 'ros'
[5.983s] DEBUG:colcon.colcon_core.package_identification:Package 'src/slambot_bringup' with type 'ros.ament_cmake' and name 'slambot_bringup'
[5.983s] Level 1:colcon.colcon_core.package_identification:_identify(src/slambot_controllers) by extensions ['ignore', 'ignore_ament_install']
[5.984s] Level 1:colcon.colcon_core.package_identification:_identify(src/slambot_controllers) by extension 'ignore'
[5.984s] Level 1:colcon.colcon_core.package_identification:_identify(src/slambot_controllers) by extension 'ignore_ament_install'
[5.984s] Level 1:colcon.colcon_core.package_identification:_identify(src/slambot_controllers) by extensions ['colcon_pkg']
[5.984s] Level 1:colcon.colcon_core.package_identification:_identify(src/slambot_controllers) by extension 'colcon_pkg'
[5.984s] Level 1:colcon.colcon_core.package_identification:_identify(src/slambot_controllers) by extensions ['colcon_meta']
[5.984s] Level 1:colcon.colcon_core.package_identification:_identify(src/slambot_controllers) by extension 'colcon_meta'
[5.984s] Level 1:colcon.colcon_core.package_identification:_identify(src/slambot_controllers) by extensions ['ros']
[5.984s] Level 1:colcon.colcon_core.package_identification:_identify(src/slambot_controllers) by extension 'ros'
[5.987s] DEBUG:colcon.colcon_core.package_identification:Package 'src/slambot_controllers' with type 'ros.ament_cmake' and name 'slambot_controllers'
[5.988s] Level 1:colcon.colcon_core.package_identification:_identify(src/slambot_description) by extensions ['ignore', 'ignore_ament_install']
[5.988s] Level 1:colcon.colcon_core.package_identification:_identify(src/slambot_description) by extension 'ignore'
[5.988s] Level 1:colcon.colcon_core.package_identification:_identify(src/slambot_description) by extension 'ignore_ament_install'
[5.988s] Level 1:colcon.colcon_core.package_identification:_identify(src/slambot_description) by extensions ['colcon_pkg']
[5.988s] Level 1:colcon.colcon_core.package_identification:_identify(src/slambot_description) by extension 'colcon_pkg'
[5.988s] Level 1:colcon.colcon_core.package_identification:_identify(src/slambot_description) by extensions ['colcon_meta']
[5.988s] Level 1:colcon.colcon_core.package_identification:_identify(src/slambot_description) by extension 'colcon_meta'
[5.988s] Level 1:colcon.colcon_core.package_identification:_identify(src/slambot_description) by extensions ['ros']
[5.989s] Level 1:colcon.colcon_core.package_identification:_identify(src/slambot_description) by extension 'ros'
[5.990s] DEBUG:colcon.colcon_core.package_identification:Package 'src/slambot_description' with type 'ros.ament_cmake' and name 'slambot_description'
[5.990s] Level 1:colcon.colcon_core.package_identification:_identify(src/slambot_firmware) by extensions ['ignore', 'ignore_ament_install']
[5.990s] Level 1:colcon.colcon_core.package_identification:_identify(src/slambot_firmware) by extension 'ignore'
[5.990s] Level 1:colcon.colcon_core.package_identification:_identify(src/slambot_firmware) by extension 'ignore_ament_install'
[5.990s] Level 1:colcon.colcon_core.package_identification:_identify(src/slambot_firmware) by extensions ['colcon_pkg']
[5.990s] Level 1:colcon.colcon_core.package_identification:_identify(src/slambot_firmware) by extension 'colcon_pkg'
[5.990s] Level 1:colcon.colcon_core.package_identification:_identify(src/slambot_firmware) by extensions ['colcon_meta']
[5.990s] Level 1:colcon.colcon_core.package_identification:_identify(src/slambot_firmware) by extension 'colcon_meta'
[5.991s] Level 1:colcon.colcon_core.package_identification:_identify(src/slambot_firmware) by extensions ['ros']
[5.991s] Level 1:colcon.colcon_core.package_identification:_identify(src/slambot_firmware) by extension 'ros'
[5.993s] DEBUG:colcon.colcon_core.package_identification:Package 'src/slambot_firmware' with type 'ros.ament_cmake' and name 'slambot_firmware'
[5.993s] Level 1:colcon.colcon_core.package_discovery:discover_packages(recursive) using defaults
[5.993s] Level 1:colcon.colcon_core.package_discovery:discover_packages(ignore) discover
[5.993s] Level 1:colcon.colcon_core.package_discovery:discover_packages(ignore) using defaults
[5.993s] Level 1:colcon.colcon_core.package_discovery:discover_packages(path) discover
[5.993s] Level 1:colcon.colcon_core.package_discovery:discover_packages(path) using defaults
[6.285s] Level 1:colcon.colcon_core.package_discovery:discover_packages(prefix_path) check parameters
[6.285s] Level 1:colcon.colcon_core.package_discovery:discover_packages(prefix_path) discover
[6.365s] DEBUG:colcon.colcon_installed_package_information.package_discovery:Found 1 installed packages in /home/einstein/Documents/gamepad_ws/install
[6.366s] DEBUG:colcon.colcon_installed_package_information.package_discovery:Found 2 installed packages in /home/einstein/Documents/SLAM_WS/install
[6.367s] DEBUG:colcon.colcon_installed_package_information.package_discovery:Found 3 installed packages in /home/einstein/Documents/serial_ws/install
[6.370s] DEBUG:colcon.colcon_installed_package_information.package_discovery:Found 387 installed packages in /opt/ros/humble
[6.375s] Level 1:colcon.colcon_core.package_discovery:discover_packages(prefix_path) using defaults
[6.525s] Level 5:colcon.colcon_core.verb:set package 'slambot_controllers' build argument 'cmake_args' from command line to 'None'
[6.525s] Level 5:colcon.colcon_core.verb:set package 'slambot_controllers' build argument 'cmake_target' from command line to 'None'
[6.525s] Level 5:colcon.colcon_core.verb:set package 'slambot_controllers' build argument 'cmake_target_skip_unavailable' from command line to 'False'
[6.525s] Level 5:colcon.colcon_core.verb:set package 'slambot_controllers' build argument 'cmake_clean_cache' from command line to 'False'
[6.525s] Level 5:colcon.colcon_core.verb:set package 'slambot_controllers' build argument 'cmake_clean_first' from command line to 'False'
[6.525s] Level 5:colcon.colcon_core.verb:set package 'slambot_controllers' build argument 'cmake_force_configure' from command line to 'False'
[6.525s] Level 5:colcon.colcon_core.verb:set package 'slambot_controllers' build argument 'ament_cmake_args' from command line to 'None'
[6.525s] Level 5:colcon.colcon_core.verb:set package 'slambot_controllers' build argument 'catkin_cmake_args' from command line to 'None'
[6.525s] Level 5:colcon.colcon_core.verb:set package 'slambot_controllers' build argument 'catkin_skip_building_tests' from command line to 'False'
[6.525s] DEBUG:colcon.colcon_core.verb:Building package 'slambot_controllers' with the following arguments: {'ament_cmake_args': None, 'build_base': '/home/einstein/Desktop/slambot_ros2/build/slambot_controllers', 'catkin_cmake_args': None, 'catkin_skip_building_tests': False, 'cmake_args': None, 'cmake_clean_cache': False, 'cmake_clean_first': False, 'cmake_force_configure': False, 'cmake_target': None, 'cmake_target_skip_unavailable': False, 'install_base': '/home/einstein/Desktop/slambot_ros2/install/slambot_controllers', 'merge_install': False, 'path': '/home/einstein/Desktop/slambot_ros2/src/slambot_controllers', 'symlink_install': False, 'test_result_base': None}
[6.525s] Level 5:colcon.colcon_core.verb:set package 'slambot_description' build argument 'cmake_args' from command line to 'None'
[6.525s] Level 5:colcon.colcon_core.verb:set package 'slambot_description' build argument 'cmake_target' from command line to 'None'
[6.525s] Level 5:colcon.colcon_core.verb:set package 'slambot_description' build argument 'cmake_target_skip_unavailable' from command line to 'False'
[6.525s] Level 5:colcon.colcon_core.verb:set package 'slambot_description' build argument 'cmake_clean_cache' from command line to 'False'
[6.525s] Level 5:colcon.colcon_core.verb:set package 'slambot_description' build argument 'cmake_clean_first' from command line to 'False'
[6.525s] Level 5:colcon.colcon_core.verb:set package 'slambot_description' build argument 'cmake_force_configure' from command line to 'False'
[6.525s] Level 5:colcon.colcon_core.verb:set package 'slambot_description' build argument 'ament_cmake_args' from command line to 'None'
[6.525s] Level 5:colcon.colcon_core.verb:set package 'slambot_description' build argument 'catkin_cmake_args' from command line to 'None'
[6.525s] Level 5:colcon.colcon_core.verb:set package 'slambot_description' build argument 'catkin_skip_building_tests' from command line to 'False'
[6.525s] DEBUG:colcon.colcon_core.verb:Building package 'slambot_description' with the following arguments: {'ament_cmake_args': None, 'build_base': '/home/einstein/Desktop/slambot_ros2/build/slambot_description', 'catkin_cmake_args': None, 'catkin_skip_building_tests': False, 'cmake_args': None, 'cmake_clean_cache': False, 'cmake_clean_first': False, 'cmake_force_configure': False, 'cmake_target': None, 'cmake_target_skip_unavailable': False, 'install_base': '/home/einstein/Desktop/slambot_ros2/install/slambot_description', 'merge_install': False, 'path': '/home/einstein/Desktop/slambot_ros2/src/slambot_description', 'symlink_install': False, 'test_result_base': None}
[6.525s] Level 5:colcon.colcon_core.verb:set package 'slambot_firmware' build argument 'cmake_args' from command line to 'None'
[6.525s] Level 5:colcon.colcon_core.verb:set package 'slambot_firmware' build argument 'cmake_target' from command line to 'None'
[6.525s] Level 5:colcon.colcon_core.verb:set package 'slambot_firmware' build argument 'cmake_target_skip_unavailable' from command line to 'False'
[6.525s] Level 5:colcon.colcon_core.verb:set package 'slambot_firmware' build argument 'cmake_clean_cache' from command line to 'False'
[6.525s] Level 5:colcon.colcon_core.verb:set package 'slambot_firmware' build argument 'cmake_clean_first' from command line to 'False'
[6.525s] Level 5:colcon.colcon_core.verb:set package 'slambot_firmware' build argument 'cmake_force_configure' from command line to 'False'
[6.525s] Level 5:colcon.colcon_core.verb:set package 'slambot_firmware' build argument 'ament_cmake_args' from command line to 'None'
[6.525s] Level 5:colcon.colcon_core.verb:set package 'slambot_firmware' build argument 'catkin_cmake_args' from command line to 'None'
[6.525s] Level 5:colcon.colcon_core.verb:set package 'slambot_firmware' build argument 'catkin_skip_building_tests' from command line to 'False'
[6.525s] DEBUG:colcon.colcon_core.verb:Building package 'slambot_firmware' with the following arguments: {'ament_cmake_args': None, 'build_base': '/home/einstein/Desktop/slambot_ros2/build/slambot_firmware', 'catkin_cmake_args': None, 'catkin_skip_building_tests': False, 'cmake_args': None, 'cmake_clean_cache': False, 'cmake_clean_first': False, 'cmake_force_configure': False, 'cmake_target': None, 'cmake_target_skip_unavailable': False, 'install_base': '/home/einstein/Desktop/slambot_ros2/install/slambot_firmware', 'merge_install': False, 'path': '/home/einstein/Desktop/slambot_ros2/src/slambot_firmware', 'symlink_install': False, 'test_result_base': None}
[6.526s] Level 5:colcon.colcon_core.verb:set package 'slambot_bringup' build argument 'cmake_args' from command line to 'None'
[6.526s] Level 5:colcon.colcon_core.verb:set package 'slambot_bringup' build argument 'cmake_target' from command line to 'None'
[6.526s] Level 5:colcon.colcon_core.verb:set package 'slambot_bringup' build argument 'cmake_target_skip_unavailable' from command line to 'False'
[6.526s] Level 5:colcon.colcon_core.verb:set package 'slambot_bringup' build argument 'cmake_clean_cache' from command line to 'False'
[6.526s] Level 5:colcon.colcon_core.verb:set package 'slambot_bringup' build argument 'cmake_clean_first' from command line to 'False'
[6.526s] Level 5:colcon.colcon_core.verb:set package 'slambot_bringup' build argument 'cmake_force_configure' from command line to 'False'
[6.526s] Level 5:colcon.colcon_core.verb:set package 'slambot_bringup' build argument 'ament_cmake_args' from command line to 'None'
[6.526s] Level 5:colcon.colcon_core.verb:set package 'slambot_bringup' build argument 'catkin_cmake_args' from command line to 'None'
[6.526s] Level 5:colcon.colcon_core.verb:set package 'slambot_bringup' build argument 'catkin_skip_building_tests' from command line to 'False'
[6.526s] DEBUG:colcon.colcon_core.verb:Building package 'slambot_bringup' with the following arguments: {'ament_cmake_args': None, 'build_base': '/home/einstein/Desktop/slambot_ros2/build/slambot_bringup', 'catkin_cmake_args': None, 'catkin_skip_building_tests': False, 'cmake_args': None, 'cmake_clean_cache': False, 'cmake_clean_first': False, 'cmake_force_configure': False, 'cmake_target': None, 'cmake_target_skip_unavailable': False, 'install_base': '/home/einstein/Desktop/slambot_ros2/install/slambot_bringup', 'merge_install': False, 'path': '/home/einstein/Desktop/slambot_ros2/src/slambot_bringup', 'symlink_install': False, 'test_result_base': None}
[6.526s] INFO:colcon.colcon_core.executor:Executing jobs using 'parallel' executor
[6.527s] DEBUG:colcon.colcon_parallel_executor.executor.parallel:run_until_complete
[6.527s] INFO:colcon.colcon_ros.task.ament_cmake.build:Building ROS package in '/home/einstein/Desktop/slambot_ros2/src/slambot_description' with build type 'ament_cmake'
[6.527s] INFO:colcon.colcon_cmake.task.cmake.build:Building CMake package in '/home/einstein/Desktop/slambot_ros2/src/slambot_description'
[6.543s] INFO:colcon.colcon_core.plugin_system:Skipping extension 'colcon_core.shell.bat': Not used on non-Windows systems
[6.543s] INFO:colcon.colcon_core.shell:Skip shell extension 'powershell' for command environment: Not usable outside of PowerShell
[6.543s] DEBUG:colcon.colcon_core.shell:Skip shell extension 'dsv' for command environment
[6.558s] INFO:colcon.colcon_ros.task.ament_cmake.build:Building ROS package in '/home/einstein/Desktop/slambot_ros2/src/slambot_firmware' with build type 'ament_cmake'
[6.558s] INFO:colcon.colcon_cmake.task.cmake.build:Building CMake package in '/home/einstein/Desktop/slambot_ros2/src/slambot_firmware'
[6.558s] INFO:colcon.colcon_core.shell:Skip shell extension 'powershell' for command environment: Not usable outside of PowerShell
[6.558s] DEBUG:colcon.colcon_core.shell:Skip shell extension 'dsv' for command environment
[6.563s] INFO:colcon.colcon_ros.task.ament_cmake.build:Building ROS package in '/home/einstein/Desktop/slambot_ros2/src/slambot_controllers' with build type 'ament_cmake'
[6.563s] INFO:colcon.colcon_cmake.task.cmake.build:Building CMake package in '/home/einstein/Desktop/slambot_ros2/src/slambot_controllers'
[6.563s] INFO:colcon.colcon_core.shell:Skip shell extension 'powershell' for command environment: Not usable outside of PowerShell
[6.563s] DEBUG:colcon.colcon_core.shell:Skip shell extension 'dsv' for command environment
[6.569s] DEBUG:colcon.colcon_core.event_handler.log_command:Invoking command in '/home/einstein/Desktop/slambot_ros2/build/slambot_description': CMAKE_PREFIX_PATH=${CMAKE_PREFIX_PATH}:/opt/ros/humble /usr/bin/cmake /home/einstein/Desktop/slambot_ros2/src/slambot_description -DCMAKE_INSTALL_PREFIX=/home/einstein/Desktop/slambot_ros2/install/slambot_description
[6.588s] DEBUG:colcon.colcon_core.event_handler.log_command:Invoking command in '/home/einstein/Desktop/slambot_ros2/build/slambot_firmware': CMAKE_PREFIX_PATH=${CMAKE_PREFIX_PATH}:/opt/ros/humble /usr/bin/cmake /home/einstein/Desktop/slambot_ros2/src/slambot_firmware -DCMAKE_INSTALL_PREFIX=/home/einstein/Desktop/slambot_ros2/install/slambot_firmware
[6.590s] DEBUG:colcon.colcon_core.event_handler.log_command:Invoking command in '/home/einstein/Desktop/slambot_ros2/build/slambot_controllers': CMAKE_PREFIX_PATH=${CMAKE_PREFIX_PATH}:/opt/ros/humble /usr/bin/cmake /home/einstein/Desktop/slambot_ros2/src/slambot_controllers -DCMAKE_INSTALL_PREFIX=/home/einstein/Desktop/slambot_ros2/install/slambot_controllers
[9.300s] DEBUG:colcon.colcon_core.event_handler.log_command:Invoked command in '/home/einstein/Desktop/slambot_ros2/build/slambot_description' returned '0': CMAKE_PREFIX_PATH=${CMAKE_PREFIX_PATH}:/opt/ros/humble /usr/bin/cmake /home/einstein/Desktop/slambot_ros2/src/slambot_description -DCMAKE_INSTALL_PREFIX=/home/einstein/Desktop/slambot_ros2/install/slambot_description
[9.301s] DEBUG:colcon.colcon_core.event_handler.log_command:Invoking command in '/home/einstein/Desktop/slambot_ros2/build/slambot_description': CMAKE_PREFIX_PATH=${CMAKE_PREFIX_PATH}:/opt/ros/humble /usr/bin/cmake --build /home/einstein/Desktop/slambot_ros2/build/slambot_description -- -j8 -l8
[9.326s] DEBUG:colcon.colcon_core.event_handler.log_command:Invoked command in '/home/einstein/Desktop/slambot_ros2/build/slambot_description' returned '0': CMAKE_PREFIX_PATH=${CMAKE_PREFIX_PATH}:/opt/ros/humble /usr/bin/cmake --build /home/einstein/Desktop/slambot_ros2/build/slambot_description -- -j8 -l8
[9.347s] DEBUG:colcon.colcon_core.event_handler.log_command:Invoking command in '/home/einstein/Desktop/slambot_ros2/build/slambot_description': CMAKE_PREFIX_PATH=${CMAKE_PREFIX_PATH}:/opt/ros/humble /usr/bin/cmake --install /home/einstein/Desktop/slambot_ros2/build/slambot_description
[9.354s] Level 1:colcon.colcon_core.environment:create_environment_scripts_only(slambot_description)
[9.354s] DEBUG:colcon.colcon_core.event_handler.log_command:Invoked command in '/home/einstein/Desktop/slambot_ros2/build/slambot_description' returned '0': CMAKE_PREFIX_PATH=${CMAKE_PREFIX_PATH}:/opt/ros/humble /usr/bin/cmake --install /home/einstein/Desktop/slambot_ros2/build/slambot_description
[9.416s] Level 1:colcon.colcon_core.environment:checking '/home/einstein/Desktop/slambot_ros2/install/slambot_description' for CMake module files
[9.416s] Level 1:colcon.colcon_core.environment:checking '/home/einstein/Desktop/slambot_ros2/install/slambot_description' for CMake config files
[9.417s] Level 1:colcon.colcon_core.shell:create_environment_hook('slambot_description', 'cmake_prefix_path')
[9.417s] INFO:colcon.colcon_core.shell:Creating environment hook '/home/einstein/Desktop/slambot_ros2/install/slambot_description/share/slambot_description/hook/cmake_prefix_path.ps1'
[9.420s] INFO:colcon.colcon_core.shell:Creating environment descriptor '/home/einstein/Desktop/slambot_ros2/install/slambot_description/share/slambot_description/hook/cmake_prefix_path.dsv'
[9.424s] INFO:colcon.colcon_core.shell:Creating environment hook '/home/einstein/Desktop/slambot_ros2/install/slambot_description/share/slambot_description/hook/cmake_prefix_path.sh'
[9.436s] Level 1:colcon.colcon_core.environment:checking '/home/einstein/Desktop/slambot_ros2/install/slambot_description/bin'
[9.436s] Level 1:colcon.colcon_core.environment:checking '/home/einstein/Desktop/slambot_ros2/install/slambot_description/lib/pkgconfig/slambot_description.pc'
[9.436s] Level 1:colcon.colcon_core.environment:checking '/home/einstein/Desktop/slambot_ros2/install/slambot_description/lib/python3.10/site-packages'
[9.437s] Level 1:colcon.colcon_core.environment:checking '/home/einstein/Desktop/slambot_ros2/install/slambot_description/bin'
[9.437s] INFO:colcon.colcon_core.shell:Creating package script '/home/einstein/Desktop/slambot_ros2/install/slambot_description/share/slambot_description/package.ps1'
[9.442s] INFO:colcon.colcon_core.shell:Creating package descriptor '/home/einstein/Desktop/slambot_ros2/install/slambot_description/share/slambot_description/package.dsv'
[9.446s] INFO:colcon.colcon_core.shell:Creating package script '/home/einstein/Desktop/slambot_ros2/install/slambot_description/share/slambot_description/package.sh'
[9.450s] INFO:colcon.colcon_core.shell:Creating package script '/home/einstein/Desktop/slambot_ros2/install/slambot_description/share/slambot_description/package.bash'
[9.454s] INFO:colcon.colcon_core.shell:Creating package script '/home/einstein/Desktop/slambot_ros2/install/slambot_description/share/slambot_description/package.zsh'
[9.458s] Level 1:colcon.colcon_core.environment:create_file_with_runtime_dependencies(/home/einstein/Desktop/slambot_ros2/install/slambot_description/share/colcon-core/packages/slambot_description)
[9.472s] Level 1:colcon.colcon_core.environment:create_environment_scripts_only(slambot_description)
[9.472s] Level 1:colcon.colcon_core.environment:checking '/home/einstein/Desktop/slambot_ros2/install/slambot_description' for CMake module files
[9.473s] Level 1:colcon.colcon_core.environment:checking '/home/einstein/Desktop/slambot_ros2/install/slambot_description' for CMake config files
[9.473s] Level 1:colcon.colcon_core.shell:create_environment_hook('slambot_description', 'cmake_prefix_path')
[9.473s] INFO:colcon.colcon_core.shell:Creating environment hook '/home/einstein/Desktop/slambot_ros2/install/slambot_description/share/slambot_description/hook/cmake_prefix_path.ps1'
[9.473s] INFO:colcon.colcon_core.shell:Creating environment descriptor '/home/einstein/Desktop/slambot_ros2/install/slambot_description/share/slambot_description/hook/cmake_prefix_path.dsv'
[9.473s] INFO:colcon.colcon_core.shell:Creating environment hook '/home/einstein/Desktop/slambot_ros2/install/slambot_description/share/slambot_description/hook/cmake_prefix_path.sh'
[9.474s] Level 1:colcon.colcon_core.environment:checking '/home/einstein/Desktop/slambot_ros2/install/slambot_description/bin'
[9.474s] Level 1:colcon.colcon_core.environment:checking '/home/einstein/Desktop/slambot_ros2/install/slambot_description/lib/pkgconfig/slambot_description.pc'
[9.474s] Level 1:colcon.colcon_core.environment:checking '/home/einstein/Desktop/slambot_ros2/install/slambot_description/lib/python3.10/site-packages'
[9.474s] Level 1:colcon.colcon_core.environment:checking '/home/einstein/Desktop/slambot_ros2/install/slambot_description/bin'
[9.474s] INFO:colcon.colcon_core.shell:Creating package script '/home/einstein/Desktop/slambot_ros2/install/slambot_description/share/slambot_description/package.ps1'
[9.475s] INFO:colcon.colcon_core.shell:Creating package descriptor '/home/einstein/Desktop/slambot_ros2/install/slambot_description/share/slambot_description/package.dsv'
[9.475s] INFO:colcon.colcon_core.shell:Creating package script '/home/einstein/Desktop/slambot_ros2/install/slambot_description/share/slambot_description/package.sh'
[9.475s] INFO:colcon.colcon_core.shell:Creating package script '/home/einstein/Desktop/slambot_ros2/install/slambot_description/share/slambot_description/package.bash'
[9.475s] INFO:colcon.colcon_core.shell:Creating package script '/home/einstein/Desktop/slambot_ros2/install/slambot_description/share/slambot_description/package.zsh'
[9.480s] Level 1:colcon.colcon_core.environment:create_file_with_runtime_dependencies(/home/einstein/Desktop/slambot_ros2/install/slambot_description/share/colcon-core/packages/slambot_description)
[13.849s] DEBUG:colcon.colcon_core.event_handler.log_command:Invoked command in '/home/einstein/Desktop/slambot_ros2/build/slambot_controllers' returned '0': CMAKE_PREFIX_PATH=${CMAKE_PREFIX_PATH}:/opt/ros/humble /usr/bin/cmake /home/einstein/Desktop/slambot_ros2/src/slambot_controllers -DCMAKE_INSTALL_PREFIX=/home/einstein/Desktop/slambot_ros2/install/slambot_controllers
[13.849s] DEBUG:colcon.colcon_core.event_handler.log_command:Invoking command in '/home/einstein/Desktop/slambot_ros2/build/slambot_controllers': CMAKE_PREFIX_PATH=${CMAKE_PREFIX_PATH}:/opt/ros/humble /usr/bin/cmake --build /home/einstein/Desktop/slambot_ros2/build/slambot_controllers -- -j8 -l8
[13.970s] DEBUG:colcon.colcon_core.event_handler.log_command:Invoked command in '/home/einstein/Desktop/slambot_ros2/build/slambot_firmware' returned '0': CMAKE_PREFIX_PATH=${CMAKE_PREFIX_PATH}:/opt/ros/humble /usr/bin/cmake /home/einstein/Desktop/slambot_ros2/src/slambot_firmware -DCMAKE_INSTALL_PREFIX=/home/einstein/Desktop/slambot_ros2/install/slambot_firmware
[13.972s] DEBUG:colcon.colcon_core.event_handler.log_command:Invoking command in '/home/einstein/Desktop/slambot_ros2/build/slambot_firmware': CMAKE_PREFIX_PATH=${CMAKE_PREFIX_PATH}:/opt/ros/humble /usr/bin/cmake --build /home/einstein/Desktop/slambot_ros2/build/slambot_firmware -- -j8 -l8
[17.604s] DEBUG:colcon.colcon_core.event_handler.log_command:Invoked command in '/home/einstein/Desktop/slambot_ros2/build/slambot_firmware' returned '0': CMAKE_PREFIX_PATH=${CMAKE_PREFIX_PATH}:/opt/ros/humble /usr/bin/cmake --build /home/einstein/Desktop/slambot_ros2/build/slambot_firmware -- -j8 -l8
[17.623s] DEBUG:colcon.colcon_core.event_handler.log_command:Invoking command in '/home/einstein/Desktop/slambot_ros2/build/slambot_firmware': CMAKE_PREFIX_PATH=${CMAKE_PREFIX_PATH}:/opt/ros/humble /usr/bin/cmake --install /home/einstein/Desktop/slambot_ros2/build/slambot_firmware
[17.683s] Level 1:colcon.colcon_core.environment:create_environment_scripts_only(slambot_firmware)
[17.683s] Level 1:colcon.colcon_core.environment:checking '/home/einstein/Desktop/slambot_ros2/install/slambot_firmware' for CMake module files
[17.684s] DEBUG:colcon.colcon_core.event_handler.log_command:Invoked command in '/home/einstein/Desktop/slambot_ros2/build/slambot_firmware' returned '0': CMAKE_PREFIX_PATH=${CMAKE_PREFIX_PATH}:/opt/ros/humble /usr/bin/cmake --install /home/einstein/Desktop/slambot_ros2/build/slambot_firmware
[17.685s] Level 1:colcon.colcon_core.environment:checking '/home/einstein/Desktop/slambot_ros2/install/slambot_firmware' for CMake config files
[17.685s] Level 1:colcon.colcon_core.shell:create_environment_hook('slambot_firmware', 'cmake_prefix_path')
[17.685s] INFO:colcon.colcon_core.shell:Creating environment hook '/home/einstein/Desktop/slambot_ros2/install/slambot_firmware/share/slambot_firmware/hook/cmake_prefix_path.ps1'
[17.686s] INFO:colcon.colcon_core.shell:Creating environment descriptor '/home/einstein/Desktop/slambot_ros2/install/slambot_firmware/share/slambot_firmware/hook/cmake_prefix_path.dsv'
[17.686s] INFO:colcon.colcon_core.shell:Creating environment hook '/home/einstein/Desktop/slambot_ros2/install/slambot_firmware/share/slambot_firmware/hook/cmake_prefix_path.sh'
[17.686s] Level 1:colcon.colcon_core.environment:checking '/home/einstein/Desktop/slambot_ros2/install/slambot_firmware/lib'
[17.687s] Level 1:colcon.colcon_core.shell:create_environment_hook('slambot_firmware', 'ld_library_path_lib')
[17.687s] INFO:colcon.colcon_core.shell:Creating environment hook '/home/einstein/Desktop/slambot_ros2/install/slambot_firmware/share/slambot_firmware/hook/ld_library_path_lib.ps1'
[17.687s] INFO:colcon.colcon_core.shell:Creating environment descriptor '/home/einstein/Desktop/slambot_ros2/install/slambot_firmware/share/slambot_firmware/hook/ld_library_path_lib.dsv'
[17.687s] INFO:colcon.colcon_core.shell:Creating environment hook '/home/einstein/Desktop/slambot_ros2/install/slambot_firmware/share/slambot_firmware/hook/ld_library_path_lib.sh'
[17.688s] Level 1:colcon.colcon_core.environment:checking '/home/einstein/Desktop/slambot_ros2/install/slambot_firmware/bin'
[17.688s] Level 1:colcon.colcon_core.environment:checking '/home/einstein/Desktop/slambot_ros2/install/slambot_firmware/lib/pkgconfig/slambot_firmware.pc'
[17.688s] Level 1:colcon.colcon_core.environment:checking '/home/einstein/Desktop/slambot_ros2/install/slambot_firmware/lib/python3.10/site-packages'
[17.688s] Level 1:colcon.colcon_core.environment:checking '/home/einstein/Desktop/slambot_ros2/install/slambot_firmware/bin'
[17.689s] INFO:colcon.colcon_core.shell:Creating package script '/home/einstein/Desktop/slambot_ros2/install/slambot_firmware/share/slambot_firmware/package.ps1'
[17.689s] INFO:colcon.colcon_core.shell:Creating package descriptor '/home/einstein/Desktop/slambot_ros2/install/slambot_firmware/share/slambot_firmware/package.dsv'
[17.690s] INFO:colcon.colcon_core.shell:Creating package script '/home/einstein/Desktop/slambot_ros2/install/slambot_firmware/share/slambot_firmware/package.sh'
[17.690s] INFO:colcon.colcon_core.shell:Creating package script '/home/einstein/Desktop/slambot_ros2/install/slambot_firmware/share/slambot_firmware/package.bash'
[17.690s] INFO:colcon.colcon_core.shell:Creating package script '/home/einstein/Desktop/slambot_ros2/install/slambot_firmware/share/slambot_firmware/package.zsh'
[17.691s] Level 1:colcon.colcon_core.environment:create_file_with_runtime_dependencies(/home/einstein/Desktop/slambot_ros2/install/slambot_firmware/share/colcon-core/packages/slambot_firmware)
[17.709s] Level 1:colcon.colcon_core.environment:create_environment_scripts_only(slambot_firmware)
[17.710s] Level 1:colcon.colcon_core.environment:checking '/home/einstein/Desktop/slambot_ros2/install/slambot_firmware' for CMake module files
[17.710s] Level 1:colcon.colcon_core.environment:checking '/home/einstein/Desktop/slambot_ros2/install/slambot_firmware' for CMake config files
[17.710s] Level 1:colcon.colcon_core.shell:create_environment_hook('slambot_firmware', 'cmake_prefix_path')
[17.710s] INFO:colcon.colcon_core.shell:Creating environment hook '/home/einstein/Desktop/slambot_ros2/install/slambot_firmware/share/slambot_firmware/hook/cmake_prefix_path.ps1'
[17.711s] INFO:colcon.colcon_core.shell:Creating environment descriptor '/home/einstein/Desktop/slambot_ros2/install/slambot_firmware/share/slambot_firmware/hook/cmake_prefix_path.dsv'
[17.711s] INFO:colcon.colcon_core.shell:Creating environment hook '/home/einstein/Desktop/slambot_ros2/install/slambot_firmware/share/slambot_firmware/hook/cmake_prefix_path.sh'
[17.711s] Level 1:colcon.colcon_core.environment:checking '/home/einstein/Desktop/slambot_ros2/install/slambot_firmware/lib'
[17.711s] Level 1:colcon.colcon_core.shell:create_environment_hook('slambot_firmware', 'ld_library_path_lib')
[17.712s] INFO:colcon.colcon_core.shell:Creating environment hook '/home/einstein/Desktop/slambot_ros2/install/slambot_firmware/share/slambot_firmware/hook/ld_library_path_lib.ps1'
[17.712s] INFO:colcon.colcon_core.shell:Creating environment descriptor '/home/einstein/Desktop/slambot_ros2/install/slambot_firmware/share/slambot_firmware/hook/ld_library_path_lib.dsv'
[17.712s] INFO:colcon.colcon_core.shell:Creating environment hook '/home/einstein/Desktop/slambot_ros2/install/slambot_firmware/share/slambot_firmware/hook/ld_library_path_lib.sh'
[17.712s] Level 1:colcon.colcon_core.environment:checking '/home/einstein/Desktop/slambot_ros2/install/slambot_firmware/bin'
[17.712s] Level 1:colcon.colcon_core.environment:checking '/home/einstein/Desktop/slambot_ros2/install/slambot_firmware/lib/pkgconfig/slambot_firmware.pc'
[17.712s] Level 1:colcon.colcon_core.environment:checking '/home/einstein/Desktop/slambot_ros2/install/slambot_firmware/lib/python3.10/site-packages'
[17.713s] Level 1:colcon.colcon_core.environment:checking '/home/einstein/Desktop/slambot_ros2/install/slambot_firmware/bin'
[17.713s] INFO:colcon.colcon_core.shell:Creating package script '/home/einstein/Desktop/slambot_ros2/install/slambot_firmware/share/slambot_firmware/package.ps1'
[17.722s] INFO:colcon.colcon_core.shell:Creating package descriptor '/home/einstein/Desktop/slambot_ros2/install/slambot_firmware/share/slambot_firmware/package.dsv'
[17.722s] INFO:colcon.colcon_core.shell:Creating package script '/home/einstein/Desktop/slambot_ros2/install/slambot_firmware/share/slambot_firmware/package.sh'
[17.723s] INFO:colcon.colcon_core.shell:Creating package script '/home/einstein/Desktop/slambot_ros2/install/slambot_firmware/share/slambot_firmware/package.bash'
[17.723s] INFO:colcon.colcon_core.shell:Creating package script '/home/einstein/Desktop/slambot_ros2/install/slambot_firmware/share/slambot_firmware/package.zsh'
[17.723s] Level 1:colcon.colcon_core.environment:create_file_with_runtime_dependencies(/home/einstein/Desktop/slambot_ros2/install/slambot_firmware/share/colcon-core/packages/slambot_firmware)
[17.723s] INFO:colcon.colcon_ros.task.ament_cmake.build:Building ROS package in '/home/einstein/Desktop/slambot_ros2/src/slambot_bringup' with build type 'ament_cmake'
[17.723s] INFO:colcon.colcon_cmake.task.cmake.build:Building CMake package in '/home/einstein/Desktop/slambot_ros2/src/slambot_bringup'
[17.724s] INFO:colcon.colcon_core.shell:Skip shell extension 'powershell' for command environment: Not usable outside of PowerShell
[17.724s] DEBUG:colcon.colcon_core.shell:Skip shell extension 'dsv' for command environment
[17.732s] DEBUG:colcon.colcon_core.event_handler.log_command:Invoking command in '/home/einstein/Desktop/slambot_ros2/build/slambot_bringup': AMENT_PREFIX_PATH=/home/einstein/Desktop/slambot_ros2/install/slambot_firmware:/home/einstein/Desktop/slambot_ros2/install/slambot_description:${AMENT_PREFIX_PATH} CMAKE_PREFIX_PATH=/home/einstein/Desktop/slambot_ros2/install/slambot_firmware:/home/einstein/Desktop/slambot_ros2/install/slambot_description:/home/einstein/Documents/serial_ws/install/serial_launch_file:/home/einstein/Documents/serial_ws/install/serial_cpp_pkg:/home/einstein/Documents/serial_ws/install/odometry_estimator:/home/einstein/Documents/gamepad_ws/install/gamepad_bringup:/home/einstein/Documents/SLAM_WS/install/slambot_description:/home/einstein/Documents/SLAM_WS/install/cpp_code_pkg:/opt/ros/humble LD_LIBRARY_PATH=/home/einstein/Desktop/slambot_ros2/install/slambot_firmware/lib:${LD_LIBRARY_PATH} PYTHONPATH=/home/einstein/Desktop/slambot_ros2/install/slambot_firmware/local/lib/python3.10/dist-packages:${PYTHONPATH} /usr/bin/cmake /home/einstein/Desktop/slambot_ros2/src/slambot_bringup -DCMAKE_INSTALL_PREFIX=/home/einstein/Desktop/slambot_ros2/install/slambot_bringup
[18.221s] DEBUG:colcon.colcon_core.event_handler.log_command:Invoked command in '/home/einstein/Desktop/slambot_ros2/build/slambot_bringup' returned '0': AMENT_PREFIX_PATH=/home/einstein/Desktop/slambot_ros2/install/slambot_firmware:/home/einstein/Desktop/slambot_ros2/install/slambot_description:${AMENT_PREFIX_PATH} CMAKE_PREFIX_PATH=/home/einstein/Desktop/slambot_ros2/install/slambot_firmware:/home/einstein/Desktop/slambot_ros2/install/slambot_description:/home/einstein/Documents/serial_ws/install/serial_launch_file:/home/einstein/Documents/serial_ws/install/serial_cpp_pkg:/home/einstein/Documents/serial_ws/install/odometry_estimator:/home/einstein/Documents/gamepad_ws/install/gamepad_bringup:/home/einstein/Documents/SLAM_WS/install/slambot_description:/home/einstein/Documents/SLAM_WS/install/cpp_code_pkg:/opt/ros/humble LD_LIBRARY_PATH=/home/einstein/Desktop/slambot_ros2/install/slambot_firmware/lib:${LD_LIBRARY_PATH} PYTHONPATH=/home/einstein/Desktop/slambot_ros2/install/slambot_firmware/local/lib/python3.10/dist-packages:${PYTHONPATH} /usr/bin/cmake /home/einstein/Desktop/slambot_ros2/src/slambot_bringup -DCMAKE_INSTALL_PREFIX=/home/einstein/Desktop/slambot_ros2/install/slambot_bringup
[18.222s] DEBUG:colcon.colcon_core.event_handler.log_command:Invoking command in '/home/einstein/Desktop/slambot_ros2/build/slambot_bringup': AMENT_PREFIX_PATH=/home/einstein/Desktop/slambot_ros2/install/slambot_firmware:/home/einstein/Desktop/slambot_ros2/install/slambot_description:${AMENT_PREFIX_PATH} CMAKE_PREFIX_PATH=/home/einstein/Desktop/slambot_ros2/install/slambot_firmware:/home/einstein/Desktop/slambot_ros2/install/slambot_description:/home/einstein/Documents/serial_ws/install/serial_launch_file:/home/einstein/Documents/serial_ws/install/serial_cpp_pkg:/home/einstein/Documents/serial_ws/install/odometry_estimator:/home/einstein/Documents/gamepad_ws/install/gamepad_bringup:/home/einstein/Documents/SLAM_WS/install/slambot_description:/home/einstein/Documents/SLAM_WS/install/cpp_code_pkg:/opt/ros/humble LD_LIBRARY_PATH=/home/einstein/Desktop/slambot_ros2/install/slambot_firmware/lib:${LD_LIBRARY_PATH} PYTHONPATH=/home/einstein/Desktop/slambot_ros2/install/slambot_firmware/local/lib/python3.10/dist-packages:${PYTHONPATH} /usr/bin/cmake --build /home/einstein/Desktop/slambot_ros2/build/slambot_bringup -- -j8 -l8
[18.250s] DEBUG:colcon.colcon_core.event_handler.log_command:Invoked command in '/home/einstein/Desktop/slambot_ros2/build/slambot_bringup' returned '0': AMENT_PREFIX_PATH=/home/einstein/Desktop/slambot_ros2/install/slambot_firmware:/home/einstein/Desktop/slambot_ros2/install/slambot_description:${AMENT_PREFIX_PATH} CMAKE_PREFIX_PATH=/home/einstein/Desktop/slambot_ros2/install/slambot_firmware:/home/einstein/Desktop/slambot_ros2/install/slambot_description:/home/einstein/Documents/serial_ws/install/serial_launch_file:/home/einstein/Documents/serial_ws/install/serial_cpp_pkg:/home/einstein/Documents/serial_ws/install/odometry_estimator:/home/einstein/Documents/gamepad_ws/install/gamepad_bringup:/home/einstein/Documents/SLAM_WS/install/slambot_description:/home/einstein/Documents/SLAM_WS/install/cpp_code_pkg:/opt/ros/humble LD_LIBRARY_PATH=/home/einstein/Desktop/slambot_ros2/install/slambot_firmware/lib:${LD_LIBRARY_PATH} PYTHONPATH=/home/einstein/Desktop/slambot_ros2/install/slambot_firmware/local/lib/python3.10/dist-packages:${PYTHONPATH} /usr/bin/cmake --build /home/einstein/Desktop/slambot_ros2/build/slambot_bringup -- -j8 -l8
[18.266s] DEBUG:colcon.colcon_core.event_handler.log_command:Invoking command in '/home/einstein/Desktop/slambot_ros2/build/slambot_bringup': AMENT_PREFIX_PATH=/home/einstein/Desktop/slambot_ros2/install/slambot_firmware:/home/einstein/Desktop/slambot_ros2/install/slambot_description:${AMENT_PREFIX_PATH} CMAKE_PREFIX_PATH=/home/einstein/Desktop/slambot_ros2/install/slambot_firmware:/home/einstein/Desktop/slambot_ros2/install/slambot_description:/home/einstein/Documents/serial_ws/install/serial_launch_file:/home/einstein/Documents/serial_ws/install/serial_cpp_pkg:/home/einstein/Documents/serial_ws/install/odometry_estimator:/home/einstein/Documents/gamepad_ws/install/gamepad_bringup:/home/einstein/Documents/SLAM_WS/install/slambot_description:/home/einstein/Documents/SLAM_WS/install/cpp_code_pkg:/opt/ros/humble LD_LIBRARY_PATH=/home/einstein/Desktop/slambot_ros2/install/slambot_firmware/lib:${LD_LIBRARY_PATH} PYTHONPATH=/home/einstein/Desktop/slambot_ros2/install/slambot_firmware/local/lib/python3.10/dist-packages:${PYTHONPATH} /usr/bin/cmake --install /home/einstein/Desktop/slambot_ros2/build/slambot_bringup
[18.273s] Level 1:colcon.colcon_core.environment:create_environment_scripts_only(slambot_bringup)
[18.274s] Level 1:colcon.colcon_core.environment:checking '/home/einstein/Desktop/slambot_ros2/install/slambot_bringup' for CMake module files
[18.274s] DEBUG:colcon.colcon_core.event_handler.log_command:Invoked command in '/home/einstein/Desktop/slambot_ros2/build/slambot_bringup' returned '0': AMENT_PREFIX_PATH=/home/einstein/Desktop/slambot_ros2/install/slambot_firmware:/home/einstein/Desktop/slambot_ros2/install/slambot_description:${AMENT_PREFIX_PATH} CMAKE_PREFIX_PATH=/home/einstein/Desktop/slambot_ros2/install/slambot_firmware:/home/einstein/Desktop/slambot_ros2/install/slambot_description:/home/einstein/Documents/serial_ws/install/serial_launch_file:/home/einstein/Documents/serial_ws/install/serial_cpp_pkg:/home/einstein/Documents/serial_ws/install/odometry_estimator:/home/einstein/Documents/gamepad_ws/install/gamepad_bringup:/home/einstein/Documents/SLAM_WS/install/slambot_description:/home/einstein/Documents/SLAM_WS/install/cpp_code_pkg:/opt/ros/humble LD_LIBRARY_PATH=/home/einstein/Desktop/slambot_ros2/install/slambot_firmware/lib:${LD_LIBRARY_PATH} PYTHONPATH=/home/einstein/Desktop/slambot_ros2/install/slambot_firmware/local/lib/python3.10/dist-packages:${PYTHONPATH} /usr/bin/cmake --install /home/einstein/Desktop/slambot_ros2/build/slambot_bringup
[18.274s] Level 1:colcon.colcon_core.environment:checking '/home/einstein/Desktop/slambot_ros2/install/slambot_bringup' for CMake config files
[18.274s] Level 1:colcon.colcon_core.shell:create_environment_hook('slambot_bringup', 'cmake_prefix_path')
[18.274s] INFO:colcon.colcon_core.shell:Creating environment hook '/home/einstein/Desktop/slambot_ros2/install/slambot_bringup/share/slambot_bringup/hook/cmake_prefix_path.ps1'
[18.275s] INFO:colcon.colcon_core.shell:Creating environment descriptor '/home/einstein/Desktop/slambot_ros2/install/slambot_bringup/share/slambot_bringup/hook/cmake_prefix_path.dsv'
[18.275s] INFO:colcon.colcon_core.shell:Creating environment hook '/home/einstein/Desktop/slambot_ros2/install/slambot_bringup/share/slambot_bringup/hook/cmake_prefix_path.sh'
[18.275s] Level 1:colcon.colcon_core.environment:checking '/home/einstein/Desktop/slambot_ros2/install/slambot_bringup/bin'
[18.275s] Level 1:colcon.colcon_core.environment:checking '/home/einstein/Desktop/slambot_ros2/install/slambot_bringup/lib/pkgconfig/slambot_bringup.pc'
[18.276s] Level 1:colcon.colcon_core.environment:checking '/home/einstein/Desktop/slambot_ros2/install/slambot_bringup/lib/python3.10/site-packages'
[18.276s] Level 1:colcon.colcon_core.environment:checking '/home/einstein/Desktop/slambot_ros2/install/slambot_bringup/bin'
[18.276s] INFO:colcon.colcon_core.shell:Creating package script '/home/einstein/Desktop/slambot_ros2/install/slambot_bringup/share/slambot_bringup/package.ps1'
[18.276s] INFO:colcon.colcon_core.shell:Creating package descriptor '/home/einstein/Desktop/slambot_ros2/install/slambot_bringup/share/slambot_bringup/package.dsv'
[18.277s] INFO:colcon.colcon_core.shell:Creating package script '/home/einstein/Desktop/slambot_ros2/install/slambot_bringup/share/slambot_bringup/package.sh'
[18.277s] INFO:colcon.colcon_core.shell:Creating package script '/home/einstein/Desktop/slambot_ros2/install/slambot_bringup/share/slambot_bringup/package.bash'
[18.277s] INFO:colcon.colcon_core.shell:Creating package script '/home/einstein/Desktop/slambot_ros2/install/slambot_bringup/share/slambot_bringup/package.zsh'
[18.277s] Level 1:colcon.colcon_core.environment:create_file_with_runtime_dependencies(/home/einstein/Desktop/slambot_ros2/install/slambot_bringup/share/colcon-core/packages/slambot_bringup)
[18.293s] Level 1:colcon.colcon_core.environment:create_environment_scripts_only(slambot_bringup)
[18.293s] Level 1:colcon.colcon_core.environment:checking '/home/einstein/Desktop/slambot_ros2/install/slambot_bringup' for CMake module files
[18.294s] Level 1:colcon.colcon_core.environment:checking '/home/einstein/Desktop/slambot_ros2/install/slambot_bringup' for CMake config files
[18.294s] Level 1:colcon.colcon_core.shell:create_environment_hook('slambot_bringup', 'cmake_prefix_path')
[18.294s] INFO:colcon.colcon_core.shell:Creating environment hook '/home/einstein/Desktop/slambot_ros2/install/slambot_bringup/share/slambot_bringup/hook/cmake_prefix_path.ps1'
[18.294s] INFO:colcon.colcon_core.shell:Creating environment descriptor '/home/einstein/Desktop/slambot_ros2/install/slambot_bringup/share/slambot_bringup/hook/cmake_prefix_path.dsv'
[18.295s] INFO:colcon.colcon_core.shell:Creating environment hook '/home/einstein/Desktop/slambot_ros2/install/slambot_bringup/share/slambot_bringup/hook/cmake_prefix_path.sh'
[18.295s] Level 1:colcon.colcon_core.environment:checking '/home/einstein/Desktop/slambot_ros2/install/slambot_bringup/bin'
[18.295s] Level 1:colcon.colcon_core.environment:checking '/home/einstein/Desktop/slambot_ros2/install/slambot_bringup/lib/pkgconfig/slambot_bringup.pc'
[18.295s] Level 1:colcon.colcon_core.environment:checking '/home/einstein/Desktop/slambot_ros2/install/slambot_bringup/lib/python3.10/site-packages'
[18.295s] Level 1:colcon.colcon_core.environment:checking '/home/einstein/Desktop/slambot_ros2/install/slambot_bringup/bin'
[18.296s] INFO:colcon.colcon_core.shell:Creating package script '/home/einstein/Desktop/slambot_ros2/install/slambot_bringup/share/slambot_bringup/package.ps1'
[18.296s] INFO:colcon.colcon_core.shell:Creating package descriptor '/home/einstein/Desktop/slambot_ros2/install/slambot_bringup/share/slambot_bringup/package.dsv'
[18.296s] INFO:colcon.colcon_core.shell:Creating package script '/home/einstein/Desktop/slambot_ros2/install/slambot_bringup/share/slambot_bringup/package.sh'
[18.297s] INFO:colcon.colcon_core.shell:Creating package script '/home/einstein/Desktop/slambot_ros2/install/slambot_bringup/share/slambot_bringup/package.bash'
[18.297s] INFO:colcon.colcon_core.shell:Creating package script '/home/einstein/Desktop/slambot_ros2/install/slambot_bringup/share/slambot_bringup/package.zsh'
[18.297s] Level 1:colcon.colcon_core.environment:create_file_with_runtime_dependencies(/home/einstein/Desktop/slambot_ros2/install/slambot_bringup/share/colcon-core/packages/slambot_bringup)
[25.441s] DEBUG:colcon.colcon_core.event_handler.log_command:Invoked command in '/home/einstein/Desktop/slambot_ros2/build/slambot_controllers' returned '0': CMAKE_PREFIX_PATH=${CMAKE_PREFIX_PATH}:/opt/ros/humble /usr/bin/cmake --build /home/einstein/Desktop/slambot_ros2/build/slambot_controllers -- -j8 -l8
[25.471s] DEBUG:colcon.colcon_core.event_handler.log_command:Invoking command in '/home/einstein/Desktop/slambot_ros2/build/slambot_controllers': CMAKE_PREFIX_PATH=${CMAKE_PREFIX_PATH}:/opt/ros/humble /usr/bin/cmake --install /home/einstein/Desktop/slambot_ros2/build/slambot_controllers
[25.515s] Level 1:colcon.colcon_core.environment:create_environment_scripts_only(slambot_controllers)
[25.516s] Level 1:colcon.colcon_core.environment:checking '/home/einstein/Desktop/slambot_ros2/install/slambot_controllers' for CMake module files
[25.516s] DEBUG:colcon.colcon_core.event_handler.log_command:Invoked command in '/home/einstein/Desktop/slambot_ros2/build/slambot_controllers' returned '0': CMAKE_PREFIX_PATH=${CMAKE_PREFIX_PATH}:/opt/ros/humble /usr/bin/cmake --install /home/einstein/Desktop/slambot_ros2/build/slambot_controllers
[25.516s] Level 1:colcon.colcon_core.environment:checking '/home/einstein/Desktop/slambot_ros2/install/slambot_controllers' for CMake config files
[25.517s] Level 1:colcon.colcon_core.shell:create_environment_hook('slambot_controllers', 'cmake_prefix_path')
[25.517s] INFO:colcon.colcon_core.shell:Creating environment hook '/home/einstein/Desktop/slambot_ros2/install/slambot_controllers/share/slambot_controllers/hook/cmake_prefix_path.ps1'
[25.517s] INFO:colcon.colcon_core.shell:Creating environment descriptor '/home/einstein/Desktop/slambot_ros2/install/slambot_controllers/share/slambot_controllers/hook/cmake_prefix_path.dsv'
[25.517s] INFO:colcon.colcon_core.shell:Creating environment hook '/home/einstein/Desktop/slambot_ros2/install/slambot_controllers/share/slambot_controllers/hook/cmake_prefix_path.sh'
[25.518s] Level 1:colcon.colcon_core.environment:checking '/home/einstein/Desktop/slambot_ros2/install/slambot_controllers/lib'
[25.518s] Level 1:colcon.colcon_core.environment:checking '/home/einstein/Desktop/slambot_ros2/install/slambot_controllers/bin'
[25.518s] Level 1:colcon.colcon_core.environment:checking '/home/einstein/Desktop/slambot_ros2/install/slambot_controllers/lib/pkgconfig/slambot_controllers.pc'
[25.518s] Level 1:colcon.colcon_core.environment:checking '/home/einstein/Desktop/slambot_ros2/install/slambot_controllers/lib/python3.10/site-packages'
[25.518s] Level 1:colcon.colcon_core.environment:checking '/home/einstein/Desktop/slambot_ros2/install/slambot_controllers/bin'
[25.518s] INFO:colcon.colcon_core.shell:Creating package script '/home/einstein/Desktop/slambot_ros2/install/slambot_controllers/share/slambot_controllers/package.ps1'
[25.519s] INFO:colcon.colcon_core.shell:Creating package descriptor '/home/einstein/Desktop/slambot_ros2/install/slambot_controllers/share/slambot_controllers/package.dsv'
[25.519s] INFO:colcon.colcon_core.shell:Creating package script '/home/einstein/Desktop/slambot_ros2/install/slambot_controllers/share/slambot_controllers/package.sh'
[25.519s] INFO:colcon.colcon_core.shell:Creating package script '/home/einstein/Desktop/slambot_ros2/install/slambot_controllers/share/slambot_controllers/package.bash'
[25.519s] INFO:colcon.colcon_core.shell:Creating package script '/home/einstein/Desktop/slambot_ros2/install/slambot_controllers/share/slambot_controllers/package.zsh'
[25.519s] Level 1:colcon.colcon_core.environment:create_file_with_runtime_dependencies(/home/einstein/Desktop/slambot_ros2/install/slambot_controllers/share/colcon-core/packages/slambot_controllers)
[25.538s] Level 1:colcon.colcon_core.environment:create_environment_scripts_only(slambot_controllers)
[25.539s] Level 1:colcon.colcon_core.environment:checking '/home/einstein/Desktop/slambot_ros2/install/slambot_controllers' for CMake module files
[25.539s] Level 1:colcon.colcon_core.environment:checking '/home/einstein/Desktop/slambot_ros2/install/slambot_controllers' for CMake config files
[25.540s] Level 1:colcon.colcon_core.shell:create_environment_hook('slambot_controllers', 'cmake_prefix_path')
[25.540s] INFO:colcon.colcon_core.shell:Creating environment hook '/home/einstein/Desktop/slambot_ros2/install/slambot_controllers/share/slambot_controllers/hook/cmake_prefix_path.ps1'
[25.540s] INFO:colcon.colcon_core.shell:Creating environment descriptor '/home/einstein/Desktop/slambot_ros2/install/slambot_controllers/share/slambot_controllers/hook/cmake_prefix_path.dsv'
[25.541s] INFO:colcon.colcon_core.shell:Creating environment hook '/home/einstein/Desktop/slambot_ros2/install/slambot_controllers/share/slambot_controllers/hook/cmake_prefix_path.sh'
[25.541s] Level 1:colcon.colcon_core.environment:checking '/home/einstein/Desktop/slambot_ros2/install/slambot_controllers/lib'
[25.541s] Level 1:colcon.colcon_core.environment:checking '/home/einstein/Desktop/slambot_ros2/install/slambot_controllers/bin'
[25.541s] Level 1:colcon.colcon_core.environment:checking '/home/einstein/Desktop/slambot_ros2/install/slambot_controllers/lib/pkgconfig/slambot_controllers.pc'
[25.542s] Level 1:colcon.colcon_core.environment:checking '/home/einstein/Desktop/slambot_ros2/install/slambot_controllers/lib/python3.10/site-packages'
[25.542s] Level 1:colcon.colcon_core.environment:checking '/home/einstein/Desktop/slambot_ros2/install/slambot_controllers/bin'
[25.542s] INFO:colcon.colcon_core.shell:Creating package script '/home/einstein/Desktop/slambot_ros2/install/slambot_controllers/share/slambot_controllers/package.ps1'
[25.543s] INFO:colcon.colcon_core.shell:Creating package descriptor '/home/einstein/Desktop/slambot_ros2/install/slambot_controllers/share/slambot_controllers/package.dsv'
[25.543s] INFO:colcon.colcon_core.shell:Creating package script '/home/einstein/Desktop/slambot_ros2/install/slambot_controllers/share/slambot_controllers/package.sh'
[25.543s] INFO:colcon.colcon_core.shell:Creating package script '/home/einstein/Desktop/slambot_ros2/install/slambot_controllers/share/slambot_controllers/package.bash'
[25.544s] INFO:colcon.colcon_core.shell:Creating package script '/home/einstein/Desktop/slambot_ros2/install/slambot_controllers/share/slambot_controllers/package.zsh'
[25.544s] Level 1:colcon.colcon_core.environment:create_file_with_runtime_dependencies(/home/einstein/Desktop/slambot_ros2/install/slambot_controllers/share/colcon-core/packages/slambot_controllers)
[25.544s] DEBUG:colcon.colcon_parallel_executor.executor.parallel:closing loop
[25.544s] DEBUG:colcon.colcon_parallel_executor.executor.parallel:loop closed
[25.544s] DEBUG:colcon.colcon_parallel_executor.executor.parallel:run_until_complete finished with '0'
[25.544s] DEBUG:colcon.colcon_core.event_reactor:joining thread
[25.558s] INFO:colcon.colcon_core.plugin_system:Skipping extension 'colcon_notification.desktop_notification.terminal_notifier': Not used on non-Darwin systems
[25.558s] INFO:colcon.colcon_core.plugin_system:Skipping extension 'colcon_notification.desktop_notification.win32': Not used on non-Windows systems
[25.558s] INFO:colcon.colcon_notification.desktop_notification:Sending desktop notification using 'notify2'
[25.571s] DEBUG:colcon.colcon_core.event_reactor:joined thread
[25.571s] INFO:colcon.colcon_core.shell:Creating prefix script '/home/einstein/Desktop/slambot_ros2/install/local_setup.ps1'
[25.580s] INFO:colcon.colcon_core.shell:Creating prefix util module '/home/einstein/Desktop/slambot_ros2/install/_local_setup_util_ps1.py'
[25.582s] INFO:colcon.colcon_core.shell:Creating prefix chain script '/home/einstein/Desktop/slambot_ros2/install/setup.ps1'
[25.594s] INFO:colcon.colcon_core.shell:Creating prefix script '/home/einstein/Desktop/slambot_ros2/install/local_setup.sh'
[25.605s] INFO:colcon.colcon_core.shell:Creating prefix util module '/home/einstein/Desktop/slambot_ros2/install/_local_setup_util_sh.py'
[25.605s] INFO:colcon.colcon_core.shell:Creating prefix chain script '/home/einstein/Desktop/slambot_ros2/install/setup.sh'
[25.617s] INFO:colcon.colcon_core.shell:Creating prefix script '/home/einstein/Desktop/slambot_ros2/install/local_setup.bash'
[25.628s] INFO:colcon.colcon_core.shell:Creating prefix chain script '/home/einstein/Desktop/slambot_ros2/install/setup.bash'
[25.641s] INFO:colcon.colcon_core.shell:Creating prefix script '/home/einstein/Desktop/slambot_ros2/install/local_setup.zsh'
[25.653s] INFO:colcon.colcon_core.shell:Creating prefix chain script '/home/einstein/Desktop/slambot_ros2/install/setup.zsh'
