-- Install configuration: ""
-- Up-to-date: /home/einstein/Desktop/slambot_ros2/install/slambot_description/share/slambot_description/urdf
-- Up-to-date: /home/einstein/Desktop/slambot_ros2/install/slambot_description/share/slambot_description/urdf/bot.urdf.xacro
-- Up-to-date: /home/einstein/Desktop/slambot_ros2/install/slambot_description/share/slambot_description/urdf/gazebo_control.xacro
-- Up-to-date: /home/einstein/Desktop/slambot_ros2/install/slambot_description/share/slambot_description/urdf/lidar.xacro
-- Up-to-date: /home/einstein/Desktop/slambot_ros2/install/slambot_description/share/slambot_description/urdf/ros2_control.xacro
-- Up-to-date: /home/einstein/Desktop/slambot_ros2/install/slambot_description/share/slambot_description/urdf/inertial_macros.xacro
-- Up-to-date: /home/einstein/Desktop/slambot_ros2/install/slambot_description/share/slambot_description/launch
-- Up-to-date: /home/einstein/Desktop/slambot_ros2/install/slambot_description/share/slambot_description/launch/robot_description.launch.py
-- Up-to-date: /home/einstein/Desktop/slambot_ros2/install/slambot_description/share/slambot_description/launch/sim.launch.py
-- Up-to-date: /home/einstein/Desktop/slambot_ros2/install/slambot_description/share/ament_index/resource_index/package_run_dependencies/slambot_description
-- Up-to-date: /home/einstein/Desktop/slambot_ros2/install/slambot_description/share/ament_index/resource_index/parent_prefix_path/slambot_description
-- Up-to-date: /home/einstein/Desktop/slambot_ros2/install/slambot_description/share/slambot_description/environment/ament_prefix_path.sh
-- Up-to-date: /home/einstein/Desktop/slambot_ros2/install/slambot_description/share/slambot_description/environment/ament_prefix_path.dsv
-- Up-to-date: /home/einstein/Desktop/slambot_ros2/install/slambot_description/share/slambot_description/environment/path.sh
-- Up-to-date: /home/einstein/Desktop/slambot_ros2/install/slambot_description/share/slambot_description/environment/path.dsv
-- Up-to-date: /home/einstein/Desktop/slambot_ros2/install/slambot_description/share/slambot_description/local_setup.bash
-- Up-to-date: /home/einstein/Desktop/slambot_ros2/install/slambot_description/share/slambot_description/local_setup.sh
-- Up-to-date: /home/einstein/Desktop/slambot_ros2/install/slambot_description/share/slambot_description/local_setup.zsh
-- Up-to-date: /home/einstein/Desktop/slambot_ros2/install/slambot_description/share/slambot_description/local_setup.dsv
-- Installing: /home/einstein/Desktop/slambot_ros2/install/slambot_description/share/slambot_description/package.dsv
-- Up-to-date: /home/einstein/Desktop/slambot_ros2/install/slambot_description/share/ament_index/resource_index/packages/slambot_description
-- Up-to-date: /home/einstein/Desktop/slambot_ros2/install/slambot_description/share/slambot_description/cmake/slambot_descriptionConfig.cmake
-- Up-to-date: /home/einstein/Desktop/slambot_ros2/install/slambot_description/share/slambot_description/cmake/slambot_descriptionConfig-version.cmake
-- Up-to-date: /home/einstein/Desktop/slambot_ros2/install/slambot_description/share/slambot_description/package.xml
