[0.431s] DEBUG:colcon:Command line arguments: ['/usr/bin/colcon', 'build']
[0.431s] DEBUG:colcon:Parsed command line arguments: Namespace(log_base=None, log_level=None, verb_name='build', build_base='build', install_base='install', merge_install=False, symlink_install=False, test_result_base=None, continue_on_error=False, executor='parallel', parallel_workers=8, event_handlers=None, ignore_user_meta=False, metas=['./colcon.meta'], base_paths=['.'], packages_ignore=None, packages_ignore_regex=None, paths=None, packages_up_to=None, packages_up_to_regex=None, packages_above=None, packages_above_and_dependencies=None, packages_above_depth=None, packages_select_by_dep=None, packages_skip_by_dep=None, packages_skip_up_to=None, packages_select_build_failed=False, packages_skip_build_finished=False, packages_select_test_failures=False, packages_skip_test_passed=False, packages_select=None, packages_skip=None, packages_select_regex=None, packages_skip_regex=None, packages_start=None, packages_end=None, allow_overriding=[], cmake_args=None, cmake_target=None, cmake_target_skip_unavailable=False, cmake_clean_cache=False, cmake_clean_first=False, cmake_force_configure=False, ament_cmake_args=None, catkin_cmake_args=None, catkin_skip_building_tests=False, verb_parser=<colcon_defaults.argument_parser.defaults.DefaultArgumentsDecorator object at 0x7c3bcd9f4820>, verb_extension=<colcon_core.verb.build.BuildVerb object at 0x7c3bcd9f42b0>, main=<bound method BuildVerb.main of <colcon_core.verb.build.BuildVerb object at 0x7c3bcd9f42b0>>)
[0.532s] Level 1:colcon.colcon_core.package_discovery:discover_packages(colcon_meta) check parameters
[0.532s] Level 1:colcon.colcon_core.package_discovery:discover_packages(recursive) check parameters
[0.532s] Level 1:colcon.colcon_core.package_discovery:discover_packages(ignore) check parameters
[0.532s] Level 1:colcon.colcon_core.package_discovery:discover_packages(path) check parameters
[0.533s] Level 1:colcon.colcon_core.package_discovery:discover_packages(colcon_meta) discover
[0.533s] Level 1:colcon.colcon_core.package_discovery:discover_packages(recursive) discover
[0.533s] INFO:colcon.colcon_core.package_discovery:Crawling recursively for packages in '/home/einstein/Desktop/slambot_ros2'
[0.533s] Level 1:colcon.colcon_core.package_identification:_identify(.) by extensions ['ignore', 'ignore_ament_install']
[0.533s] Level 1:colcon.colcon_core.package_identification:_identify(.) by extension 'ignore'
[0.533s] Level 1:colcon.colcon_core.package_identification:_identify(.) by extension 'ignore_ament_install'
[0.533s] Level 1:colcon.colcon_core.package_identification:_identify(.) by extensions ['colcon_pkg']
[0.533s] Level 1:colcon.colcon_core.package_identification:_identify(.) by extension 'colcon_pkg'
[0.533s] Level 1:colcon.colcon_core.package_identification:_identify(.) by extensions ['colcon_meta']
[0.533s] Level 1:colcon.colcon_core.package_identification:_identify(.) by extension 'colcon_meta'
[0.533s] Level 1:colcon.colcon_core.package_identification:_identify(.) by extensions ['ros']
[0.533s] Level 1:colcon.colcon_core.package_identification:_identify(.) by extension 'ros'
[0.610s] Level 1:colcon.colcon_core.package_identification:_identify(.) by extensions ['cmake', 'python']
[0.610s] Level 1:colcon.colcon_core.package_identification:_identify(.) by extension 'cmake'
[0.610s] Level 1:colcon.colcon_core.package_identification:_identify(.) by extension 'python'
[0.610s] Level 1:colcon.colcon_core.package_identification:_identify(.) by extensions ['python_setup_py']
[0.610s] Level 1:colcon.colcon_core.package_identification:_identify(.) by extension 'python_setup_py'
[0.610s] Level 1:colcon.colcon_core.package_identification:_identify(build) by extensions ['ignore', 'ignore_ament_install']
[0.610s] Level 1:colcon.colcon_core.package_identification:_identify(build) by extension 'ignore'
[0.610s] Level 1:colcon.colcon_core.package_identification:_identify(build) ignored
[0.610s] Level 1:colcon.colcon_core.package_identification:_identify(install) by extensions ['ignore', 'ignore_ament_install']
[0.611s] Level 1:colcon.colcon_core.package_identification:_identify(install) by extension 'ignore'
[0.611s] Level 1:colcon.colcon_core.package_identification:_identify(install) ignored
[0.611s] Level 1:colcon.colcon_core.package_identification:_identify(log) by extensions ['ignore', 'ignore_ament_install']
[0.611s] Level 1:colcon.colcon_core.package_identification:_identify(log) by extension 'ignore'
[0.611s] Level 1:colcon.colcon_core.package_identification:_identify(log) ignored
[0.611s] Level 1:colcon.colcon_core.package_identification:_identify(src) by extensions ['ignore', 'ignore_ament_install']
[0.611s] Level 1:colcon.colcon_core.package_identification:_identify(src) by extension 'ignore'
[0.611s] Level 1:colcon.colcon_core.package_identification:_identify(src) by extension 'ignore_ament_install'
[0.611s] Level 1:colcon.colcon_core.package_identification:_identify(src) by extensions ['colcon_pkg']
[0.611s] Level 1:colcon.colcon_core.package_identification:_identify(src) by extension 'colcon_pkg'
[0.611s] Level 1:colcon.colcon_core.package_identification:_identify(src) by extensions ['colcon_meta']
[0.611s] Level 1:colcon.colcon_core.package_identification:_identify(src) by extension 'colcon_meta'
[0.611s] Level 1:colcon.colcon_core.package_identification:_identify(src) by extensions ['ros']
[0.611s] Level 1:colcon.colcon_core.package_identification:_identify(src) by extension 'ros'
[0.611s] Level 1:colcon.colcon_core.package_identification:_identify(src) by extensions ['cmake', 'python']
[0.611s] Level 1:colcon.colcon_core.package_identification:_identify(src) by extension 'cmake'
[0.611s] Level 1:colcon.colcon_core.package_identification:_identify(src) by extension 'python'
[0.611s] Level 1:colcon.colcon_core.package_identification:_identify(src) by extensions ['python_setup_py']
[0.611s] Level 1:colcon.colcon_core.package_identification:_identify(src) by extension 'python_setup_py'
[0.611s] Level 1:colcon.colcon_core.package_identification:_identify(src/slambot_bringup) by extensions ['ignore', 'ignore_ament_install']
[0.611s] Level 1:colcon.colcon_core.package_identification:_identify(src/slambot_bringup) by extension 'ignore'
[0.611s] Level 1:colcon.colcon_core.package_identification:_identify(src/slambot_bringup) by extension 'ignore_ament_install'
[0.611s] Level 1:colcon.colcon_core.package_identification:_identify(src/slambot_bringup) by extensions ['colcon_pkg']
[0.612s] Level 1:colcon.colcon_core.package_identification:_identify(src/slambot_bringup) by extension 'colcon_pkg'
[0.612s] Level 1:colcon.colcon_core.package_identification:_identify(src/slambot_bringup) by extensions ['colcon_meta']
[0.612s] Level 1:colcon.colcon_core.package_identification:_identify(src/slambot_bringup) by extension 'colcon_meta'
[0.612s] Level 1:colcon.colcon_core.package_identification:_identify(src/slambot_bringup) by extensions ['ros']
[0.612s] Level 1:colcon.colcon_core.package_identification:_identify(src/slambot_bringup) by extension 'ros'
[0.613s] DEBUG:colcon.colcon_core.package_identification:Package 'src/slambot_bringup' with type 'ros.ament_cmake' and name 'slambot_bringup'
[0.614s] Level 1:colcon.colcon_core.package_identification:_identify(src/slambot_controllers) by extensions ['ignore', 'ignore_ament_install']
[0.614s] Level 1:colcon.colcon_core.package_identification:_identify(src/slambot_controllers) by extension 'ignore'
[0.614s] Level 1:colcon.colcon_core.package_identification:_identify(src/slambot_controllers) by extension 'ignore_ament_install'
[0.614s] Level 1:colcon.colcon_core.package_identification:_identify(src/slambot_controllers) by extensions ['colcon_pkg']
[0.614s] Level 1:colcon.colcon_core.package_identification:_identify(src/slambot_controllers) by extension 'colcon_pkg'
[0.614s] Level 1:colcon.colcon_core.package_identification:_identify(src/slambot_controllers) by extensions ['colcon_meta']
[0.614s] Level 1:colcon.colcon_core.package_identification:_identify(src/slambot_controllers) by extension 'colcon_meta'
[0.614s] Level 1:colcon.colcon_core.package_identification:_identify(src/slambot_controllers) by extensions ['ros']
[0.614s] Level 1:colcon.colcon_core.package_identification:_identify(src/slambot_controllers) by extension 'ros'
[0.615s] DEBUG:colcon.colcon_core.package_identification:Package 'src/slambot_controllers' with type 'ros.ament_cmake' and name 'slambot_controllers'
[0.615s] Level 1:colcon.colcon_core.package_identification:_identify(src/slambot_description) by extensions ['ignore', 'ignore_ament_install']
[0.615s] Level 1:colcon.colcon_core.package_identification:_identify(src/slambot_description) by extension 'ignore'
[0.615s] Level 1:colcon.colcon_core.package_identification:_identify(src/slambot_description) by extension 'ignore_ament_install'
[0.615s] Level 1:colcon.colcon_core.package_identification:_identify(src/slambot_description) by extensions ['colcon_pkg']
[0.615s] Level 1:colcon.colcon_core.package_identification:_identify(src/slambot_description) by extension 'colcon_pkg'
[0.615s] Level 1:colcon.colcon_core.package_identification:_identify(src/slambot_description) by extensions ['colcon_meta']
[0.615s] Level 1:colcon.colcon_core.package_identification:_identify(src/slambot_description) by extension 'colcon_meta'
[0.615s] Level 1:colcon.colcon_core.package_identification:_identify(src/slambot_description) by extensions ['ros']
[0.615s] Level 1:colcon.colcon_core.package_identification:_identify(src/slambot_description) by extension 'ros'
[0.616s] DEBUG:colcon.colcon_core.package_identification:Package 'src/slambot_description' with type 'ros.ament_cmake' and name 'slambot_description'
[0.616s] Level 1:colcon.colcon_core.package_identification:_identify(src/slambot_firmware) by extensions ['ignore', 'ignore_ament_install']
[0.616s] Level 1:colcon.colcon_core.package_identification:_identify(src/slambot_firmware) by extension 'ignore'
[0.616s] Level 1:colcon.colcon_core.package_identification:_identify(src/slambot_firmware) by extension 'ignore_ament_install'
[0.616s] Level 1:colcon.colcon_core.package_identification:_identify(src/slambot_firmware) by extensions ['colcon_pkg']
[0.616s] Level 1:colcon.colcon_core.package_identification:_identify(src/slambot_firmware) by extension 'colcon_pkg'
[0.616s] Level 1:colcon.colcon_core.package_identification:_identify(src/slambot_firmware) by extensions ['colcon_meta']
[0.616s] Level 1:colcon.colcon_core.package_identification:_identify(src/slambot_firmware) by extension 'colcon_meta'
[0.616s] Level 1:colcon.colcon_core.package_identification:_identify(src/slambot_firmware) by extensions ['ros']
[0.616s] Level 1:colcon.colcon_core.package_identification:_identify(src/slambot_firmware) by extension 'ros'
[0.616s] DEBUG:colcon.colcon_core.package_identification:Package 'src/slambot_firmware' with type 'ros.ament_cmake' and name 'slambot_firmware'
[0.616s] Level 1:colcon.colcon_core.package_discovery:discover_packages(recursive) using defaults
[0.617s] Level 1:colcon.colcon_core.package_discovery:discover_packages(ignore) discover
[0.617s] Level 1:colcon.colcon_core.package_discovery:discover_packages(ignore) using defaults
[0.617s] Level 1:colcon.colcon_core.package_discovery:discover_packages(path) discover
[0.617s] Level 1:colcon.colcon_core.package_discovery:discover_packages(path) using defaults
[0.658s] Level 1:colcon.colcon_core.package_discovery:discover_packages(prefix_path) check parameters
[0.658s] Level 1:colcon.colcon_core.package_discovery:discover_packages(prefix_path) discover
[0.660s] DEBUG:colcon.colcon_installed_package_information.package_discovery:Found 4 installed packages in /home/einstein/Desktop/slambot_ros2/install
[0.660s] DEBUG:colcon.colcon_installed_package_information.package_discovery:Found 1 installed packages in /home/einstein/Documents/gamepad_ws/install
[0.660s] DEBUG:colcon.colcon_installed_package_information.package_discovery:Found 2 installed packages in /home/einstein/Documents/SLAM_WS/install
[0.661s] DEBUG:colcon.colcon_installed_package_information.package_discovery:Found 3 installed packages in /home/einstein/Documents/serial_ws/install
[0.662s] DEBUG:colcon.colcon_installed_package_information.package_discovery:Found 387 installed packages in /opt/ros/humble
[0.664s] Level 1:colcon.colcon_core.package_discovery:discover_packages(prefix_path) using defaults
[0.744s] Level 5:colcon.colcon_core.verb:set package 'slambot_controllers' build argument 'cmake_args' from command line to 'None'
[0.744s] Level 5:colcon.colcon_core.verb:set package 'slambot_controllers' build argument 'cmake_target' from command line to 'None'
[0.744s] Level 5:colcon.colcon_core.verb:set package 'slambot_controllers' build argument 'cmake_target_skip_unavailable' from command line to 'False'
[0.744s] Level 5:colcon.colcon_core.verb:set package 'slambot_controllers' build argument 'cmake_clean_cache' from command line to 'False'
[0.744s] Level 5:colcon.colcon_core.verb:set package 'slambot_controllers' build argument 'cmake_clean_first' from command line to 'False'
[0.744s] Level 5:colcon.colcon_core.verb:set package 'slambot_controllers' build argument 'cmake_force_configure' from command line to 'False'
[0.744s] Level 5:colcon.colcon_core.verb:set package 'slambot_controllers' build argument 'ament_cmake_args' from command line to 'None'
[0.744s] Level 5:colcon.colcon_core.verb:set package 'slambot_controllers' build argument 'catkin_cmake_args' from command line to 'None'
[0.744s] Level 5:colcon.colcon_core.verb:set package 'slambot_controllers' build argument 'catkin_skip_building_tests' from command line to 'False'
[0.744s] DEBUG:colcon.colcon_core.verb:Building package 'slambot_controllers' with the following arguments: {'ament_cmake_args': None, 'build_base': '/home/einstein/Desktop/slambot_ros2/build/slambot_controllers', 'catkin_cmake_args': None, 'catkin_skip_building_tests': False, 'cmake_args': None, 'cmake_clean_cache': False, 'cmake_clean_first': False, 'cmake_force_configure': False, 'cmake_target': None, 'cmake_target_skip_unavailable': False, 'install_base': '/home/einstein/Desktop/slambot_ros2/install/slambot_controllers', 'merge_install': False, 'path': '/home/einstein/Desktop/slambot_ros2/src/slambot_controllers', 'symlink_install': False, 'test_result_base': None}
[0.745s] Level 5:colcon.colcon_core.verb:set package 'slambot_description' build argument 'cmake_args' from command line to 'None'
[0.745s] Level 5:colcon.colcon_core.verb:set package 'slambot_description' build argument 'cmake_target' from command line to 'None'
[0.745s] Level 5:colcon.colcon_core.verb:set package 'slambot_description' build argument 'cmake_target_skip_unavailable' from command line to 'False'
[0.745s] Level 5:colcon.colcon_core.verb:set package 'slambot_description' build argument 'cmake_clean_cache' from command line to 'False'
[0.745s] Level 5:colcon.colcon_core.verb:set package 'slambot_description' build argument 'cmake_clean_first' from command line to 'False'
[0.745s] Level 5:colcon.colcon_core.verb:set package 'slambot_description' build argument 'cmake_force_configure' from command line to 'False'
[0.745s] Level 5:colcon.colcon_core.verb:set package 'slambot_description' build argument 'ament_cmake_args' from command line to 'None'
[0.745s] Level 5:colcon.colcon_core.verb:set package 'slambot_description' build argument 'catkin_cmake_args' from command line to 'None'
[0.745s] Level 5:colcon.colcon_core.verb:set package 'slambot_description' build argument 'catkin_skip_building_tests' from command line to 'False'
[0.745s] DEBUG:colcon.colcon_core.verb:Building package 'slambot_description' with the following arguments: {'ament_cmake_args': None, 'build_base': '/home/einstein/Desktop/slambot_ros2/build/slambot_description', 'catkin_cmake_args': None, 'catkin_skip_building_tests': False, 'cmake_args': None, 'cmake_clean_cache': False, 'cmake_clean_first': False, 'cmake_force_configure': False, 'cmake_target': None, 'cmake_target_skip_unavailable': False, 'install_base': '/home/einstein/Desktop/slambot_ros2/install/slambot_description', 'merge_install': False, 'path': '/home/einstein/Desktop/slambot_ros2/src/slambot_description', 'symlink_install': False, 'test_result_base': None}
[0.745s] Level 5:colcon.colcon_core.verb:set package 'slambot_firmware' build argument 'cmake_args' from command line to 'None'
[0.745s] Level 5:colcon.colcon_core.verb:set package 'slambot_firmware' build argument 'cmake_target' from command line to 'None'
[0.745s] Level 5:colcon.colcon_core.verb:set package 'slambot_firmware' build argument 'cmake_target_skip_unavailable' from command line to 'False'
[0.745s] Level 5:colcon.colcon_core.verb:set package 'slambot_firmware' build argument 'cmake_clean_cache' from command line to 'False'
[0.745s] Level 5:colcon.colcon_core.verb:set package 'slambot_firmware' build argument 'cmake_clean_first' from command line to 'False'
[0.745s] Level 5:colcon.colcon_core.verb:set package 'slambot_firmware' build argument 'cmake_force_configure' from command line to 'False'
[0.745s] Level 5:colcon.colcon_core.verb:set package 'slambot_firmware' build argument 'ament_cmake_args' from command line to 'None'
[0.745s] Level 5:colcon.colcon_core.verb:set package 'slambot_firmware' build argument 'catkin_cmake_args' from command line to 'None'
[0.745s] Level 5:colcon.colcon_core.verb:set package 'slambot_firmware' build argument 'catkin_skip_building_tests' from command line to 'False'
[0.745s] DEBUG:colcon.colcon_core.verb:Building package 'slambot_firmware' with the following arguments: {'ament_cmake_args': None, 'build_base': '/home/einstein/Desktop/slambot_ros2/build/slambot_firmware', 'catkin_cmake_args': None, 'catkin_skip_building_tests': False, 'cmake_args': None, 'cmake_clean_cache': False, 'cmake_clean_first': False, 'cmake_force_configure': False, 'cmake_target': None, 'cmake_target_skip_unavailable': False, 'install_base': '/home/einstein/Desktop/slambot_ros2/install/slambot_firmware', 'merge_install': False, 'path': '/home/einstein/Desktop/slambot_ros2/src/slambot_firmware', 'symlink_install': False, 'test_result_base': None}
[0.745s] Level 5:colcon.colcon_core.verb:set package 'slambot_bringup' build argument 'cmake_args' from command line to 'None'
[0.745s] Level 5:colcon.colcon_core.verb:set package 'slambot_bringup' build argument 'cmake_target' from command line to 'None'
[0.745s] Level 5:colcon.colcon_core.verb:set package 'slambot_bringup' build argument 'cmake_target_skip_unavailable' from command line to 'False'
[0.745s] Level 5:colcon.colcon_core.verb:set package 'slambot_bringup' build argument 'cmake_clean_cache' from command line to 'False'
[0.745s] Level 5:colcon.colcon_core.verb:set package 'slambot_bringup' build argument 'cmake_clean_first' from command line to 'False'
[0.745s] Level 5:colcon.colcon_core.verb:set package 'slambot_bringup' build argument 'cmake_force_configure' from command line to 'False'
[0.745s] Level 5:colcon.colcon_core.verb:set package 'slambot_bringup' build argument 'ament_cmake_args' from command line to 'None'
[0.745s] Level 5:colcon.colcon_core.verb:set package 'slambot_bringup' build argument 'catkin_cmake_args' from command line to 'None'
[0.745s] Level 5:colcon.colcon_core.verb:set package 'slambot_bringup' build argument 'catkin_skip_building_tests' from command line to 'False'
[0.746s] DEBUG:colcon.colcon_core.verb:Building package 'slambot_bringup' with the following arguments: {'ament_cmake_args': None, 'build_base': '/home/einstein/Desktop/slambot_ros2/build/slambot_bringup', 'catkin_cmake_args': None, 'catkin_skip_building_tests': False, 'cmake_args': None, 'cmake_clean_cache': False, 'cmake_clean_first': False, 'cmake_force_configure': False, 'cmake_target': None, 'cmake_target_skip_unavailable': False, 'install_base': '/home/einstein/Desktop/slambot_ros2/install/slambot_bringup', 'merge_install': False, 'path': '/home/einstein/Desktop/slambot_ros2/src/slambot_bringup', 'symlink_install': False, 'test_result_base': None}
[0.746s] INFO:colcon.colcon_core.executor:Executing jobs using 'parallel' executor
[0.746s] DEBUG:colcon.colcon_parallel_executor.executor.parallel:run_until_complete
[0.746s] INFO:colcon.colcon_ros.task.ament_cmake.build:Building ROS package in '/home/einstein/Desktop/slambot_ros2/src/slambot_description' with build type 'ament_cmake'
[0.747s] INFO:colcon.colcon_cmake.task.cmake.build:Building CMake package in '/home/einstein/Desktop/slambot_ros2/src/slambot_description'
[0.748s] INFO:colcon.colcon_core.plugin_system:Skipping extension 'colcon_core.shell.bat': Not used on non-Windows systems
[0.748s] INFO:colcon.colcon_core.shell:Skip shell extension 'powershell' for command environment: Not usable outside of PowerShell
[0.748s] DEBUG:colcon.colcon_core.shell:Skip shell extension 'dsv' for command environment
[0.752s] INFO:colcon.colcon_ros.task.ament_cmake.build:Building ROS package in '/home/einstein/Desktop/slambot_ros2/src/slambot_firmware' with build type 'ament_cmake'
[0.752s] INFO:colcon.colcon_cmake.task.cmake.build:Building CMake package in '/home/einstein/Desktop/slambot_ros2/src/slambot_firmware'
[0.752s] INFO:colcon.colcon_core.shell:Skip shell extension 'powershell' for command environment: Not usable outside of PowerShell
[0.752s] DEBUG:colcon.colcon_core.shell:Skip shell extension 'dsv' for command environment
[0.755s] INFO:colcon.colcon_ros.task.ament_cmake.build:Building ROS package in '/home/einstein/Desktop/slambot_ros2/src/slambot_controllers' with build type 'ament_cmake'
[0.755s] INFO:colcon.colcon_cmake.task.cmake.build:Building CMake package in '/home/einstein/Desktop/slambot_ros2/src/slambot_controllers'
[0.755s] INFO:colcon.colcon_core.shell:Skip shell extension 'powershell' for command environment: Not usable outside of PowerShell
[0.755s] DEBUG:colcon.colcon_core.shell:Skip shell extension 'dsv' for command environment
[0.764s] DEBUG:colcon.colcon_core.event_handler.log_command:Invoking command in '/home/einstein/Desktop/slambot_ros2/build/slambot_description': CMAKE_PREFIX_PATH=${CMAKE_PREFIX_PATH}:/opt/ros/humble /usr/bin/cmake --build /home/einstein/Desktop/slambot_ros2/build/slambot_description -- -j8 -l8
[0.768s] DEBUG:colcon.colcon_core.event_handler.log_command:Invoking command in '/home/einstein/Desktop/slambot_ros2/build/slambot_firmware': CMAKE_PREFIX_PATH=${CMAKE_PREFIX_PATH}:/opt/ros/humble /usr/bin/cmake --build /home/einstein/Desktop/slambot_ros2/build/slambot_firmware -- -j8 -l8
[0.771s] DEBUG:colcon.colcon_core.event_handler.log_command:Invoking command in '/home/einstein/Desktop/slambot_ros2/build/slambot_controllers': CMAKE_PREFIX_PATH=${CMAKE_PREFIX_PATH}:/opt/ros/humble /usr/bin/cmake --build /home/einstein/Desktop/slambot_ros2/build/slambot_controllers -- -j8 -l8
[0.794s] DEBUG:colcon.colcon_core.event_handler.log_command:Invoked command in '/home/einstein/Desktop/slambot_ros2/build/slambot_description' returned '0': CMAKE_PREFIX_PATH=${CMAKE_PREFIX_PATH}:/opt/ros/humble /usr/bin/cmake --build /home/einstein/Desktop/slambot_ros2/build/slambot_description -- -j8 -l8
[0.824s] DEBUG:colcon.colcon_core.event_handler.log_command:Invoking command in '/home/einstein/Desktop/slambot_ros2/build/slambot_description': CMAKE_PREFIX_PATH=${CMAKE_PREFIX_PATH}:/opt/ros/humble /usr/bin/cmake --install /home/einstein/Desktop/slambot_ros2/build/slambot_description
[0.832s] Level 1:colcon.colcon_core.environment:create_environment_scripts_only(slambot_description)
[0.833s] DEBUG:colcon.colcon_core.event_handler.log_command:Invoked command in '/home/einstein/Desktop/slambot_ros2/build/slambot_description' returned '0': CMAKE_PREFIX_PATH=${CMAKE_PREFIX_PATH}:/opt/ros/humble /usr/bin/cmake --install /home/einstein/Desktop/slambot_ros2/build/slambot_description
[0.834s] Level 1:colcon.colcon_core.environment:checking '/home/einstein/Desktop/slambot_ros2/install/slambot_description' for CMake module files
[0.835s] Level 1:colcon.colcon_core.environment:checking '/home/einstein/Desktop/slambot_ros2/install/slambot_description' for CMake config files
[0.835s] Level 1:colcon.colcon_core.shell:create_environment_hook('slambot_description', 'cmake_prefix_path')
[0.835s] INFO:colcon.colcon_core.shell:Creating environment hook '/home/einstein/Desktop/slambot_ros2/install/slambot_description/share/slambot_description/hook/cmake_prefix_path.ps1'
[0.836s] INFO:colcon.colcon_core.shell:Creating environment descriptor '/home/einstein/Desktop/slambot_ros2/install/slambot_description/share/slambot_description/hook/cmake_prefix_path.dsv'
[0.836s] INFO:colcon.colcon_core.shell:Creating environment hook '/home/einstein/Desktop/slambot_ros2/install/slambot_description/share/slambot_description/hook/cmake_prefix_path.sh'
[0.837s] Level 1:colcon.colcon_core.environment:checking '/home/einstein/Desktop/slambot_ros2/install/slambot_description/bin'
[0.837s] Level 1:colcon.colcon_core.environment:checking '/home/einstein/Desktop/slambot_ros2/install/slambot_description/lib/pkgconfig/slambot_description.pc'
[0.837s] Level 1:colcon.colcon_core.environment:checking '/home/einstein/Desktop/slambot_ros2/install/slambot_description/lib/python3.10/site-packages'
[0.837s] Level 1:colcon.colcon_core.environment:checking '/home/einstein/Desktop/slambot_ros2/install/slambot_description/bin'
[0.837s] INFO:colcon.colcon_core.shell:Creating package script '/home/einstein/Desktop/slambot_ros2/install/slambot_description/share/slambot_description/package.ps1'
[0.838s] INFO:colcon.colcon_core.shell:Creating package descriptor '/home/einstein/Desktop/slambot_ros2/install/slambot_description/share/slambot_description/package.dsv'
[0.838s] INFO:colcon.colcon_core.shell:Creating package script '/home/einstein/Desktop/slambot_ros2/install/slambot_description/share/slambot_description/package.sh'
[0.839s] INFO:colcon.colcon_core.shell:Creating package script '/home/einstein/Desktop/slambot_ros2/install/slambot_description/share/slambot_description/package.bash'
[0.839s] INFO:colcon.colcon_core.shell:Creating package script '/home/einstein/Desktop/slambot_ros2/install/slambot_description/share/slambot_description/package.zsh'
[0.842s] Level 1:colcon.colcon_core.environment:create_file_with_runtime_dependencies(/home/einstein/Desktop/slambot_ros2/install/slambot_description/share/colcon-core/packages/slambot_description)
[0.857s] Level 1:colcon.colcon_core.environment:create_environment_scripts_only(slambot_description)
[0.857s] Level 1:colcon.colcon_core.environment:checking '/home/einstein/Desktop/slambot_ros2/install/slambot_description' for CMake module files
[0.858s] Level 1:colcon.colcon_core.environment:checking '/home/einstein/Desktop/slambot_ros2/install/slambot_description' for CMake config files
[0.858s] Level 1:colcon.colcon_core.shell:create_environment_hook('slambot_description', 'cmake_prefix_path')
[0.858s] INFO:colcon.colcon_core.shell:Creating environment hook '/home/einstein/Desktop/slambot_ros2/install/slambot_description/share/slambot_description/hook/cmake_prefix_path.ps1'
[0.858s] INFO:colcon.colcon_core.shell:Creating environment descriptor '/home/einstein/Desktop/slambot_ros2/install/slambot_description/share/slambot_description/hook/cmake_prefix_path.dsv'
[0.859s] INFO:colcon.colcon_core.shell:Creating environment hook '/home/einstein/Desktop/slambot_ros2/install/slambot_description/share/slambot_description/hook/cmake_prefix_path.sh'
[0.859s] Level 1:colcon.colcon_core.environment:checking '/home/einstein/Desktop/slambot_ros2/install/slambot_description/bin'
[0.859s] Level 1:colcon.colcon_core.environment:checking '/home/einstein/Desktop/slambot_ros2/install/slambot_description/lib/pkgconfig/slambot_description.pc'
[0.860s] Level 1:colcon.colcon_core.environment:checking '/home/einstein/Desktop/slambot_ros2/install/slambot_description/lib/python3.10/site-packages'
[0.860s] Level 1:colcon.colcon_core.environment:checking '/home/einstein/Desktop/slambot_ros2/install/slambot_description/bin'
[0.860s] INFO:colcon.colcon_core.shell:Creating package script '/home/einstein/Desktop/slambot_ros2/install/slambot_description/share/slambot_description/package.ps1'
[0.861s] INFO:colcon.colcon_core.shell:Creating package descriptor '/home/einstein/Desktop/slambot_ros2/install/slambot_description/share/slambot_description/package.dsv'
[0.861s] INFO:colcon.colcon_core.shell:Creating package script '/home/einstein/Desktop/slambot_ros2/install/slambot_description/share/slambot_description/package.sh'
[0.861s] INFO:colcon.colcon_core.shell:Creating package script '/home/einstein/Desktop/slambot_ros2/install/slambot_description/share/slambot_description/package.bash'
[0.862s] INFO:colcon.colcon_core.shell:Creating package script '/home/einstein/Desktop/slambot_ros2/install/slambot_description/share/slambot_description/package.zsh'
[0.862s] Level 1:colcon.colcon_core.environment:create_file_with_runtime_dependencies(/home/einstein/Desktop/slambot_ros2/install/slambot_description/share/colcon-core/packages/slambot_description)
[1.029s] DEBUG:colcon.colcon_core.event_handler.log_command:Invoked command in '/home/einstein/Desktop/slambot_ros2/build/slambot_controllers' returned '0': CMAKE_PREFIX_PATH=${CMAKE_PREFIX_PATH}:/opt/ros/humble /usr/bin/cmake --build /home/einstein/Desktop/slambot_ros2/build/slambot_controllers -- -j8 -l8
[1.031s] DEBUG:colcon.colcon_core.event_handler.log_command:Invoked command in '/home/einstein/Desktop/slambot_ros2/build/slambot_firmware' returned '0': CMAKE_PREFIX_PATH=${CMAKE_PREFIX_PATH}:/opt/ros/humble /usr/bin/cmake --build /home/einstein/Desktop/slambot_ros2/build/slambot_firmware -- -j8 -l8
[1.050s] DEBUG:colcon.colcon_core.event_handler.log_command:Invoking command in '/home/einstein/Desktop/slambot_ros2/build/slambot_firmware': CMAKE_PREFIX_PATH=${CMAKE_PREFIX_PATH}:/opt/ros/humble /usr/bin/cmake --install /home/einstein/Desktop/slambot_ros2/build/slambot_firmware
[1.052s] DEBUG:colcon.colcon_core.event_handler.log_command:Invoking command in '/home/einstein/Desktop/slambot_ros2/build/slambot_controllers': CMAKE_PREFIX_PATH=${CMAKE_PREFIX_PATH}:/opt/ros/humble /usr/bin/cmake --install /home/einstein/Desktop/slambot_ros2/build/slambot_controllers
[1.087s] Level 1:colcon.colcon_core.environment:create_environment_scripts_only(slambot_firmware)
[1.087s] Level 1:colcon.colcon_core.environment:checking '/home/einstein/Desktop/slambot_ros2/install/slambot_firmware' for CMake module files
[1.087s] DEBUG:colcon.colcon_core.event_handler.log_command:Invoked command in '/home/einstein/Desktop/slambot_ros2/build/slambot_firmware' returned '0': CMAKE_PREFIX_PATH=${CMAKE_PREFIX_PATH}:/opt/ros/humble /usr/bin/cmake --install /home/einstein/Desktop/slambot_ros2/build/slambot_firmware
[1.087s] Level 1:colcon.colcon_core.environment:checking '/home/einstein/Desktop/slambot_ros2/install/slambot_firmware' for CMake config files
[1.088s] Level 1:colcon.colcon_core.shell:create_environment_hook('slambot_firmware', 'cmake_prefix_path')
[1.088s] INFO:colcon.colcon_core.shell:Creating environment hook '/home/einstein/Desktop/slambot_ros2/install/slambot_firmware/share/slambot_firmware/hook/cmake_prefix_path.ps1'
[1.088s] INFO:colcon.colcon_core.shell:Creating environment descriptor '/home/einstein/Desktop/slambot_ros2/install/slambot_firmware/share/slambot_firmware/hook/cmake_prefix_path.dsv'
[1.088s] INFO:colcon.colcon_core.shell:Creating environment hook '/home/einstein/Desktop/slambot_ros2/install/slambot_firmware/share/slambot_firmware/hook/cmake_prefix_path.sh'
[1.089s] Level 1:colcon.colcon_core.environment:checking '/home/einstein/Desktop/slambot_ros2/install/slambot_firmware/lib'
[1.089s] Level 1:colcon.colcon_core.shell:create_environment_hook('slambot_firmware', 'ld_library_path_lib')
[1.089s] INFO:colcon.colcon_core.shell:Creating environment hook '/home/einstein/Desktop/slambot_ros2/install/slambot_firmware/share/slambot_firmware/hook/ld_library_path_lib.ps1'
[1.089s] INFO:colcon.colcon_core.shell:Creating environment descriptor '/home/einstein/Desktop/slambot_ros2/install/slambot_firmware/share/slambot_firmware/hook/ld_library_path_lib.dsv'
[1.089s] INFO:colcon.colcon_core.shell:Creating environment hook '/home/einstein/Desktop/slambot_ros2/install/slambot_firmware/share/slambot_firmware/hook/ld_library_path_lib.sh'
[1.090s] Level 1:colcon.colcon_core.environment:checking '/home/einstein/Desktop/slambot_ros2/install/slambot_firmware/bin'
[1.090s] Level 1:colcon.colcon_core.environment:checking '/home/einstein/Desktop/slambot_ros2/install/slambot_firmware/lib/pkgconfig/slambot_firmware.pc'
[1.090s] Level 1:colcon.colcon_core.environment:checking '/home/einstein/Desktop/slambot_ros2/install/slambot_firmware/lib/python3.10/site-packages'
[1.090s] Level 1:colcon.colcon_core.environment:checking '/home/einstein/Desktop/slambot_ros2/install/slambot_firmware/bin'
[1.090s] INFO:colcon.colcon_core.shell:Creating package script '/home/einstein/Desktop/slambot_ros2/install/slambot_firmware/share/slambot_firmware/package.ps1'
[1.090s] INFO:colcon.colcon_core.shell:Creating package descriptor '/home/einstein/Desktop/slambot_ros2/install/slambot_firmware/share/slambot_firmware/package.dsv'
[1.091s] INFO:colcon.colcon_core.shell:Creating package script '/home/einstein/Desktop/slambot_ros2/install/slambot_firmware/share/slambot_firmware/package.sh'
[1.091s] INFO:colcon.colcon_core.shell:Creating package script '/home/einstein/Desktop/slambot_ros2/install/slambot_firmware/share/slambot_firmware/package.bash'
[1.096s] INFO:colcon.colcon_core.shell:Creating package script '/home/einstein/Desktop/slambot_ros2/install/slambot_firmware/share/slambot_firmware/package.zsh'
[1.096s] Level 1:colcon.colcon_core.environment:create_file_with_runtime_dependencies(/home/einstein/Desktop/slambot_ros2/install/slambot_firmware/share/colcon-core/packages/slambot_firmware)
[1.097s] Level 1:colcon.colcon_core.environment:create_environment_scripts_only(slambot_controllers)
[1.097s] Level 1:colcon.colcon_core.environment:checking '/home/einstein/Desktop/slambot_ros2/install/slambot_controllers' for CMake module files
[1.098s] DEBUG:colcon.colcon_core.event_handler.log_command:Invoked command in '/home/einstein/Desktop/slambot_ros2/build/slambot_controllers' returned '0': CMAKE_PREFIX_PATH=${CMAKE_PREFIX_PATH}:/opt/ros/humble /usr/bin/cmake --install /home/einstein/Desktop/slambot_ros2/build/slambot_controllers
[1.098s] Level 1:colcon.colcon_core.environment:checking '/home/einstein/Desktop/slambot_ros2/install/slambot_controllers' for CMake config files
[1.098s] Level 1:colcon.colcon_core.shell:create_environment_hook('slambot_controllers', 'cmake_prefix_path')
[1.098s] INFO:colcon.colcon_core.shell:Creating environment hook '/home/einstein/Desktop/slambot_ros2/install/slambot_controllers/share/slambot_controllers/hook/cmake_prefix_path.ps1'
[1.098s] INFO:colcon.colcon_core.shell:Creating environment descriptor '/home/einstein/Desktop/slambot_ros2/install/slambot_controllers/share/slambot_controllers/hook/cmake_prefix_path.dsv'
[1.099s] INFO:colcon.colcon_core.shell:Creating environment hook '/home/einstein/Desktop/slambot_ros2/install/slambot_controllers/share/slambot_controllers/hook/cmake_prefix_path.sh'
[1.099s] Level 1:colcon.colcon_core.environment:checking '/home/einstein/Desktop/slambot_ros2/install/slambot_controllers/lib'
[1.099s] Level 1:colcon.colcon_core.environment:checking '/home/einstein/Desktop/slambot_ros2/install/slambot_controllers/bin'
[1.099s] Level 1:colcon.colcon_core.environment:checking '/home/einstein/Desktop/slambot_ros2/install/slambot_controllers/lib/pkgconfig/slambot_controllers.pc'
[1.099s] Level 1:colcon.colcon_core.environment:checking '/home/einstein/Desktop/slambot_ros2/install/slambot_controllers/lib/python3.10/site-packages'
[1.099s] Level 1:colcon.colcon_core.environment:checking '/home/einstein/Desktop/slambot_ros2/install/slambot_controllers/bin'
[1.100s] INFO:colcon.colcon_core.shell:Creating package script '/home/einstein/Desktop/slambot_ros2/install/slambot_controllers/share/slambot_controllers/package.ps1'
[1.100s] INFO:colcon.colcon_core.shell:Creating package descriptor '/home/einstein/Desktop/slambot_ros2/install/slambot_controllers/share/slambot_controllers/package.dsv'
[1.100s] INFO:colcon.colcon_core.shell:Creating package script '/home/einstein/Desktop/slambot_ros2/install/slambot_controllers/share/slambot_controllers/package.sh'
[1.100s] INFO:colcon.colcon_core.shell:Creating package script '/home/einstein/Desktop/slambot_ros2/install/slambot_controllers/share/slambot_controllers/package.bash'
[1.100s] INFO:colcon.colcon_core.shell:Creating package script '/home/einstein/Desktop/slambot_ros2/install/slambot_controllers/share/slambot_controllers/package.zsh'
[1.101s] Level 1:colcon.colcon_core.environment:create_file_with_runtime_dependencies(/home/einstein/Desktop/slambot_ros2/install/slambot_controllers/share/colcon-core/packages/slambot_controllers)
[1.114s] Level 1:colcon.colcon_core.environment:create_environment_scripts_only(slambot_firmware)
[1.114s] Level 1:colcon.colcon_core.environment:checking '/home/einstein/Desktop/slambot_ros2/install/slambot_firmware' for CMake module files
[1.115s] Level 1:colcon.colcon_core.environment:checking '/home/einstein/Desktop/slambot_ros2/install/slambot_firmware' for CMake config files
[1.115s] Level 1:colcon.colcon_core.shell:create_environment_hook('slambot_firmware', 'cmake_prefix_path')
[1.115s] INFO:colcon.colcon_core.shell:Creating environment hook '/home/einstein/Desktop/slambot_ros2/install/slambot_firmware/share/slambot_firmware/hook/cmake_prefix_path.ps1'
[1.116s] INFO:colcon.colcon_core.shell:Creating environment descriptor '/home/einstein/Desktop/slambot_ros2/install/slambot_firmware/share/slambot_firmware/hook/cmake_prefix_path.dsv'
[1.116s] INFO:colcon.colcon_core.shell:Creating environment hook '/home/einstein/Desktop/slambot_ros2/install/slambot_firmware/share/slambot_firmware/hook/cmake_prefix_path.sh'
[1.117s] Level 1:colcon.colcon_core.environment:checking '/home/einstein/Desktop/slambot_ros2/install/slambot_firmware/lib'
[1.117s] Level 1:colcon.colcon_core.shell:create_environment_hook('slambot_firmware', 'ld_library_path_lib')
[1.117s] INFO:colcon.colcon_core.shell:Creating environment hook '/home/einstein/Desktop/slambot_ros2/install/slambot_firmware/share/slambot_firmware/hook/ld_library_path_lib.ps1'
[1.117s] INFO:colcon.colcon_core.shell:Creating environment descriptor '/home/einstein/Desktop/slambot_ros2/install/slambot_firmware/share/slambot_firmware/hook/ld_library_path_lib.dsv'
[1.118s] INFO:colcon.colcon_core.shell:Creating environment hook '/home/einstein/Desktop/slambot_ros2/install/slambot_firmware/share/slambot_firmware/hook/ld_library_path_lib.sh'
[1.118s] Level 1:colcon.colcon_core.environment:checking '/home/einstein/Desktop/slambot_ros2/install/slambot_firmware/bin'
[1.118s] Level 1:colcon.colcon_core.environment:checking '/home/einstein/Desktop/slambot_ros2/install/slambot_firmware/lib/pkgconfig/slambot_firmware.pc'
[1.118s] Level 1:colcon.colcon_core.environment:checking '/home/einstein/Desktop/slambot_ros2/install/slambot_firmware/lib/python3.10/site-packages'
[1.118s] Level 1:colcon.colcon_core.environment:checking '/home/einstein/Desktop/slambot_ros2/install/slambot_firmware/bin'
[1.119s] INFO:colcon.colcon_core.shell:Creating package script '/home/einstein/Desktop/slambot_ros2/install/slambot_firmware/share/slambot_firmware/package.ps1'
[1.119s] INFO:colcon.colcon_core.shell:Creating package descriptor '/home/einstein/Desktop/slambot_ros2/install/slambot_firmware/share/slambot_firmware/package.dsv'
[1.120s] INFO:colcon.colcon_core.shell:Creating package script '/home/einstein/Desktop/slambot_ros2/install/slambot_firmware/share/slambot_firmware/package.sh'
[1.120s] INFO:colcon.colcon_core.shell:Creating package script '/home/einstein/Desktop/slambot_ros2/install/slambot_firmware/share/slambot_firmware/package.bash'
[1.120s] INFO:colcon.colcon_core.shell:Creating package script '/home/einstein/Desktop/slambot_ros2/install/slambot_firmware/share/slambot_firmware/package.zsh'
[1.121s] Level 1:colcon.colcon_core.environment:create_file_with_runtime_dependencies(/home/einstein/Desktop/slambot_ros2/install/slambot_firmware/share/colcon-core/packages/slambot_firmware)
[1.128s] INFO:colcon.colcon_ros.task.ament_cmake.build:Building ROS package in '/home/einstein/Desktop/slambot_ros2/src/slambot_bringup' with build type 'ament_cmake'
[1.129s] INFO:colcon.colcon_cmake.task.cmake.build:Building CMake package in '/home/einstein/Desktop/slambot_ros2/src/slambot_bringup'
[1.129s] INFO:colcon.colcon_core.shell:Skip shell extension 'powershell' for command environment: Not usable outside of PowerShell
[1.129s] DEBUG:colcon.colcon_core.shell:Skip shell extension 'dsv' for command environment
[1.135s] Level 1:colcon.colcon_core.environment:create_environment_scripts_only(slambot_controllers)
[1.135s] Level 1:colcon.colcon_core.environment:checking '/home/einstein/Desktop/slambot_ros2/install/slambot_controllers' for CMake module files
[1.135s] Level 1:colcon.colcon_core.environment:checking '/home/einstein/Desktop/slambot_ros2/install/slambot_controllers' for CMake config files
[1.136s] Level 1:colcon.colcon_core.shell:create_environment_hook('slambot_controllers', 'cmake_prefix_path')
[1.136s] INFO:colcon.colcon_core.shell:Creating environment hook '/home/einstein/Desktop/slambot_ros2/install/slambot_controllers/share/slambot_controllers/hook/cmake_prefix_path.ps1'
[1.136s] INFO:colcon.colcon_core.shell:Creating environment descriptor '/home/einstein/Desktop/slambot_ros2/install/slambot_controllers/share/slambot_controllers/hook/cmake_prefix_path.dsv'
[1.137s] INFO:colcon.colcon_core.shell:Creating environment hook '/home/einstein/Desktop/slambot_ros2/install/slambot_controllers/share/slambot_controllers/hook/cmake_prefix_path.sh'
[1.137s] Level 1:colcon.colcon_core.environment:checking '/home/einstein/Desktop/slambot_ros2/install/slambot_controllers/lib'
[1.137s] Level 1:colcon.colcon_core.environment:checking '/home/einstein/Desktop/slambot_ros2/install/slambot_controllers/bin'
[1.137s] Level 1:colcon.colcon_core.environment:checking '/home/einstein/Desktop/slambot_ros2/install/slambot_controllers/lib/pkgconfig/slambot_controllers.pc'
[1.137s] Level 1:colcon.colcon_core.environment:checking '/home/einstein/Desktop/slambot_ros2/install/slambot_controllers/lib/python3.10/site-packages'
[1.138s] Level 1:colcon.colcon_core.environment:checking '/home/einstein/Desktop/slambot_ros2/install/slambot_controllers/bin'
[1.138s] INFO:colcon.colcon_core.shell:Creating package script '/home/einstein/Desktop/slambot_ros2/install/slambot_controllers/share/slambot_controllers/package.ps1'
[1.138s] INFO:colcon.colcon_core.shell:Creating package descriptor '/home/einstein/Desktop/slambot_ros2/install/slambot_controllers/share/slambot_controllers/package.dsv'
[1.139s] INFO:colcon.colcon_core.shell:Creating package script '/home/einstein/Desktop/slambot_ros2/install/slambot_controllers/share/slambot_controllers/package.sh'
[1.139s] INFO:colcon.colcon_core.shell:Creating package script '/home/einstein/Desktop/slambot_ros2/install/slambot_controllers/share/slambot_controllers/package.bash'
[1.139s] INFO:colcon.colcon_core.shell:Creating package script '/home/einstein/Desktop/slambot_ros2/install/slambot_controllers/share/slambot_controllers/package.zsh'
[1.140s] Level 1:colcon.colcon_core.environment:create_file_with_runtime_dependencies(/home/einstein/Desktop/slambot_ros2/install/slambot_controllers/share/colcon-core/packages/slambot_controllers)
[1.143s] DEBUG:colcon.colcon_core.event_handler.log_command:Invoking command in '/home/einstein/Desktop/slambot_ros2/build/slambot_bringup': CMAKE_PREFIX_PATH=${CMAKE_PREFIX_PATH}:/opt/ros/humble /usr/bin/cmake --build /home/einstein/Desktop/slambot_ros2/build/slambot_bringup -- -j8 -l8
[1.172s] DEBUG:colcon.colcon_core.event_handler.log_command:Invoked command in '/home/einstein/Desktop/slambot_ros2/build/slambot_bringup' returned '0': CMAKE_PREFIX_PATH=${CMAKE_PREFIX_PATH}:/opt/ros/humble /usr/bin/cmake --build /home/einstein/Desktop/slambot_ros2/build/slambot_bringup -- -j8 -l8
[1.187s] DEBUG:colcon.colcon_core.event_handler.log_command:Invoking command in '/home/einstein/Desktop/slambot_ros2/build/slambot_bringup': CMAKE_PREFIX_PATH=${CMAKE_PREFIX_PATH}:/opt/ros/humble /usr/bin/cmake --install /home/einstein/Desktop/slambot_ros2/build/slambot_bringup
[1.194s] Level 1:colcon.colcon_core.environment:create_environment_scripts_only(slambot_bringup)
[1.194s] Level 1:colcon.colcon_core.environment:checking '/home/einstein/Desktop/slambot_ros2/install/slambot_bringup' for CMake module files
[1.194s] DEBUG:colcon.colcon_core.event_handler.log_command:Invoked command in '/home/einstein/Desktop/slambot_ros2/build/slambot_bringup' returned '0': CMAKE_PREFIX_PATH=${CMAKE_PREFIX_PATH}:/opt/ros/humble /usr/bin/cmake --install /home/einstein/Desktop/slambot_ros2/build/slambot_bringup
[1.194s] Level 1:colcon.colcon_core.environment:checking '/home/einstein/Desktop/slambot_ros2/install/slambot_bringup' for CMake config files
[1.195s] Level 1:colcon.colcon_core.shell:create_environment_hook('slambot_bringup', 'cmake_prefix_path')
[1.195s] INFO:colcon.colcon_core.shell:Creating environment hook '/home/einstein/Desktop/slambot_ros2/install/slambot_bringup/share/slambot_bringup/hook/cmake_prefix_path.ps1'
[1.195s] INFO:colcon.colcon_core.shell:Creating environment descriptor '/home/einstein/Desktop/slambot_ros2/install/slambot_bringup/share/slambot_bringup/hook/cmake_prefix_path.dsv'
[1.195s] INFO:colcon.colcon_core.shell:Creating environment hook '/home/einstein/Desktop/slambot_ros2/install/slambot_bringup/share/slambot_bringup/hook/cmake_prefix_path.sh'
[1.196s] Level 1:colcon.colcon_core.environment:checking '/home/einstein/Desktop/slambot_ros2/install/slambot_bringup/bin'
[1.196s] Level 1:colcon.colcon_core.environment:checking '/home/einstein/Desktop/slambot_ros2/install/slambot_bringup/lib/pkgconfig/slambot_bringup.pc'
[1.196s] Level 1:colcon.colcon_core.environment:checking '/home/einstein/Desktop/slambot_ros2/install/slambot_bringup/lib/python3.10/site-packages'
[1.196s] Level 1:colcon.colcon_core.environment:checking '/home/einstein/Desktop/slambot_ros2/install/slambot_bringup/bin'
[1.196s] INFO:colcon.colcon_core.shell:Creating package script '/home/einstein/Desktop/slambot_ros2/install/slambot_bringup/share/slambot_bringup/package.ps1'
[1.196s] INFO:colcon.colcon_core.shell:Creating package descriptor '/home/einstein/Desktop/slambot_ros2/install/slambot_bringup/share/slambot_bringup/package.dsv'
[1.197s] INFO:colcon.colcon_core.shell:Creating package script '/home/einstein/Desktop/slambot_ros2/install/slambot_bringup/share/slambot_bringup/package.sh'
[1.197s] INFO:colcon.colcon_core.shell:Creating package script '/home/einstein/Desktop/slambot_ros2/install/slambot_bringup/share/slambot_bringup/package.bash'
[1.197s] INFO:colcon.colcon_core.shell:Creating package script '/home/einstein/Desktop/slambot_ros2/install/slambot_bringup/share/slambot_bringup/package.zsh'
[1.197s] Level 1:colcon.colcon_core.environment:create_file_with_runtime_dependencies(/home/einstein/Desktop/slambot_ros2/install/slambot_bringup/share/colcon-core/packages/slambot_bringup)
[1.212s] Level 1:colcon.colcon_core.environment:create_environment_scripts_only(slambot_bringup)
[1.212s] Level 1:colcon.colcon_core.environment:checking '/home/einstein/Desktop/slambot_ros2/install/slambot_bringup' for CMake module files
[1.213s] Level 1:colcon.colcon_core.environment:checking '/home/einstein/Desktop/slambot_ros2/install/slambot_bringup' for CMake config files
[1.213s] Level 1:colcon.colcon_core.shell:create_environment_hook('slambot_bringup', 'cmake_prefix_path')
[1.213s] INFO:colcon.colcon_core.shell:Creating environment hook '/home/einstein/Desktop/slambot_ros2/install/slambot_bringup/share/slambot_bringup/hook/cmake_prefix_path.ps1'
[1.214s] INFO:colcon.colcon_core.shell:Creating environment descriptor '/home/einstein/Desktop/slambot_ros2/install/slambot_bringup/share/slambot_bringup/hook/cmake_prefix_path.dsv'
[1.214s] INFO:colcon.colcon_core.shell:Creating environment hook '/home/einstein/Desktop/slambot_ros2/install/slambot_bringup/share/slambot_bringup/hook/cmake_prefix_path.sh'
[1.214s] Level 1:colcon.colcon_core.environment:checking '/home/einstein/Desktop/slambot_ros2/install/slambot_bringup/bin'
[1.214s] Level 1:colcon.colcon_core.environment:checking '/home/einstein/Desktop/slambot_ros2/install/slambot_bringup/lib/pkgconfig/slambot_bringup.pc'
[1.215s] Level 1:colcon.colcon_core.environment:checking '/home/einstein/Desktop/slambot_ros2/install/slambot_bringup/lib/python3.10/site-packages'
[1.215s] Level 1:colcon.colcon_core.environment:checking '/home/einstein/Desktop/slambot_ros2/install/slambot_bringup/bin'
[1.215s] INFO:colcon.colcon_core.shell:Creating package script '/home/einstein/Desktop/slambot_ros2/install/slambot_bringup/share/slambot_bringup/package.ps1'
[1.216s] INFO:colcon.colcon_core.shell:Creating package descriptor '/home/einstein/Desktop/slambot_ros2/install/slambot_bringup/share/slambot_bringup/package.dsv'
[1.216s] INFO:colcon.colcon_core.shell:Creating package script '/home/einstein/Desktop/slambot_ros2/install/slambot_bringup/share/slambot_bringup/package.sh'
[1.216s] INFO:colcon.colcon_core.shell:Creating package script '/home/einstein/Desktop/slambot_ros2/install/slambot_bringup/share/slambot_bringup/package.bash'
[1.217s] INFO:colcon.colcon_core.shell:Creating package script '/home/einstein/Desktop/slambot_ros2/install/slambot_bringup/share/slambot_bringup/package.zsh'
[1.217s] Level 1:colcon.colcon_core.environment:create_file_with_runtime_dependencies(/home/einstein/Desktop/slambot_ros2/install/slambot_bringup/share/colcon-core/packages/slambot_bringup)
[1.217s] DEBUG:colcon.colcon_parallel_executor.executor.parallel:closing loop
[1.218s] DEBUG:colcon.colcon_parallel_executor.executor.parallel:loop closed
[1.218s] DEBUG:colcon.colcon_parallel_executor.executor.parallel:run_until_complete finished with '0'
[1.218s] DEBUG:colcon.colcon_core.event_reactor:joining thread
[1.221s] INFO:colcon.colcon_core.plugin_system:Skipping extension 'colcon_notification.desktop_notification.terminal_notifier': Not used on non-Darwin systems
[1.221s] INFO:colcon.colcon_core.plugin_system:Skipping extension 'colcon_notification.desktop_notification.win32': Not used on non-Windows systems
[1.221s] INFO:colcon.colcon_notification.desktop_notification:Sending desktop notification using 'notify2'
[1.229s] DEBUG:colcon.colcon_core.event_reactor:joined thread
[1.230s] INFO:colcon.colcon_core.shell:Creating prefix script '/home/einstein/Desktop/slambot_ros2/install/local_setup.ps1'
[1.230s] INFO:colcon.colcon_core.shell:Creating prefix util module '/home/einstein/Desktop/slambot_ros2/install/_local_setup_util_ps1.py'
[1.231s] INFO:colcon.colcon_core.shell:Creating prefix chain script '/home/einstein/Desktop/slambot_ros2/install/setup.ps1'
[1.232s] INFO:colcon.colcon_core.shell:Creating prefix script '/home/einstein/Desktop/slambot_ros2/install/local_setup.sh'
[1.233s] INFO:colcon.colcon_core.shell:Creating prefix util module '/home/einstein/Desktop/slambot_ros2/install/_local_setup_util_sh.py'
[1.233s] INFO:colcon.colcon_core.shell:Creating prefix chain script '/home/einstein/Desktop/slambot_ros2/install/setup.sh'
[1.234s] INFO:colcon.colcon_core.shell:Creating prefix script '/home/einstein/Desktop/slambot_ros2/install/local_setup.bash'
[1.234s] INFO:colcon.colcon_core.shell:Creating prefix chain script '/home/einstein/Desktop/slambot_ros2/install/setup.bash'
[1.235s] INFO:colcon.colcon_core.shell:Creating prefix script '/home/einstein/Desktop/slambot_ros2/install/local_setup.zsh'
[1.235s] INFO:colcon.colcon_core.shell:Creating prefix chain script '/home/einstein/Desktop/slambot_ros2/install/setup.zsh'
